#
# There is insufficient memory for the Java Runtime Environment to continue.
# Native memory allocation (malloc) failed to allocate 2009696 bytes. Error detail: Chunk::new
# Possible reasons:
#   The system is out of physical RAM or swap space
#   This process is running with CompressedOops enabled, and the Java Heap may be blocking the growth of the native heap
# Possible solutions:
#   Reduce memory load on the system
#   Increase physical memory or swap space
#   Check if swap backing store is full
#   Decrease Java heap size (-Xmx/-Xms)
#   Decrease number of Java threads
#   Decrease Java thread stack sizes (-Xss)
#   Set larger code cache with -XX:ReservedCodeCacheSize=
#   JVM is running with Unscaled Compressed Oops mode in which the Java heap is
#     placed in the first 4GB address space. The Java Heap base address is the
#     maximum limit for the native heap growth. Please use -XX:HeapBaseMinAddress
#     to set the Java Heap base and to place the Java Heap above 4GB virtual address.
# This output file may be truncated or incomplete.
#
#  Out of Memory Error (arena.cpp:168), pid=4124, tid=12860
#
# JRE version: OpenJDK Runtime Environment Temurin-21.0.7+6 (21.0.7+6) (build 21.0.7+6-LTS)
# Java VM: OpenJDK 64-Bit Server VM Temurin-21.0.7+6 (21.0.7+6-LTS, mixed mode, sharing, tiered, compressed oops, compressed class ptrs, parallel gc, windows-amd64)
# No core dump will be written. Minidumps are not enabled by default on client versions of Windows
#

---------------  S U M M A R Y ------------

Command Line: --add-modules=ALL-SYSTEM --add-opens=java.base/java.util=ALL-UNNAMED --add-opens=java.base/java.lang=ALL-UNNAMED --add-opens=java.base/sun.nio.fs=ALL-UNNAMED -Declipse.application=org.eclipse.jdt.ls.core.id1 -Dosgi.bundles.defaultStartLevel=4 -Declipse.product=org.eclipse.jdt.ls.core.product -Djava.import.generatesMetadataFilesAtProjectRoot=false -DDetectVMInstallationsJob.disabled=true -Dfile.encoding=utf8 -XX:+UseParallelGC -XX:GCTimeRatio=4 -XX:AdaptiveSizePolicyWeight=90 -Dsun.zip.disableMemoryMapping=true -Xmx1G -Xms100m -Xlog:disable -javaagent:c:\Users\ponce\.vscode\extensions\redhat.java-1.42.0-win32-x64\lombok\lombok-1.18.36.jar c:\Users\ponce\.vscode\extensions\redhat.java-1.42.0-win32-x64\server\plugins\org.eclipse.equinox.launcher_1.7.0.v20250424-1814.jar -configuration c:\Users\ponce\AppData\Roaming\Code\User\globalStorage\redhat.java\1.42.0\config_ss_win -data c:\Users\ponce\AppData\Roaming\Code\User\workspaceStorage\65ac8c3de3f23d2bcb4ce7b7b7e9c127\redhat.java\ss_ws --pipe=\\.\pipe\lsp-66f0dc26c63a523090313eabfc54d698-sock

Host: 11th Gen Intel(R) Core(TM) i3-1125G4 @ 2.00GHz, 8 cores, 7G,  Windows 11 , 64 bit Build 22621 (10.0.22621.5415)
Time: Mon Jun 23 20:58:00 2025 Hora estándar central (México) elapsed time: 13.327299 seconds (0d 0h 0m 13s)

---------------  T H R E A D  ---------------

Current thread (0x00000271eb5761a0):  JavaThread "C2 CompilerThread1" daemon [_thread_in_native, id=12860, stack(0x0000007f22d00000,0x0000007f22e00000) (1024K)]


Current CompileTask:
C2:13327 6041       4       lombok.eclipse.handlers.EclipseHandlerUtil::setGeneratedBy (10 bytes)

Stack: [0x0000007f22d00000,0x0000007f22e00000]
Native frames: (J=compiled Java code, j=interpreted, Vv=VM code, C=native code)
V  [jvm.dll+0x6ce119]
V  [jvm.dll+0x8a84a1]
V  [jvm.dll+0x8aa9ce]
V  [jvm.dll+0x8ab0b3]
V  [jvm.dll+0x27f8a6]
V  [jvm.dll+0xc507d]
V  [jvm.dll+0xc55b3]
V  [jvm.dll+0x2f2c6d]
V  [jvm.dll+0x5f6bca]
V  [jvm.dll+0x250cb2]
V  [jvm.dll+0x25106f]
V  [jvm.dll+0x249934]
V  [jvm.dll+0x246fc4]
V  [jvm.dll+0x1c760e]
V  [jvm.dll+0x25695a]
V  [jvm.dll+0x254efa]
V  [jvm.dll+0x3f03f6]
V  [jvm.dll+0x851f6b]
V  [jvm.dll+0x6cc7dd]
C  [ucrtbase.dll+0x29333]
C  [KERNEL32.DLL+0x1259d]
C  [ntdll.dll+0x5af78]


---------------  P R O C E S S  ---------------

Threads class SMR info:
_java_thread_list=0x00000271f2af4a80, length=60, elements={
0x000002719457fd30, 0x00000271a8928400, 0x000002719462d760, 0x00000271a8929970,
0x00000271a892c690, 0x00000271a892f7a0, 0x00000271a89301f0, 0x00000271a8931020,
0x00000271a8951ff0, 0x00000271eb3d2be0, 0x00000271eb6795b0, 0x00000271ebcee050,
0x00000271f02f3310, 0x00000271f02f3970, 0x00000271ebc87440, 0x00000271f0162380,
0x00000271f03418d0, 0x00000271f070f680, 0x00000271f0372000, 0x00000271f0372d20,
0x00000271f03712e0, 0x00000271f03733b0, 0x00000271f0372690, 0x00000271f0373a40,
0x00000271f0370c50, 0x00000271f0371970, 0x00000271f03740d0, 0x00000271f1d34530,
0x00000271f1d34bc0, 0x00000271f1d36600, 0x00000271f1d35250, 0x00000271f1d36c90,
0x00000271f1d32af0, 0x00000271f1d31dd0, 0x00000271f1d358e0, 0x00000271eb5761a0,
0x00000271f1d33810, 0x00000271f1d35f70, 0x00000271f1d2fd00, 0x00000271f1d32460,
0x00000271f1d33ea0, 0x00000271f1d30a20, 0x00000271f1d310b0, 0x00000271f1d33180,
0x00000271f1d31740, 0x00000271f1d37320, 0x00000271f03d2d00, 0x00000271f03d5af0,
0x00000271f03d7530, 0x00000271f03d6ea0, 0x00000271f2311990, 0x00000271f03d5460,
0x00000271f03d8250, 0x00000271f03d3390, 0x00000271f03d3a20, 0x00000271f03d4740,
0x00000271f03d6180, 0x00000271f03d6810, 0x00000271f03d88e0, 0x00000271f03d40b0
}

Java Threads: ( => current thread )
  0x000002719457fd30 JavaThread "main"                              [_thread_blocked, id=11460, stack(0x0000007f21200000,0x0000007f21300000) (1024K)]
  0x00000271a8928400 JavaThread "Reference Handler"          daemon [_thread_blocked, id=6944, stack(0x0000007f21600000,0x0000007f21700000) (1024K)]
  0x000002719462d760 JavaThread "Finalizer"                  daemon [_thread_blocked, id=6456, stack(0x0000007f21700000,0x0000007f21800000) (1024K)]
  0x00000271a8929970 JavaThread "Signal Dispatcher"          daemon [_thread_blocked, id=1700, stack(0x0000007f21800000,0x0000007f21900000) (1024K)]
  0x00000271a892c690 JavaThread "Attach Listener"            daemon [_thread_blocked, id=15348, stack(0x0000007f21900000,0x0000007f21a00000) (1024K)]
  0x00000271a892f7a0 JavaThread "Service Thread"             daemon [_thread_blocked, id=1828, stack(0x0000007f21a00000,0x0000007f21b00000) (1024K)]
  0x00000271a89301f0 JavaThread "Monitor Deflation Thread"   daemon [_thread_blocked, id=7032, stack(0x0000007f21b00000,0x0000007f21c00000) (1024K)]
  0x00000271a8931020 JavaThread "C2 CompilerThread0"         daemon [_thread_blocked, id=11988, stack(0x0000007f21c00000,0x0000007f21d00000) (1024K)]
  0x00000271a8951ff0 JavaThread "C1 CompilerThread0"         daemon [_thread_blocked, id=7216, stack(0x0000007f21d00000,0x0000007f21e00000) (1024K)]
  0x00000271eb3d2be0 JavaThread "Common-Cleaner"             daemon [_thread_blocked, id=11120, stack(0x0000007f21e00000,0x0000007f21f00000) (1024K)]
  0x00000271eb6795b0 JavaThread "Notification Thread"        daemon [_thread_blocked, id=16464, stack(0x0000007f22000000,0x0000007f22100000) (1024K)]
  0x00000271ebcee050 JavaThread "Active Thread: Equinox Container: c93a3421-adbe-4ea6-9a5e-553121047fe1"        [_thread_blocked, id=10012, stack(0x0000007f22800000,0x0000007f22900000) (1024K)]
  0x00000271f02f3310 JavaThread "Framework Event Dispatcher: Equinox Container: c93a3421-adbe-4ea6-9a5e-553121047fe1" daemon [_thread_blocked, id=7028, stack(0x0000007f22900000,0x0000007f22a00000) (1024K)]
  0x00000271f02f3970 JavaThread "Start Level: Equinox Container: c93a3421-adbe-4ea6-9a5e-553121047fe1" daemon [_thread_blocked, id=13636, stack(0x0000007f22a00000,0x0000007f22b00000) (1024K)]
  0x00000271ebc87440 JavaThread "SCR Component Actor"        daemon [_thread_blocked, id=15004, stack(0x0000007f22c00000,0x0000007f22d00000) (1024K)]
  0x00000271f0162380 JavaThread "Worker-JM"                         [_thread_blocked, id=18392, stack(0x0000007f22100000,0x0000007f22200000) (1024K)]
  0x00000271f03418d0 JavaThread "JNA Cleaner"                daemon [_thread_blocked, id=960, stack(0x0000007f21f00000,0x0000007f22000000) (1024K)]
  0x00000271f070f680 JavaThread "Worker-0"                          [_thread_blocked, id=5636, stack(0x0000007f22e00000,0x0000007f22f00000) (1024K)]
  0x00000271f0372000 JavaThread "Worker-1"                          [_thread_blocked, id=10760, stack(0x0000007f22f00000,0x0000007f23000000) (1024K)]
  0x00000271f0372d20 JavaThread "Thread-2"                   daemon [_thread_in_native, id=6304, stack(0x0000007f23200000,0x0000007f23300000) (1024K)]
  0x00000271f03712e0 JavaThread "Thread-3"                   daemon [_thread_in_native, id=11744, stack(0x0000007f23300000,0x0000007f23400000) (1024K)]
  0x00000271f03733b0 JavaThread "Thread-4"                   daemon [_thread_in_native, id=7036, stack(0x0000007f23400000,0x0000007f23500000) (1024K)]
  0x00000271f0372690 JavaThread "Thread-5"                   daemon [_thread_in_native, id=12932, stack(0x0000007f23500000,0x0000007f23600000) (1024K)]
  0x00000271f0373a40 JavaThread "Thread-6"                   daemon [_thread_in_native, id=9068, stack(0x0000007f23600000,0x0000007f23700000) (1024K)]
  0x00000271f0370c50 JavaThread "Thread-7"                   daemon [_thread_in_native, id=10336, stack(0x0000007f23700000,0x0000007f23800000) (1024K)]
  0x00000271f0371970 JavaThread "Thread-8"                   daemon [_thread_in_native, id=2936, stack(0x0000007f23800000,0x0000007f23900000) (1024K)]
  0x00000271f03740d0 JavaThread "Thread-9"                   daemon [_thread_in_native, id=2844, stack(0x0000007f23900000,0x0000007f23a00000) (1024K)]
  0x00000271f1d34530 JavaThread "Thread-10"                  daemon [_thread_in_native, id=12680, stack(0x0000007f23a00000,0x0000007f23b00000) (1024K)]
  0x00000271f1d34bc0 JavaThread "pool-2-thread-1"                   [_thread_blocked, id=12304, stack(0x0000007f23b00000,0x0000007f23c00000) (1024K)]
  0x00000271f1d36600 JavaThread "Worker-2"                          [_thread_blocked, id=17536, stack(0x0000007f23c00000,0x0000007f23d00000) (1024K)]
  0x00000271f1d35250 JavaThread "WorkspaceEventsHandler"            [_thread_blocked, id=5328, stack(0x0000007f23d00000,0x0000007f23e00000) (1024K)]
  0x00000271f1d36c90 JavaThread "pool-1-thread-1"                   [_thread_blocked, id=684, stack(0x0000007f23e00000,0x0000007f23f00000) (1024K)]
  0x00000271f1d32af0 JavaThread "ForkJoinPool.commonPool-worker-1" daemon [_thread_blocked, id=13916, stack(0x0000007f23f00000,0x0000007f24000000) (1024K)]
  0x00000271f1d31dd0 JavaThread "ForkJoinPool.commonPool-worker-2" daemon [_thread_blocked, id=8316, stack(0x0000007f24000000,0x0000007f24100000) (1024K)]
  0x00000271f1d358e0 JavaThread "ForkJoinPool.commonPool-worker-3" daemon [_thread_blocked, id=15468, stack(0x0000007f23100000,0x0000007f23200000) (1024K)]
=>0x00000271eb5761a0 JavaThread "C2 CompilerThread1"         daemon [_thread_in_native, id=12860, stack(0x0000007f22d00000,0x0000007f22e00000) (1024K)]
  0x00000271f1d33810 JavaThread "LocalFile Deleter"          daemon [_thread_blocked, id=2256, stack(0x0000007f23000000,0x0000007f23100000) (1024K)]
  0x00000271f1d35f70 JavaThread "LocalFile Deleter"          daemon [_thread_blocked, id=2568, stack(0x0000007f24100000,0x0000007f24200000) (1024K)]
  0x00000271f1d2fd00 JavaThread "LocalFile Deleter"          daemon [_thread_blocked, id=16276, stack(0x0000007f24200000,0x0000007f24300000) (1024K)]
  0x00000271f1d32460 JavaThread "LocalFile Deleter"          daemon [_thread_blocked, id=9724, stack(0x0000007f24300000,0x0000007f24400000) (1024K)]
  0x00000271f1d33ea0 JavaThread "LocalFile Deleter"          daemon [_thread_blocked, id=14248, stack(0x0000007f24400000,0x0000007f24500000) (1024K)]
  0x00000271f1d30a20 JavaThread "LocalFile Deleter"          daemon [_thread_blocked, id=14612, stack(0x0000007f24500000,0x0000007f24600000) (1024K)]
  0x00000271f1d310b0 JavaThread "LocalFile Deleter"          daemon [_thread_blocked, id=5984, stack(0x0000007f24600000,0x0000007f24700000) (1024K)]
  0x00000271f1d33180 JavaThread "LocalFile Deleter"          daemon [_thread_blocked, id=11844, stack(0x0000007f24700000,0x0000007f24800000) (1024K)]
  0x00000271f1d31740 JavaThread "Compiler Source File Reader" daemon [_thread_blocked, id=14836, stack(0x0000007f24800000,0x0000007f24900000) (1024K)]
  0x00000271f1d37320 JavaThread "Compiler Source File Reader" daemon [_thread_blocked, id=13852, stack(0x0000007f24900000,0x0000007f24a00000) (1024K)]
  0x00000271f03d2d00 JavaThread "Compiler Source File Reader" daemon [_thread_blocked, id=16396, stack(0x0000007f24a00000,0x0000007f24b00000) (1024K)]
  0x00000271f03d5af0 JavaThread "Compiler Source File Reader" daemon [_thread_blocked, id=1248, stack(0x0000007f24b00000,0x0000007f24c00000) (1024K)]
  0x00000271f03d7530 JavaThread "Compiler Source File Reader" daemon [_thread_blocked, id=5048, stack(0x0000007f24c00000,0x0000007f24d00000) (1024K)]
  0x00000271f03d6ea0 JavaThread "Compiler Source File Reader" daemon [_thread_blocked, id=2148, stack(0x0000007f24d00000,0x0000007f24e00000) (1024K)]
  0x00000271f2311990 JavaThread "C2 CompilerThread2"         daemon [_thread_in_native, id=12576, stack(0x0000007f24e00000,0x0000007f24f00000) (1024K)]
  0x00000271f03d5460 JavaThread "ForkJoinPool.commonPool-worker-4" daemon [_thread_blocked, id=12080, stack(0x0000007f24f00000,0x0000007f25000000) (1024K)]
  0x00000271f03d8250 JavaThread "ForkJoinPool.commonPool-worker-5" daemon [_thread_blocked, id=8064, stack(0x0000007f25000000,0x0000007f25100000) (1024K)]
  0x00000271f03d3390 JavaThread "Compiler Processing Task"   daemon [_thread_blocked, id=17932, stack(0x0000007f25100000,0x0000007f25200000) (1024K)]
  0x00000271f03d3a20 JavaThread "Compiler Class File Writer" daemon [_thread_blocked, id=13308, stack(0x0000007f25200000,0x0000007f25300000) (1024K)]
  0x00000271f03d4740 JavaThread "Compiler Class File Writer" daemon [_thread_blocked, id=8144, stack(0x0000007f25300000,0x0000007f25400000) (1024K)]
  0x00000271f03d6180 JavaThread "Compiler Class File Writer" daemon [_thread_blocked, id=1312, stack(0x0000007f25400000,0x0000007f25500000) (1024K)]
  0x00000271f03d6810 JavaThread "Compiler Class File Writer" daemon [_thread_blocked, id=13480, stack(0x0000007f25500000,0x0000007f25600000) (1024K)]
  0x00000271f03d88e0 JavaThread "Compiler Class File Writer" daemon [_thread_blocked, id=760, stack(0x0000007f25600000,0x0000007f25700000) (1024K)]
  0x00000271f03d40b0 JavaThread "Compiler Class File Writer" daemon [_thread_blocked, id=6560, stack(0x0000007f25700000,0x0000007f25800000) (1024K)]
Total: 60

Other Threads:
  0x0000027194616b20 VMThread "VM Thread"                           [id=6504, stack(0x0000007f21500000,0x0000007f21600000) (1024K)]
  0x00000271945e5f50 WatcherThread "VM Periodic Task Thread"        [id=10748, stack(0x0000007f21400000,0x0000007f21500000) (1024K)]
  0x00000271945977c0 WorkerThread "GC Thread#0"                     [id=10812, stack(0x0000007f21300000,0x0000007f21400000) (1024K)]
  0x00000271eba23540 WorkerThread "GC Thread#1"                     [id=832, stack(0x0000007f22200000,0x0000007f22300000) (1024K)]
  0x00000271ebe2caf0 WorkerThread "GC Thread#2"                     [id=6492, stack(0x0000007f22300000,0x0000007f22400000) (1024K)]
  0x00000271ebe2ce90 WorkerThread "GC Thread#3"                     [id=8816, stack(0x0000007f22400000,0x0000007f22500000) (1024K)]
  0x00000271ebe2d230 WorkerThread "GC Thread#4"                     [id=5528, stack(0x0000007f22500000,0x0000007f22600000) (1024K)]
  0x00000271ebe2d5d0 WorkerThread "GC Thread#5"                     [id=11136, stack(0x0000007f22600000,0x0000007f22700000) (1024K)]
  0x00000271ebb06550 WorkerThread "GC Thread#6"                     [id=8992, stack(0x0000007f22700000,0x0000007f22800000) (1024K)]
  0x00000271f01171b0 WorkerThread "GC Thread#7"                     [id=18328, stack(0x0000007f22b00000,0x0000007f22c00000) (1024K)]
Total: 10

Threads with active compile tasks:
C2 CompilerThread1  13363 6041       4       lombok.eclipse.handlers.EclipseHandlerUtil::setGeneratedBy (10 bytes)
C2 CompilerThread2  13363 5821   !   4       lombok.core.FieldAugment$ReflectionFieldAugment::getAndSet (80 bytes)
Total: 2

VM state: not at safepoint (normal execution)

VM Mutex/Monitor currently owned by a thread: None

Heap address: 0x00000000c0000000, size: 1024 MB, Compressed Oops mode: 32-bit

CDS archive(s) mapped at: [0x00000271a9000000-0x00000271a9ba0000-0x00000271a9ba0000), size 12189696, SharedBaseAddress: 0x00000271a9000000, ArchiveRelocationMode: 1.
Compressed class space mapped at: 0x00000271aa000000-0x00000271ea000000, reserved size: 1073741824
Narrow klass base: 0x00000271a9000000, Narrow klass shift: 0, Narrow klass range: 0x100000000

GC Precious Log:
 CardTable entry size: 512
 CPUs: 8 total, 8 available
 Memory: 7886M
 Large Page Support: Disabled
 NUMA Support: Disabled
 Compressed Oops: Enabled (32-bit)
 Alignments: Space 512K, Generation 512K, Heap 2M
 Heap Min Capacity: 100M
 Heap Initial Capacity: 100M
 Heap Max Capacity: 1G
 Pre-touch: Disabled
 Parallel Workers: 8

Heap:
 PSYoungGen      total 21504K, used 14949K [0x00000000eab00000, 0x00000000ec280000, 0x0000000100000000)
  eden space 19968K, 67% used [0x00000000eab00000,0x00000000eb828250,0x00000000ebe80000)
  from space 1536K, 96% used [0x00000000ebe80000,0x00000000ebff1448,0x00000000ec000000)
  to   space 2048K, 0% used [0x00000000ec080000,0x00000000ec080000,0x00000000ec280000)
 ParOldGen       total 68608K, used 33332K [0x00000000c0000000, 0x00000000c4300000, 0x00000000eab00000)
  object space 68608K, 48% used [0x00000000c0000000,0x00000000c208d330,0x00000000c4300000)
 Metaspace       used 44070K, committed 45184K, reserved 1114112K
  class space    used 4314K, committed 4800K, reserved 1048576K

Card table byte_map: [0x0000027193f30000,0x0000027194140000] _byte_map_base: 0x0000027193930000

Marking Bits: (ParMarkBitMap*) 0x00007ff8efb331f0
 Begin Bits: [0x00000271a6760000, 0x00000271a7760000)
 End Bits:   [0x00000271a7760000, 0x00000271a8760000)

Polling page: 0x0000027192440000

Metaspace:

Usage:
  Non-class:     38.82 MB used.
      Class:      4.21 MB used.
       Both:     43.04 MB used.

Virtual space:
  Non-class space:       64.00 MB reserved,      39.44 MB ( 62%) committed,  1 nodes.
      Class space:        1.00 GB reserved,       4.69 MB ( <1%) committed,  1 nodes.
             Both:        1.06 GB reserved,      44.12 MB (  4%) committed. 

Chunk freelists:
   Non-Class:  8.22 MB
       Class:  11.31 MB
        Both:  19.54 MB

MaxMetaspaceSize: unlimited
CompressedClassSpaceSize: 1.00 GB
Initial GC threshold: 21.00 MB
Current GC threshold: 58.38 MB
CDS: on
 - commit_granule_bytes: 65536.
 - commit_granule_words: 8192.
 - virtual_space_node_default_size: 8388608.
 - enlarge_chunks_in_place: 1.
 - use_allocation_guard: 0.


Internal statistics:

num_allocs_failed_limit: 6.
num_arena_births: 1008.
num_arena_deaths: 112.
num_vsnodes_births: 2.
num_vsnodes_deaths: 0.
num_space_committed: 706.
num_space_uncommitted: 0.
num_chunks_returned_to_freelist: 151.
num_chunks_taken_from_freelist: 3020.
num_chunk_merges: 48.
num_chunk_splits: 1849.
num_chunks_enlarged: 1073.
num_inconsistent_stats: 0.

CodeHeap 'non-profiled nmethods': size=120000Kb used=3469Kb max_used=3469Kb free=116530Kb
 bounds [0x000002719f230000, 0x000002719f5a0000, 0x00000271a6760000]
CodeHeap 'profiled nmethods': size=120000Kb used=13504Kb max_used=13504Kb free=106496Kb
 bounds [0x0000027197760000, 0x0000027198490000, 0x000002719ec90000]
CodeHeap 'non-nmethods': size=5760Kb used=1418Kb max_used=1476Kb free=4342Kb
 bounds [0x000002719ec90000, 0x000002719ef00000, 0x000002719f230000]
 total_blobs=6927 nmethods=6209 adapters=624
 compilation: enabled
              stopped_count=0, restarted_count=0
 full_count=0

Compilation events (20 events):
Event: 13.039 Thread 0x00000271a8931020 6049       4       java.util.HashMap::<init> (11 bytes)
Event: 13.040 Thread 0x00000271a8931020 nmethod 6049 0x000002719f591910 code [0x000002719f591aa0, 0x000002719f591b30]
Event: 13.040 Thread 0x00000271a8931020 5999       4       org.eclipse.jdt.internal.compiler.lookup.Scope::environment (8 bytes)
Event: 13.040 Thread 0x00000271a8931020 nmethod 5999 0x000002719f591c10 code [0x000002719f591da0, 0x000002719f591e48]
Event: 13.041 Thread 0x00000271a8931020 6154       4       org.eclipse.jdt.internal.compiler.env.ITypeAnnotationWalker$1::getAnnotationsAtCursor (4 bytes)
Event: 13.041 Thread 0x00000271a8931020 nmethod 6154 0x000002719f591f10 code [0x000002719f5920a0, 0x000002719f592130]
Event: 13.041 Thread 0x00000271a8931020 6052       4       org.eclipse.jdt.internal.compiler.env.ITypeAnnotationWalker$1::toMethodParameter (2 bytes)
Event: 13.041 Thread 0x00000271a8931020 nmethod 6052 0x000002719f592210 code [0x000002719f5923a0, 0x000002719f592428]
Event: 13.041 Thread 0x00000271a8931020 6295       4       org.eclipse.jdt.internal.compiler.lookup.TypeBinding::leafComponentType (2 bytes)
Event: 13.041 Thread 0x00000271a8931020 nmethod 6295 0x000002719f592510 code [0x000002719f5926a0, 0x000002719f592728]
Event: 13.041 Thread 0x00000271a8931020 6302       4       org.eclipse.jdt.internal.compiler.lookup.Scope::referenceCompilationUnit (8 bytes)
Event: 13.042 Thread 0x00000271a8931020 nmethod 6302 0x000002719f592810 code [0x000002719f5929a0, 0x000002719f592a48]
Event: 13.042 Thread 0x00000271a8931020 6289       4       org.eclipse.jdt.internal.compiler.env.ITypeAnnotationWalker$1::toReceiver (2 bytes)
Event: 13.042 Thread 0x00000271a8931020 nmethod 6289 0x000002719f592b10 code [0x000002719f592ca0, 0x000002719f592d28]
Event: 13.042 Thread 0x00000271a8931020 6292       4       org.eclipse.jdt.internal.compiler.env.ITypeAnnotationWalker$1::toMethodReturn (2 bytes)
Event: 13.042 Thread 0x00000271a8931020 nmethod 6292 0x000002719f592e10 code [0x000002719f592fa0, 0x000002719f593028]
Event: 13.042 Thread 0x00000271a8931020 6126       4       java.nio.Buffer::flip (20 bytes)
Event: 13.042 Thread 0x00000271a8931020 nmethod 6126 0x000002719f593110 code [0x000002719f5932a0, 0x000002719f593340]
Event: 13.042 Thread 0x00000271a8931020 5912       4       java.lang.reflect.Field::getOverrideFieldAccessor (18 bytes)
Event: 13.046 Thread 0x00000271a8931020 nmethod 5912 0x000002719f593410 code [0x000002719f5935a0, 0x000002719f593660]

GC Heap History (20 events):
Event: 8.890 GC heap before
{Heap before GC invocations=18 (full 1):
 PSYoungGen      total 22016K, used 22004K [0x00000000eab00000, 0x00000000ec300000, 0x0000000100000000)
  eden space 20480K, 100% used [0x00000000eab00000,0x00000000ebf00000,0x00000000ebf00000)
  from space 1536K, 99% used [0x00000000ec180000,0x00000000ec2fd3f8,0x00000000ec300000)
  to   space 2048K, 0% used [0x00000000ebf00000,0x00000000ebf00000,0x00000000ec100000)
 ParOldGen       total 68608K, used 27944K [0x00000000c0000000, 0x00000000c4300000, 0x00000000eab00000)
  object space 68608K, 40% used [0x00000000c0000000,0x00000000c1b4a070,0x00000000c4300000)
 Metaspace       used 34885K, committed 35840K, reserved 1114112K
  class space    used 3539K, committed 3968K, reserved 1048576K
}
Event: 8.895 GC heap after
{Heap after GC invocations=18 (full 1):
 PSYoungGen      total 22528K, used 384K [0x00000000eab00000, 0x00000000ec200000, 0x0000000100000000)
  eden space 20480K, 0% used [0x00000000eab00000,0x00000000eab00000,0x00000000ebf00000)
  from space 2048K, 18% used [0x00000000ebf00000,0x00000000ebf60000,0x00000000ec100000)
  to   space 1024K, 0% used [0x00000000ec100000,0x00000000ec100000,0x00000000ec200000)
 ParOldGen       total 68608K, used 29212K [0x00000000c0000000, 0x00000000c4300000, 0x00000000eab00000)
  object space 68608K, 42% used [0x00000000c0000000,0x00000000c1c87180,0x00000000c4300000)
 Metaspace       used 34885K, committed 35840K, reserved 1114112K
  class space    used 3539K, committed 3968K, reserved 1048576K
}
Event: 8.897 GC heap before
{Heap before GC invocations=19 (full 1):
 PSYoungGen      total 22528K, used 875K [0x00000000eab00000, 0x00000000ec200000, 0x0000000100000000)
  eden space 20480K, 2% used [0x00000000eab00000,0x00000000eab7aed8,0x00000000ebf00000)
  from space 2048K, 18% used [0x00000000ebf00000,0x00000000ebf60000,0x00000000ec100000)
  to   space 1024K, 0% used [0x00000000ec100000,0x00000000ec100000,0x00000000ec200000)
 ParOldGen       total 68608K, used 29212K [0x00000000c0000000, 0x00000000c4300000, 0x00000000eab00000)
  object space 68608K, 42% used [0x00000000c0000000,0x00000000c1c87180,0x00000000c4300000)
 Metaspace       used 34886K, committed 35840K, reserved 1114112K
  class space    used 3539K, committed 3968K, reserved 1048576K
}
Event: 8.899 GC heap after
{Heap after GC invocations=19 (full 1):
 PSYoungGen      total 20992K, used 192K [0x00000000eab00000, 0x00000000ec180000, 0x0000000100000000)
  eden space 20480K, 0% used [0x00000000eab00000,0x00000000eab00000,0x00000000ebf00000)
  from space 512K, 37% used [0x00000000ec100000,0x00000000ec130010,0x00000000ec180000)
  to   space 512K, 0% used [0x00000000ec080000,0x00000000ec080000,0x00000000ec100000)
 ParOldGen       total 68608K, used 29468K [0x00000000c0000000, 0x00000000c4300000, 0x00000000eab00000)
  object space 68608K, 42% used [0x00000000c0000000,0x00000000c1cc7180,0x00000000c4300000)
 Metaspace       used 34886K, committed 35840K, reserved 1114112K
  class space    used 3539K, committed 3968K, reserved 1048576K
}
Event: 8.899 GC heap before
{Heap before GC invocations=20 (full 2):
 PSYoungGen      total 20992K, used 192K [0x00000000eab00000, 0x00000000ec180000, 0x0000000100000000)
  eden space 20480K, 0% used [0x00000000eab00000,0x00000000eab00000,0x00000000ebf00000)
  from space 512K, 37% used [0x00000000ec100000,0x00000000ec130010,0x00000000ec180000)
  to   space 512K, 0% used [0x00000000ec080000,0x00000000ec080000,0x00000000ec100000)
 ParOldGen       total 68608K, used 29468K [0x00000000c0000000, 0x00000000c4300000, 0x00000000eab00000)
  object space 68608K, 42% used [0x00000000c0000000,0x00000000c1cc7180,0x00000000c4300000)
 Metaspace       used 34886K, committed 35840K, reserved 1114112K
  class space    used 3539K, committed 3968K, reserved 1048576K
}
Event: 8.976 GC heap after
{Heap after GC invocations=20 (full 2):
 PSYoungGen      total 20992K, used 0K [0x00000000eab00000, 0x00000000ec180000, 0x0000000100000000)
  eden space 20480K, 0% used [0x00000000eab00000,0x00000000eab00000,0x00000000ebf00000)
  from space 512K, 0% used [0x00000000ec100000,0x00000000ec100000,0x00000000ec180000)
  to   space 512K, 0% used [0x00000000ec080000,0x00000000ec080000,0x00000000ec100000)
 ParOldGen       total 68608K, used 27897K [0x00000000c0000000, 0x00000000c4300000, 0x00000000eab00000)
  object space 68608K, 40% used [0x00000000c0000000,0x00000000c1b3e768,0x00000000c4300000)
 Metaspace       used 34799K, committed 35840K, reserved 1114112K
  class space    used 3515K, committed 3968K, reserved 1048576K
}
Event: 9.599 GC heap before
{Heap before GC invocations=21 (full 2):
 PSYoungGen      total 20992K, used 20480K [0x00000000eab00000, 0x00000000ec180000, 0x0000000100000000)
  eden space 20480K, 100% used [0x00000000eab00000,0x00000000ebf00000,0x00000000ebf00000)
  from space 512K, 0% used [0x00000000ec100000,0x00000000ec100000,0x00000000ec180000)
  to   space 512K, 0% used [0x00000000ec080000,0x00000000ec080000,0x00000000ec100000)
 ParOldGen       total 68608K, used 27897K [0x00000000c0000000, 0x00000000c4300000, 0x00000000eab00000)
  object space 68608K, 40% used [0x00000000c0000000,0x00000000c1b3e768,0x00000000c4300000)
 Metaspace       used 36812K, committed 37824K, reserved 1114112K
  class space    used 3719K, committed 4224K, reserved 1048576K
}
Event: 9.601 GC heap after
{Heap after GC invocations=21 (full 2):
 PSYoungGen      total 20992K, used 512K [0x00000000eab00000, 0x00000000ec180000, 0x0000000100000000)
  eden space 20480K, 0% used [0x00000000eab00000,0x00000000eab00000,0x00000000ebf00000)
  from space 512K, 100% used [0x00000000ec080000,0x00000000ec100000,0x00000000ec100000)
  to   space 512K, 0% used [0x00000000ec100000,0x00000000ec100000,0x00000000ec180000)
 ParOldGen       total 68608K, used 27921K [0x00000000c0000000, 0x00000000c4300000, 0x00000000eab00000)
  object space 68608K, 40% used [0x00000000c0000000,0x00000000c1b44768,0x00000000c4300000)
 Metaspace       used 36812K, committed 37824K, reserved 1114112K
  class space    used 3719K, committed 4224K, reserved 1048576K
}
Event: 10.551 GC heap before
{Heap before GC invocations=22 (full 2):
 PSYoungGen      total 20992K, used 20992K [0x00000000eab00000, 0x00000000ec180000, 0x0000000100000000)
  eden space 20480K, 100% used [0x00000000eab00000,0x00000000ebf00000,0x00000000ebf00000)
  from space 512K, 100% used [0x00000000ec080000,0x00000000ec100000,0x00000000ec100000)
  to   space 512K, 0% used [0x00000000ec100000,0x00000000ec100000,0x00000000ec180000)
 ParOldGen       total 68608K, used 27921K [0x00000000c0000000, 0x00000000c4300000, 0x00000000eab00000)
  object space 68608K, 40% used [0x00000000c0000000,0x00000000c1b44768,0x00000000c4300000)
 Metaspace       used 38714K, committed 39808K, reserved 1114112K
  class space    used 3873K, committed 4352K, reserved 1048576K
}
Event: 10.556 GC heap after
{Heap after GC invocations=22 (full 2):
 PSYoungGen      total 20992K, used 505K [0x00000000eab00000, 0x00000000ec300000, 0x0000000100000000)
  eden space 20480K, 0% used [0x00000000eab00000,0x00000000eab00000,0x00000000ebf00000)
  from space 512K, 98% used [0x00000000ec100000,0x00000000ec17e490,0x00000000ec180000)
  to   space 2048K, 0% used [0x00000000ebf00000,0x00000000ebf00000,0x00000000ec100000)
 ParOldGen       total 68608K, used 28977K [0x00000000c0000000, 0x00000000c4300000, 0x00000000eab00000)
  object space 68608K, 42% used [0x00000000c0000000,0x00000000c1c4c6b8,0x00000000c4300000)
 Metaspace       used 38714K, committed 39808K, reserved 1114112K
  class space    used 3873K, committed 4352K, reserved 1048576K
}
Event: 11.268 GC heap before
{Heap before GC invocations=23 (full 2):
 PSYoungGen      total 20992K, used 20985K [0x00000000eab00000, 0x00000000ec300000, 0x0000000100000000)
  eden space 20480K, 100% used [0x00000000eab00000,0x00000000ebf00000,0x00000000ebf00000)
  from space 512K, 98% used [0x00000000ec100000,0x00000000ec17e490,0x00000000ec180000)
  to   space 2048K, 0% used [0x00000000ebf00000,0x00000000ebf00000,0x00000000ec100000)
 ParOldGen       total 68608K, used 28977K [0x00000000c0000000, 0x00000000c4300000, 0x00000000eab00000)
  object space 68608K, 42% used [0x00000000c0000000,0x00000000c1c4c6b8,0x00000000c4300000)
 Metaspace       used 40265K, committed 41280K, reserved 1114112K
  class space    used 4003K, committed 4480K, reserved 1048576K
}
Event: 11.273 GC heap after
{Heap after GC invocations=23 (full 2):
 PSYoungGen      total 22528K, used 2032K [0x00000000eab00000, 0x00000000ec400000, 0x0000000100000000)
  eden space 20480K, 0% used [0x00000000eab00000,0x00000000eab00000,0x00000000ebf00000)
  from space 2048K, 99% used [0x00000000ebf00000,0x00000000ec0fc040,0x00000000ec100000)
  to   space 2560K, 0% used [0x00000000ec180000,0x00000000ec180000,0x00000000ec400000)
 ParOldGen       total 68608K, used 29482K [0x00000000c0000000, 0x00000000c4300000, 0x00000000eab00000)
  object space 68608K, 42% used [0x00000000c0000000,0x00000000c1ccab58,0x00000000c4300000)
 Metaspace       used 40265K, committed 41280K, reserved 1114112K
  class space    used 4003K, committed 4480K, reserved 1048576K
}
Event: 11.586 GC heap before
{Heap before GC invocations=24 (full 2):
 PSYoungGen      total 22528K, used 22418K [0x00000000eab00000, 0x00000000ec400000, 0x0000000100000000)
  eden space 20480K, 99% used [0x00000000eab00000,0x00000000ebee8bb0,0x00000000ebf00000)
  from space 2048K, 99% used [0x00000000ebf00000,0x00000000ec0fc040,0x00000000ec100000)
  to   space 2560K, 0% used [0x00000000ec180000,0x00000000ec180000,0x00000000ec400000)
 ParOldGen       total 68608K, used 29482K [0x00000000c0000000, 0x00000000c4300000, 0x00000000eab00000)
  object space 68608K, 42% used [0x00000000c0000000,0x00000000c1ccab58,0x00000000c4300000)
 Metaspace       used 40556K, committed 41536K, reserved 1114112K
  class space    used 4030K, committed 4480K, reserved 1048576K
}
Event: 11.592 GC heap after
{Heap after GC invocations=24 (full 2):
 PSYoungGen      total 22528K, used 1908K [0x00000000eab00000, 0x00000000ec380000, 0x0000000100000000)
  eden space 20480K, 0% used [0x00000000eab00000,0x00000000eab00000,0x00000000ebf00000)
  from space 2048K, 93% used [0x00000000ec180000,0x00000000ec35d158,0x00000000ec380000)
  to   space 2048K, 0% used [0x00000000ebf00000,0x00000000ebf00000,0x00000000ec100000)
 ParOldGen       total 68608K, used 31335K [0x00000000c0000000, 0x00000000c4300000, 0x00000000eab00000)
  object space 68608K, 45% used [0x00000000c0000000,0x00000000c1e99dd0,0x00000000c4300000)
 Metaspace       used 40556K, committed 41536K, reserved 1114112K
  class space    used 4030K, committed 4480K, reserved 1048576K
}
Event: 11.702 GC heap before
{Heap before GC invocations=25 (full 2):
 PSYoungGen      total 22528K, used 22388K [0x00000000eab00000, 0x00000000ec380000, 0x0000000100000000)
  eden space 20480K, 100% used [0x00000000eab00000,0x00000000ebf00000,0x00000000ebf00000)
  from space 2048K, 93% used [0x00000000ec180000,0x00000000ec35d158,0x00000000ec380000)
  to   space 2048K, 0% used [0x00000000ebf00000,0x00000000ebf00000,0x00000000ec100000)
 ParOldGen       total 68608K, used 31335K [0x00000000c0000000, 0x00000000c4300000, 0x00000000eab00000)
  object space 68608K, 45% used [0x00000000c0000000,0x00000000c1e99dd0,0x00000000c4300000)
 Metaspace       used 41223K, committed 42240K, reserved 1114112K
  class space    used 4082K, committed 4544K, reserved 1048576K
}
Event: 11.707 GC heap after
{Heap after GC invocations=25 (full 2):
 PSYoungGen      total 22528K, used 352K [0x00000000eab00000, 0x00000000ec200000, 0x0000000100000000)
  eden space 20480K, 0% used [0x00000000eab00000,0x00000000eab00000,0x00000000ebf00000)
  from space 2048K, 17% used [0x00000000ebf00000,0x00000000ebf58000,0x00000000ec100000)
  to   space 1024K, 0% used [0x00000000ec100000,0x00000000ec100000,0x00000000ec200000)
 ParOldGen       total 68608K, used 31519K [0x00000000c0000000, 0x00000000c4300000, 0x00000000eab00000)
  object space 68608K, 45% used [0x00000000c0000000,0x00000000c1ec7f00,0x00000000c4300000)
 Metaspace       used 41223K, committed 42240K, reserved 1114112K
  class space    used 4082K, committed 4544K, reserved 1048576K
}
Event: 12.034 GC heap before
{Heap before GC invocations=26 (full 2):
 PSYoungGen      total 22528K, used 20831K [0x00000000eab00000, 0x00000000ec200000, 0x0000000100000000)
  eden space 20480K, 99% used [0x00000000eab00000,0x00000000ebefffc8,0x00000000ebf00000)
  from space 2048K, 17% used [0x00000000ebf00000,0x00000000ebf58000,0x00000000ec100000)
  to   space 1024K, 0% used [0x00000000ec100000,0x00000000ec100000,0x00000000ec200000)
 ParOldGen       total 68608K, used 31519K [0x00000000c0000000, 0x00000000c4300000, 0x00000000eab00000)
  object space 68608K, 45% used [0x00000000c0000000,0x00000000c1ec7f00,0x00000000c4300000)
 Metaspace       used 42310K, committed 43392K, reserved 1114112K
  class space    used 4169K, committed 4672K, reserved 1048576K
}
Event: 12.040 GC heap after
{Heap after GC invocations=26 (full 2):
 PSYoungGen      total 20992K, used 1006K [0x00000000eab00000, 0x00000000ec400000, 0x0000000100000000)
  eden space 19968K, 0% used [0x00000000eab00000,0x00000000eab00000,0x00000000ebe80000)
  from space 1024K, 98% used [0x00000000ec100000,0x00000000ec1fba60,0x00000000ec200000)
  to   space 2560K, 0% used [0x00000000ebe80000,0x00000000ebe80000,0x00000000ec100000)
 ParOldGen       total 68608K, used 32341K [0x00000000c0000000, 0x00000000c4300000, 0x00000000eab00000)
  object space 68608K, 47% used [0x00000000c0000000,0x00000000c1f955f8,0x00000000c4300000)
 Metaspace       used 42310K, committed 43392K, reserved 1114112K
  class space    used 4169K, committed 4672K, reserved 1048576K
}
Event: 12.700 GC heap before
{Heap before GC invocations=27 (full 2):
 PSYoungGen      total 20992K, used 20974K [0x00000000eab00000, 0x00000000ec400000, 0x0000000100000000)
  eden space 19968K, 100% used [0x00000000eab00000,0x00000000ebe80000,0x00000000ebe80000)
  from space 1024K, 98% used [0x00000000ec100000,0x00000000ec1fba60,0x00000000ec200000)
  to   space 2560K, 0% used [0x00000000ebe80000,0x00000000ebe80000,0x00000000ec100000)
 ParOldGen       total 68608K, used 32341K [0x00000000c0000000, 0x00000000c4300000, 0x00000000eab00000)
  object space 68608K, 47% used [0x00000000c0000000,0x00000000c1f955f8,0x00000000c4300000)
 Metaspace       used 43700K, committed 44800K, reserved 1114112K
  class space    used 4303K, committed 4800K, reserved 1048576K
}
Event: 12.706 GC heap after
{Heap after GC invocations=27 (full 2):
 PSYoungGen      total 21504K, used 1477K [0x00000000eab00000, 0x00000000ec280000, 0x0000000100000000)
  eden space 19968K, 0% used [0x00000000eab00000,0x00000000eab00000,0x00000000ebe80000)
  from space 1536K, 96% used [0x00000000ebe80000,0x00000000ebff1448,0x00000000ec000000)
  to   space 2048K, 0% used [0x00000000ec080000,0x00000000ec080000,0x00000000ec280000)
 ParOldGen       total 68608K, used 33332K [0x00000000c0000000, 0x00000000c4300000, 0x00000000eab00000)
  object space 68608K, 48% used [0x00000000c0000000,0x00000000c208d330,0x00000000c4300000)
 Metaspace       used 43700K, committed 44800K, reserved 1114112K
  class space    used 4303K, committed 4800K, reserved 1048576K
}

Dll operation events (10 events):
Event: 0.015 Loaded shared library c:\Users\ponce\.vscode\extensions\redhat.java-1.42.0-win32-x64\jre\21.0.7-win32-x86_64\bin\java.dll
Event: 0.166 Loaded shared library c:\Users\ponce\.vscode\extensions\redhat.java-1.42.0-win32-x64\jre\21.0.7-win32-x86_64\bin\zip.dll
Event: 0.211 Loaded shared library C:\Users\ponce\.vscode\extensions\redhat.java-1.42.0-win32-x64\jre\21.0.7-win32-x86_64\bin\instrument.dll
Event: 0.220 Loaded shared library C:\Users\ponce\.vscode\extensions\redhat.java-1.42.0-win32-x64\jre\21.0.7-win32-x86_64\bin\net.dll
Event: 0.226 Loaded shared library C:\Users\ponce\.vscode\extensions\redhat.java-1.42.0-win32-x64\jre\21.0.7-win32-x86_64\bin\nio.dll
Event: 0.231 Loaded shared library C:\Users\ponce\.vscode\extensions\redhat.java-1.42.0-win32-x64\jre\21.0.7-win32-x86_64\bin\zip.dll
Event: 0.268 Loaded shared library C:\Users\ponce\.vscode\extensions\redhat.java-1.42.0-win32-x64\jre\21.0.7-win32-x86_64\bin\jimage.dll
Event: 0.396 Loaded shared library c:\Users\ponce\.vscode\extensions\redhat.java-1.42.0-win32-x64\jre\21.0.7-win32-x86_64\bin\verify.dll
Event: 2.208 Loaded shared library C:\Users\ponce\AppData\Roaming\Code\User\globalStorage\redhat.java\1.42.0\config_ss_win\org.eclipse.equinox.launcher\org.eclipse.equinox.launcher.win32.win32.x86_64_1.2.1300.v20250331-1702\eclipse_11911.dll
Event: 3.416 Loaded shared library C:\Users\ponce\AppData\Local\Temp\jna-106850033\jna17794992378247455720.dll

Deoptimization events (20 events):
Event: 12.502 Thread 0x00000271f03d3390 DEOPT PACKING pc=0x000002719f25f308 sp=0x0000007f251fdfa0
Event: 12.502 Thread 0x00000271f03d3390 DEOPT UNPACKING pc=0x000002719ece6da2 sp=0x0000007f251fdf40 mode 2
Event: 12.502 Thread 0x00000271f03d3390 Uncommon trap: trap_request=0xffffffc6 fr.pc=0x000002719f25f308 relative=0x0000000000000668
Event: 12.502 Thread 0x00000271f03d3390 Uncommon trap: reason=bimorphic_or_optimized_type_check action=maybe_recompile pc=0x000002719f25f308 method=lombok.eclipse.handlers.EclipseHandlerUtil.typeMatches(Ljava/lang/String;Llombok/eclipse/EclipseNode;Lorg/eclipse/jdt/internal/compiler/ast/TypeRef
Event: 12.502 Thread 0x00000271f03d3390 DEOPT PACKING pc=0x000002719f25f308 sp=0x0000007f251fdfa0
Event: 12.502 Thread 0x00000271f03d3390 DEOPT UNPACKING pc=0x000002719ece6da2 sp=0x0000007f251fdf40 mode 2
Event: 12.531 Thread 0x00000271f03d3390 Uncommon trap: trap_request=0xffffff45 fr.pc=0x000002719f52fe60 relative=0x0000000000000960
Event: 12.531 Thread 0x00000271f03d3390 Uncommon trap: reason=unstable_if action=reinterpret pc=0x000002719f52fe60 method=org.eclipse.jdt.internal.compiler.util.CharDeduplication.sharedCopyOfRange([CII)[C @ 147 c2
Event: 12.531 Thread 0x00000271f03d3390 DEOPT PACKING pc=0x000002719f52fe60 sp=0x0000007f251fd730
Event: 12.531 Thread 0x00000271f03d3390 DEOPT UNPACKING pc=0x000002719ece6da2 sp=0x0000007f251fd6c0 mode 2
Event: 12.687 Thread 0x00000271f1d36600 DEOPT PACKING pc=0x0000027197f95630 sp=0x0000007f23cfe540
Event: 12.687 Thread 0x00000271f1d36600 DEOPT UNPACKING pc=0x000002719ece78e2 sp=0x0000007f23cfda28 mode 0
Event: 12.839 Thread 0x00000271f03d3390 Uncommon trap: trap_request=0xffffff45 fr.pc=0x000002719f293b9c relative=0x00000000000003bc
Event: 12.839 Thread 0x00000271f03d3390 Uncommon trap: reason=unstable_if action=reinterpret pc=0x000002719f293b9c method=java.util.IdentityHashMap.maskNull(Ljava/lang/Object;)Ljava/lang/Object; @ 1 c2
Event: 12.839 Thread 0x00000271f03d3390 DEOPT PACKING pc=0x000002719f293b9c sp=0x0000007f251fd0b0
Event: 12.839 Thread 0x00000271f03d3390 DEOPT UNPACKING pc=0x000002719ece6da2 sp=0x0000007f251fcfc8 mode 2
Event: 12.840 Thread 0x00000271f03d3390 Uncommon trap: trap_request=0xffffff45 fr.pc=0x000002719f569028 relative=0x0000000000000708
Event: 12.840 Thread 0x00000271f03d3390 Uncommon trap: reason=unstable_if action=reinterpret pc=0x000002719f569028 method=lombok.eclipse.handlers.EclipseHandlerUtil.typeMatches(Ljava/lang/String;Llombok/eclipse/EclipseNode;Lorg/eclipse/jdt/internal/compiler/ast/TypeReference;)Z @ 1 c2
Event: 12.840 Thread 0x00000271f03d3390 DEOPT PACKING pc=0x000002719f569028 sp=0x0000007f251fe070
Event: 12.840 Thread 0x00000271f03d3390 DEOPT UNPACKING pc=0x000002719ece6da2 sp=0x0000007f251fe010 mode 2

Classes loaded (20 events):
Event: 12.010 Loading class java/nio/file/Files$2
Event: 12.010 Loading class java/nio/file/Files$2 done
Event: 12.089 Loading class java/util/concurrent/ArrayBlockingQueue
Event: 12.090 Loading class java/util/concurrent/ArrayBlockingQueue done
Event: 12.178 Loading class java/util/concurrent/ConcurrentHashMap$KeySpliterator
Event: 12.178 Loading class java/util/concurrent/ConcurrentHashMap$KeySpliterator done
Event: 12.182 Loading class java/util/concurrent/ConcurrentHashMap$TreeNode
Event: 12.185 Loading class java/util/concurrent/ConcurrentHashMap$TreeNode done
Event: 12.186 Loading class java/util/concurrent/ConcurrentHashMap$TreeBin
Event: 12.194 Loading class java/util/concurrent/ConcurrentHashMap$TreeBin done
Event: 12.217 Loading class java/util/stream/ReferencePipeline$4
Event: 12.218 Loading class java/util/stream/ReferencePipeline$4 done
Event: 12.221 Loading class java/util/stream/Nodes$IntFixedNodeBuilder
Event: 12.222 Loading class java/util/stream/Node$Builder$OfInt
Event: 12.222 Loading class java/util/stream/Node$Builder$OfInt done
Event: 12.222 Loading class java/util/stream/Nodes$IntArrayNode
Event: 12.223 Loading class java/util/stream/Nodes$IntArrayNode done
Event: 12.223 Loading class java/util/stream/Nodes$IntFixedNodeBuilder done
Event: 12.231 Loading class java/util/stream/ReferencePipeline$4$1
Event: 12.232 Loading class java/util/stream/ReferencePipeline$4$1 done

Classes unloaded (20 events):
Event: 8.911 Thread 0x0000027194616b20 Unloading class 0x00000271aa372800 'java/lang/invoke/LambdaForm$MH+0x00000271aa372800'
Event: 8.911 Thread 0x0000027194616b20 Unloading class 0x00000271aa371c00 'java/lang/invoke/LambdaForm$MH+0x00000271aa371c00'
Event: 8.911 Thread 0x0000027194616b20 Unloading class 0x00000271aa372000 'java/lang/invoke/LambdaForm$MH+0x00000271aa372000'
Event: 8.911 Thread 0x0000027194616b20 Unloading class 0x00000271aa371800 'java/lang/invoke/LambdaForm$MH+0x00000271aa371800'
Event: 8.911 Thread 0x0000027194616b20 Unloading class 0x00000271aa371400 'java/lang/invoke/LambdaForm$MH+0x00000271aa371400'
Event: 8.911 Thread 0x0000027194616b20 Unloading class 0x00000271aa370c00 'java/lang/invoke/LambdaForm$MH+0x00000271aa370c00'
Event: 8.911 Thread 0x0000027194616b20 Unloading class 0x00000271aa370800 'java/lang/invoke/LambdaForm$MH+0x00000271aa370800'
Event: 8.911 Thread 0x0000027194616b20 Unloading class 0x00000271aa370400 'java/lang/invoke/LambdaForm$MH+0x00000271aa370400'
Event: 8.911 Thread 0x0000027194616b20 Unloading class 0x00000271aa370000 'java/lang/invoke/LambdaForm$MH+0x00000271aa370000'
Event: 8.911 Thread 0x0000027194616b20 Unloading class 0x00000271aa36f800 'java/lang/invoke/LambdaForm$MH+0x00000271aa36f800'
Event: 8.911 Thread 0x0000027194616b20 Unloading class 0x00000271aa36f400 'java/lang/invoke/LambdaForm$MH+0x00000271aa36f400'
Event: 8.911 Thread 0x0000027194616b20 Unloading class 0x00000271aa36ec00 'java/lang/invoke/LambdaForm$MH+0x00000271aa36ec00'
Event: 8.911 Thread 0x0000027194616b20 Unloading class 0x00000271aa36e400 'java/lang/invoke/LambdaForm$MH+0x00000271aa36e400'
Event: 8.911 Thread 0x0000027194616b20 Unloading class 0x00000271aa36e000 'java/lang/invoke/LambdaForm$MH+0x00000271aa36e000'
Event: 8.911 Thread 0x0000027194616b20 Unloading class 0x00000271aa36dc00 'java/lang/invoke/LambdaForm$MH+0x00000271aa36dc00'
Event: 8.911 Thread 0x0000027194616b20 Unloading class 0x00000271aa36d800 'java/lang/invoke/LambdaForm$MH+0x00000271aa36d800'
Event: 8.911 Thread 0x0000027194616b20 Unloading class 0x00000271aa36d400 'java/lang/invoke/LambdaForm$MH+0x00000271aa36d400'
Event: 8.911 Thread 0x0000027194616b20 Unloading class 0x00000271aa36d000 'java/lang/invoke/LambdaForm$DMH+0x00000271aa36d000'
Event: 8.911 Thread 0x0000027194616b20 Unloading class 0x00000271aa36c800 'java/lang/invoke/LambdaForm$DMH+0x00000271aa36c800'
Event: 8.911 Thread 0x0000027194616b20 Unloading class 0x00000271aa36c400 'java/lang/invoke/LambdaForm$DMH+0x00000271aa36c400'

Classes redefined (0 events):
No events

Internal exceptions (20 events):
Event: 10.738 Thread 0x00000271f1d36c90 Exception <a 'java/lang/IncompatibleClassChangeError'{0x00000000eb055f28}: Found class java.lang.Object, but interface was expected> (0x00000000eb055f28) 
thrown [s\src\hotspot\share\interpreter\linkResolver.cpp, line 840]
Event: 10.801 Thread 0x00000271f1d36c90 Exception <a 'java/lang/IncompatibleClassChangeError'{0x00000000eb166dc8}: Found class java.lang.Object, but interface was expected> (0x00000000eb166dc8) 
thrown [s\src\hotspot\share\interpreter\linkResolver.cpp, line 840]
Event: 10.930 Thread 0x00000271f1d358e0 Exception <a 'java/lang/NoSuchMethodError'{0x00000000eb4d9520}: 'int java.lang.invoke.Invokers$Holder.invokeExact_MT(java.lang.Object, java.lang.Object)'> (0x00000000eb4d9520) 
thrown [s\src\hotspot\share\interpreter\linkResolver.cpp, line 773]
Event: 10.992 Thread 0x00000271f1d358e0 Exception <a 'java/lang/NoSuchMethodError'{0x00000000eb704750}: 'int java.lang.invoke.DirectMethodHandle$Holder.invokeInterface(java.lang.Object, java.lang.Object)'> (0x00000000eb704750) 
thrown [s\src\hotspot\share\interpreter\linkResolver.cpp, line 773]
Event: 10.992 Thread 0x00000271f1d358e0 Exception <a 'java/lang/IncompatibleClassChangeError'{0x00000000eb707a20}: Found class java.lang.Object, but interface was expected> (0x00000000eb707a20) 
thrown [s\src\hotspot\share\interpreter\linkResolver.cpp, line 840]
Event: 11.080 Thread 0x00000271f1d358e0 Exception <a 'java/lang/NoSuchMethodError'{0x00000000eb84cc20}: 'int java.lang.invoke.DirectMethodHandle$Holder.invokeSpecialIFC(java.lang.Object, java.lang.Object, java.lang.Object)'> (0x00000000eb84cc20) 
thrown [s\src\hotspot\share\interpreter\linkResolver.cpp, line 773]
Event: 11.737 Thread 0x00000271f070f680 Exception <a 'sun/nio/fs/WindowsException'{0x00000000ead397c0}> (0x00000000ead397c0) 
thrown [s\src\hotspot\share\prims\jni.cpp, line 520]
Event: 11.752 Thread 0x00000271f1d33180 Exception <a 'sun/nio/fs/WindowsException'{0x00000000eadce8a0}> (0x00000000eadce8a0) 
thrown [s\src\hotspot\share\prims\jni.cpp, line 520]
Event: 11.762 Thread 0x00000271f1d310b0 Exception <a 'sun/nio/fs/WindowsException'{0x00000000eae7c250}> (0x00000000eae7c250) 
thrown [s\src\hotspot\share\prims\jni.cpp, line 520]
Event: 11.775 Thread 0x00000271f1d310b0 Exception <a 'sun/nio/fs/WindowsException'{0x00000000eae7d870}> (0x00000000eae7d870) 
thrown [s\src\hotspot\share\prims\jni.cpp, line 520]
Event: 11.776 Thread 0x00000271f1d310b0 Exception <a 'sun/nio/fs/WindowsException'{0x00000000eae7ef48}> (0x00000000eae7ef48) 
thrown [s\src\hotspot\share\prims\jni.cpp, line 520]
Event: 11.778 Thread 0x00000271f1d32460 Exception <a 'sun/nio/fs/WindowsException'{0x00000000eaef96f8}> (0x00000000eaef96f8) 
thrown [s\src\hotspot\share\prims\jni.cpp, line 520]
Event: 11.778 Thread 0x00000271f1d2fd00 Exception <a 'sun/nio/fs/WindowsException'{0x00000000eaeeca08}> (0x00000000eaeeca08) 
thrown [s\src\hotspot\share\prims\jni.cpp, line 520]
Event: 12.181 Thread 0x00000271f070f680 Exception <a 'java/lang/NoSuchMethodError'{0x00000000eafd60c0}: 'java.lang.Object java.lang.invoke.DirectMethodHandle$Holder.newInvokeSpecial(java.lang.Object, java.lang.Object, int, int, java.lang.Object)'> (0x00000000eafd60c0) 
thrown [s\src\hotspot\share\interpreter\linkResolver.cpp, line 773]
Event: 12.283 Thread 0x00000271f1d32af0 Exception <a 'java/lang/LinkageError'{0x00000000eb005918}: loader lombok.launch.ShadowClassLoader @16ced677 attempted duplicate class definition for lombok.launch.PatchFixesHider$PatchFixes. (lombok.launch.PatchFixesHider$PatchFixes is in unnamed module of loader lombok.launch.ShadowClassLoader @16ced677, parent loader org.eclipse.osgi.internal.loader.EquinoxClassLoader @12f6d375)> (0x00000000eb005918) 
thrown [s\src\hotspot\share\classfile\systemDictionary.cpp, line 1682]
Event: 12.839 Thread 0x00000271f03d3390 Implicit null exception at 0x000002719f293823 to 0x000002719f293b88
Event: 12.840 Thread 0x00000271f03d3390 Implicit null exception at 0x000002719f568944 to 0x000002719f569014
Event: 12.855 Thread 0x00000271f03d3390 Exception <a 'java/lang/NoSuchMethodError'{0x00000000eb373120}: 'void java.lang.invoke.DirectMethodHandle$Holder.invokeVirtual(java.lang.Object, java.lang.Object, java.lang.Object, java.lang.Object, java.lang.Object)'> (0x00000000eb373120) 
thrown [s\src\hotspot\share\interpreter\linkResolver.cpp, line 773]
Event: 12.894 Thread 0x00000271f070f680 Exception <a 'sun/nio/fs/WindowsException'{0x00000000eb66b8f8}> (0x00000000eb66b8f8) 
thrown [s\src\hotspot\share\prims\jni.cpp, line 520]
Event: 12.895 Thread 0x00000271f070f680 Exception <a 'sun/nio/fs/WindowsException'{0x00000000eb66bf28}> (0x00000000eb66bf28) 
thrown [s\src\hotspot\share\prims\jni.cpp, line 520]

ZGC Phase Switch (0 events):
No events

VM Operations (20 events):
Event: 11.086 Executing VM operation: HandshakeAllThreads (Deoptimize)
Event: 11.086 Executing VM operation: HandshakeAllThreads (Deoptimize) done
Event: 11.183 Executing VM operation: HandshakeAllThreads (Deoptimize)
Event: 11.183 Executing VM operation: HandshakeAllThreads (Deoptimize) done
Event: 11.268 Executing VM operation: ParallelGCFailedAllocation (Allocation Failure)
Event: 11.273 Executing VM operation: ParallelGCFailedAllocation (Allocation Failure) done
Event: 11.586 Executing VM operation: ParallelGCFailedAllocation (Allocation Failure)
Event: 11.592 Executing VM operation: ParallelGCFailedAllocation (Allocation Failure) done
Event: 11.702 Executing VM operation: ParallelGCFailedAllocation (Allocation Failure)
Event: 11.707 Executing VM operation: ParallelGCFailedAllocation (Allocation Failure) done
Event: 11.966 Executing VM operation: HandshakeAllThreads (Deoptimize)
Event: 11.967 Executing VM operation: HandshakeAllThreads (Deoptimize) done
Event: 12.033 Executing VM operation: ParallelGCFailedAllocation (Allocation Failure)
Event: 12.040 Executing VM operation: ParallelGCFailedAllocation (Allocation Failure) done
Event: 12.665 Executing VM operation: ICBufferFull
Event: 12.666 Executing VM operation: ICBufferFull done
Event: 12.699 Executing VM operation: ParallelGCFailedAllocation (Allocation Failure)
Event: 12.706 Executing VM operation: ParallelGCFailedAllocation (Allocation Failure) done
Event: 12.878 Executing VM operation: ICBufferFull
Event: 12.878 Executing VM operation: ICBufferFull done

Memory protections (0 events):
No events

Nmethod flushes (20 events):
Event: 8.930 Thread 0x0000027194616b20 flushing  nmethod 0x0000027197a85d90
Event: 8.930 Thread 0x0000027194616b20 flushing  nmethod 0x0000027197aab610
Event: 8.930 Thread 0x0000027194616b20 flushing  nmethod 0x0000027197aacf90
Event: 8.930 Thread 0x0000027194616b20 flushing  nmethod 0x0000027197aaf010
Event: 8.930 Thread 0x0000027194616b20 flushing  nmethod 0x0000027197aaf310
Event: 8.930 Thread 0x0000027194616b20 flushing  nmethod 0x0000027197ac4690
Event: 8.930 Thread 0x0000027194616b20 flushing  nmethod 0x0000027197ac8090
Event: 8.930 Thread 0x0000027194616b20 flushing  nmethod 0x0000027197b36d10
Event: 8.930 Thread 0x0000027194616b20 flushing  nmethod 0x0000027197b7ff90
Event: 8.930 Thread 0x0000027194616b20 flushing  nmethod 0x0000027197b80410
Event: 8.930 Thread 0x0000027194616b20 flushing  nmethod 0x0000027197b80d90
Event: 8.930 Thread 0x0000027194616b20 flushing  nmethod 0x0000027197bb1110
Event: 8.930 Thread 0x0000027194616b20 flushing  nmethod 0x0000027197bb1b10
Event: 8.930 Thread 0x0000027194616b20 flushing  nmethod 0x0000027197bb7e10
Event: 8.930 Thread 0x0000027194616b20 flushing  nmethod 0x0000027197bf8010
Event: 8.930 Thread 0x0000027194616b20 flushing  nmethod 0x0000027197c27090
Event: 8.930 Thread 0x0000027194616b20 flushing  nmethod 0x0000027197c32310
Event: 8.930 Thread 0x0000027194616b20 flushing  nmethod 0x0000027197c41890
Event: 8.930 Thread 0x0000027194616b20 flushing  nmethod 0x0000027197c43910
Event: 8.930 Thread 0x0000027194616b20 flushing  nmethod 0x0000027197c4b110

Events (20 events):
Event: 10.317 Thread 0x00000271f1d35f70 Thread added: 0x00000271f1d33ea0
Event: 10.318 Thread 0x00000271f1d33ea0 Thread added: 0x00000271f1d30a20
Event: 10.319 Thread 0x00000271f1d35f70 Thread added: 0x00000271f1d310b0
Event: 10.319 Thread 0x00000271f1d35f70 Thread added: 0x00000271f1d33180
Event: 10.383 Thread 0x00000271f1d36600 Thread added: 0x00000271f1d31740
Event: 10.384 Thread 0x00000271f1d36600 Thread added: 0x00000271f1d37320
Event: 10.384 Thread 0x00000271f1d36600 Thread added: 0x00000271f03d2d00
Event: 10.384 Thread 0x00000271f1d36600 Thread added: 0x00000271f03d5af0
Event: 10.384 Thread 0x00000271f1d36600 Thread added: 0x00000271f03d7530
Event: 10.384 Thread 0x00000271f1d36600 Thread added: 0x00000271f03d6ea0
Event: 10.704 Thread 0x00000271a8951ff0 Thread added: 0x00000271f2311990
Event: 10.939 Thread 0x00000271f1d36c90 Thread added: 0x00000271f03d5460
Event: 10.943 Thread 0x00000271f1d36c90 Thread added: 0x00000271f03d8250
Event: 12.091 Thread 0x00000271f070f680 Thread added: 0x00000271f03d3390
Event: 12.198 Thread 0x00000271f070f680 Thread added: 0x00000271f03d3a20
Event: 12.247 Thread 0x00000271f070f680 Thread added: 0x00000271f03d4740
Event: 12.664 Thread 0x00000271f070f680 Thread added: 0x00000271f03d6180
Event: 12.695 Thread 0x00000271f070f680 Thread added: 0x00000271f03d6810
Event: 12.732 Thread 0x00000271f070f680 Thread added: 0x00000271f03d88e0
Event: 12.779 Thread 0x00000271f070f680 Thread added: 0x00000271f03d40b0


Dynamic libraries:
0x00007ff685f60000 - 0x00007ff685f6e000 	c:\Users\ponce\.vscode\extensions\redhat.java-1.42.0-win32-x64\jre\21.0.7-win32-x86_64\bin\java.exe
0x00007ff9437b0000 - 0x00007ff9439c7000 	C:\WINDOWS\SYSTEM32\ntdll.dll
0x00007ff9415d0000 - 0x00007ff941694000 	C:\WINDOWS\System32\KERNEL32.DLL
0x00007ff9409d0000 - 0x00007ff940da2000 	C:\WINDOWS\System32\KERNELBASE.dll
0x00007ff939730000 - 0x00007ff9397c8000 	C:\WINDOWS\SYSTEM32\apphelp.dll
0x00007ff940ed0000 - 0x00007ff940fe1000 	C:\WINDOWS\System32\ucrtbase.dll
0x00007ff937050000 - 0x00007ff93706e000 	c:\Users\ponce\.vscode\extensions\redhat.java-1.42.0-win32-x64\jre\21.0.7-win32-x86_64\bin\VCRUNTIME140.dll
0x00007ff9393e0000 - 0x00007ff9393f8000 	c:\Users\ponce\.vscode\extensions\redhat.java-1.42.0-win32-x64\jre\21.0.7-win32-x86_64\bin\jli.dll
0x00007ff942ca0000 - 0x00007ff942e51000 	C:\WINDOWS\System32\USER32.dll
0x00007ff941360000 - 0x00007ff941386000 	C:\WINDOWS\System32\win32u.dll
0x00007ff942ef0000 - 0x00007ff942f19000 	C:\WINDOWS\System32\GDI32.dll
0x00007ff92e550000 - 0x00007ff92e7eb000 	C:\WINDOWS\WinSxS\amd64_microsoft.windows.common-controls_6595b64144ccf1df_6.0.22621.5415_none_270d77d17387d7da\COMCTL32.dll
0x00007ff941440000 - 0x00007ff9414e7000 	C:\WINDOWS\System32\msvcrt.dll
0x00007ff9408a0000 - 0x00007ff9409c3000 	C:\WINDOWS\System32\gdi32full.dll
0x00007ff940db0000 - 0x00007ff940e4a000 	C:\WINDOWS\System32\msvcp_win.dll
0x00007ff9422a0000 - 0x00007ff9422d1000 	C:\WINDOWS\System32\IMM32.DLL
0x00007ff939800000 - 0x00007ff93980c000 	c:\Users\ponce\.vscode\extensions\redhat.java-1.42.0-win32-x64\jre\21.0.7-win32-x86_64\bin\vcruntime140_1.dll
0x00007ff925890000 - 0x00007ff92591d000 	c:\Users\ponce\.vscode\extensions\redhat.java-1.42.0-win32-x64\jre\21.0.7-win32-x86_64\bin\msvcp140.dll
0x00007ff8eee80000 - 0x00007ff8efc10000 	c:\Users\ponce\.vscode\extensions\redhat.java-1.42.0-win32-x64\jre\21.0.7-win32-x86_64\bin\server\jvm.dll
0x00007ff9431e0000 - 0x00007ff943291000 	C:\WINDOWS\System32\ADVAPI32.dll
0x00007ff941a20000 - 0x00007ff941ac8000 	C:\WINDOWS\System32\sechost.dll
0x00007ff941410000 - 0x00007ff941438000 	C:\WINDOWS\System32\bcrypt.dll
0x00007ff9417d0000 - 0x00007ff9418e4000 	C:\WINDOWS\System32\RPCRT4.dll
0x00007ff9436f0000 - 0x00007ff943761000 	C:\WINDOWS\System32\WS2_32.dll
0x00007ff940780000 - 0x00007ff9407cd000 	C:\WINDOWS\SYSTEM32\POWRPROF.dll
0x00007ff939a50000 - 0x00007ff939a5a000 	C:\WINDOWS\SYSTEM32\VERSION.dll
0x00007ff939020000 - 0x00007ff939054000 	C:\WINDOWS\SYSTEM32\WINMM.dll
0x00007ff940760000 - 0x00007ff940773000 	C:\WINDOWS\SYSTEM32\UMPDC.dll
0x00007ff93f890000 - 0x00007ff93f8a8000 	C:\WINDOWS\SYSTEM32\kernel.appcore.dll
0x00007ff939070000 - 0x00007ff93907a000 	c:\Users\ponce\.vscode\extensions\redhat.java-1.42.0-win32-x64\jre\21.0.7-win32-x86_64\bin\jimage.dll
0x00007ff93e440000 - 0x00007ff93e673000 	C:\WINDOWS\SYSTEM32\DBGHELP.DLL
0x00007ff943350000 - 0x00007ff9436e3000 	C:\WINDOWS\System32\combase.dll
0x00007ff9414f0000 - 0x00007ff9415c7000 	C:\WINDOWS\System32\OLEAUT32.dll
0x00007ff936e70000 - 0x00007ff936ea2000 	C:\WINDOWS\SYSTEM32\dbgcore.DLL
0x00007ff941390000 - 0x00007ff94140b000 	C:\WINDOWS\System32\bcryptPrimitives.dll
0x00007ff93a530000 - 0x00007ff93a53f000 	c:\Users\ponce\.vscode\extensions\redhat.java-1.42.0-win32-x64\jre\21.0.7-win32-x86_64\bin\instrument.dll
0x00007ff92f4e0000 - 0x00007ff92f4ff000 	c:\Users\ponce\.vscode\extensions\redhat.java-1.42.0-win32-x64\jre\21.0.7-win32-x86_64\bin\java.dll
0x00007ff9422e0000 - 0x00007ff942b82000 	C:\WINDOWS\System32\SHELL32.dll
0x00007ff940ff0000 - 0x00007ff94112f000 	C:\WINDOWS\System32\wintypes.dll
0x00007ff93e780000 - 0x00007ff93f09e000 	C:\WINDOWS\SYSTEM32\windows.storage.dll
0x00007ff9416c0000 - 0x00007ff9417cb000 	C:\WINDOWS\System32\SHCORE.dll
0x00007ff9419b0000 - 0x00007ff941a19000 	C:\WINDOWS\System32\shlwapi.dll
0x00007ff9407d0000 - 0x00007ff9407fb000 	C:\WINDOWS\SYSTEM32\profapi.dll
0x00007ff92e500000 - 0x00007ff92e518000 	c:\Users\ponce\.vscode\extensions\redhat.java-1.42.0-win32-x64\jre\21.0.7-win32-x86_64\bin\zip.dll
0x00007ff935ef0000 - 0x00007ff935f00000 	C:\Users\ponce\.vscode\extensions\redhat.java-1.42.0-win32-x64\jre\21.0.7-win32-x86_64\bin\net.dll
0x00007ff93a6e0000 - 0x00007ff93a80c000 	C:\WINDOWS\SYSTEM32\WINHTTP.dll
0x00007ff93fd00000 - 0x00007ff93fd69000 	C:\WINDOWS\system32\mswsock.dll
0x00007ff92d580000 - 0x00007ff92d596000 	C:\Users\ponce\.vscode\extensions\redhat.java-1.42.0-win32-x64\jre\21.0.7-win32-x86_64\bin\nio.dll
0x00007ff939260000 - 0x00007ff939270000 	c:\Users\ponce\.vscode\extensions\redhat.java-1.42.0-win32-x64\jre\21.0.7-win32-x86_64\bin\verify.dll
0x00007ff922110000 - 0x00007ff922155000 	C:\Users\ponce\AppData\Roaming\Code\User\globalStorage\redhat.java\1.42.0\config_ss_win\org.eclipse.equinox.launcher\org.eclipse.equinox.launcher.win32.win32.x86_64_1.2.1300.v20250331-1702\eclipse_11911.dll
0x00007ff942fd0000 - 0x00007ff943170000 	C:\WINDOWS\System32\ole32.dll
0x00007ff93fff0000 - 0x00007ff94000b000 	C:\WINDOWS\SYSTEM32\CRYPTSP.dll
0x00007ff93f7f0000 - 0x00007ff93f827000 	C:\WINDOWS\system32\rsaenh.dll
0x00007ff93fda0000 - 0x00007ff93fdc8000 	C:\WINDOWS\SYSTEM32\USERENV.dll
0x00007ff93ff00000 - 0x00007ff93ff0c000 	C:\WINDOWS\SYSTEM32\CRYPTBASE.dll
0x00007ff93f340000 - 0x00007ff93f36d000 	C:\WINDOWS\SYSTEM32\IPHLPAPI.DLL
0x00007ff9420c0000 - 0x00007ff9420c9000 	C:\WINDOWS\System32\NSI.dll
0x00007ff917d80000 - 0x00007ff917dc9000 	C:\Users\ponce\AppData\Local\Temp\jna-106850033\jna17794992378247455720.dll
0x00007ff941ad0000 - 0x00007ff941ad8000 	C:\WINDOWS\System32\PSAPI.DLL
0x00007ff939910000 - 0x00007ff939929000 	C:\WINDOWS\SYSTEM32\dhcpcsvc6.DLL
0x00007ff9397d0000 - 0x00007ff9397ef000 	C:\WINDOWS\SYSTEM32\dhcpcsvc.DLL

dbghelp: loaded successfully - version: 4.0.5 - missing functions: none
symbol engine: initialized successfully - sym options: 0x614 - pdb path: .;c:\Users\ponce\.vscode\extensions\redhat.java-1.42.0-win32-x64\jre\21.0.7-win32-x86_64\bin;C:\WINDOWS\SYSTEM32;C:\WINDOWS\WinSxS\amd64_microsoft.windows.common-controls_6595b64144ccf1df_6.0.22621.5415_none_270d77d17387d7da;c:\Users\ponce\.vscode\extensions\redhat.java-1.42.0-win32-x64\jre\21.0.7-win32-x86_64\bin\server;C:\Users\ponce\AppData\Roaming\Code\User\globalStorage\redhat.java\1.42.0\config_ss_win\org.eclipse.equinox.launcher\org.eclipse.equinox.launcher.win32.win32.x86_64_1.2.1300.v20250331-1702;C:\Users\ponce\AppData\Local\Temp\jna-106850033

VM Arguments:
jvm_args: --add-modules=ALL-SYSTEM --add-opens=java.base/java.util=ALL-UNNAMED --add-opens=java.base/java.lang=ALL-UNNAMED --add-opens=java.base/sun.nio.fs=ALL-UNNAMED -Declipse.application=org.eclipse.jdt.ls.core.id1 -Dosgi.bundles.defaultStartLevel=4 -Declipse.product=org.eclipse.jdt.ls.core.product -Djava.import.generatesMetadataFilesAtProjectRoot=false -DDetectVMInstallationsJob.disabled=true -Dfile.encoding=utf8 -XX:+UseParallelGC -XX:GCTimeRatio=4 -XX:AdaptiveSizePolicyWeight=90 -Dsun.zip.disableMemoryMapping=true -Xmx1G -Xms100m -Xlog:disable -javaagent:c:\Users\ponce\.vscode\extensions\redhat.java-1.42.0-win32-x64\lombok\lombok-1.18.36.jar 
java_command: c:\Users\ponce\.vscode\extensions\redhat.java-1.42.0-win32-x64\server\plugins\org.eclipse.equinox.launcher_1.7.0.v20250424-1814.jar -configuration c:\Users\ponce\AppData\Roaming\Code\User\globalStorage\redhat.java\1.42.0\config_ss_win -data c:\Users\ponce\AppData\Roaming\Code\User\workspaceStorage\65ac8c3de3f23d2bcb4ce7b7b7e9c127\redhat.java\ss_ws --pipe=\\.\pipe\lsp-66f0dc26c63a523090313eabfc54d698-sock
java_class_path (initial): c:\Users\ponce\.vscode\extensions\redhat.java-1.42.0-win32-x64\server\plugins\org.eclipse.equinox.launcher_1.7.0.v20250424-1814.jar
Launcher Type: SUN_STANDARD

[Global flags]
    uintx AdaptiveSizePolicyWeight                 = 90                                        {product} {command line}
     intx CICompilerCount                          = 4                                         {product} {ergonomic}
    uintx GCTimeRatio                              = 4                                         {product} {command line}
   size_t InitialHeapSize                          = 104857600                                 {product} {command line}
   size_t MaxHeapSize                              = 1073741824                                {product} {command line}
   size_t MaxNewSize                               = 357564416                                 {product} {ergonomic}
   size_t MinHeapDeltaBytes                        = 524288                                    {product} {ergonomic}
   size_t MinHeapSize                              = 104857600                                 {product} {command line}
   size_t NewSize                                  = 34603008                                  {product} {ergonomic}
    uintx NonNMethodCodeHeapSize                   = 5839372                                {pd product} {ergonomic}
    uintx NonProfiledCodeHeapSize                  = 122909434                              {pd product} {ergonomic}
   size_t OldSize                                  = 70254592                                  {product} {ergonomic}
    uintx ProfiledCodeHeapSize                     = 122909434                              {pd product} {ergonomic}
    uintx ReservedCodeCacheSize                    = 251658240                              {pd product} {ergonomic}
     bool SegmentedCodeCache                       = true                                      {product} {ergonomic}
   size_t SoftMaxHeapSize                          = 1073741824                             {manageable} {ergonomic}
     bool UseCompressedOops                        = true                           {product lp64_product} {ergonomic}
     bool UseLargePagesIndividualAllocation        = false                                  {pd product} {ergonomic}
     bool UseParallelGC                            = true                                      {product} {command line}

Logging:
Log output configuration:
 #0: stdout all=off uptime,level,tags foldmultilines=false
 #1: stderr all=off uptime,level,tags foldmultilines=false

Environment Variables:
PATH=C:\Program Files\Common Files\Oracle\Java\javapath;C:\WINDOWS\system32;C:\WINDOWS;C:\WINDOWS\System32\Wbem;C:\WINDOWS\System32\WindowsPowerShell\v1.0\;C:\WINDOWS\System32\OpenSSH\;D:\Progrmas\;D:\Progrmas\Xamp\php;C:\ProgramData\ComposerSetup\bin;C:\ProgramData\chocolatey\bin;D:\src\flutter\bin;D:\Program Files\Git\cmd;C:\Program Files\nodejs\;C:\Program Files\Microsoft SQL Server\150\Tools\Binn\;C:\Program Files\Microsoft SQL Server\Client SDK\ODBC\170\Tools\Binn\;C:\Program Files\dotnet\;C:\Program Files\OpenSSL-Win64\bin;C:\Program Files (x86)\Microsoft SQL Server\160\Tools\Binn\;C:\Program Files\Microsoft SQL Server\160\Tools\Binn\;C:\Program Files\Microsoft SQL Server\160\DTS\Binn\;C:\Program Files (x86)\Microsoft SQL Server\160\DTS\Binn\;D:\Program Files\mongodb\tools\bin;D:\mingw32\bin;D:\apache-maven-3.9.9\bin;;C:\Program Files\Docker\Docker\resources\bin;C:\Users\ponce\AppData\Local\Programs\Python\Python313\Scripts\;C:\Users\ponce\AppData\Local\Programs\Python\Python313\;C:\Users\ponce\AppData\Local\Microsoft\WindowsApps;C:\Users\ponce\AppData\Roaming\Composer\vendor\bin;C:\ProgramData\ComposerSetup\bin;D:\src\flutter\bin;C:\Users\ponce\AppData\Local\Programs\mongosh\;C:\Users\ponce\AppData\Roaming\npm;D:\Progrmas\Microsoft VS Code\bin;C:\Users\ponce\AppData\Local\Programs\oh-my-posh\bin;C:\Users\ponce\AppData\Local\GitHubDesktop\bin;C:\Users\ponce\.dotnet\tools;D:\Program Files\texstudio\miktex\bin\x64\
USERNAME=ponce
OS=Windows_NT
PROCESSOR_IDENTIFIER=Intel64 Family 6 Model 140 Stepping 1, GenuineIntel
TMP=C:\Users\ponce\AppData\Local\Temp
TEMP=C:\Users\ponce\AppData\Local\Temp




Periodic native trim disabled

---------------  S Y S T E M  ---------------

OS:
 Windows 11 , 64 bit Build 22621 (10.0.22621.5415)
OS uptime: 1 days 5:16 hours
Hyper-V role detected

CPU: total 8 (initial active 8) (4 cores per cpu, 2 threads per core) family 6 model 140 stepping 1 microcode 0x86, cx8, cmov, fxsr, ht, mmx, 3dnowpref, sse, sse2, sse3, ssse3, sse4.1, sse4.2, popcnt, lzcnt, tsc, tscinvbit, avx, avx2, aes, erms, clmul, bmi1, bmi2, adx, avx512f, avx512dq, avx512cd, avx512bw, avx512vl, sha, fma, vzeroupper, avx512_vpopcntdq, avx512_vpclmulqdq, avx512_vaes, avx512_vnni, clflush, clflushopt, clwb, avx512_vbmi2, avx512_vbmi, hv, rdtscp, rdpid, fsrm, gfni, avx512_bitalg, f16c, cet_ibt, cet_ss, avx512_ifma
Processor Information for processor 0
  Max Mhz: 1997, Current Mhz: 1997, Mhz Limit: 1997
Processor Information for processor 1
  Max Mhz: 1997, Current Mhz: 1997, Mhz Limit: 1997
Processor Information for processor 2
  Max Mhz: 1997, Current Mhz: 1997, Mhz Limit: 1997
Processor Information for processor 3
  Max Mhz: 1997, Current Mhz: 1997, Mhz Limit: 1997
Processor Information for processor 4
  Max Mhz: 1997, Current Mhz: 1997, Mhz Limit: 1997
Processor Information for processor 5
  Max Mhz: 1997, Current Mhz: 998, Mhz Limit: 1997
Processor Information for processor 6
  Max Mhz: 1997, Current Mhz: 1997, Mhz Limit: 1997
Processor Information for processor 7
  Max Mhz: 1997, Current Mhz: 1997, Mhz Limit: 1997

Memory: 4k page, system-wide physical 7886M (419M free)
TotalPageFile size 14910M (AvailPageFile size 7M)
current process WorkingSet (physical memory assigned to process): 281M, peak: 289M
current process commit charge ("private bytes"): 360M, peak: 365M

vm_info: OpenJDK 64-Bit Server VM (21.0.7+6-LTS) for windows-amd64 JRE (21.0.7+6-LTS), built on 2025-04-15T00:00:00Z by "admin" with MS VC++ 17.7 (VS2022)

END.
