#
# There is insufficient memory for the Java Runtime Environment to continue.
# Native memory allocation (malloc) failed to allocate 1916976 bytes. Error detail: Chunk::new
# Possible reasons:
#   The system is out of physical RAM or swap space
#   This process is running with CompressedOops enabled, and the Java Heap may be blocking the growth of the native heap
# Possible solutions:
#   Reduce memory load on the system
#   Increase physical memory or swap space
#   Check if swap backing store is full
#   Decrease Java heap size (-Xmx/-Xms)
#   Decrease number of Java threads
#   Decrease Java thread stack sizes (-Xss)
#   Set larger code cache with -XX:ReservedCodeCacheSize=
#   JVM is running with Unscaled Compressed Oops mode in which the Java heap is
#     placed in the first 4GB address space. The Java Heap base address is the
#     maximum limit for the native heap growth. Please use -XX:HeapBaseMinAddress
#     to set the Java Heap base and to place the Java Heap above 4GB virtual address.
# This output file may be truncated or incomplete.
#
#  Out of Memory Error (arena.cpp:168), pid=5760, tid=12904
#
# JRE version: OpenJDK Runtime Environment Temurin-21.0.7+6 (21.0.7+6) (build 21.0.7+6-LTS)
# Java VM: OpenJDK 64-Bit Server VM Temurin-21.0.7+6 (21.0.7+6-LTS, mixed mode, sharing, tiered, compressed oops, compressed class ptrs, parallel gc, windows-amd64)
# No core dump will be written. Minidumps are not enabled by default on client versions of Windows
#

---------------  S U M M A R Y ------------

Command Line: --add-modules=ALL-SYSTEM --add-opens=java.base/java.util=ALL-UNNAMED --add-opens=java.base/java.lang=ALL-UNNAMED --add-opens=java.base/sun.nio.fs=ALL-UNNAMED -Declipse.application=org.eclipse.jdt.ls.core.id1 -Dosgi.bundles.defaultStartLevel=4 -Declipse.product=org.eclipse.jdt.ls.core.product -Djava.import.generatesMetadataFilesAtProjectRoot=false -DDetectVMInstallationsJob.disabled=true -Dfile.encoding=utf8 -XX:+UseParallelGC -XX:GCTimeRatio=4 -XX:AdaptiveSizePolicyWeight=90 -Dsun.zip.disableMemoryMapping=true -Xmx1G -Xms100m -Xlog:disable -javaagent:c:\Users\ponce\.vscode\extensions\redhat.java-1.42.0-win32-x64\lombok\lombok-1.18.36.jar -XX:+HeapDumpOnOutOfMemoryError -XX:HeapDumpPath=c:\Users\ponce\AppData\Roaming\Code\User\workspaceStorage\65ac8c3de3f23d2bcb4ce7b7b7e9c127\redhat.java -Daether.dependencyCollector.impl=bf c:\Users\ponce\.vscode\extensions\redhat.java-1.42.0-win32-x64\server\plugins\org.eclipse.equinox.launcher_1.7.0.v20250424-1814.jar -configuration c:\Users\ponce\AppData\Roaming\Code\User\globalStorage\redhat.java\1.42.0\config_win -data c:\Users\ponce\AppData\Roaming\Code\User\workspaceStorage\65ac8c3de3f23d2bcb4ce7b7b7e9c127\redhat.java\jdt_ws --pipe=\\.\pipe\lsp-346243b36b9e03c2a3bf1ebed48fb396-sock

Host: 11th Gen Intel(R) Core(TM) i3-1125G4 @ 2.00GHz, 8 cores, 7G,  Windows 11 , 64 bit Build 22621 (10.0.22621.5415)
Time: Mon Jun 23 20:56:40 2025 Hora estándar central (México) elapsed time: 2324.170978 seconds (0d 0h 38m 44s)

---------------  T H R E A D  ---------------

Current thread (0x000001ae4ceac3d0):  JavaThread "C2 CompilerThread1" daemon [_thread_in_native, id=12904, stack(0x000000985c200000,0x000000985c300000) (1024K)]


Current CompileTask:
C2:2324171 24326       4       org.eclipse.jdt.internal.compiler.lookup.BinaryTypeBinding::createMethod (1666 bytes)

Stack: [0x000000985c200000,0x000000985c300000]
Native frames: (J=compiled Java code, j=interpreted, Vv=VM code, C=native code)
V  [jvm.dll+0x6ce119]
V  [jvm.dll+0x8a84a1]
V  [jvm.dll+0x8aa9ce]
V  [jvm.dll+0x8ab0b3]
V  [jvm.dll+0x27f8a6]
V  [jvm.dll+0xc507d]
V  [jvm.dll+0xc55b3]
V  [jvm.dll+0x3b68f2]
V  [jvm.dll+0x382aa5]
V  [jvm.dll+0x381f0a]
V  [jvm.dll+0x247af0]
V  [jvm.dll+0x2470cf]
V  [jvm.dll+0x1c760e]
V  [jvm.dll+0x25695a]
V  [jvm.dll+0x254efa]
V  [jvm.dll+0x3f03f6]
V  [jvm.dll+0x851f6b]
V  [jvm.dll+0x6cc7dd]
C  [ucrtbase.dll+0x29333]
C  [KERNEL32.DLL+0x1259d]
C  [ntdll.dll+0x5af78]


---------------  P R O C E S S  ---------------

Threads class SMR info:
_java_thread_list=0x000001ae49f43820, length=51, elements={
0x000001ae6c701130, 0x000001ae7eaaa640, 0x000001ae7eaab930, 0x000001ae7eaaccf0,
0x000001ae7eaadfb0, 0x000001ae7eab1dd0, 0x000001ae7eab2ba0, 0x000001ae7eab8850,
0x000001ae7eac04c0, 0x000001ae43653620, 0x000001ae4382ece0, 0x000001ae48708bb0,
0x000001ae48869000, 0x000001ae486fcfe0, 0x000001ae486fd640, 0x000001ae488ef0f0,
0x000001ae48c7d010, 0x000001ae48d0bf90, 0x000001ae48d0d9d0, 0x000001ae48d0d340,
0x000001ae4ac3f2d0, 0x000001ae4ac3e5b0, 0x000001ae4ac3cb70, 0x000001ae4ac3be50,
0x000001ae4ac39d80, 0x000001ae4ac3aaa0, 0x000001ae4ac3d200, 0x000001ae4ac3d890,
0x000001ae4ac3c4e0, 0x000001ae4ac40d10, 0x000001ae4ac3f960, 0x000001ae4ac3b130,
0x000001ae4b833040, 0x000001ae4bdaa230, 0x000001ae4bda9ba0, 0x000001ae4bdafe10,
0x000001ae4bdb04a0, 0x000001ae4bdb0b30, 0x000001ae4bdb11c0, 0x000001ae496bb490,
0x000001ae4b8336d0, 0x000001ae4b834a80, 0x000001ae4b832320, 0x000001ae4b8343f0,
0x000001ae496bc1b0, 0x000001ae496be910, 0x000001ae496b93c0, 0x000001ae4ceac3d0,
0x000001ae496b9a50, 0x000001ae496ba0e0, 0x000001ae4ceacaa0
}

Java Threads: ( => current thread )
  0x000001ae6c701130 JavaThread "main"                              [_thread_blocked, id=9168, stack(0x000000985a500000,0x000000985a600000) (1024K)]
  0x000001ae7eaaa640 JavaThread "Reference Handler"          daemon [_thread_blocked, id=6828, stack(0x000000985a900000,0x000000985aa00000) (1024K)]
  0x000001ae7eaab930 JavaThread "Finalizer"                  daemon [_thread_blocked, id=17844, stack(0x000000985aa00000,0x000000985ab00000) (1024K)]
  0x000001ae7eaaccf0 JavaThread "Signal Dispatcher"          daemon [_thread_blocked, id=1892, stack(0x000000985ab00000,0x000000985ac00000) (1024K)]
  0x000001ae7eaadfb0 JavaThread "Attach Listener"            daemon [_thread_blocked, id=7720, stack(0x000000985ac00000,0x000000985ad00000) (1024K)]
  0x000001ae7eab1dd0 JavaThread "Service Thread"             daemon [_thread_blocked, id=17476, stack(0x000000985ad00000,0x000000985ae00000) (1024K)]
  0x000001ae7eab2ba0 JavaThread "Monitor Deflation Thread"   daemon [_thread_blocked, id=15948, stack(0x000000985ae00000,0x000000985af00000) (1024K)]
  0x000001ae7eab8850 JavaThread "C2 CompilerThread0"         daemon [_thread_blocked, id=9360, stack(0x000000985af00000,0x000000985b000000) (1024K)]
  0x000001ae7eac04c0 JavaThread "C1 CompilerThread0"         daemon [_thread_blocked, id=17276, stack(0x000000985b000000,0x000000985b100000) (1024K)]
  0x000001ae43653620 JavaThread "Common-Cleaner"             daemon [_thread_blocked, id=8960, stack(0x000000985b100000,0x000000985b200000) (1024K)]
  0x000001ae4382ece0 JavaThread "Notification Thread"        daemon [_thread_blocked, id=5596, stack(0x000000985b200000,0x000000985b300000) (1024K)]
  0x000001ae48708bb0 JavaThread "Active Thread: Equinox Container: 7be5d37e-92a6-49f8-a328-35132e4bc422"        [_thread_blocked, id=10884, stack(0x000000985bb00000,0x000000985bc00000) (1024K)]
  0x000001ae48869000 JavaThread "Refresh Thread: Equinox Container: 7be5d37e-92a6-49f8-a328-35132e4bc422" daemon [_thread_blocked, id=9392, stack(0x000000985b300000,0x000000985b400000) (1024K)]
  0x000001ae486fcfe0 JavaThread "Framework Event Dispatcher: Equinox Container: 7be5d37e-92a6-49f8-a328-35132e4bc422" daemon [_thread_blocked, id=4660, stack(0x000000985bc00000,0x000000985bd00000) (1024K)]
  0x000001ae486fd640 JavaThread "Start Level: Equinox Container: 7be5d37e-92a6-49f8-a328-35132e4bc422" daemon [_thread_blocked, id=1308, stack(0x000000985bd00000,0x000000985be00000) (1024K)]
  0x000001ae488ef0f0 JavaThread "Bundle File Closer"         daemon [_thread_blocked, id=11936, stack(0x000000985c000000,0x000000985c100000) (1024K)]
  0x000001ae48c7d010 JavaThread "SCR Component Actor"        daemon [_thread_blocked, id=1788, stack(0x000000985c100000,0x000000985c200000) (1024K)]
  0x000001ae48d0bf90 JavaThread "Worker-JM"                         [_thread_blocked, id=7640, stack(0x000000985bf00000,0x000000985c000000) (1024K)]
  0x000001ae48d0d9d0 JavaThread "JNA Cleaner"                daemon [_thread_blocked, id=9044, stack(0x000000985be00000,0x000000985bf00000) (1024K)]
  0x000001ae48d0d340 JavaThread "Java indexing"              daemon [_thread_blocked, id=1852, stack(0x000000985c700000,0x000000985c800000) (1024K)]
  0x000001ae4ac3f2d0 JavaThread "Thread-2"                   daemon [_thread_in_native, id=15016, stack(0x000000985cb00000,0x000000985cc00000) (1024K)]
  0x000001ae4ac3e5b0 JavaThread "Thread-3"                   daemon [_thread_in_native, id=18076, stack(0x000000985cc00000,0x000000985cd00000) (1024K)]
  0x000001ae4ac3cb70 JavaThread "Thread-4"                   daemon [_thread_in_native, id=4836, stack(0x000000985cd00000,0x000000985ce00000) (1024K)]
  0x000001ae4ac3be50 JavaThread "Thread-5"                   daemon [_thread_in_native, id=13736, stack(0x000000985ce00000,0x000000985cf00000) (1024K)]
  0x000001ae4ac39d80 JavaThread "Thread-6"                   daemon [_thread_in_native, id=5216, stack(0x000000985cf00000,0x000000985d000000) (1024K)]
  0x000001ae4ac3aaa0 JavaThread "Thread-7"                   daemon [_thread_in_native, id=14964, stack(0x000000985d000000,0x000000985d100000) (1024K)]
  0x000001ae4ac3d200 JavaThread "Thread-8"                   daemon [_thread_in_native, id=11060, stack(0x000000985d100000,0x000000985d200000) (1024K)]
  0x000001ae4ac3d890 JavaThread "Thread-9"                   daemon [_thread_in_native, id=612, stack(0x000000985d200000,0x000000985d300000) (1024K)]
  0x000001ae4ac3c4e0 JavaThread "Thread-10"                  daemon [_thread_blocked, id=15320, stack(0x000000985d300000,0x000000985d400000) (1024K)]
  0x000001ae4ac40d10 JavaThread "pool-2-thread-1"                   [_thread_blocked, id=17900, stack(0x000000985d400000,0x000000985d500000) (1024K)]
  0x000001ae4ac3f960 JavaThread "WorkspaceEventsHandler"            [_thread_blocked, id=13512, stack(0x000000985d500000,0x000000985d600000) (1024K)]
  0x000001ae4ac3b130 JavaThread "pool-1-thread-1"                   [_thread_blocked, id=9696, stack(0x000000985d600000,0x000000985d700000) (1024K)]
  0x000001ae4b833040 JavaThread "Cleaner-0"                  daemon [_thread_blocked, id=8448, stack(0x000000985a300000,0x000000985a400000) (1024K)]
  0x000001ae4bdaa230 JavaThread "Compiler Source File Reader" daemon [_thread_blocked, id=4020, stack(0x000000985c600000,0x000000985c700000) (1024K)]
  0x000001ae4bda9ba0 JavaThread "Compiler Source File Reader" daemon [_thread_blocked, id=15436, stack(0x000000985c800000,0x000000985c900000) (1024K)]
  0x000001ae4bdafe10 JavaThread "Compiler Source File Reader" daemon [_thread_blocked, id=8852, stack(0x000000985c900000,0x000000985ca00000) (1024K)]
  0x000001ae4bdb04a0 JavaThread "Compiler Source File Reader" daemon [_thread_blocked, id=9324, stack(0x000000985ca00000,0x000000985cb00000) (1024K)]
  0x000001ae4bdb0b30 JavaThread "Compiler Source File Reader" daemon [_thread_blocked, id=3628, stack(0x000000985d700000,0x000000985d800000) (1024K)]
  0x000001ae4bdb11c0 JavaThread "Compiler Source File Reader" daemon [_thread_blocked, id=17464, stack(0x000000985d800000,0x000000985d900000) (1024K)]
  0x000001ae496bb490 JavaThread "ForkJoinPool.commonPool-worker-11" daemon [_thread_blocked, id=13908, stack(0x000000985e100000,0x000000985e200000) (1024K)]
  0x000001ae4b8336d0 JavaThread "ForkJoinPool.commonPool-worker-12" daemon [_thread_blocked, id=304, stack(0x000000985ec00000,0x000000985ed00000) (1024K)]
  0x000001ae4b834a80 JavaThread "ForkJoinPool.commonPool-worker-15" daemon [_thread_blocked, id=16696, stack(0x000000985ef00000,0x000000985f000000) (1024K)]
  0x000001ae4b832320 JavaThread "ForkJoinPool.commonPool-worker-16" daemon [_thread_blocked, id=8392, stack(0x000000985ea00000,0x000000985eb00000) (1024K)]
  0x000001ae4b8343f0 JavaThread "LocalFile Deleter"          daemon [_thread_blocked, id=12512, stack(0x000000985db00000,0x000000985dc00000) (1024K)]
  0x000001ae496bc1b0 JavaThread "ForkJoinPool.commonPool-worker-18" daemon [_thread_blocked, id=8864, stack(0x000000985e900000,0x000000985ea00000) (1024K)]
  0x000001ae496be910 JavaThread "Worker-37: Building"               [_thread_blocked, id=16808, stack(0x000000985a400000,0x000000985a500000) (1024K)]
  0x000001ae496b93c0 JavaThread "Worker-38"                         [_thread_blocked, id=15808, stack(0x000000985a200000,0x000000985a300000) (1024K)]
=>0x000001ae4ceac3d0 JavaThread "C2 CompilerThread1"         daemon [_thread_in_native, id=12904, stack(0x000000985c200000,0x000000985c300000) (1024K)]
  0x000001ae496b9a50 JavaThread "Worker-41"                         [_thread_blocked, id=15552, stack(0x000000985c300000,0x000000985c400000) (1024K)]
  0x000001ae496ba0e0 JavaThread "Compiler Processing Task"   daemon [_thread_blocked, id=18000, stack(0x000000985c400000,0x000000985c500000) (1024K)]
  0x000001ae4ceacaa0 JavaThread "C2 CompilerThread2"         daemon [_thread_blocked, id=11048, stack(0x000000985c500000,0x000000985c600000) (1024K)]
Total: 51

Other Threads:
  0x000001ae6c798670 VMThread "VM Thread"                           [id=4172, stack(0x000000985a800000,0x000000985a900000) (1024K)]
  0x000001ae6c768510 WatcherThread "VM Periodic Task Thread"        [id=11840, stack(0x000000985a700000,0x000000985a800000) (1024K)]
  0x000001ae6c718ba0 WorkerThread "GC Thread#0"                     [id=16952, stack(0x000000985a600000,0x000000985a700000) (1024K)]
  0x000001ae4849f1f0 WorkerThread "GC Thread#1"                     [id=12812, stack(0x000000985b500000,0x000000985b600000) (1024K)]
  0x000001ae4849f590 WorkerThread "GC Thread#2"                     [id=18308, stack(0x000000985b600000,0x000000985b700000) (1024K)]
  0x000001ae4849f930 WorkerThread "GC Thread#3"                     [id=4212, stack(0x000000985b700000,0x000000985b800000) (1024K)]
  0x000001ae48654dd0 WorkerThread "GC Thread#4"                     [id=12784, stack(0x000000985b800000,0x000000985b900000) (1024K)]
  0x000001ae48655170 WorkerThread "GC Thread#5"                     [id=3648, stack(0x000000985b900000,0x000000985ba00000) (1024K)]
  0x000001ae48655510 WorkerThread "GC Thread#6"                     [id=18312, stack(0x000000985ba00000,0x000000985bb00000) (1024K)]
  0x000001ae48701020 WorkerThread "GC Thread#7"                     [id=17132, stack(0x000000985b400000,0x000000985b500000) (1024K)]
Total: 10

Threads with active compile tasks:
C2 CompilerThread1  2324261 24326       4       org.eclipse.jdt.internal.compiler.lookup.BinaryTypeBinding::createMethod (1666 bytes)
Total: 1

VM state: at safepoint (normal execution)

VM Mutex/Monitor currently owned by a thread:  ([mutex/lock_event])
[0x00007ff8efb2e308] Threads_lock - owner thread: 0x000001ae6c798670
[0x00007ff8efb2e408] Heap_lock - owner thread: 0x000001ae496be910

Heap address: 0x00000000c0000000, size: 1024 MB, Compressed Oops mode: 32-bit

CDS archive(s) mapped at: [0x000001ae02000000-0x000001ae02ba0000-0x000001ae02ba0000), size 12189696, SharedBaseAddress: 0x000001ae02000000, ArchiveRelocationMode: 1.
Compressed class space mapped at: 0x000001ae03000000-0x000001ae43000000, reserved size: 1073741824
Narrow klass base: 0x000001ae02000000, Narrow klass shift: 0, Narrow klass range: 0x100000000

GC Precious Log:
 CardTable entry size: 512
 CPUs: 8 total, 8 available
 Memory: 7886M
 Large Page Support: Disabled
 NUMA Support: Disabled
 Compressed Oops: Enabled (32-bit)
 Alignments: Space 512K, Generation 512K, Heap 2M
 Heap Min Capacity: 100M
 Heap Initial Capacity: 100M
 Heap Max Capacity: 1G
 Pre-touch: Disabled
 Parallel Workers: 8

Heap:
 PSYoungGen      total 7680K, used 3061K [0x00000000eab00000, 0x00000000eb680000, 0x0000000100000000)
  eden space 4608K, 0% used [0x00000000eab00000,0x00000000eab00000,0x00000000eaf80000)
  from space 3072K, 99% used [0x00000000eb380000,0x00000000eb67d4d0,0x00000000eb680000)
  to   space 1536K, 0% used [0x00000000eaf80000,0x00000000eaf80000,0x00000000eb100000)
 ParOldGen       total 603136K, used 602666K [0x00000000c0000000, 0x00000000e4d00000, 0x00000000eab00000)
  object space 603136K, 99% used [0x00000000c0000000,0x00000000e4c8a940,0x00000000e4d00000)
 Metaspace       used 84931K, committed 86464K, reserved 1179648K
  class space    used 8157K, committed 8896K, reserved 1048576K

Card table byte_map: [0x000001ae6c090000,0x000001ae6c2a0000] _byte_map_base: 0x000001ae6ba90000

Marking Bits: (ParMarkBitMap*) 0x00007ff8efb331f0
 Begin Bits: [0x000001ae00000000, 0x000001ae01000000)
 End Bits:   [0x000001ae01000000, 0x000001ae02000000)

Polling page: 0x000001ae6a550000

Metaspace:

Usage:
  Non-class:     74.97 MB used.
      Class:      7.97 MB used.
       Both:     82.94 MB used.

Virtual space:
  Non-class space:      128.00 MB reserved,      75.75 MB ( 59%) committed,  2 nodes.
      Class space:        1.00 GB reserved,       8.69 MB ( <1%) committed,  1 nodes.
             Both:        1.12 GB reserved,      84.44 MB (  7%) committed. 

Chunk freelists:
   Non-Class:  4.20 MB
       Class:  7.30 MB
        Both:  11.51 MB

MaxMetaspaceSize: unlimited
CompressedClassSpaceSize: 1.00 GB
Initial GC threshold: 21.00 MB
Current GC threshold: 139.81 MB
CDS: on
 - commit_granule_bytes: 65536.
 - commit_granule_words: 8192.
 - virtual_space_node_default_size: 8388608.
 - enlarge_chunks_in_place: 1.
 - use_allocation_guard: 0.


Internal statistics:

num_allocs_failed_limit: 9.
num_arena_births: 1948.
num_arena_deaths: 584.
num_vsnodes_births: 3.
num_vsnodes_deaths: 0.
num_space_committed: 1351.
num_space_uncommitted: 0.
num_chunks_returned_to_freelist: 717.
num_chunks_taken_from_freelist: 6617.
num_chunk_merges: 203.
num_chunk_splits: 3720.
num_chunks_enlarged: 1941.
num_inconsistent_stats: 0.

CodeHeap 'non-profiled nmethods': size=120000Kb used=16332Kb max_used=18410Kb free=103667Kb
 bounds [0x000001ae773b0000, 0x000001ae785b0000, 0x000001ae7e8e0000]
CodeHeap 'profiled nmethods': size=120000Kb used=28944Kb max_used=42162Kb free=91056Kb
 bounds [0x000001ae6f8e0000, 0x000001ae72210000, 0x000001ae76e10000]
CodeHeap 'non-nmethods': size=5760Kb used=1508Kb max_used=1580Kb free=4251Kb
 bounds [0x000001ae76e10000, 0x000001ae77080000, 0x000001ae773b0000]
 total_blobs=12922 nmethods=12105 adapters=714
 compilation: enabled
              stopped_count=0, restarted_count=0
 full_count=0

Compilation events (20 events):
Event: 2324.083 Thread 0x000001ae7eac04c0 24389       2       java.lang.Character::isLowSurrogate (18 bytes)
Event: 2324.084 Thread 0x000001ae7eac04c0 nmethod 24389 0x000001ae70a3e290 code [0x000001ae70a3e420, 0x000001ae70a3e530]
Event: 2324.084 Thread 0x000001ae7eac04c0 24390       3       org.eclipse.m2e.core.internal.project.registry.MavenProjectCache::getMavenProject (43 bytes)
Event: 2324.085 Thread 0x000001ae7eac04c0 nmethod 24390 0x000001ae706fd310 code [0x000001ae706fd560, 0x000001ae706fddc8]
Event: 2324.085 Thread 0x000001ae7eac04c0 24391       3       org.eclipse.m2e.core.internal.project.registry.MavenProjectCache$CacheKey::<init> (15 bytes)
Event: 2324.085 Thread 0x000001ae7eac04c0 nmethod 24391 0x000001ae70159590 code [0x000001ae70159740, 0x000001ae70159938]
Event: 2324.086 Thread 0x000001ae7eac04c0 24392       3       com.google.common.cache.LocalCache$AccessQueue::offer (9 bytes)
Event: 2324.086 Thread 0x000001ae7eac04c0 nmethod 24392 0x000001ae6ff52690 code [0x000001ae6ff52840, 0x000001ae6ff52a90]
Event: 2324.086 Thread 0x000001ae7eac04c0 24393       3       org.eclipse.m2e.core.internal.project.registry.MavenProjectCache$CacheKey::equals (8 bytes)
Event: 2324.088 Thread 0x000001ae7eac04c0 nmethod 24393 0x000001ae70140110 code [0x000001ae701404e0, 0x000001ae70141e18]
Event: 2324.088 Thread 0x000001ae7eac04c0 24394       3       org.apache.maven.plugin.descriptor.PluginDescriptor::getId (16 bytes)
Event: 2324.096 Thread 0x000001ae7eac04c0 nmethod 24394 0x000001ae70212c90 code [0x000001ae70212ee0, 0x000001ae70213640]
Event: 2324.096 Thread 0x000001ae7eac04c0 24395       3       org.apache.maven.plugin.descriptor.PluginDescriptor::constructPluginKey (33 bytes)
Event: 2324.097 Thread 0x000001ae7eac04c0 nmethod 24395 0x000001ae71ad9390 code [0x000001ae71ad95e0, 0x000001ae71ad9c90]
Event: 2324.099 Thread 0x000001ae7eab8850 nmethod 24384 0x000001ae7747a410 code [0x000001ae7747a600, 0x000001ae7747af88]
Event: 2324.099 Thread 0x000001ae7eab8850 24386       4       java.util.regex.Pattern$$Lambda/0x800000031::is (9 bytes)
Event: 2324.101 Thread 0x000001ae7eab8850 nmethod 24386 0x000001ae77bda110 code [0x000001ae77bda2a0, 0x000001ae77bda3e0]
Event: 2324.101 Thread 0x000001ae7eab8850 24387       4       java.util.regex.Pattern::lambda$negate$7 (16 bytes)
Event: 2324.103 Thread 0x000001ae7eab8850 nmethod 24387 0x000001ae77c0c290 code [0x000001ae77c0c420, 0x000001ae77c0c538]
Event: 2324.114 Thread 0x000001ae4ceacaa0 nmethod 24385 0x000001ae778d3d10 code [0x000001ae778d3f80, 0x000001ae778d4d30]

GC Heap History (20 events):
Event: 2323.804 GC heap before
{Heap before GC invocations=3005 (full 10):
 PSYoungGen      total 8192K, used 8000K [0x00000000eab00000, 0x00000000eb700000, 0x0000000100000000)
  eden space 5120K, 100% used [0x00000000eab00000,0x00000000eb000000,0x00000000eb000000)
  from space 3072K, 93% used [0x00000000eb000000,0x00000000eb2d0000,0x00000000eb300000)
  to   space 3072K, 0% used [0x00000000eb400000,0x00000000eb400000,0x00000000eb700000)
 ParOldGen       total 559104K, used 558647K [0x00000000c0000000, 0x00000000e2200000, 0x00000000eab00000)
  object space 559104K, 99% used [0x00000000c0000000,0x00000000e218deb8,0x00000000e2200000)
 Metaspace       used 84859K, committed 86400K, reserved 1179648K
  class space    used 8147K, committed 8896K, reserved 1048576K
}
Event: 2323.815 GC heap after
{Heap after GC invocations=3005 (full 10):
 PSYoungGen      total 5632K, used 3072K [0x00000000eab00000, 0x00000000ebe00000, 0x0000000100000000)
  eden space 2560K, 0% used [0x00000000eab00000,0x00000000eab00000,0x00000000ead80000)
  from space 3072K, 100% used [0x00000000eb400000,0x00000000eb700000,0x00000000eb700000)
  to   space 6656K, 0% used [0x00000000ead80000,0x00000000ead80000,0x00000000eb400000)
 ParOldGen       total 561664K, used 561519K [0x00000000c0000000, 0x00000000e2480000, 0x00000000eab00000)
  object space 561664K, 99% used [0x00000000c0000000,0x00000000e245bed8,0x00000000e2480000)
 Metaspace       used 84859K, committed 86400K, reserved 1179648K
  class space    used 8147K, committed 8896K, reserved 1048576K
}
Event: 2323.824 GC heap before
{Heap before GC invocations=3006 (full 10):
 PSYoungGen      total 5632K, used 5631K [0x00000000eab00000, 0x00000000ebe00000, 0x0000000100000000)
  eden space 2560K, 99% used [0x00000000eab00000,0x00000000ead7ffe0,0x00000000ead80000)
  from space 3072K, 100% used [0x00000000eb400000,0x00000000eb700000,0x00000000eb700000)
  to   space 6656K, 0% used [0x00000000ead80000,0x00000000ead80000,0x00000000eb400000)
 ParOldGen       total 561664K, used 561519K [0x00000000c0000000, 0x00000000e2480000, 0x00000000eab00000)
  object space 561664K, 99% used [0x00000000c0000000,0x00000000e245bed8,0x00000000e2480000)
 Metaspace       used 84860K, committed 86400K, reserved 1179648K
  class space    used 8147K, committed 8896K, reserved 1048576K
}
Event: 2323.834 GC heap after
{Heap after GC invocations=3006 (full 10):
 PSYoungGen      total 4608K, used 2016K [0x00000000eab00000, 0x00000000eb500000, 0x0000000100000000)
  eden space 2560K, 0% used [0x00000000eab00000,0x00000000eab00000,0x00000000ead80000)
  from space 2048K, 98% used [0x00000000ead80000,0x00000000eaf78000,0x00000000eaf80000)
  to   space 3584K, 0% used [0x00000000eb180000,0x00000000eb180000,0x00000000eb500000)
 ParOldGen       total 564736K, used 564623K [0x00000000c0000000, 0x00000000e2780000, 0x00000000eab00000)
  object space 564736K, 99% used [0x00000000c0000000,0x00000000e2763ef8,0x00000000e2780000)
 Metaspace       used 84860K, committed 86400K, reserved 1179648K
  class space    used 8147K, committed 8896K, reserved 1048576K
}
Event: 2323.839 GC heap before
{Heap before GC invocations=3007 (full 10):
 PSYoungGen      total 4608K, used 4575K [0x00000000eab00000, 0x00000000eb500000, 0x0000000100000000)
  eden space 2560K, 99% used [0x00000000eab00000,0x00000000ead7fff8,0x00000000ead80000)
  from space 2048K, 98% used [0x00000000ead80000,0x00000000eaf78000,0x00000000eaf80000)
  to   space 3584K, 0% used [0x00000000eb180000,0x00000000eb180000,0x00000000eb500000)
 ParOldGen       total 564736K, used 564623K [0x00000000c0000000, 0x00000000e2780000, 0x00000000eab00000)
  object space 564736K, 99% used [0x00000000c0000000,0x00000000e2763ef8,0x00000000e2780000)
 Metaspace       used 84896K, committed 86400K, reserved 1179648K
  class space    used 8152K, committed 8896K, reserved 1048576K
}
Event: 2323.846 GC heap after
{Heap after GC invocations=3007 (full 10):
 PSYoungGen      total 4608K, used 1396K [0x00000000eab00000, 0x00000000eb300000, 0x0000000100000000)
  eden space 3072K, 0% used [0x00000000eab00000,0x00000000eab00000,0x00000000eae00000)
  from space 1536K, 90% used [0x00000000eb180000,0x00000000eb2dd220,0x00000000eb300000)
  to   space 2048K, 0% used [0x00000000eaf00000,0x00000000eaf00000,0x00000000eb100000)
 ParOldGen       total 566784K, used 566587K [0x00000000c0000000, 0x00000000e2980000, 0x00000000eab00000)
  object space 566784K, 99% used [0x00000000c0000000,0x00000000e294ef08,0x00000000e2980000)
 Metaspace       used 84896K, committed 86400K, reserved 1179648K
  class space    used 8152K, committed 8896K, reserved 1048576K
}
Event: 2323.853 GC heap before
{Heap before GC invocations=3008 (full 10):
 PSYoungGen      total 4608K, used 4453K [0x00000000eab00000, 0x00000000eb300000, 0x0000000100000000)
  eden space 3072K, 99% used [0x00000000eab00000,0x00000000eadfc2e8,0x00000000eae00000)
  from space 1536K, 90% used [0x00000000eb180000,0x00000000eb2dd220,0x00000000eb300000)
  to   space 2048K, 0% used [0x00000000eaf00000,0x00000000eaf00000,0x00000000eb100000)
 ParOldGen       total 566784K, used 566587K [0x00000000c0000000, 0x00000000e2980000, 0x00000000eab00000)
  object space 566784K, 99% used [0x00000000c0000000,0x00000000e294ef08,0x00000000e2980000)
 Metaspace       used 84912K, committed 86464K, reserved 1179648K
  class space    used 8157K, committed 8896K, reserved 1048576K
}
Event: 2323.857 GC heap after
{Heap after GC invocations=3008 (full 10):
 PSYoungGen      total 5120K, used 937K [0x00000000eab00000, 0x00000000eb200000, 0x0000000100000000)
  eden space 4096K, 0% used [0x00000000eab00000,0x00000000eab00000,0x00000000eaf00000)
  from space 1024K, 91% used [0x00000000eaf00000,0x00000000eafea590,0x00000000eb000000)
  to   space 1536K, 0% used [0x00000000eb080000,0x00000000eb080000,0x00000000eb200000)
 ParOldGen       total 568320K, used 567832K [0x00000000c0000000, 0x00000000e2b00000, 0x00000000eab00000)
  object space 568320K, 99% used [0x00000000c0000000,0x00000000e2a86138,0x00000000e2b00000)
 Metaspace       used 84912K, committed 86464K, reserved 1179648K
  class space    used 8157K, committed 8896K, reserved 1048576K
}
Event: 2323.870 GC heap before
{Heap before GC invocations=3009 (full 10):
 PSYoungGen      total 5120K, used 4949K [0x00000000eab00000, 0x00000000eb200000, 0x0000000100000000)
  eden space 4096K, 97% used [0x00000000eab00000,0x00000000eaeeaff8,0x00000000eaf00000)
  from space 1024K, 91% used [0x00000000eaf00000,0x00000000eafea590,0x00000000eb000000)
  to   space 1536K, 0% used [0x00000000eb080000,0x00000000eb080000,0x00000000eb200000)
 ParOldGen       total 568320K, used 567832K [0x00000000c0000000, 0x00000000e2b00000, 0x00000000eab00000)
  object space 568320K, 99% used [0x00000000c0000000,0x00000000e2a86138,0x00000000e2b00000)
 Metaspace       used 84920K, committed 86464K, reserved 1179648K
  class space    used 8157K, committed 8896K, reserved 1048576K
}
Event: 2323.872 GC heap after
{Heap after GC invocations=3009 (full 10):
 PSYoungGen      total 6144K, used 859K [0x00000000eab00000, 0x00000000eb200000, 0x0000000100000000)
  eden space 4608K, 0% used [0x00000000eab00000,0x00000000eab00000,0x00000000eaf80000)
  from space 1536K, 55% used [0x00000000eb080000,0x00000000eb156c50,0x00000000eb200000)
  to   space 1024K, 0% used [0x00000000eaf80000,0x00000000eaf80000,0x00000000eb080000)
 ParOldGen       total 568832K, used 568568K [0x00000000c0000000, 0x00000000e2b80000, 0x00000000eab00000)
  object space 568832K, 99% used [0x00000000c0000000,0x00000000e2b3e168,0x00000000e2b80000)
 Metaspace       used 84920K, committed 86464K, reserved 1179648K
  class space    used 8157K, committed 8896K, reserved 1048576K
}
Event: 2323.888 GC heap before
{Heap before GC invocations=3010 (full 10):
 PSYoungGen      total 6144K, used 5451K [0x00000000eab00000, 0x00000000eb200000, 0x0000000100000000)
  eden space 4608K, 99% used [0x00000000eab00000,0x00000000eaf7c1e0,0x00000000eaf80000)
  from space 1536K, 55% used [0x00000000eb080000,0x00000000eb156c50,0x00000000eb200000)
  to   space 1024K, 0% used [0x00000000eaf80000,0x00000000eaf80000,0x00000000eb080000)
 ParOldGen       total 568832K, used 568568K [0x00000000c0000000, 0x00000000e2b80000, 0x00000000eab00000)
  object space 568832K, 99% used [0x00000000c0000000,0x00000000e2b3e168,0x00000000e2b80000)
 Metaspace       used 84920K, committed 86464K, reserved 1179648K
  class space    used 8157K, committed 8896K, reserved 1048576K
}
Event: 2323.891 GC heap after
{Heap after GC invocations=3010 (full 10):
 PSYoungGen      total 5632K, used 1014K [0x00000000eab00000, 0x00000000eb680000, 0x0000000100000000)
  eden space 4608K, 0% used [0x00000000eab00000,0x00000000eab00000,0x00000000eaf80000)
  from space 1024K, 99% used [0x00000000eaf80000,0x00000000eb07d968,0x00000000eb080000)
  to   space 3072K, 0% used [0x00000000eb380000,0x00000000eb380000,0x00000000eb680000)
 ParOldGen       total 570368K, used 570079K [0x00000000c0000000, 0x00000000e2d00000, 0x00000000eab00000)
  object space 570368K, 99% used [0x00000000c0000000,0x00000000e2cb7d20,0x00000000e2d00000)
 Metaspace       used 84920K, committed 86464K, reserved 1179648K
  class space    used 8157K, committed 8896K, reserved 1048576K
}
Event: 2323.904 GC heap before
{Heap before GC invocations=3011 (full 10):
 PSYoungGen      total 5632K, used 5110K [0x00000000eab00000, 0x00000000eb680000, 0x0000000100000000)
  eden space 4608K, 88% used [0x00000000eab00000,0x00000000eaf001e0,0x00000000eaf80000)
  from space 1024K, 99% used [0x00000000eaf80000,0x00000000eb07d968,0x00000000eb080000)
  to   space 3072K, 0% used [0x00000000eb380000,0x00000000eb380000,0x00000000eb680000)
 ParOldGen       total 570368K, used 570079K [0x00000000c0000000, 0x00000000e2d00000, 0x00000000eab00000)
  object space 570368K, 99% used [0x00000000c0000000,0x00000000e2cb7d20,0x00000000e2d00000)
 Metaspace       used 84920K, committed 86464K, reserved 1179648K
  class space    used 8157K, committed 8896K, reserved 1048576K
}
Event: 2323.908 GC heap after
{Heap after GC invocations=3011 (full 10):
 PSYoungGen      total 8704K, used 2695K [0x00000000eab00000, 0x00000000eb680000, 0x0000000100000000)
  eden space 5632K, 0% used [0x00000000eab00000,0x00000000eab00000,0x00000000eb080000)
  from space 3072K, 87% used [0x00000000eb380000,0x00000000eb621fe0,0x00000000eb680000)
  to   space 3072K, 0% used [0x00000000eb080000,0x00000000eb080000,0x00000000eb380000)
 ParOldGen       total 571392K, used 571207K [0x00000000c0000000, 0x00000000e2e00000, 0x00000000eab00000)
  object space 571392K, 99% used [0x00000000c0000000,0x00000000e2dd1d88,0x00000000e2e00000)
 Metaspace       used 84920K, committed 86464K, reserved 1179648K
  class space    used 8157K, committed 8896K, reserved 1048576K
}
Event: 2323.930 GC heap before
{Heap before GC invocations=3012 (full 10):
 PSYoungGen      total 8704K, used 8327K [0x00000000eab00000, 0x00000000eb680000, 0x0000000100000000)
  eden space 5632K, 99% used [0x00000000eab00000,0x00000000eb07fff0,0x00000000eb080000)
  from space 3072K, 87% used [0x00000000eb380000,0x00000000eb621fe0,0x00000000eb680000)
  to   space 3072K, 0% used [0x00000000eb080000,0x00000000eb080000,0x00000000eb380000)
 ParOldGen       total 571392K, used 571207K [0x00000000c0000000, 0x00000000e2e00000, 0x00000000eab00000)
  object space 571392K, 99% used [0x00000000c0000000,0x00000000e2dd1d88,0x00000000e2e00000)
 Metaspace       used 84920K, committed 86464K, reserved 1179648K
  class space    used 8157K, committed 8896K, reserved 1048576K
}
Event: 2323.941 GC heap after
{Heap after GC invocations=3012 (full 10):
 PSYoungGen      total 8704K, used 2985K [0x00000000eab00000, 0x00000000eb800000, 0x0000000100000000)
  eden space 5632K, 0% used [0x00000000eab00000,0x00000000eab00000,0x00000000eb080000)
  from space 3072K, 97% used [0x00000000eb080000,0x00000000eb36a5c0,0x00000000eb380000)
  to   space 3072K, 0% used [0x00000000eb500000,0x00000000eb500000,0x00000000eb800000)
 ParOldGen       total 574464K, used 574213K [0x00000000c0000000, 0x00000000e3100000, 0x00000000eab00000)
  object space 574464K, 99% used [0x00000000c0000000,0x00000000e30c1460,0x00000000e3100000)
 Metaspace       used 84920K, committed 86464K, reserved 1179648K
  class space    used 8157K, committed 8896K, reserved 1048576K
}
Event: 2323.994 GC heap before
{Heap before GC invocations=3013 (full 10):
 PSYoungGen      total 8704K, used 8617K [0x00000000eab00000, 0x00000000eb800000, 0x0000000100000000)
  eden space 5632K, 100% used [0x00000000eab00000,0x00000000eb080000,0x00000000eb080000)
  from space 3072K, 97% used [0x00000000eb080000,0x00000000eb36a5c0,0x00000000eb380000)
  to   space 3072K, 0% used [0x00000000eb500000,0x00000000eb500000,0x00000000eb800000)
 ParOldGen       total 574464K, used 574213K [0x00000000c0000000, 0x00000000e3100000, 0x00000000eab00000)
  object space 574464K, 99% used [0x00000000c0000000,0x00000000e30c1460,0x00000000e3100000)
 Metaspace       used 84923K, committed 86464K, reserved 1179648K
  class space    used 8157K, committed 8896K, reserved 1048576K
}
Event: 2324.003 GC heap after
{Heap after GC invocations=3013 (full 10):
 PSYoungGen      total 7680K, used 3064K [0x00000000eab00000, 0x00000000ebd00000, 0x0000000100000000)
  eden space 4608K, 0% used [0x00000000eab00000,0x00000000eab00000,0x00000000eaf80000)
  from space 3072K, 99% used [0x00000000eb500000,0x00000000eb7fe020,0x00000000eb800000)
  to   space 5632K, 0% used [0x00000000eaf80000,0x00000000eaf80000,0x00000000eb500000)
 ParOldGen       total 576512K, used 576350K [0x00000000c0000000, 0x00000000e3300000, 0x00000000eab00000)
  object space 576512K, 99% used [0x00000000c0000000,0x00000000e32d7ae8,0x00000000e3300000)
 Metaspace       used 84923K, committed 86464K, reserved 1179648K
  class space    used 8157K, committed 8896K, reserved 1048576K
}
Event: 2324.088 GC heap before
{Heap before GC invocations=3014 (full 10):
 PSYoungGen      total 7680K, used 7672K [0x00000000eab00000, 0x00000000ebd00000, 0x0000000100000000)
  eden space 4608K, 100% used [0x00000000eab00000,0x00000000eaf80000,0x00000000eaf80000)
  from space 3072K, 99% used [0x00000000eb500000,0x00000000eb7fe020,0x00000000eb800000)
  to   space 5632K, 0% used [0x00000000eaf80000,0x00000000eaf80000,0x00000000eb500000)
 ParOldGen       total 576512K, used 576350K [0x00000000c0000000, 0x00000000e3300000, 0x00000000eab00000)
  object space 576512K, 99% used [0x00000000c0000000,0x00000000e32d7ae8,0x00000000e3300000)
 Metaspace       used 84931K, committed 86464K, reserved 1179648K
  class space    used 8157K, committed 8896K, reserved 1048576K
}
Event: 2324.095 GC heap after
{Heap after GC invocations=3014 (full 10):
 PSYoungGen      total 6144K, used 1120K [0x00000000eab00000, 0x00000000eb680000, 0x0000000100000000)
  eden space 4608K, 0% used [0x00000000eab00000,0x00000000eab00000,0x00000000eaf80000)
  from space 1536K, 72% used [0x00000000eaf80000,0x00000000eb098000,0x00000000eb100000)
  to   space 3072K, 0% used [0x00000000eb380000,0x00000000eb380000,0x00000000eb680000)
 ParOldGen       total 579584K, used 579424K [0x00000000c0000000, 0x00000000e3600000, 0x00000000eab00000)
  object space 579584K, 99% used [0x00000000c0000000,0x00000000e35d8010,0x00000000e3600000)
 Metaspace       used 84931K, committed 86464K, reserved 1179648K
  class space    used 8157K, committed 8896K, reserved 1048576K
}

Dll operation events (10 events):
Event: 0.019 Loaded shared library c:\Users\ponce\.vscode\extensions\redhat.java-1.42.0-win32-x64\jre\21.0.7-win32-x86_64\bin\java.dll
Event: 0.131 Loaded shared library c:\Users\ponce\.vscode\extensions\redhat.java-1.42.0-win32-x64\jre\21.0.7-win32-x86_64\bin\zip.dll
Event: 0.161 Loaded shared library C:\Users\ponce\.vscode\extensions\redhat.java-1.42.0-win32-x64\jre\21.0.7-win32-x86_64\bin\instrument.dll
Event: 0.168 Loaded shared library C:\Users\ponce\.vscode\extensions\redhat.java-1.42.0-win32-x64\jre\21.0.7-win32-x86_64\bin\net.dll
Event: 0.172 Loaded shared library C:\Users\ponce\.vscode\extensions\redhat.java-1.42.0-win32-x64\jre\21.0.7-win32-x86_64\bin\nio.dll
Event: 0.178 Loaded shared library C:\Users\ponce\.vscode\extensions\redhat.java-1.42.0-win32-x64\jre\21.0.7-win32-x86_64\bin\zip.dll
Event: 0.200 Loaded shared library C:\Users\ponce\.vscode\extensions\redhat.java-1.42.0-win32-x64\jre\21.0.7-win32-x86_64\bin\jimage.dll
Event: 0.314 Loaded shared library c:\Users\ponce\.vscode\extensions\redhat.java-1.42.0-win32-x64\jre\21.0.7-win32-x86_64\bin\verify.dll
Event: 3.100 Loaded shared library C:\Users\ponce\AppData\Roaming\Code\User\globalStorage\redhat.java\1.42.0\config_win\org.eclipse.equinox.launcher\org.eclipse.equinox.launcher.win32.win32.x86_64_1.2.1300.v20250331-1702\eclipse_11911.dll
Event: 5.481 Loaded shared library C:\Users\ponce\AppData\Local\Temp\jna-106850033\jna10289906686670637109.dll

Deoptimization events (20 events):
Event: 2324.050 Thread 0x000001ae496ba0e0 Uncommon trap: trap_request=0xffffffde fr.pc=0x000001ae785447d8 relative=0x00000000000008f8
Event: 2324.050 Thread 0x000001ae496ba0e0 Uncommon trap: reason=class_check action=maybe_recompile pc=0x000001ae785447d8 method=org.eclipse.jdt.internal.compiler.flow.FlowContext.recordAbruptExit()V @ 19 c2
Event: 2324.050 Thread 0x000001ae496ba0e0 DEOPT PACKING pc=0x000001ae785447d8 sp=0x000000985c4fd390
Event: 2324.050 Thread 0x000001ae496ba0e0 DEOPT UNPACKING pc=0x000001ae76e66da2 sp=0x000000985c4fd2b0 mode 2
Event: 2324.050 Thread 0x000001ae496ba0e0 Uncommon trap: trap_request=0xffffffde fr.pc=0x000001ae785447d8 relative=0x00000000000008f8
Event: 2324.050 Thread 0x000001ae496ba0e0 Uncommon trap: reason=class_check action=maybe_recompile pc=0x000001ae785447d8 method=org.eclipse.jdt.internal.compiler.flow.FlowContext.recordAbruptExit()V @ 19 c2
Event: 2324.050 Thread 0x000001ae496ba0e0 DEOPT PACKING pc=0x000001ae785447d8 sp=0x000000985c4fd410
Event: 2324.050 Thread 0x000001ae496ba0e0 DEOPT UNPACKING pc=0x000001ae76e66da2 sp=0x000000985c4fd330 mode 2
Event: 2324.050 Thread 0x000001ae496ba0e0 Uncommon trap: trap_request=0xffffffde fr.pc=0x000001ae77594f08 relative=0x0000000000000068
Event: 2324.050 Thread 0x000001ae496ba0e0 Uncommon trap: reason=class_check action=maybe_recompile pc=0x000001ae77594f08 method=org.eclipse.jdt.internal.compiler.flow.FlowContext.recordAbruptExit()V @ 19 c2
Event: 2324.050 Thread 0x000001ae496ba0e0 DEOPT PACKING pc=0x000001ae77594f08 sp=0x000000985c4fd320
Event: 2324.050 Thread 0x000001ae496ba0e0 DEOPT UNPACKING pc=0x000001ae76e66da2 sp=0x000000985c4fd2b8 mode 2
Event: 2324.050 Thread 0x000001ae496ba0e0 Uncommon trap: trap_request=0xffffffde fr.pc=0x000001ae785447d8 relative=0x00000000000008f8
Event: 2324.050 Thread 0x000001ae496ba0e0 Uncommon trap: reason=class_check action=maybe_recompile pc=0x000001ae785447d8 method=org.eclipse.jdt.internal.compiler.flow.FlowContext.recordAbruptExit()V @ 19 c2
Event: 2324.050 Thread 0x000001ae496ba0e0 DEOPT PACKING pc=0x000001ae785447d8 sp=0x000000985c4fd4e0
Event: 2324.050 Thread 0x000001ae496ba0e0 DEOPT UNPACKING pc=0x000001ae76e66da2 sp=0x000000985c4fd400 mode 2
Event: 2324.051 Thread 0x000001ae496ba0e0 Uncommon trap: trap_request=0xffffffde fr.pc=0x000001ae7752b508 relative=0x0000000000000428
Event: 2324.051 Thread 0x000001ae496ba0e0 Uncommon trap: reason=class_check action=maybe_recompile pc=0x000001ae7752b508 method=org.eclipse.jdt.internal.compiler.ast.Expression.computeConversion(Lorg/eclipse/jdt/internal/compiler/lookup/Scope;Lorg/eclipse/jdt/internal/compiler/lookup/TypeBinding;
Event: 2324.051 Thread 0x000001ae496ba0e0 DEOPT PACKING pc=0x000001ae7752b508 sp=0x000000985c4fde00
Event: 2324.051 Thread 0x000001ae496ba0e0 DEOPT UNPACKING pc=0x000001ae76e66da2 sp=0x000000985c4fddb0 mode 2

Classes loaded (20 events):
Event: 1837.082 Loading class jdk/internal/module/IllegalAccessLogger
Event: 1837.082 Loading class jdk/internal/module/IllegalAccessLogger done
Event: 1838.257 Loading class jdk/internal/module/IllegalAccessLogger
Event: 1838.257 Loading class jdk/internal/module/IllegalAccessLogger done
Event: 1920.727 Loading class jdk/internal/module/IllegalAccessLogger
Event: 1920.727 Loading class jdk/internal/module/IllegalAccessLogger done
Event: 1941.985 Loading class java/lang/Throwable$WrappedPrintWriter
Event: 1941.988 Loading class java/lang/Throwable$PrintStreamOrWriter
Event: 1941.988 Loading class java/lang/Throwable$PrintStreamOrWriter done
Event: 1941.988 Loading class java/lang/Throwable$WrappedPrintWriter done
Event: 2033.005 Loading class jdk/internal/module/IllegalAccessLogger
Event: 2033.005 Loading class jdk/internal/module/IllegalAccessLogger done
Event: 2034.889 Loading class jdk/internal/module/IllegalAccessLogger
Event: 2034.889 Loading class jdk/internal/module/IllegalAccessLogger done
Event: 2048.351 Loading class jdk/internal/module/IllegalAccessLogger
Event: 2048.351 Loading class jdk/internal/module/IllegalAccessLogger done
Event: 2049.719 Loading class jdk/internal/module/IllegalAccessLogger
Event: 2049.719 Loading class jdk/internal/module/IllegalAccessLogger done
Event: 2323.948 Loading class jdk/internal/module/IllegalAccessLogger
Event: 2323.948 Loading class jdk/internal/module/IllegalAccessLogger done

Classes unloaded (20 events):
Event: 1104.899 Thread 0x000001ae6c798670 Unloading class 0x000001ae0300d800 'java/lang/invoke/LambdaForm$MH+0x000001ae0300d800'
Event: 1104.899 Thread 0x000001ae6c798670 Unloading class 0x000001ae0300d400 'java/lang/invoke/LambdaForm$MH+0x000001ae0300d400'
Event: 1104.899 Thread 0x000001ae6c798670 Unloading class 0x000001ae0300d000 'java/lang/invoke/LambdaForm$MH+0x000001ae0300d000'
Event: 1104.899 Thread 0x000001ae6c798670 Unloading class 0x000001ae0300cc00 'java/lang/invoke/LambdaForm$MH+0x000001ae0300cc00'
Event: 1104.899 Thread 0x000001ae6c798670 Unloading class 0x000001ae0300c800 'java/lang/invoke/LambdaForm$BMH+0x000001ae0300c800'
Event: 1104.899 Thread 0x000001ae6c798670 Unloading class 0x000001ae0300c000 'java/lang/invoke/LambdaForm$DMH+0x000001ae0300c000'
Event: 1104.899 Thread 0x000001ae6c798670 Unloading class 0x000001ae03008400 'java/lang/invoke/LambdaForm$MH+0x000001ae03008400'
Event: 1104.899 Thread 0x000001ae6c798670 Unloading class 0x000001ae03008000 'java/lang/invoke/LambdaForm$MH+0x000001ae03008000'
Event: 1104.899 Thread 0x000001ae6c798670 Unloading class 0x000001ae03007c00 'java/lang/invoke/LambdaForm$MH+0x000001ae03007c00'
Event: 1104.899 Thread 0x000001ae6c798670 Unloading class 0x000001ae03006800 'java/lang/invoke/LambdaForm$MH+0x000001ae03006800'
Event: 1104.899 Thread 0x000001ae6c798670 Unloading class 0x000001ae03006000 'java/lang/invoke/LambdaForm$MH+0x000001ae03006000'
Event: 1104.899 Thread 0x000001ae6c798670 Unloading class 0x000001ae03005c00 'java/lang/invoke/LambdaForm$MH+0x000001ae03005c00'
Event: 1104.899 Thread 0x000001ae6c798670 Unloading class 0x000001ae03005800 'java/lang/invoke/LambdaForm$MH+0x000001ae03005800'
Event: 1104.899 Thread 0x000001ae6c798670 Unloading class 0x000001ae03005400 'java/lang/invoke/LambdaForm$BMH+0x000001ae03005400'
Event: 1104.899 Thread 0x000001ae6c798670 Unloading class 0x000001ae03004000 'java/lang/invoke/LambdaForm$DMH+0x000001ae03004000'
Event: 1104.899 Thread 0x000001ae6c798670 Unloading class 0x000001ae03002400 'java/lang/invoke/LambdaForm$MH+0x000001ae03002400'
Event: 1104.899 Thread 0x000001ae6c798670 Unloading class 0x000001ae03002000 'java/lang/invoke/LambdaForm$MH+0x000001ae03002000'
Event: 1104.899 Thread 0x000001ae6c798670 Unloading class 0x000001ae03001800 'java/lang/invoke/LambdaForm$MH+0x000001ae03001800'
Event: 1104.899 Thread 0x000001ae6c798670 Unloading class 0x000001ae03000400 'java/lang/invoke/LambdaForm$MH+0x000001ae03000400'
Event: 1487.003 Thread 0x000001ae6c798670 Unloading class 0x000001ae03171000 'java/lang/invoke/LambdaForm$MH+0x000001ae03171000'

Classes redefined (0 events):
No events

Internal exceptions (20 events):
Event: 1921.447 Thread 0x000001ae48d0d340 Exception <a 'sun/nio/fs/WindowsException'{0x00000000eb640560}> (0x00000000eb640560) 
thrown [s\src\hotspot\share\prims\jni.cpp, line 520]
Event: 1952.129 Thread 0x000001ae496bb490 Exception <a 'java/lang/NoSuchMethodError'{0x00000000eb139650}: 'java.lang.Object java.lang.invoke.DirectMethodHandle$Holder.invokeStatic(java.lang.Object, int, java.lang.Object, java.lang.Object, java.lang.Object, java.lang.Object)'> (0x00000000eb139650) 
thrown [s\src\hotspot\share\interpreter\linkResolver.cpp, line 773]
Event: 1952.130 Thread 0x000001ae496bb490 Exception <a 'java/lang/NoSuchMethodError'{0x00000000eb1408d0}: 'java.lang.Object java.lang.invoke.DirectMethodHandle$Holder.newInvokeSpecial(java.lang.Object, int, java.lang.Object, java.lang.Object, java.lang.Object)'> (0x00000000eb1408d0) 
thrown [s\src\hotspot\share\interpreter\linkResolver.cpp, line 773]
Event: 2016.989 Thread 0x000001ae48d0d340 Exception <a 'sun/nio/fs/WindowsException'{0x00000000eaca4bf8}> (0x00000000eaca4bf8) 
thrown [s\src\hotspot\share\prims\jni.cpp, line 520]
Event: 2017.097 Thread 0x000001ae4ac3df20 Exception <a 'sun/nio/fs/WindowsException'{0x00000000eadf4520}> (0x00000000eadf4520) 
thrown [s\src\hotspot\share\prims\jni.cpp, line 520]
Event: 2017.412 Thread 0x000001ae48d0d340 Exception <a 'sun/nio/fs/WindowsException'{0x00000000eab11d20}> (0x00000000eab11d20) 
thrown [s\src\hotspot\share\prims\jni.cpp, line 520]
Event: 2030.612 Thread 0x000001ae4bdaf0f0 Exception <a 'java/lang/ArrayIndexOutOfBoundsException'{0x00000000eac6b150}: Index 907 out of bounds for length 907> (0x00000000eac6b150) 
thrown [s\src\hotspot\share\interpreter\interpreterRuntime.cpp, line 439]
Event: 2030.651 Thread 0x000001ae496bb490 Exception <a 'java/lang/ArrayIndexOutOfBoundsException'{0x00000000eab81ee8}: Index 907 out of bounds for length 907> (0x00000000eab81ee8) 
thrown [s\src\hotspot\share\interpreter\interpreterRuntime.cpp, line 439]
Event: 2032.866 Thread 0x000001ae48d0d340 Exception <a 'sun/nio/fs/WindowsException'{0x00000000eab4d4b0}> (0x00000000eab4d4b0) 
thrown [s\src\hotspot\share\prims\jni.cpp, line 520]
Event: 2033.252 Thread 0x000001ae48d0d340 Exception <a 'sun/nio/fs/WindowsException'{0x00000000eab67c90}> (0x00000000eab67c90) 
thrown [s\src\hotspot\share\prims\jni.cpp, line 520]
Event: 2034.742 Thread 0x000001ae48d0d340 Exception <a 'sun/nio/fs/WindowsException'{0x00000000eab2fd78}> (0x00000000eab2fd78) 
thrown [s\src\hotspot\share\prims\jni.cpp, line 520]
Event: 2035.070 Thread 0x000001ae48d0d340 Exception <a 'sun/nio/fs/WindowsException'{0x00000000eabaf070}> (0x00000000eabaf070) 
thrown [s\src\hotspot\share\prims\jni.cpp, line 520]
Event: 2048.177 Thread 0x000001ae48d0d340 Exception <a 'sun/nio/fs/WindowsException'{0x00000000eac4bb30}> (0x00000000eac4bb30) 
thrown [s\src\hotspot\share\prims\jni.cpp, line 520]
Event: 2048.443 Thread 0x000001ae48d0d340 Exception <a 'sun/nio/fs/WindowsException'{0x00000000eab03b60}> (0x00000000eab03b60) 
thrown [s\src\hotspot\share\prims\jni.cpp, line 520]
Event: 2049.566 Thread 0x000001ae48d0d340 Exception <a 'sun/nio/fs/WindowsException'{0x00000000eab76a48}> (0x00000000eab76a48) 
thrown [s\src\hotspot\share\prims\jni.cpp, line 520]
Event: 2049.932 Thread 0x000001ae48d0d340 Exception <a 'sun/nio/fs/WindowsException'{0x00000000eac52cd0}> (0x00000000eac52cd0) 
thrown [s\src\hotspot\share\prims\jni.cpp, line 520]
Event: 2322.102 Thread 0x000001ae4b832320 Implicit null exception at 0x000001ae7796d7d3 to 0x000001ae779715ac
Event: 2322.704 Thread 0x000001ae4b832320 Implicit null exception at 0x000001ae7837f985 to 0x000001ae7838046c
Event: 2322.804 Thread 0x000001ae496b93c0 Implicit null exception at 0x000001ae78297351 to 0x000001ae78298a64
Event: 2323.719 Thread 0x000001ae48d0d340 Exception <a 'sun/nio/fs/WindowsException'{0x00000000eadb4f50}> (0x00000000eadb4f50) 
thrown [s\src\hotspot\share\prims\jni.cpp, line 520]

ZGC Phase Switch (0 events):
No events

VM Operations (20 events):
Event: 2323.804 Executing VM operation: ParallelGCFailedAllocation (Allocation Failure)
Event: 2323.815 Executing VM operation: ParallelGCFailedAllocation (Allocation Failure) done
Event: 2323.823 Executing VM operation: ParallelGCFailedAllocation (Allocation Failure)
Event: 2323.834 Executing VM operation: ParallelGCFailedAllocation (Allocation Failure) done
Event: 2323.838 Executing VM operation: ParallelGCFailedAllocation (Allocation Failure)
Event: 2323.846 Executing VM operation: ParallelGCFailedAllocation (Allocation Failure) done
Event: 2323.853 Executing VM operation: ParallelGCFailedAllocation (Allocation Failure)
Event: 2323.857 Executing VM operation: ParallelGCFailedAllocation (Allocation Failure) done
Event: 2323.869 Executing VM operation: ParallelGCFailedAllocation (Allocation Failure)
Event: 2323.873 Executing VM operation: ParallelGCFailedAllocation (Allocation Failure) done
Event: 2323.888 Executing VM operation: ParallelGCFailedAllocation (Allocation Failure)
Event: 2323.891 Executing VM operation: ParallelGCFailedAllocation (Allocation Failure) done
Event: 2323.904 Executing VM operation: ParallelGCFailedAllocation (Allocation Failure)
Event: 2323.908 Executing VM operation: ParallelGCFailedAllocation (Allocation Failure) done
Event: 2323.930 Executing VM operation: ParallelGCFailedAllocation (Allocation Failure)
Event: 2323.941 Executing VM operation: ParallelGCFailedAllocation (Allocation Failure) done
Event: 2323.994 Executing VM operation: ParallelGCFailedAllocation (Allocation Failure)
Event: 2324.003 Executing VM operation: ParallelGCFailedAllocation (Allocation Failure) done
Event: 2324.088 Executing VM operation: ParallelGCFailedAllocation (Allocation Failure)
Event: 2324.096 Executing VM operation: ParallelGCFailedAllocation (Allocation Failure) done

Memory protections (0 events):
No events

Nmethod flushes (20 events):
Event: 1921.253 Thread 0x000001ae6c798670 flushing  nmethod 0x000001ae72177710
Event: 1921.253 Thread 0x000001ae6c798670 flushing  nmethod 0x000001ae7217a690
Event: 1921.253 Thread 0x000001ae6c798670 flushing  nmethod 0x000001ae7217c110
Event: 1921.253 Thread 0x000001ae6c798670 flushing  nmethod 0x000001ae7217e310
Event: 1921.253 Thread 0x000001ae6c798670 flushing  nmethod 0x000001ae7218db10
Event: 1921.253 Thread 0x000001ae6c798670 flushing  nmethod 0x000001ae72191710
Event: 1921.253 Thread 0x000001ae6c798670 flushing  nmethod 0x000001ae72192090
Event: 1921.253 Thread 0x000001ae6c798670 flushing  nmethod 0x000001ae72195090
Event: 1921.253 Thread 0x000001ae6c798670 flushing  nmethod 0x000001ae721b5290
Event: 1921.253 Thread 0x000001ae6c798670 flushing  nmethod 0x000001ae721bdb10
Event: 1921.253 Thread 0x000001ae6c798670 flushing  nmethod 0x000001ae721c3d90
Event: 1921.253 Thread 0x000001ae6c798670 flushing  nmethod 0x000001ae721d5110
Event: 1921.253 Thread 0x000001ae6c798670 flushing  nmethod 0x000001ae721d7990
Event: 1921.253 Thread 0x000001ae6c798670 flushing  nmethod 0x000001ae721db710
Event: 1921.253 Thread 0x000001ae6c798670 flushing  nmethod 0x000001ae721e4890
Event: 1921.253 Thread 0x000001ae6c798670 flushing  nmethod 0x000001ae721e5190
Event: 1921.253 Thread 0x000001ae6c798670 flushing  nmethod 0x000001ae721ec590
Event: 1921.253 Thread 0x000001ae6c798670 flushing  nmethod 0x000001ae721ed490
Event: 1921.253 Thread 0x000001ae6c798670 flushing  nmethod 0x000001ae7220b190
Event: 1921.253 Thread 0x000001ae6c798670 flushing  nmethod 0x000001ae7220bf10

Events (20 events):
Event: 2220.053 Thread 0x000001ae496bbb20 Thread added: 0x000001ae496bced0
Event: 2220.054 Thread 0x000001ae496bced0 Thread exited: 0x000001ae496bced0
Event: 2220.803 Thread 0x000001ae4bdadd40 Thread exited: 0x000001ae4bdadd40
Event: 2227.583 Thread 0x000001ae48d0ed80 Thread added: 0x000001ae496b93c0
Event: 2228.029 Thread 0x000001ae496b93c0 Thread added: 0x000001ae496b9a50
Event: 2228.112 Thread 0x000001ae496be910 Thread added: 0x000001ae496bdbf0
Event: 2257.109 Thread 0x000001ae4bdab5e0 Thread exited: 0x000001ae4bdab5e0
Event: 2288.112 Thread 0x000001ae496b9a50 Thread exited: 0x000001ae496b9a50
Event: 2288.124 Thread 0x000001ae496bdbf0 Thread exited: 0x000001ae496bdbf0
Event: 2288.124 Thread 0x000001ae496bbb20 Thread exited: 0x000001ae496bbb20
Event: 2288.671 Thread 0x000001ae48d0ed80 Thread exited: 0x000001ae48d0ed80
Event: 2317.116 Thread 0x000001ae4b837f00 Thread exited: 0x000001ae4b837f00
Event: 2322.107 Thread 0x000001ae7eac04c0 Thread added: 0x000001ae4ceb1590
Event: 2322.107 Thread 0x000001ae7eac04c0 Thread added: 0x000001ae4ceb1c60
Event: 2322.313 Thread 0x000001ae4ceb1c60 Thread exited: 0x000001ae4ceb1c60
Event: 2322.442 Thread 0x000001ae4ceb1590 Thread exited: 0x000001ae4ceb1590
Event: 2322.821 Thread 0x000001ae7eac04c0 Thread added: 0x000001ae4ceac3d0
Event: 2323.683 Thread 0x000001ae496b93c0 Thread added: 0x000001ae496b9a50
Event: 2323.949 Thread 0x000001ae496be910 Thread added: 0x000001ae496ba0e0
Event: 2324.044 Thread 0x000001ae7eac04c0 Thread added: 0x000001ae4ceacaa0


Dynamic libraries:
0x00007ff685f60000 - 0x00007ff685f6e000 	c:\Users\ponce\.vscode\extensions\redhat.java-1.42.0-win32-x64\jre\21.0.7-win32-x86_64\bin\java.exe
0x00007ff9437b0000 - 0x00007ff9439c7000 	C:\WINDOWS\SYSTEM32\ntdll.dll
0x00007ff9415d0000 - 0x00007ff941694000 	C:\WINDOWS\System32\KERNEL32.DLL
0x00007ff9409d0000 - 0x00007ff940da2000 	C:\WINDOWS\System32\KERNELBASE.dll
0x00007ff939730000 - 0x00007ff9397c8000 	C:\WINDOWS\SYSTEM32\apphelp.dll
0x00007ff940ed0000 - 0x00007ff940fe1000 	C:\WINDOWS\System32\ucrtbase.dll
0x00007ff9393e0000 - 0x00007ff9393f8000 	c:\Users\ponce\.vscode\extensions\redhat.java-1.42.0-win32-x64\jre\21.0.7-win32-x86_64\bin\jli.dll
0x00007ff937050000 - 0x00007ff93706e000 	c:\Users\ponce\.vscode\extensions\redhat.java-1.42.0-win32-x64\jre\21.0.7-win32-x86_64\bin\VCRUNTIME140.dll
0x00007ff942ca0000 - 0x00007ff942e51000 	C:\WINDOWS\System32\USER32.dll
0x00007ff941360000 - 0x00007ff941386000 	C:\WINDOWS\System32\win32u.dll
0x00007ff92e550000 - 0x00007ff92e7eb000 	C:\WINDOWS\WinSxS\amd64_microsoft.windows.common-controls_6595b64144ccf1df_6.0.22621.5415_none_270d77d17387d7da\COMCTL32.dll
0x00007ff942ef0000 - 0x00007ff942f19000 	C:\WINDOWS\System32\GDI32.dll
0x00007ff9408a0000 - 0x00007ff9409c3000 	C:\WINDOWS\System32\gdi32full.dll
0x00007ff941440000 - 0x00007ff9414e7000 	C:\WINDOWS\System32\msvcrt.dll
0x00007ff940db0000 - 0x00007ff940e4a000 	C:\WINDOWS\System32\msvcp_win.dll
0x00007ff9422a0000 - 0x00007ff9422d1000 	C:\WINDOWS\System32\IMM32.DLL
0x00007ff939800000 - 0x00007ff93980c000 	c:\Users\ponce\.vscode\extensions\redhat.java-1.42.0-win32-x64\jre\21.0.7-win32-x86_64\bin\vcruntime140_1.dll
0x00007ff925890000 - 0x00007ff92591d000 	c:\Users\ponce\.vscode\extensions\redhat.java-1.42.0-win32-x64\jre\21.0.7-win32-x86_64\bin\msvcp140.dll
0x00007ff8eee80000 - 0x00007ff8efc10000 	c:\Users\ponce\.vscode\extensions\redhat.java-1.42.0-win32-x64\jre\21.0.7-win32-x86_64\bin\server\jvm.dll
0x00007ff9431e0000 - 0x00007ff943291000 	C:\WINDOWS\System32\ADVAPI32.dll
0x00007ff941a20000 - 0x00007ff941ac8000 	C:\WINDOWS\System32\sechost.dll
0x00007ff941410000 - 0x00007ff941438000 	C:\WINDOWS\System32\bcrypt.dll
0x00007ff9417d0000 - 0x00007ff9418e4000 	C:\WINDOWS\System32\RPCRT4.dll
0x00007ff9436f0000 - 0x00007ff943761000 	C:\WINDOWS\System32\WS2_32.dll
0x00007ff940780000 - 0x00007ff9407cd000 	C:\WINDOWS\SYSTEM32\POWRPROF.dll
0x00007ff939020000 - 0x00007ff939054000 	C:\WINDOWS\SYSTEM32\WINMM.dll
0x00007ff939a50000 - 0x00007ff939a5a000 	C:\WINDOWS\SYSTEM32\VERSION.dll
0x00007ff940760000 - 0x00007ff940773000 	C:\WINDOWS\SYSTEM32\UMPDC.dll
0x00007ff93f890000 - 0x00007ff93f8a8000 	C:\WINDOWS\SYSTEM32\kernel.appcore.dll
0x00007ff939070000 - 0x00007ff93907a000 	c:\Users\ponce\.vscode\extensions\redhat.java-1.42.0-win32-x64\jre\21.0.7-win32-x86_64\bin\jimage.dll
0x00007ff93e440000 - 0x00007ff93e673000 	C:\WINDOWS\SYSTEM32\DBGHELP.DLL
0x00007ff943350000 - 0x00007ff9436e3000 	C:\WINDOWS\System32\combase.dll
0x00007ff9414f0000 - 0x00007ff9415c7000 	C:\WINDOWS\System32\OLEAUT32.dll
0x00007ff936e70000 - 0x00007ff936ea2000 	C:\WINDOWS\SYSTEM32\dbgcore.DLL
0x00007ff941390000 - 0x00007ff94140b000 	C:\WINDOWS\System32\bcryptPrimitives.dll
0x00007ff936140000 - 0x00007ff93614f000 	c:\Users\ponce\.vscode\extensions\redhat.java-1.42.0-win32-x64\jre\21.0.7-win32-x86_64\bin\instrument.dll
0x00007ff92f4e0000 - 0x00007ff92f4ff000 	c:\Users\ponce\.vscode\extensions\redhat.java-1.42.0-win32-x64\jre\21.0.7-win32-x86_64\bin\java.dll
0x00007ff9422e0000 - 0x00007ff942b82000 	C:\WINDOWS\System32\SHELL32.dll
0x00007ff940ff0000 - 0x00007ff94112f000 	C:\WINDOWS\System32\wintypes.dll
0x00007ff93e780000 - 0x00007ff93f09e000 	C:\WINDOWS\SYSTEM32\windows.storage.dll
0x00007ff9416c0000 - 0x00007ff9417cb000 	C:\WINDOWS\System32\SHCORE.dll
0x00007ff9419b0000 - 0x00007ff941a19000 	C:\WINDOWS\System32\shlwapi.dll
0x00007ff9407d0000 - 0x00007ff9407fb000 	C:\WINDOWS\SYSTEM32\profapi.dll
0x00007ff92e500000 - 0x00007ff92e518000 	c:\Users\ponce\.vscode\extensions\redhat.java-1.42.0-win32-x64\jre\21.0.7-win32-x86_64\bin\zip.dll
0x00007ff935ef0000 - 0x00007ff935f00000 	C:\Users\ponce\.vscode\extensions\redhat.java-1.42.0-win32-x64\jre\21.0.7-win32-x86_64\bin\net.dll
0x00007ff93a6e0000 - 0x00007ff93a80c000 	C:\WINDOWS\SYSTEM32\WINHTTP.dll
0x00007ff93fd00000 - 0x00007ff93fd69000 	C:\WINDOWS\system32\mswsock.dll
0x00007ff92d580000 - 0x00007ff92d596000 	C:\Users\ponce\.vscode\extensions\redhat.java-1.42.0-win32-x64\jre\21.0.7-win32-x86_64\bin\nio.dll
0x00007ff935360000 - 0x00007ff935370000 	c:\Users\ponce\.vscode\extensions\redhat.java-1.42.0-win32-x64\jre\21.0.7-win32-x86_64\bin\verify.dll
0x00007ff9256c0000 - 0x00007ff925705000 	C:\Users\ponce\AppData\Roaming\Code\User\globalStorage\redhat.java\1.42.0\config_win\org.eclipse.equinox.launcher\org.eclipse.equinox.launcher.win32.win32.x86_64_1.2.1300.v20250331-1702\eclipse_11911.dll
0x00007ff942fd0000 - 0x00007ff943170000 	C:\WINDOWS\System32\ole32.dll
0x00007ff93fff0000 - 0x00007ff94000b000 	C:\WINDOWS\SYSTEM32\CRYPTSP.dll
0x00007ff93f7f0000 - 0x00007ff93f827000 	C:\WINDOWS\system32\rsaenh.dll
0x00007ff93fda0000 - 0x00007ff93fdc8000 	C:\WINDOWS\SYSTEM32\USERENV.dll
0x00007ff93ff00000 - 0x00007ff93ff0c000 	C:\WINDOWS\SYSTEM32\CRYPTBASE.dll
0x00007ff93f340000 - 0x00007ff93f36d000 	C:\WINDOWS\SYSTEM32\IPHLPAPI.DLL
0x00007ff9420c0000 - 0x00007ff9420c9000 	C:\WINDOWS\System32\NSI.dll
0x00007ff922110000 - 0x00007ff922159000 	C:\Users\ponce\AppData\Local\Temp\jna-106850033\jna10289906686670637109.dll
0x00007ff941ad0000 - 0x00007ff941ad8000 	C:\WINDOWS\System32\PSAPI.DLL
0x00007ff939910000 - 0x00007ff939929000 	C:\WINDOWS\SYSTEM32\dhcpcsvc6.DLL
0x00007ff9397d0000 - 0x00007ff9397ef000 	C:\WINDOWS\SYSTEM32\dhcpcsvc.DLL

dbghelp: loaded successfully - version: 4.0.5 - missing functions: none
symbol engine: initialized successfully - sym options: 0x614 - pdb path: .;c:\Users\ponce\.vscode\extensions\redhat.java-1.42.0-win32-x64\jre\21.0.7-win32-x86_64\bin;C:\WINDOWS\SYSTEM32;C:\WINDOWS\WinSxS\amd64_microsoft.windows.common-controls_6595b64144ccf1df_6.0.22621.5415_none_270d77d17387d7da;c:\Users\ponce\.vscode\extensions\redhat.java-1.42.0-win32-x64\jre\21.0.7-win32-x86_64\bin\server;C:\Users\ponce\AppData\Roaming\Code\User\globalStorage\redhat.java\1.42.0\config_win\org.eclipse.equinox.launcher\org.eclipse.equinox.launcher.win32.win32.x86_64_1.2.1300.v20250331-1702;C:\Users\ponce\AppData\Local\Temp\jna-106850033

VM Arguments:
jvm_args: --add-modules=ALL-SYSTEM --add-opens=java.base/java.util=ALL-UNNAMED --add-opens=java.base/java.lang=ALL-UNNAMED --add-opens=java.base/sun.nio.fs=ALL-UNNAMED -Declipse.application=org.eclipse.jdt.ls.core.id1 -Dosgi.bundles.defaultStartLevel=4 -Declipse.product=org.eclipse.jdt.ls.core.product -Djava.import.generatesMetadataFilesAtProjectRoot=false -DDetectVMInstallationsJob.disabled=true -Dfile.encoding=utf8 -XX:+UseParallelGC -XX:GCTimeRatio=4 -XX:AdaptiveSizePolicyWeight=90 -Dsun.zip.disableMemoryMapping=true -Xmx1G -Xms100m -Xlog:disable -javaagent:c:\Users\ponce\.vscode\extensions\redhat.java-1.42.0-win32-x64\lombok\lombok-1.18.36.jar -XX:+HeapDumpOnOutOfMemoryError -XX:HeapDumpPath=c:\Users\ponce\AppData\Roaming\Code\User\workspaceStorage\65ac8c3de3f23d2bcb4ce7b7b7e9c127\redhat.java -Daether.dependencyCollector.impl=bf 
java_command: c:\Users\ponce\.vscode\extensions\redhat.java-1.42.0-win32-x64\server\plugins\org.eclipse.equinox.launcher_1.7.0.v20250424-1814.jar -configuration c:\Users\ponce\AppData\Roaming\Code\User\globalStorage\redhat.java\1.42.0\config_win -data c:\Users\ponce\AppData\Roaming\Code\User\workspaceStorage\65ac8c3de3f23d2bcb4ce7b7b7e9c127\redhat.java\jdt_ws --pipe=\\.\pipe\lsp-346243b36b9e03c2a3bf1ebed48fb396-sock
java_class_path (initial): c:\Users\ponce\.vscode\extensions\redhat.java-1.42.0-win32-x64\server\plugins\org.eclipse.equinox.launcher_1.7.0.v20250424-1814.jar
Launcher Type: SUN_STANDARD

[Global flags]
    uintx AdaptiveSizePolicyWeight                 = 90                                        {product} {command line}
     intx CICompilerCount                          = 4                                         {product} {ergonomic}
    uintx GCTimeRatio                              = 4                                         {product} {command line}
     bool HeapDumpOnOutOfMemoryError               = true                                   {manageable} {command line}
    ccstr HeapDumpPath                             = c:\Users\ponce\AppData\Roaming\Code\User\workspaceStorage\65ac8c3de3f23d2bcb4ce7b7b7e9c127\redhat.java         {manageable} {command line}
   size_t InitialHeapSize                          = 104857600                                 {product} {command line}
   size_t MaxHeapSize                              = 1073741824                                {product} {command line}
   size_t MaxNewSize                               = 357564416                                 {product} {ergonomic}
   size_t MinHeapDeltaBytes                        = 524288                                    {product} {ergonomic}
   size_t MinHeapSize                              = 104857600                                 {product} {command line}
   size_t NewSize                                  = 34603008                                  {product} {ergonomic}
    uintx NonNMethodCodeHeapSize                   = 5839372                                {pd product} {ergonomic}
    uintx NonProfiledCodeHeapSize                  = 122909434                              {pd product} {ergonomic}
   size_t OldSize                                  = 70254592                                  {product} {ergonomic}
    uintx ProfiledCodeHeapSize                     = 122909434                              {pd product} {ergonomic}
    uintx ReservedCodeCacheSize                    = 251658240                              {pd product} {ergonomic}
     bool SegmentedCodeCache                       = true                                      {product} {ergonomic}
   size_t SoftMaxHeapSize                          = 1073741824                             {manageable} {ergonomic}
     bool UseCompressedOops                        = true                           {product lp64_product} {ergonomic}
     bool UseLargePagesIndividualAllocation        = false                                  {pd product} {ergonomic}
     bool UseParallelGC                            = true                                      {product} {command line}

Logging:
Log output configuration:
 #0: stdout all=off uptime,level,tags foldmultilines=false
 #1: stderr all=off uptime,level,tags foldmultilines=false

Environment Variables:
PATH=C:\Program Files\Common Files\Oracle\Java\javapath;C:\WINDOWS\system32;C:\WINDOWS;C:\WINDOWS\System32\Wbem;C:\WINDOWS\System32\WindowsPowerShell\v1.0\;C:\WINDOWS\System32\OpenSSH\;D:\Progrmas\;D:\Progrmas\Xamp\php;C:\ProgramData\ComposerSetup\bin;C:\ProgramData\chocolatey\bin;D:\src\flutter\bin;D:\Program Files\Git\cmd;C:\Program Files\nodejs\;C:\Program Files\Microsoft SQL Server\150\Tools\Binn\;C:\Program Files\Microsoft SQL Server\Client SDK\ODBC\170\Tools\Binn\;C:\Program Files\dotnet\;C:\Program Files\OpenSSL-Win64\bin;C:\Program Files (x86)\Microsoft SQL Server\160\Tools\Binn\;C:\Program Files\Microsoft SQL Server\160\Tools\Binn\;C:\Program Files\Microsoft SQL Server\160\DTS\Binn\;C:\Program Files (x86)\Microsoft SQL Server\160\DTS\Binn\;D:\Program Files\mongodb\tools\bin;D:\mingw32\bin;D:\apache-maven-3.9.9\bin;;C:\Program Files\Docker\Docker\resources\bin;C:\Users\ponce\AppData\Local\Programs\Python\Python313\Scripts\;C:\Users\ponce\AppData\Local\Programs\Python\Python313\;C:\Users\ponce\AppData\Local\Microsoft\WindowsApps;C:\Users\ponce\AppData\Roaming\Composer\vendor\bin;C:\ProgramData\ComposerSetup\bin;D:\src\flutter\bin;C:\Users\ponce\AppData\Local\Programs\mongosh\;C:\Users\ponce\AppData\Roaming\npm;D:\Progrmas\Microsoft VS Code\bin;C:\Users\ponce\AppData\Local\Programs\oh-my-posh\bin;C:\Users\ponce\AppData\Local\GitHubDesktop\bin;C:\Users\ponce\.dotnet\tools;D:\Program Files\texstudio\miktex\bin\x64\
USERNAME=ponce
OS=Windows_NT
PROCESSOR_IDENTIFIER=Intel64 Family 6 Model 140 Stepping 1, GenuineIntel
TMP=C:\Users\ponce\AppData\Local\Temp
TEMP=C:\Users\ponce\AppData\Local\Temp




Periodic native trim disabled

---------------  S Y S T E M  ---------------

OS:
 Windows 11 , 64 bit Build 22621 (10.0.22621.5415)
OS uptime: 1 days 5:15 hours
Hyper-V role detected

CPU: total 8 (initial active 8) (4 cores per cpu, 2 threads per core) family 6 model 140 stepping 1 microcode 0x86, cx8, cmov, fxsr, ht, mmx, 3dnowpref, sse, sse2, sse3, ssse3, sse4.1, sse4.2, popcnt, lzcnt, tsc, tscinvbit, avx, avx2, aes, erms, clmul, bmi1, bmi2, adx, avx512f, avx512dq, avx512cd, avx512bw, avx512vl, sha, fma, vzeroupper, avx512_vpopcntdq, avx512_vpclmulqdq, avx512_vaes, avx512_vnni, clflush, clflushopt, clwb, avx512_vbmi2, avx512_vbmi, hv, rdtscp, rdpid, fsrm, gfni, avx512_bitalg, f16c, cet_ibt, cet_ss, avx512_ifma
Processor Information for the first 8 processors :
  Max Mhz: 1997, Current Mhz: 1997, Mhz Limit: 1997

Memory: 4k page, system-wide physical 7886M (669M free)
TotalPageFile size 14910M (AvailPageFile size 5M)
current process WorkingSet (physical memory assigned to process): 893M, peak: 986M
current process commit charge ("private bytes"): 937M, peak: 1038M

vm_info: OpenJDK 64-Bit Server VM (21.0.7+6-LTS) for windows-amd64 JRE (21.0.7+6-LTS), built on 2025-04-15T00:00:00Z by "admin" with MS VC++ 17.7 (VS2022)

END.
