#
# There is insufficient memory for the Java Runtime Environment to continue.
# Native memory allocation (malloc) failed to allocate 732016 bytes. Error detail: Chunk::new
# Possible reasons:
#   The system is out of physical RAM or swap space
#   This process is running with CompressedOops enabled, and the Java Heap may be blocking the growth of the native heap
# Possible solutions:
#   Reduce memory load on the system
#   Increase physical memory or swap space
#   Check if swap backing store is full
#   Decrease Java heap size (-Xmx/-Xms)
#   Decrease number of Java threads
#   Decrease Java thread stack sizes (-Xss)
#   Set larger code cache with -XX:ReservedCodeCacheSize=
#   JVM is running with Unscaled Compressed Oops mode in which the Java heap is
#     placed in the first 4GB address space. The Java Heap base address is the
#     maximum limit for the native heap growth. Please use -XX:HeapBaseMinAddress
#     to set the Java Heap base and to place the Java Heap above 4GB virtual address.
# This output file may be truncated or incomplete.
#
#  Out of Memory Error (arena.cpp:168), pid=13904, tid=1596
#
# JRE version: OpenJDK Runtime Environment Temurin-21.0.7+6 (21.0.7+6) (build 21.0.7+6-LTS)
# Java VM: OpenJDK 64-Bit Server VM Temurin-21.0.7+6 (21.0.7+6-LTS, mixed mode, sharing, tiered, compressed oops, compressed class ptrs, parallel gc, windows-amd64)
# No core dump will be written. Minidumps are not enabled by default on client versions of Windows
#

---------------  S U M M A R Y ------------

Command Line: --add-modules=ALL-SYSTEM --add-opens=java.base/java.util=ALL-UNNAMED --add-opens=java.base/java.lang=ALL-UNNAMED --add-opens=java.base/sun.nio.fs=ALL-UNNAMED -Declipse.application=org.eclipse.jdt.ls.core.id1 -Dosgi.bundles.defaultStartLevel=4 -Declipse.product=org.eclipse.jdt.ls.core.product -Djava.import.generatesMetadataFilesAtProjectRoot=false -DDetectVMInstallationsJob.disabled=true -Dfile.encoding=utf8 -XX:+UseParallelGC -XX:GCTimeRatio=4 -XX:AdaptiveSizePolicyWeight=90 -Dsun.zip.disableMemoryMapping=true -Xmx1G -Xms100m -Xlog:disable -javaagent:c:\Users\ponce\.vscode\extensions\redhat.java-1.42.0-win32-x64\lombok\lombok-1.18.36.jar -XX:+HeapDumpOnOutOfMemoryError -XX:HeapDumpPath=c:\Users\ponce\AppData\Roaming\Code\User\workspaceStorage\7b05408669fbdc286bbb96564c370e1f\redhat.java -Daether.dependencyCollector.impl=bf c:\Users\ponce\.vscode\extensions\redhat.java-1.42.0-win32-x64\server\plugins\org.eclipse.equinox.launcher_1.7.0.v20250424-1814.jar -configuration c:\Users\ponce\AppData\Roaming\Code\User\globalStorage\redhat.java\1.42.0\config_win -data c:\Users\ponce\AppData\Roaming\Code\User\workspaceStorage\7b05408669fbdc286bbb96564c370e1f\redhat.java\jdt_ws --pipe=\\.\pipe\lsp-ac8cb2e35c3fdde4c74b36483fae9be4-sock

Host: 11th Gen Intel(R) Core(TM) i3-1125G4 @ 2.00GHz, 8 cores, 7G,  Windows 11 , 64 bit Build 22621 (10.0.22621.5415)
Time: Mon Jun 23 16:58:07 2025 Hora estándar central (México) elapsed time: 30.042225 seconds (0d 0h 0m 30s)

---------------  T H R E A D  ---------------

Current thread (0x000001b4ef837f60):  JavaThread "C2 CompilerThread0" daemon [_thread_in_native, id=1596, stack(0x0000003f1dd00000,0x0000003f1de00000) (1024K)]


Current CompileTask:
C2:30042 12273   !   4       org.eclipse.jdt.internal.core.index.DiskIndex::mergeWith (623 bytes)

Stack: [0x0000003f1dd00000,0x0000003f1de00000]
Native frames: (J=compiled Java code, j=interpreted, Vv=VM code, C=native code)
V  [jvm.dll+0x6ce119]
V  [jvm.dll+0x8a84a1]
V  [jvm.dll+0x8aa9ce]
V  [jvm.dll+0x8ab0b3]
V  [jvm.dll+0x27f8a6]
V  [jvm.dll+0xc507d]
V  [jvm.dll+0xc55b3]
V  [jvm.dll+0x2f2c6d]
V  [jvm.dll+0x5f6bca]
V  [jvm.dll+0x250cb2]
V  [jvm.dll+0x24975f]
V  [jvm.dll+0x246fc4]
V  [jvm.dll+0x1c760e]
V  [jvm.dll+0x25695a]
V  [jvm.dll+0x254efa]
V  [jvm.dll+0x3f03f6]
V  [jvm.dll+0x851f6b]
V  [jvm.dll+0x6cc7dd]
C  [ucrtbase.dll+0x29333]
C  [KERNEL32.DLL+0x1259d]
C  [ntdll.dll+0x5af78]


---------------  P R O C E S S  ---------------

Threads class SMR info:
_java_thread_list=0x000001b4f9810820, length=61, elements={
0x000001b4db47f1d0, 0x000001b4ef828380, 0x000001b4db52e550, 0x000001b4ef82a690,
0x000001b4ef82d820, 0x000001b4ef831030, 0x000001b4ef832480, 0x000001b4ef837f60,
0x000001b4f1200110, 0x000001b4f12becc0, 0x000001b4f1529430, 0x000001b4f1d214b0,
0x000001b4f1c6aed0, 0x000001b4f1ca0580, 0x000001b4f1ca6850, 0x000001b4f632f530,
0x000001b4f13de670, 0x000001b4f6356680, 0x000001b4f6355ff0, 0x000001b4f63552d0,
0x000001b4f646ec30, 0x000001b4f6470670, 0x000001b4f6470d00, 0x000001b4f6472dd0,
0x000001b4f64720b0, 0x000001b4f6471390, 0x000001b4f6473460, 0x000001b4f646f950,
0x000001b4f6472740, 0x000001b4f646df10, 0x000001b4f6471a20, 0x000001b4f646c4d0,
0x000001b4f6473af0, 0x000001b4f646ffe0, 0x000001b4f646cb60, 0x000001b4f646d1f0,
0x000001b4f646e5a0, 0x000001b4f646f2c0, 0x000001b4f646d880, 0x000001b4f6355960,
0x000001b4f91aff80, 0x000001b4f91b0610, 0x000001b4f91af8f0, 0x000001b4f91b2050,
0x000001b4f91aebd0, 0x000001b4f91ab750, 0x000001b4f91b0ca0, 0x000001b4f91b2d70,
0x000001b4f91ac470, 0x000001b4f91b1330, 0x000001b4f91abde0, 0x000001b4f91ad190,
0x000001b4f91ad820, 0x000001b4f91adeb0, 0x000001b4f97f5820, 0x000001b4f97f6bd0,
0x000001b4f97f7260, 0x000001b4f97f8610, 0x000001b4f97f5190, 0x000001b4f97f9330,
0x000001b4f97f5eb0
}

Java Threads: ( => current thread )
  0x000001b4db47f1d0 JavaThread "main"                              [_thread_blocked, id=9724, stack(0x0000003f1d300000,0x0000003f1d400000) (1024K)]
  0x000001b4ef828380 JavaThread "Reference Handler"          daemon [_thread_blocked, id=11136, stack(0x0000003f1d700000,0x0000003f1d800000) (1024K)]
  0x000001b4db52e550 JavaThread "Finalizer"                  daemon [_thread_blocked, id=9584, stack(0x0000003f1d800000,0x0000003f1d900000) (1024K)]
  0x000001b4ef82a690 JavaThread "Signal Dispatcher"          daemon [_thread_blocked, id=16404, stack(0x0000003f1d900000,0x0000003f1da00000) (1024K)]
  0x000001b4ef82d820 JavaThread "Attach Listener"            daemon [_thread_blocked, id=9768, stack(0x0000003f1da00000,0x0000003f1db00000) (1024K)]
  0x000001b4ef831030 JavaThread "Service Thread"             daemon [_thread_blocked, id=15388, stack(0x0000003f1db00000,0x0000003f1dc00000) (1024K)]
  0x000001b4ef832480 JavaThread "Monitor Deflation Thread"   daemon [_thread_blocked, id=3600, stack(0x0000003f1dc00000,0x0000003f1dd00000) (1024K)]
=>0x000001b4ef837f60 JavaThread "C2 CompilerThread0"         daemon [_thread_in_native, id=1596, stack(0x0000003f1dd00000,0x0000003f1de00000) (1024K)]
  0x000001b4f1200110 JavaThread "C1 CompilerThread0"         daemon [_thread_blocked, id=16428, stack(0x0000003f1de00000,0x0000003f1df00000) (1024K)]
  0x000001b4f12becc0 JavaThread "Common-Cleaner"             daemon [_thread_blocked, id=3156, stack(0x0000003f1df00000,0x0000003f1e000000) (1024K)]
  0x000001b4f1529430 JavaThread "Notification Thread"        daemon [_thread_blocked, id=9596, stack(0x0000003f1e100000,0x0000003f1e200000) (1024K)]
  0x000001b4f1d214b0 JavaThread "Active Thread: Equinox Container: 479faba0-df11-47fa-8614-59cbd0f50276"        [_thread_blocked, id=3452, stack(0x0000003f1e800000,0x0000003f1e900000) (1024K)]
  0x000001b4f1c6aed0 JavaThread "Refresh Thread: Equinox Container: 479faba0-df11-47fa-8614-59cbd0f50276" daemon [_thread_blocked, id=4332, stack(0x0000003f1e900000,0x0000003f1ea00000) (1024K)]
  0x000001b4f1ca0580 JavaThread "Framework Event Dispatcher: Equinox Container: 479faba0-df11-47fa-8614-59cbd0f50276" daemon [_thread_blocked, id=16784, stack(0x0000003f1eb00000,0x0000003f1ec00000) (1024K)]
  0x000001b4f1ca6850 JavaThread "Start Level: Equinox Container: 479faba0-df11-47fa-8614-59cbd0f50276" daemon [_thread_blocked, id=11892, stack(0x0000003f1ec00000,0x0000003f1ed00000) (1024K)]
  0x000001b4f632f530 JavaThread "Bundle File Closer"         daemon [_thread_blocked, id=10432, stack(0x0000003f1ed00000,0x0000003f1ee00000) (1024K)]
  0x000001b4f13de670 JavaThread "SCR Component Actor"        daemon [_thread_blocked, id=13268, stack(0x0000003f1e000000,0x0000003f1e100000) (1024K)]
  0x000001b4f6356680 JavaThread "Worker-JM"                         [_thread_blocked, id=2240, stack(0x0000003f1ef00000,0x0000003f1f000000) (1024K)]
  0x000001b4f6355ff0 JavaThread "JNA Cleaner"                daemon [_thread_blocked, id=9632, stack(0x0000003f1f000000,0x0000003f1f100000) (1024K)]
  0x000001b4f63552d0 JavaThread "Worker-0"                          [_thread_blocked, id=1536, stack(0x0000003f1f100000,0x0000003f1f200000) (1024K)]
  0x000001b4f646ec30 JavaThread "Worker-1"                          [_thread_blocked, id=13140, stack(0x0000003f1f200000,0x0000003f1f300000) (1024K)]
  0x000001b4f6470670 JavaThread "Java indexing"              daemon [_thread_blocked, id=5768, stack(0x0000003f1f300000,0x0000003f1f400000) (1024K)]
  0x000001b4f6470d00 JavaThread "Worker-2: Initialize workspace"        [_thread_blocked, id=5648, stack(0x0000003f1f400000,0x0000003f1f500000) (1024K)]
  0x000001b4f6472dd0 JavaThread "Worker-3"                          [_thread_blocked, id=16376, stack(0x0000003f1f500000,0x0000003f1f600000) (1024K)]
  0x000001b4f64720b0 JavaThread "Worker-4: Java indexing... "        [_thread_blocked, id=15476, stack(0x0000003f1f600000,0x0000003f1f700000) (1024K)]
  0x000001b4f6471390 JavaThread "Thread-2"                   daemon [_thread_in_native, id=16116, stack(0x0000003f1f700000,0x0000003f1f800000) (1024K)]
  0x000001b4f6473460 JavaThread "Thread-3"                   daemon [_thread_in_native, id=11760, stack(0x0000003f1f800000,0x0000003f1f900000) (1024K)]
  0x000001b4f646f950 JavaThread "Thread-4"                   daemon [_thread_in_native, id=16408, stack(0x0000003f1f900000,0x0000003f1fa00000) (1024K)]
  0x000001b4f6472740 JavaThread "Thread-5"                   daemon [_thread_in_native, id=16976, stack(0x0000003f1fa00000,0x0000003f1fb00000) (1024K)]
  0x000001b4f646df10 JavaThread "Thread-6"                   daemon [_thread_in_native, id=16552, stack(0x0000003f1fb00000,0x0000003f1fc00000) (1024K)]
  0x000001b4f6471a20 JavaThread "Thread-7"                   daemon [_thread_in_native, id=10484, stack(0x0000003f1fc00000,0x0000003f1fd00000) (1024K)]
  0x000001b4f646c4d0 JavaThread "Thread-8"                   daemon [_thread_in_native, id=2944, stack(0x0000003f1fd00000,0x0000003f1fe00000) (1024K)]
  0x000001b4f6473af0 JavaThread "Thread-9"                   daemon [_thread_in_native, id=11620, stack(0x0000003f1fe00000,0x0000003f1ff00000) (1024K)]
  0x000001b4f646ffe0 JavaThread "Thread-10"                  daemon [_thread_in_native, id=11884, stack(0x0000003f1ff00000,0x0000003f20000000) (1024K)]
  0x000001b4f646cb60 JavaThread "pool-2-thread-1"                   [_thread_blocked, id=17292, stack(0x0000003f20000000,0x0000003f20100000) (1024K)]
  0x000001b4f646d1f0 JavaThread "Worker-5"                          [_thread_blocked, id=14256, stack(0x0000003f20200000,0x0000003f20300000) (1024K)]
  0x000001b4f646e5a0 JavaThread "WorkspaceEventsHandler"            [_thread_blocked, id=11028, stack(0x0000003f20300000,0x0000003f20400000) (1024K)]
  0x000001b4f646f2c0 JavaThread "pool-1-thread-1"                   [_thread_blocked, id=15736, stack(0x0000003f20400000,0x0000003f20500000) (1024K)]
  0x000001b4f646d880 JavaThread "Worker-6: Initialize Workspace"        [_thread_blocked, id=8632, stack(0x0000003f20500000,0x0000003f20600000) (1024K)]
  0x000001b4f6355960 JavaThread "Worker-7"                          [_thread_blocked, id=15084, stack(0x0000003f20600000,0x0000003f20700000) (1024K)]
  0x000001b4f91aff80 JavaThread "LocalFile Deleter"          daemon [_thread_blocked, id=7864, stack(0x0000003f20700000,0x0000003f20800000) (1024K)]
  0x000001b4f91b0610 JavaThread "LocalFile Deleter"          daemon [_thread_blocked, id=9864, stack(0x0000003f20800000,0x0000003f20900000) (1024K)]
  0x000001b4f91af8f0 JavaThread "LocalFile Deleter"          daemon [_thread_blocked, id=11712, stack(0x0000003f20900000,0x0000003f20a00000) (1024K)]
  0x000001b4f91b2050 JavaThread "LocalFile Deleter"          daemon [_thread_blocked, id=16320, stack(0x0000003f20a00000,0x0000003f20b00000) (1024K)]
  0x000001b4f91aebd0 JavaThread "LocalFile Deleter"          daemon [_thread_blocked, id=17056, stack(0x0000003f20b00000,0x0000003f20c00000) (1024K)]
  0x000001b4f91ab750 JavaThread "LocalFile Deleter"          daemon [_thread_blocked, id=11956, stack(0x0000003f20c00000,0x0000003f20d00000) (1024K)]
  0x000001b4f91b0ca0 JavaThread "LocalFile Deleter"          daemon [_thread_blocked, id=3916, stack(0x0000003f20d00000,0x0000003f20e00000) (1024K)]
  0x000001b4f91b2d70 JavaThread "LocalFile Deleter"          daemon [_thread_blocked, id=3808, stack(0x0000003f20e00000,0x0000003f20f00000) (1024K)]
  0x000001b4f91ac470 JavaThread "Compiler Source File Reader" daemon [_thread_blocked, id=14536, stack(0x0000003f20f00000,0x0000003f21000000) (1024K)]
  0x000001b4f91b1330 JavaThread "Compiler Source File Reader" daemon [_thread_blocked, id=13788, stack(0x0000003f21000000,0x0000003f21100000) (1024K)]
  0x000001b4f91abde0 JavaThread "Compiler Source File Reader" daemon [_thread_blocked, id=6828, stack(0x0000003f21100000,0x0000003f21200000) (1024K)]
  0x000001b4f91ad190 JavaThread "Compiler Source File Reader" daemon [_thread_blocked, id=5140, stack(0x0000003f21200000,0x0000003f21300000) (1024K)]
  0x000001b4f91ad820 JavaThread "Compiler Source File Reader" daemon [_thread_blocked, id=13672, stack(0x0000003f21300000,0x0000003f21400000) (1024K)]
  0x000001b4f91adeb0 JavaThread "Compiler Source File Reader" daemon [_thread_blocked, id=11324, stack(0x0000003f21400000,0x0000003f21500000) (1024K)]
  0x000001b4f97f5820 JavaThread "Compiler Processing Task"   daemon [_thread_blocked, id=16692, stack(0x0000003f1ee00000,0x0000003f1ef00000) (1024K)]
  0x000001b4f97f6bd0 JavaThread "Compiler Class File Writer" daemon [_thread_blocked, id=9068, stack(0x0000003f21600000,0x0000003f21700000) (1024K)]
  0x000001b4f97f7260 JavaThread "Compiler Class File Writer" daemon [_thread_blocked, id=17420, stack(0x0000003f21700000,0x0000003f21800000) (1024K)]
  0x000001b4f97f8610 JavaThread "Compiler Class File Writer" daemon [_thread_blocked, id=17532, stack(0x0000003f21900000,0x0000003f21a00000) (1024K)]
  0x000001b4f97f5190 JavaThread "Compiler Class File Writer" daemon [_thread_blocked, id=17536, stack(0x0000003f21a00000,0x0000003f21b00000) (1024K)]
  0x000001b4f97f9330 JavaThread "Compiler Class File Writer" daemon [_thread_blocked, id=17540, stack(0x0000003f21b00000,0x0000003f21c00000) (1024K)]
  0x000001b4f97f5eb0 JavaThread "Compiler Class File Writer" daemon [_thread_blocked, id=17544, stack(0x0000003f21c00000,0x0000003f21d00000) (1024K)]
Total: 61

Other Threads:
  0x000001b4db5157c0 VMThread "VM Thread"                           [id=16480, stack(0x0000003f1d600000,0x0000003f1d700000) (1024K)]
  0x000001b4db4e6430 WatcherThread "VM Periodic Task Thread"        [id=13616, stack(0x0000003f1d500000,0x0000003f1d600000) (1024K)]
  0x000001b4db496990 WorkerThread "GC Thread#0"                     [id=11896, stack(0x0000003f1d400000,0x0000003f1d500000) (1024K)]
  0x000001b4f1a0b9c0 WorkerThread "GC Thread#1"                     [id=15696, stack(0x0000003f1e200000,0x0000003f1e300000) (1024K)]
  0x000001b4f1a2da60 WorkerThread "GC Thread#2"                     [id=9648, stack(0x0000003f1e300000,0x0000003f1e400000) (1024K)]
  0x000001b4f1a2de00 WorkerThread "GC Thread#3"                     [id=6692, stack(0x0000003f1e400000,0x0000003f1e500000) (1024K)]
  0x000001b4f1a2e1a0 WorkerThread "GC Thread#4"                     [id=11716, stack(0x0000003f1e500000,0x0000003f1e600000) (1024K)]
  0x000001b4f19e1800 WorkerThread "GC Thread#5"                     [id=16368, stack(0x0000003f1e600000,0x0000003f1e700000) (1024K)]
  0x000001b4f19e2bd0 WorkerThread "GC Thread#6"                     [id=13600, stack(0x0000003f1e700000,0x0000003f1e800000) (1024K)]
  0x000001b4f6087de0 WorkerThread "GC Thread#7"                     [id=10212, stack(0x0000003f1ea00000,0x0000003f1eb00000) (1024K)]
Total: 10

Threads with active compile tasks:
C2 CompilerThread0  30080 12273   !   4       org.eclipse.jdt.internal.core.index.DiskIndex::mergeWith (623 bytes)
Total: 1

VM state: at safepoint (normal execution)

VM Mutex/Monitor currently owned by a thread:  ([mutex/lock_event])
[0x00007ff8ee32e308] Threads_lock - owner thread: 0x000001b4db5157c0
[0x00007ff8ee32e408] Heap_lock - owner thread: 0x000001b4f6470670

Heap address: 0x00000000c0000000, size: 1024 MB, Compressed Oops mode: 32-bit

CDS archive(s) mapped at: [0x000001b480000000-0x000001b480ba0000-0x000001b480ba0000), size 12189696, SharedBaseAddress: 0x000001b480000000, ArchiveRelocationMode: 1.
Compressed class space mapped at: 0x000001b481000000-0x000001b4c1000000, reserved size: 1073741824
Narrow klass base: 0x000001b480000000, Narrow klass shift: 0, Narrow klass range: 0x100000000

GC Precious Log:
 CardTable entry size: 512
 CPUs: 8 total, 8 available
 Memory: 7886M
 Large Page Support: Disabled
 NUMA Support: Disabled
 Compressed Oops: Enabled (32-bit)
 Alignments: Space 512K, Generation 512K, Heap 2M
 Heap Min Capacity: 100M
 Heap Initial Capacity: 100M
 Heap Max Capacity: 1G
 Pre-touch: Disabled
 Parallel Workers: 8

Heap:
 PSYoungGen      total 4608K, used 4593K [0x00000000eab00000, 0x00000000eb080000, 0x0000000100000000)
  eden space 4096K, 100% used [0x00000000eab00000,0x00000000eaf00000,0x00000000eaf00000)
  from space 512K, 97% used [0x00000000eb000000,0x00000000eb07c440,0x00000000eb080000)
  to   space 1024K, 98% used [0x00000000eaf00000,0x00000000eaffd1b8,0x00000000eb000000)
 ParOldGen       total 598016K, used 597679K [0x00000000c0000000, 0x00000000e4800000, 0x00000000eab00000)
  object space 598016K, 99% used [0x00000000c0000000,0x00000000e47abcd0,0x00000000e4800000)
 Metaspace       used 67955K, committed 69504K, reserved 1114112K
  class space    used 7122K, committed 7808K, reserved 1048576K

Card table byte_map: [0x000001b4dae40000,0x000001b4db050000] _byte_map_base: 0x000001b4da840000

Marking Bits: (ParMarkBitMap*) 0x00007ff8ee3331f0
 Begin Bits: [0x000001b4ed660000, 0x000001b4ee660000)
 End Bits:   [0x000001b4ee660000, 0x000001b4ef660000)

Polling page: 0x000001b4dac30000

Metaspace:

Usage:
  Non-class:     59.41 MB used.
      Class:      6.96 MB used.
       Both:     66.36 MB used.

Virtual space:
  Non-class space:       64.00 MB reserved,      60.25 MB ( 94%) committed,  1 nodes.
      Class space:        1.00 GB reserved,       7.62 MB ( <1%) committed,  1 nodes.
             Both:        1.06 GB reserved,      67.88 MB (  6%) committed. 

Chunk freelists:
   Non-Class:  3.14 MB
       Class:  8.34 MB
        Both:  11.48 MB

MaxMetaspaceSize: unlimited
CompressedClassSpaceSize: 1.00 GB
Initial GC threshold: 21.00 MB
Current GC threshold: 97.31 MB
CDS: on
 - commit_granule_bytes: 65536.
 - commit_granule_words: 8192.
 - virtual_space_node_default_size: 8388608.
 - enlarge_chunks_in_place: 1.
 - use_allocation_guard: 0.


Internal statistics:

num_allocs_failed_limit: 9.
num_arena_births: 1246.
num_arena_deaths: 14.
num_vsnodes_births: 2.
num_vsnodes_deaths: 0.
num_space_committed: 1086.
num_space_uncommitted: 0.
num_chunks_returned_to_freelist: 23.
num_chunks_taken_from_freelist: 4283.
num_chunk_merges: 12.
num_chunk_splits: 2611.
num_chunks_enlarged: 1470.
num_inconsistent_stats: 0.

CodeHeap 'non-profiled nmethods': size=120000Kb used=7619Kb max_used=7619Kb free=112380Kb
 bounds [0x000001b4e6130000, 0x000001b4e68b0000, 0x000001b4ed660000]
CodeHeap 'profiled nmethods': size=120000Kb used=25035Kb max_used=25035Kb free=94964Kb
 bounds [0x000001b4de660000, 0x000001b4dfee0000, 0x000001b4e5b90000]
CodeHeap 'non-nmethods': size=5760Kb used=1475Kb max_used=1577Kb free=4284Kb
 bounds [0x000001b4e5b90000, 0x000001b4e5e00000, 0x000001b4e6130000]
 total_blobs=12319 nmethods=11538 adapters=687
 compilation: enabled
              stopped_count=0, restarted_count=0
 full_count=0

Compilation events (20 events):
Event: 29.732 Thread 0x000001b4ef837f60 nmethod 12264 0x000001b4e6897a90 code [0x000001b4e6897c80, 0x000001b4e68980e8]
Event: 29.732 Thread 0x000001b4ef837f60 12265       4       org.eclipse.core.runtime.SubMonitor::<init> (57 bytes)
Event: 29.733 Thread 0x000001b4ef837f60 nmethod 12265 0x000001b4e6898610 code [0x000001b4e68987a0, 0x000001b4e6898870]
Event: 29.733 Thread 0x000001b4ef837f60 12266       4       java.io.BufferedWriter::implWrite (43 bytes)
Event: 29.736 Thread 0x000001b4ef837f60 nmethod 12266 0x000001b4e6898910 code [0x000001b4e6898aa0, 0x000001b4e6898c30]
Event: 29.769 Thread 0x000001b4ef837f60 12267       4       sun.nio.fs.WindowsPathParser::normalize (233 bytes)
Event: 29.772 Thread 0x000001b4f1200110 12268       3       sun.nio.cs.StreamEncoder::forOutputStreamWriter (11 bytes)
Event: 29.773 Thread 0x000001b4f1200110 nmethod 12268 0x000001b4dfed1090 code [0x000001b4dfed1240, 0x000001b4dfed13e0]
Event: 29.773 Thread 0x000001b4f1200110 12269       3       sun.nio.cs.StreamEncoder::<init> (23 bytes)
Event: 29.773 Thread 0x000001b4f1200110 nmethod 12269 0x000001b4dfed1490 code [0x000001b4dfed1680, 0x000001b4dfed1bc8]
Event: 29.773 Thread 0x000001b4f1200110 12270       3       java.nio.charset.CharsetEncoder::onMalformedInput (26 bytes)
Event: 29.774 Thread 0x000001b4f1200110 nmethod 12270 0x000001b4dfed1d90 code [0x000001b4dfed1f40, 0x000001b4dfed2240]
Event: 29.792 Thread 0x000001b4ef837f60 nmethod 12267 0x000001b4e6898d90 code [0x000001b4e6899060, 0x000001b4e689a3c8]
Event: 29.792 Thread 0x000001b4ef837f60 12271       4       org.eclipse.jdt.internal.compiler.classfmt.FieldInfo::createField (450 bytes)
Event: 29.823 Thread 0x000001b4ef837f60 nmethod 12271 0x000001b4e689b090 code [0x000001b4e689b320, 0x000001b4e689cf78]
Event: 29.882 Thread 0x000001b4ef837f60 12272       4       org.eclipse.jdt.internal.compiler.parser.Scanner::internalScanIdentifierOrKeyword (5041 bytes)
Event: 29.924 Thread 0x000001b4ef837f60 nmethod 12272 0x000001b4e689d890 code [0x000001b4e689ddc0, 0x000001b4e68a00d0]
Event: 29.934 Thread 0x000001b4ef837f60 12273   !   4       org.eclipse.jdt.internal.core.index.DiskIndex::mergeWith (623 bytes)
Event: 29.970 Thread 0x000001b4f1200110 12275       3       java.util.concurrent.atomic.AtomicLong::updateAndGet (59 bytes)
Event: 29.971 Thread 0x000001b4f1200110 nmethod 12275 0x000001b4dfed2390 code [0x000001b4dfed2580, 0x000001b4dfed2a88]

GC Heap History (20 events):
Event: 29.841 GC heap after
{Heap after GC invocations=759 (full 3):
 PSYoungGen      total 6144K, used 768K [0x00000000eab00000, 0x00000000eb280000, 0x0000000100000000)
  eden space 5120K, 0% used [0x00000000eab00000,0x00000000eab00000,0x00000000eb000000)
  from space 1024K, 75% used [0x00000000eb180000,0x00000000eb240000,0x00000000eb280000)
  to   space 1024K, 0% used [0x00000000eb000000,0x00000000eb000000,0x00000000eb100000)
 ParOldGen       total 592896K, used 592803K [0x00000000c0000000, 0x00000000e4300000, 0x00000000eab00000)
  object space 592896K, 99% used [0x00000000c0000000,0x00000000e42e8da8,0x00000000e4300000)
 Metaspace       used 67955K, committed 69504K, reserved 1114112K
  class space    used 7122K, committed 7808K, reserved 1048576K
}
Event: 29.848 GC heap before
{Heap before GC invocations=760 (full 3):
 PSYoungGen      total 6144K, used 5888K [0x00000000eab00000, 0x00000000eb280000, 0x0000000100000000)
  eden space 5120K, 100% used [0x00000000eab00000,0x00000000eb000000,0x00000000eb000000)
  from space 1024K, 75% used [0x00000000eb180000,0x00000000eb240000,0x00000000eb280000)
  to   space 1024K, 0% used [0x00000000eb000000,0x00000000eb000000,0x00000000eb100000)
 ParOldGen       total 592896K, used 592803K [0x00000000c0000000, 0x00000000e4300000, 0x00000000eab00000)
  object space 592896K, 99% used [0x00000000c0000000,0x00000000e42e8da8,0x00000000e4300000)
 Metaspace       used 67955K, committed 69504K, reserved 1114112K
  class space    used 7122K, committed 7808K, reserved 1048576K
}
Event: 29.850 GC heap after
{Heap after GC invocations=760 (full 3):
 PSYoungGen      total 6144K, used 777K [0x00000000eab00000, 0x00000000eb200000, 0x0000000100000000)
  eden space 5120K, 0% used [0x00000000eab00000,0x00000000eab00000,0x00000000eb000000)
  from space 1024K, 75% used [0x00000000eb000000,0x00000000eb0c25a0,0x00000000eb100000)
  to   space 1024K, 0% used [0x00000000eb100000,0x00000000eb100000,0x00000000eb200000)
 ParOldGen       total 593920K, used 593475K [0x00000000c0000000, 0x00000000e4400000, 0x00000000eab00000)
  object space 593920K, 99% used [0x00000000c0000000,0x00000000e4390da8,0x00000000e4400000)
 Metaspace       used 67955K, committed 69504K, reserved 1114112K
  class space    used 7122K, committed 7808K, reserved 1048576K
}
Event: 29.857 GC heap before
{Heap before GC invocations=761 (full 3):
 PSYoungGen      total 6144K, used 5897K [0x00000000eab00000, 0x00000000eb200000, 0x0000000100000000)
  eden space 5120K, 100% used [0x00000000eab00000,0x00000000eb000000,0x00000000eb000000)
  from space 1024K, 75% used [0x00000000eb000000,0x00000000eb0c25a0,0x00000000eb100000)
  to   space 1024K, 0% used [0x00000000eb100000,0x00000000eb100000,0x00000000eb200000)
 ParOldGen       total 593920K, used 593475K [0x00000000c0000000, 0x00000000e4400000, 0x00000000eab00000)
  object space 593920K, 99% used [0x00000000c0000000,0x00000000e4390da8,0x00000000e4400000)
 Metaspace       used 67955K, committed 69504K, reserved 1114112K
  class space    used 7122K, committed 7808K, reserved 1048576K
}
Event: 29.859 GC heap after
{Heap after GC invocations=761 (full 3):
 PSYoungGen      total 5120K, used 1023K [0x00000000eab00000, 0x00000000eb400000, 0x0000000100000000)
  eden space 4096K, 0% used [0x00000000eab00000,0x00000000eab00000,0x00000000eaf00000)
  from space 1024K, 99% used [0x00000000eb100000,0x00000000eb1fff60,0x00000000eb200000)
  to   space 2048K, 0% used [0x00000000eaf00000,0x00000000eaf00000,0x00000000eb100000)
 ParOldGen       total 594432K, used 594043K [0x00000000c0000000, 0x00000000e4480000, 0x00000000eab00000)
  object space 594432K, 99% used [0x00000000c0000000,0x00000000e441eda8,0x00000000e4480000)
 Metaspace       used 67955K, committed 69504K, reserved 1114112K
  class space    used 7122K, committed 7808K, reserved 1048576K
}
Event: 29.865 GC heap before
{Heap before GC invocations=762 (full 3):
 PSYoungGen      total 5120K, used 5119K [0x00000000eab00000, 0x00000000eb400000, 0x0000000100000000)
  eden space 4096K, 100% used [0x00000000eab00000,0x00000000eaf00000,0x00000000eaf00000)
  from space 1024K, 99% used [0x00000000eb100000,0x00000000eb1fff60,0x00000000eb200000)
  to   space 2048K, 0% used [0x00000000eaf00000,0x00000000eaf00000,0x00000000eb100000)
 ParOldGen       total 594432K, used 594043K [0x00000000c0000000, 0x00000000e4480000, 0x00000000eab00000)
  object space 594432K, 99% used [0x00000000c0000000,0x00000000e441eda8,0x00000000e4480000)
 Metaspace       used 67955K, committed 69504K, reserved 1114112K
  class space    used 7122K, committed 7808K, reserved 1048576K
}
Event: 29.867 GC heap after
{Heap after GC invocations=762 (full 3):
 PSYoungGen      total 5120K, used 576K [0x00000000eab00000, 0x00000000eb180000, 0x0000000100000000)
  eden space 4096K, 0% used [0x00000000eab00000,0x00000000eab00000,0x00000000eaf00000)
  from space 1024K, 56% used [0x00000000eaf00000,0x00000000eaf90000,0x00000000eb000000)
  to   space 1024K, 0% used [0x00000000eb080000,0x00000000eb080000,0x00000000eb180000)
 ParOldGen       total 594944K, used 594775K [0x00000000c0000000, 0x00000000e4500000, 0x00000000eab00000)
  object space 594944K, 99% used [0x00000000c0000000,0x00000000e44d5fb0,0x00000000e4500000)
 Metaspace       used 67955K, committed 69504K, reserved 1114112K
  class space    used 7122K, committed 7808K, reserved 1048576K
}
Event: 29.875 GC heap before
{Heap before GC invocations=763 (full 3):
 PSYoungGen      total 5120K, used 4672K [0x00000000eab00000, 0x00000000eb180000, 0x0000000100000000)
  eden space 4096K, 100% used [0x00000000eab00000,0x00000000eaf00000,0x00000000eaf00000)
  from space 1024K, 56% used [0x00000000eaf00000,0x00000000eaf90000,0x00000000eb000000)
  to   space 1024K, 0% used [0x00000000eb080000,0x00000000eb080000,0x00000000eb180000)
 ParOldGen       total 594944K, used 594775K [0x00000000c0000000, 0x00000000e4500000, 0x00000000eab00000)
  object space 594944K, 99% used [0x00000000c0000000,0x00000000e44d5fb0,0x00000000e4500000)
 Metaspace       used 67955K, committed 69504K, reserved 1114112K
  class space    used 7122K, committed 7808K, reserved 1048576K
}
Event: 29.876 GC heap after
{Heap after GC invocations=763 (full 3):
 PSYoungGen      total 4608K, used 416K [0x00000000eab00000, 0x00000000eb100000, 0x0000000100000000)
  eden space 4096K, 0% used [0x00000000eab00000,0x00000000eab00000,0x00000000eaf00000)
  from space 512K, 81% used [0x00000000eb080000,0x00000000eb0e8000,0x00000000eb100000)
  to   space 1024K, 0% used [0x00000000eaf00000,0x00000000eaf00000,0x00000000eb000000)
 ParOldGen       total 595456K, used 595255K [0x00000000c0000000, 0x00000000e4580000, 0x00000000eab00000)
  object space 595456K, 99% used [0x00000000c0000000,0x00000000e454dfb0,0x00000000e4580000)
 Metaspace       used 67955K, committed 69504K, reserved 1114112K
  class space    used 7122K, committed 7808K, reserved 1048576K
}
Event: 29.882 GC heap before
{Heap before GC invocations=764 (full 3):
 PSYoungGen      total 4608K, used 4512K [0x00000000eab00000, 0x00000000eb100000, 0x0000000100000000)
  eden space 4096K, 100% used [0x00000000eab00000,0x00000000eaf00000,0x00000000eaf00000)
  from space 512K, 81% used [0x00000000eb080000,0x00000000eb0e8000,0x00000000eb100000)
  to   space 1024K, 0% used [0x00000000eaf00000,0x00000000eaf00000,0x00000000eb000000)
 ParOldGen       total 595456K, used 595255K [0x00000000c0000000, 0x00000000e4580000, 0x00000000eab00000)
  object space 595456K, 99% used [0x00000000c0000000,0x00000000e454dfb0,0x00000000e4580000)
 Metaspace       used 67955K, committed 69504K, reserved 1114112K
  class space    used 7122K, committed 7808K, reserved 1048576K
}
Event: 29.884 GC heap after
{Heap after GC invocations=764 (full 3):
 PSYoungGen      total 5120K, used 608K [0x00000000eab00000, 0x00000000eb100000, 0x0000000100000000)
  eden space 4096K, 0% used [0x00000000eab00000,0x00000000eab00000,0x00000000eaf00000)
  from space 1024K, 59% used [0x00000000eaf00000,0x00000000eaf98000,0x00000000eb000000)
  to   space 1024K, 0% used [0x00000000eb000000,0x00000000eb000000,0x00000000eb100000)
 ParOldGen       total 595968K, used 595623K [0x00000000c0000000, 0x00000000e4600000, 0x00000000eab00000)
  object space 595968K, 99% used [0x00000000c0000000,0x00000000e45a9fb0,0x00000000e4600000)
 Metaspace       used 67955K, committed 69504K, reserved 1114112K
  class space    used 7122K, committed 7808K, reserved 1048576K
}
Event: 29.893 GC heap before
{Heap before GC invocations=765 (full 3):
 PSYoungGen      total 5120K, used 4704K [0x00000000eab00000, 0x00000000eb100000, 0x0000000100000000)
  eden space 4096K, 100% used [0x00000000eab00000,0x00000000eaf00000,0x00000000eaf00000)
  from space 1024K, 59% used [0x00000000eaf00000,0x00000000eaf98000,0x00000000eb000000)
  to   space 1024K, 0% used [0x00000000eb000000,0x00000000eb000000,0x00000000eb100000)
 ParOldGen       total 595968K, used 595623K [0x00000000c0000000, 0x00000000e4600000, 0x00000000eab00000)
  object space 595968K, 99% used [0x00000000c0000000,0x00000000e45a9fb0,0x00000000e4600000)
 Metaspace       used 67955K, committed 69504K, reserved 1114112K
  class space    used 7122K, committed 7808K, reserved 1048576K
}
Event: 29.895 GC heap after
{Heap after GC invocations=765 (full 3):
 PSYoungGen      total 5120K, used 512K [0x00000000eab00000, 0x00000000eb100000, 0x0000000100000000)
  eden space 4096K, 0% used [0x00000000eab00000,0x00000000eab00000,0x00000000eaf00000)
  from space 1024K, 50% used [0x00000000eb000000,0x00000000eb080000,0x00000000eb100000)
  to   space 1024K, 0% used [0x00000000eaf00000,0x00000000eaf00000,0x00000000eb000000)
 ParOldGen       total 596480K, used 596148K [0x00000000c0000000, 0x00000000e4680000, 0x00000000eab00000)
  object space 596480K, 99% used [0x00000000c0000000,0x00000000e462d1b8,0x00000000e4680000)
 Metaspace       used 67955K, committed 69504K, reserved 1114112K
  class space    used 7122K, committed 7808K, reserved 1048576K
}
Event: 29.902 GC heap before
{Heap before GC invocations=766 (full 3):
 PSYoungGen      total 5120K, used 4608K [0x00000000eab00000, 0x00000000eb100000, 0x0000000100000000)
  eden space 4096K, 100% used [0x00000000eab00000,0x00000000eaf00000,0x00000000eaf00000)
  from space 1024K, 50% used [0x00000000eb000000,0x00000000eb080000,0x00000000eb100000)
  to   space 1024K, 0% used [0x00000000eaf00000,0x00000000eaf00000,0x00000000eb000000)
 ParOldGen       total 596480K, used 596148K [0x00000000c0000000, 0x00000000e4680000, 0x00000000eab00000)
  object space 596480K, 99% used [0x00000000c0000000,0x00000000e462d1b8,0x00000000e4680000)
 Metaspace       used 67955K, committed 69504K, reserved 1114112K
  class space    used 7122K, committed 7808K, reserved 1048576K
}
Event: 29.904 GC heap after
{Heap after GC invocations=766 (full 3):
 PSYoungGen      total 5120K, used 416K [0x00000000eab00000, 0x00000000eb080000, 0x0000000100000000)
  eden space 4096K, 0% used [0x00000000eab00000,0x00000000eab00000,0x00000000eaf00000)
  from space 1024K, 40% used [0x00000000eaf00000,0x00000000eaf68000,0x00000000eb000000)
  to   space 512K, 0% used [0x00000000eb000000,0x00000000eb000000,0x00000000eb080000)
 ParOldGen       total 596992K, used 596545K [0x00000000c0000000, 0x00000000e4700000, 0x00000000eab00000)
  object space 596992K, 99% used [0x00000000c0000000,0x00000000e46907c8,0x00000000e4700000)
 Metaspace       used 67955K, committed 69504K, reserved 1114112K
  class space    used 7122K, committed 7808K, reserved 1048576K
}
Event: 29.927 GC heap before
{Heap before GC invocations=767 (full 3):
 PSYoungGen      total 5120K, used 4512K [0x00000000eab00000, 0x00000000eb080000, 0x0000000100000000)
  eden space 4096K, 100% used [0x00000000eab00000,0x00000000eaf00000,0x00000000eaf00000)
  from space 1024K, 40% used [0x00000000eaf00000,0x00000000eaf68000,0x00000000eb000000)
  to   space 512K, 0% used [0x00000000eb000000,0x00000000eb000000,0x00000000eb080000)
 ParOldGen       total 596992K, used 596545K [0x00000000c0000000, 0x00000000e4700000, 0x00000000eab00000)
  object space 596992K, 99% used [0x00000000c0000000,0x00000000e46907c8,0x00000000e4700000)
 Metaspace       used 67955K, committed 69504K, reserved 1114112K
  class space    used 7122K, committed 7808K, reserved 1048576K
}
Event: 29.929 GC heap after
{Heap after GC invocations=767 (full 3):
 PSYoungGen      total 4608K, used 497K [0x00000000eab00000, 0x00000000eb080000, 0x0000000100000000)
  eden space 4096K, 0% used [0x00000000eab00000,0x00000000eab00000,0x00000000eaf00000)
  from space 512K, 97% used [0x00000000eb000000,0x00000000eb07c440,0x00000000eb080000)
  to   space 1024K, 0% used [0x00000000eaf00000,0x00000000eaf00000,0x00000000eb000000)
 ParOldGen       total 597504K, used 597487K [0x00000000c0000000, 0x00000000e4780000, 0x00000000eab00000)
  object space 597504K, 99% used [0x00000000c0000000,0x00000000e477bcd0,0x00000000e4780000)
 Metaspace       used 67955K, committed 69504K, reserved 1114112K
  class space    used 7122K, committed 7808K, reserved 1048576K
}
Event: 29.979 GC heap before
{Heap before GC invocations=768 (full 3):
 PSYoungGen      total 4608K, used 4593K [0x00000000eab00000, 0x00000000eb080000, 0x0000000100000000)
  eden space 4096K, 100% used [0x00000000eab00000,0x00000000eaf00000,0x00000000eaf00000)
  from space 512K, 97% used [0x00000000eb000000,0x00000000eb07c440,0x00000000eb080000)
  to   space 1024K, 0% used [0x00000000eaf00000,0x00000000eaf00000,0x00000000eb000000)
 ParOldGen       total 597504K, used 597487K [0x00000000c0000000, 0x00000000e4780000, 0x00000000eab00000)
  object space 597504K, 99% used [0x00000000c0000000,0x00000000e477bcd0,0x00000000e4780000)
 Metaspace       used 67955K, committed 69504K, reserved 1114112K
  class space    used 7122K, committed 7808K, reserved 1048576K
}
Event: 29.981 GC heap after
{Heap after GC invocations=768 (full 3):
 PSYoungGen      total 4608K, used 4593K [0x00000000eab00000, 0x00000000eb080000, 0x0000000100000000)
  eden space 4096K, 100% used [0x00000000eab00000,0x00000000eaf00000,0x00000000eaf00000)
  from space 512K, 97% used [0x00000000eb000000,0x00000000eb07c440,0x00000000eb080000)
  to   space 1024K, 98% used [0x00000000eaf00000,0x00000000eaffd1b8,0x00000000eb000000)
 ParOldGen       total 598016K, used 597679K [0x00000000c0000000, 0x00000000e4800000, 0x00000000eab00000)
  object space 598016K, 99% used [0x00000000c0000000,0x00000000e47abcd0,0x00000000e4800000)
 Metaspace       used 67955K, committed 69504K, reserved 1114112K
  class space    used 7122K, committed 7808K, reserved 1048576K
}
Event: 29.981 GC heap before
{Heap before GC invocations=769 (full 4):
 PSYoungGen      total 4608K, used 4593K [0x00000000eab00000, 0x00000000eb080000, 0x0000000100000000)
  eden space 4096K, 100% used [0x00000000eab00000,0x00000000eaf00000,0x00000000eaf00000)
  from space 512K, 97% used [0x00000000eb000000,0x00000000eb07c440,0x00000000eb080000)
  to   space 1024K, 98% used [0x00000000eaf00000,0x00000000eaffd1b8,0x00000000eb000000)
 ParOldGen       total 598016K, used 597679K [0x00000000c0000000, 0x00000000e4800000, 0x00000000eab00000)
  object space 598016K, 99% used [0x00000000c0000000,0x00000000e47abcd0,0x00000000e4800000)
 Metaspace       used 67955K, committed 69504K, reserved 1114112K
  class space    used 7122K, committed 7808K, reserved 1048576K
}

Dll operation events (12 events):
Event: 0.012 Loaded shared library c:\Users\ponce\.vscode\extensions\redhat.java-1.42.0-win32-x64\jre\21.0.7-win32-x86_64\bin\java.dll
Event: 0.091 Loaded shared library c:\Users\ponce\.vscode\extensions\redhat.java-1.42.0-win32-x64\jre\21.0.7-win32-x86_64\bin\zip.dll
Event: 0.114 Loaded shared library C:\Users\ponce\.vscode\extensions\redhat.java-1.42.0-win32-x64\jre\21.0.7-win32-x86_64\bin\instrument.dll
Event: 0.119 Loaded shared library C:\Users\ponce\.vscode\extensions\redhat.java-1.42.0-win32-x64\jre\21.0.7-win32-x86_64\bin\net.dll
Event: 0.122 Loaded shared library C:\Users\ponce\.vscode\extensions\redhat.java-1.42.0-win32-x64\jre\21.0.7-win32-x86_64\bin\nio.dll
Event: 0.130 Loaded shared library C:\Users\ponce\.vscode\extensions\redhat.java-1.42.0-win32-x64\jre\21.0.7-win32-x86_64\bin\zip.dll
Event: 0.154 Loaded shared library C:\Users\ponce\.vscode\extensions\redhat.java-1.42.0-win32-x64\jre\21.0.7-win32-x86_64\bin\jimage.dll
Event: 0.246 Loaded shared library c:\Users\ponce\.vscode\extensions\redhat.java-1.42.0-win32-x64\jre\21.0.7-win32-x86_64\bin\verify.dll
Event: 1.578 Loaded shared library C:\Users\ponce\AppData\Roaming\Code\User\globalStorage\redhat.java\1.42.0\config_win\org.eclipse.equinox.launcher\org.eclipse.equinox.launcher.win32.win32.x86_64_1.2.1300.v20250331-1702\eclipse_11911.dll
Event: 3.926 Loaded shared library C:\Users\ponce\AppData\Local\Temp\jna-106850033\jna12100527136235979223.dll
Event: 6.319 Loaded shared library C:\Users\ponce\.vscode\extensions\redhat.java-1.42.0-win32-x64\jre\21.0.7-win32-x86_64\bin\sunmscapi.dll
Event: 6.676 Loaded shared library C:\Users\ponce\.vscode\extensions\redhat.java-1.42.0-win32-x64\jre\21.0.7-win32-x86_64\bin\extnet.dll

Deoptimization events (20 events):
Event: 29.270 Thread 0x000001b4f6470670 Uncommon trap: trap_request=0xffffff45 fr.pc=0x000001b4e684dffc relative=0x000000000000083c
Event: 29.270 Thread 0x000001b4f6470670 Uncommon trap: reason=unstable_if action=reinterpret pc=0x000001b4e684dffc method=org.eclipse.jdt.internal.compiler.parser.Scanner.internalScanIdentifierOrKeyword(II[C)Lorg/eclipse/jdt/internal/compiler/parser/TerminalToken; @ 237 c2
Event: 29.270 Thread 0x000001b4f6470670 DEOPT PACKING pc=0x000001b4e684dffc sp=0x0000003f1f3fed70
Event: 29.270 Thread 0x000001b4f6470670 DEOPT UNPACKING pc=0x000001b4e5be6da2 sp=0x0000003f1f3fecf0 mode 2
Event: 29.335 Thread 0x000001b4f6470670 DEOPT PACKING pc=0x000001b4dfd094d9 sp=0x0000003f1f3fea20
Event: 29.335 Thread 0x000001b4f6470670 DEOPT UNPACKING pc=0x000001b4e5be78e2 sp=0x0000003f1f3fdf18 mode 0
Event: 29.561 Thread 0x000001b4f6470670 DEOPT PACKING pc=0x000001b4de7c4fed sp=0x0000003f1f3fec60
Event: 29.561 Thread 0x000001b4f6470670 DEOPT UNPACKING pc=0x000001b4e5be78e2 sp=0x0000003f1f3fe150 mode 0
Event: 29.570 Thread 0x000001b4f6470670 Uncommon trap: trap_request=0xffffff45 fr.pc=0x000001b4e68914f4 relative=0x0000000000001fb4
Event: 29.570 Thread 0x000001b4f6470670 Uncommon trap: reason=unstable_if action=reinterpret pc=0x000001b4e68914f4 method=org.eclipse.jdt.internal.compiler.parser.Scanner.internalScanIdentifierOrKeyword(II[C)Lorg/eclipse/jdt/internal/compiler/parser/TerminalToken; @ 2328 c2
Event: 29.570 Thread 0x000001b4f6470670 DEOPT PACKING pc=0x000001b4e68914f4 sp=0x0000003f1f3fed70
Event: 29.570 Thread 0x000001b4f6470670 DEOPT UNPACKING pc=0x000001b4e5be6da2 sp=0x0000003f1f3fecf0 mode 2
Event: 29.769 Thread 0x000001b4f6470670 DEOPT PACKING pc=0x000001b4dfd3344e sp=0x0000003f1f3fe790
Event: 29.769 Thread 0x000001b4f6470670 DEOPT UNPACKING pc=0x000001b4e5be78e2 sp=0x0000003f1f3fdd10 mode 0
Event: 29.782 Thread 0x000001b4f6470670 Uncommon trap: trap_request=0xffffff45 fr.pc=0x000001b4e687eb64 relative=0x0000000000001204
Event: 29.782 Thread 0x000001b4f6470670 Uncommon trap: reason=unstable_if action=reinterpret pc=0x000001b4e687eb64 method=org.eclipse.jdt.internal.compiler.classfmt.AnnotationInfo.decodeDefaultValue()Ljava/lang/Object; @ 24 c2
Event: 29.782 Thread 0x000001b4f6470670 DEOPT PACKING pc=0x000001b4e687eb64 sp=0x0000003f1f3fea20
Event: 29.782 Thread 0x000001b4f6470670 DEOPT UNPACKING pc=0x000001b4e5be6da2 sp=0x0000003f1f3fe9c0 mode 2
Event: 29.934 Thread 0x000001b4f6470670 DEOPT PACKING pc=0x000001b4dfe2e848 sp=0x0000003f1f3feb40
Event: 29.934 Thread 0x000001b4f6470670 DEOPT UNPACKING pc=0x000001b4e5be78e2 sp=0x0000003f1f3fe158 mode 0

Classes loaded (20 events):
Event: 20.332 Loading class java/util/concurrent/CompletableFuture$Signaller
Event: 20.333 Loading class java/util/concurrent/CompletableFuture$Signaller done
Event: 20.611 Loading class jdk/internal/module/IllegalAccessLogger
Event: 20.611 Loading class jdk/internal/module/IllegalAccessLogger done
Event: 20.915 Loading class java/nio/charset/CharacterCodingException
Event: 20.915 Loading class java/nio/charset/CharacterCodingException done
Event: 20.915 Loading class java/io/SequenceInputStream
Event: 20.916 Loading class java/io/SequenceInputStream done
Event: 20.929 Loading class org/xml/sax/SAXNotRecognizedException
Event: 20.929 Loading class org/xml/sax/SAXNotRecognizedException done
Event: 20.929 Loading class org/xml/sax/SAXNotSupportedException
Event: 20.929 Loading class org/xml/sax/SAXNotSupportedException done
Event: 20.931 Loading class com/sun/org/apache/xerces/internal/util/URI
Event: 20.932 Loading class com/sun/org/apache/xerces/internal/util/URI done
Event: 20.935 Loading class com/sun/org/apache/xerces/internal/xni/XNIException
Event: 20.935 Loading class com/sun/org/apache/xerces/internal/xni/XNIException done
Event: 20.935 Loading class com/sun/org/apache/xerces/internal/xni/parser/XMLParseException
Event: 20.935 Loading class com/sun/org/apache/xerces/internal/xni/parser/XMLParseException done
Event: 22.749 Loading class sun/nio/fs/WindowsFileCopy
Event: 22.752 Loading class sun/nio/fs/WindowsFileCopy done

Classes unloaded (7 events):
Event: 4.556 Thread 0x000001b4db5157c0 Unloading class 0x000001b4811a5400 'java/lang/invoke/LambdaForm$MH+0x000001b4811a5400'
Event: 4.556 Thread 0x000001b4db5157c0 Unloading class 0x000001b4811a5000 'java/lang/invoke/LambdaForm$MH+0x000001b4811a5000'
Event: 4.556 Thread 0x000001b4db5157c0 Unloading class 0x000001b4811a4c00 'java/lang/invoke/LambdaForm$MH+0x000001b4811a4c00'
Event: 4.556 Thread 0x000001b4db5157c0 Unloading class 0x000001b4811a4800 'java/lang/invoke/LambdaForm$MH+0x000001b4811a4800'
Event: 4.556 Thread 0x000001b4db5157c0 Unloading class 0x000001b4811a4400 'java/lang/invoke/LambdaForm$BMH+0x000001b4811a4400'
Event: 4.556 Thread 0x000001b4db5157c0 Unloading class 0x000001b4811a4000 'java/lang/invoke/LambdaForm$DMH+0x000001b4811a4000'
Event: 4.556 Thread 0x000001b4db5157c0 Unloading class 0x000001b4811a2c00 'java/lang/invoke/LambdaForm$DMH+0x000001b4811a2c00'

Classes redefined (0 events):
No events

Internal exceptions (20 events):
Event: 26.824 Thread 0x000001b4f6470670 Exception <a 'sun/nio/fs/WindowsException'{0x00000000eabb1cf8}> (0x00000000eabb1cf8) 
thrown [s\src\hotspot\share\prims\jni.cpp, line 520]
Event: 26.830 Thread 0x000001b4f6470670 Exception <a 'sun/nio/fs/WindowsException'{0x00000000eabca5a8}> (0x00000000eabca5a8) 
thrown [s\src\hotspot\share\prims\jni.cpp, line 520]
Event: 26.869 Thread 0x000001b4f6470670 Exception <a 'sun/nio/fs/WindowsException'{0x00000000eac1c550}> (0x00000000eac1c550) 
thrown [s\src\hotspot\share\prims\jni.cpp, line 520]
Event: 26.931 Thread 0x000001b4f6470670 Exception <a 'sun/nio/fs/WindowsException'{0x00000000eab77f20}> (0x00000000eab77f20) 
thrown [s\src\hotspot\share\prims\jni.cpp, line 520]
Event: 28.622 Thread 0x000001b4f6470670 Exception <a 'sun/nio/fs/WindowsException'{0x00000000eabe9760}> (0x00000000eabe9760) 
thrown [s\src\hotspot\share\prims\jni.cpp, line 520]
Event: 28.661 Thread 0x000001b4f6470670 Exception <a 'sun/nio/fs/WindowsException'{0x00000000ead2f3c8}> (0x00000000ead2f3c8) 
thrown [s\src\hotspot\share\prims\jni.cpp, line 520]
Event: 28.679 Thread 0x000001b4f6470670 Exception <a 'sun/nio/fs/WindowsException'{0x00000000eab5d040}> (0x00000000eab5d040) 
thrown [s\src\hotspot\share\prims\jni.cpp, line 520]
Event: 28.707 Thread 0x000001b4f6470670 Exception <a 'sun/nio/fs/WindowsException'{0x00000000eaba8af8}> (0x00000000eaba8af8) 
thrown [s\src\hotspot\share\prims\jni.cpp, line 520]
Event: 28.732 Thread 0x000001b4f6470670 Exception <a 'sun/nio/fs/WindowsException'{0x00000000eabed390}> (0x00000000eabed390) 
thrown [s\src\hotspot\share\prims\jni.cpp, line 520]
Event: 28.783 Thread 0x000001b4f6470670 Exception <a 'sun/nio/fs/WindowsException'{0x00000000eac1b7e0}> (0x00000000eac1b7e0) 
thrown [s\src\hotspot\share\prims\jni.cpp, line 520]
Event: 28.814 Thread 0x000001b4f6470670 Exception <a 'sun/nio/fs/WindowsException'{0x00000000eabe0c90}> (0x00000000eabe0c90) 
thrown [s\src\hotspot\share\prims\jni.cpp, line 520]
Event: 29.449 Thread 0x000001b4f6470670 Exception <a 'sun/nio/fs/WindowsException'{0x00000000eac82198}> (0x00000000eac82198) 
thrown [s\src\hotspot\share\prims\jni.cpp, line 520]
Event: 29.560 Thread 0x000001b4f6470670 Exception <a 'sun/nio/fs/WindowsException'{0x00000000eab324b8}> (0x00000000eab324b8) 
thrown [s\src\hotspot\share\prims\jni.cpp, line 520]
Event: 29.608 Thread 0x000001b4f6470670 Exception <a 'sun/nio/fs/WindowsException'{0x00000000eafa07c8}> (0x00000000eafa07c8) 
thrown [s\src\hotspot\share\prims\jni.cpp, line 520]
Event: 29.677 Thread 0x000001b4f6470670 Exception <a 'sun/nio/fs/WindowsException'{0x00000000eab47af8}> (0x00000000eab47af8) 
thrown [s\src\hotspot\share\prims\jni.cpp, line 520]
Event: 29.699 Thread 0x000001b4f6470670 Exception <a 'sun/nio/fs/WindowsException'{0x00000000eaddca00}> (0x00000000eaddca00) 
thrown [s\src\hotspot\share\prims\jni.cpp, line 520]
Event: 29.717 Thread 0x000001b4f6470670 Exception <a 'sun/nio/fs/WindowsException'{0x00000000eaee0e50}> (0x00000000eaee0e50) 
thrown [s\src\hotspot\share\prims\jni.cpp, line 520]
Event: 29.727 Thread 0x000001b4f6470670 Exception <a 'sun/nio/fs/WindowsException'{0x00000000eaf22ff0}> (0x00000000eaf22ff0) 
thrown [s\src\hotspot\share\prims\jni.cpp, line 520]
Event: 29.769 Thread 0x000001b4f6470670 Exception <a 'sun/nio/fs/WindowsException'{0x00000000eaf94c28}> (0x00000000eaf94c28) 
thrown [s\src\hotspot\share\prims\jni.cpp, line 520]
Event: 29.968 Thread 0x000001b4f6470670 Exception <a 'sun/nio/fs/WindowsException'{0x00000000eacfb198}> (0x00000000eacfb198) 
thrown [s\src\hotspot\share\prims\jni.cpp, line 520]

ZGC Phase Switch (0 events):
No events

VM Operations (20 events):
Event: 29.830 Executing VM operation: ParallelGCFailedAllocation (Allocation Failure) done
Event: 29.837 Executing VM operation: ParallelGCFailedAllocation (Allocation Failure)
Event: 29.841 Executing VM operation: ParallelGCFailedAllocation (Allocation Failure) done
Event: 29.848 Executing VM operation: ParallelGCFailedAllocation (Allocation Failure)
Event: 29.850 Executing VM operation: ParallelGCFailedAllocation (Allocation Failure) done
Event: 29.857 Executing VM operation: ParallelGCFailedAllocation (Allocation Failure)
Event: 29.859 Executing VM operation: ParallelGCFailedAllocation (Allocation Failure) done
Event: 29.865 Executing VM operation: ParallelGCFailedAllocation (Allocation Failure)
Event: 29.867 Executing VM operation: ParallelGCFailedAllocation (Allocation Failure) done
Event: 29.875 Executing VM operation: ParallelGCFailedAllocation (Allocation Failure)
Event: 29.876 Executing VM operation: ParallelGCFailedAllocation (Allocation Failure) done
Event: 29.882 Executing VM operation: ParallelGCFailedAllocation (Allocation Failure)
Event: 29.884 Executing VM operation: ParallelGCFailedAllocation (Allocation Failure) done
Event: 29.893 Executing VM operation: ParallelGCFailedAllocation (Allocation Failure)
Event: 29.895 Executing VM operation: ParallelGCFailedAllocation (Allocation Failure) done
Event: 29.902 Executing VM operation: ParallelGCFailedAllocation (Allocation Failure)
Event: 29.904 Executing VM operation: ParallelGCFailedAllocation (Allocation Failure) done
Event: 29.927 Executing VM operation: ParallelGCFailedAllocation (Allocation Failure)
Event: 29.929 Executing VM operation: ParallelGCFailedAllocation (Allocation Failure) done
Event: 29.979 Executing VM operation: ParallelGCFailedAllocation (Allocation Failure)

Memory protections (0 events):
No events

Nmethod flushes (20 events):
Event: 10.289 Thread 0x000001b4db5157c0 flushing  nmethod 0x000001b4def92e10
Event: 10.289 Thread 0x000001b4db5157c0 flushing  nmethod 0x000001b4def95390
Event: 10.289 Thread 0x000001b4db5157c0 flushing  nmethod 0x000001b4def96990
Event: 10.289 Thread 0x000001b4db5157c0 flushing  nmethod 0x000001b4def97d90
Event: 10.289 Thread 0x000001b4db5157c0 flushing  nmethod 0x000001b4def98890
Event: 10.289 Thread 0x000001b4db5157c0 flushing  nmethod 0x000001b4def9ed90
Event: 10.289 Thread 0x000001b4db5157c0 flushing  nmethod 0x000001b4def9f210
Event: 10.289 Thread 0x000001b4db5157c0 flushing  nmethod 0x000001b4def9f710
Event: 10.289 Thread 0x000001b4db5157c0 flushing  nmethod 0x000001b4def9fe10
Event: 10.289 Thread 0x000001b4db5157c0 flushing  nmethod 0x000001b4defa0210
Event: 10.289 Thread 0x000001b4db5157c0 flushing  nmethod 0x000001b4defa0590
Event: 10.289 Thread 0x000001b4db5157c0 flushing  nmethod 0x000001b4defa0b10
Event: 10.289 Thread 0x000001b4db5157c0 flushing  nmethod 0x000001b4defa0f10
Event: 10.289 Thread 0x000001b4db5157c0 flushing  nmethod 0x000001b4defa1490
Event: 10.289 Thread 0x000001b4db5157c0 flushing  nmethod 0x000001b4defa1f90
Event: 10.289 Thread 0x000001b4db5157c0 flushing  nmethod 0x000001b4defa4e10
Event: 10.289 Thread 0x000001b4db5157c0 flushing  nmethod 0x000001b4defaa790
Event: 10.289 Thread 0x000001b4db5157c0 flushing  nmethod 0x000001b4defaca10
Event: 10.289 Thread 0x000001b4db5157c0 flushing  nmethod 0x000001b4defad890
Event: 10.289 Thread 0x000001b4db5157c0 flushing  nmethod 0x000001b4defade90

Events (20 events):
Event: 17.150 Thread 0x000001b4f646d1f0 Thread added: 0x000001b4f97fad70
Event: 17.153 Thread 0x000001b4f646d1f0 Thread added: 0x000001b4f97fb400
Event: 17.153 Thread 0x000001b4f646d1f0 Thread added: 0x000001b4f97f4470
Event: 18.084 Thread 0x000001b4f97f6540 Thread exited: 0x000001b4f97f6540
Event: 18.084 Thread 0x000001b4f97fad70 Thread exited: 0x000001b4f97fad70
Event: 18.084 Thread 0x000001b4f97fa6e0 Thread exited: 0x000001b4f97fa6e0
Event: 18.084 Thread 0x000001b4f97f4470 Thread exited: 0x000001b4f97f4470
Event: 18.084 Thread 0x000001b4f97fb400 Thread exited: 0x000001b4f97fb400
Event: 18.584 Thread 0x000001b4f646d1f0 Thread added: 0x000001b4f60068c0
Event: 18.584 Thread 0x000001b4f646d1f0 Thread added: 0x000001b4f6004e80
Event: 18.584 Thread 0x000001b4f646d1f0 Thread added: 0x000001b4f6003ad0
Event: 18.584 Thread 0x000001b4f646d1f0 Thread added: 0x000001b4f6005510
Event: 18.584 Thread 0x000001b4f646d1f0 Thread added: 0x000001b4f6001370
Event: 18.694 Thread 0x000001b4f6004e80 Thread exited: 0x000001b4f6004e80
Event: 18.694 Thread 0x000001b4f6003ad0 Thread exited: 0x000001b4f6003ad0
Event: 18.694 Thread 0x000001b4f6005510 Thread exited: 0x000001b4f6005510
Event: 18.694 Thread 0x000001b4f60068c0 Thread exited: 0x000001b4f60068c0
Event: 18.694 Thread 0x000001b4f6001370 Thread exited: 0x000001b4f6001370
Event: 20.166 Thread 0x000001b4f7eabd10 Thread exited: 0x000001b4f7eabd10
Event: 24.530 Thread 0x000001b4f97f78f0 Thread exited: 0x000001b4f97f78f0


Dynamic libraries:
0x00007ff685f60000 - 0x00007ff685f6e000 	c:\Users\ponce\.vscode\extensions\redhat.java-1.42.0-win32-x64\jre\21.0.7-win32-x86_64\bin\java.exe
0x00007ff9437b0000 - 0x00007ff9439c7000 	C:\WINDOWS\SYSTEM32\ntdll.dll
0x00007ff9415d0000 - 0x00007ff941694000 	C:\WINDOWS\System32\KERNEL32.DLL
0x00007ff9409d0000 - 0x00007ff940da2000 	C:\WINDOWS\System32\KERNELBASE.dll
0x00007ff939730000 - 0x00007ff9397c8000 	C:\WINDOWS\SYSTEM32\apphelp.dll
0x00007ff940ed0000 - 0x00007ff940fe1000 	C:\WINDOWS\System32\ucrtbase.dll
0x00007ff8f6000000 - 0x00007ff8f601e000 	c:\Users\ponce\.vscode\extensions\redhat.java-1.42.0-win32-x64\jre\21.0.7-win32-x86_64\bin\VCRUNTIME140.dll
0x00007ff8f76e0000 - 0x00007ff8f76f8000 	c:\Users\ponce\.vscode\extensions\redhat.java-1.42.0-win32-x64\jre\21.0.7-win32-x86_64\bin\jli.dll
0x00007ff942ca0000 - 0x00007ff942e51000 	C:\WINDOWS\System32\USER32.dll
0x00007ff941360000 - 0x00007ff941386000 	C:\WINDOWS\System32\win32u.dll
0x00007ff92e550000 - 0x00007ff92e7eb000 	C:\WINDOWS\WinSxS\amd64_microsoft.windows.common-controls_6595b64144ccf1df_6.0.22621.5415_none_270d77d17387d7da\COMCTL32.dll
0x00007ff941440000 - 0x00007ff9414e7000 	C:\WINDOWS\System32\msvcrt.dll
0x00007ff942ef0000 - 0x00007ff942f19000 	C:\WINDOWS\System32\GDI32.dll
0x00007ff9408a0000 - 0x00007ff9409c3000 	C:\WINDOWS\System32\gdi32full.dll
0x00007ff940db0000 - 0x00007ff940e4a000 	C:\WINDOWS\System32\msvcp_win.dll
0x00007ff9422a0000 - 0x00007ff9422d1000 	C:\WINDOWS\System32\IMM32.DLL
0x00007ff922c40000 - 0x00007ff922c4c000 	c:\Users\ponce\.vscode\extensions\redhat.java-1.42.0-win32-x64\jre\21.0.7-win32-x86_64\bin\vcruntime140_1.dll
0x00007ff8ee410000 - 0x00007ff8ee49d000 	c:\Users\ponce\.vscode\extensions\redhat.java-1.42.0-win32-x64\jre\21.0.7-win32-x86_64\bin\msvcp140.dll
0x00007ff8ed680000 - 0x00007ff8ee410000 	c:\Users\ponce\.vscode\extensions\redhat.java-1.42.0-win32-x64\jre\21.0.7-win32-x86_64\bin\server\jvm.dll
0x00007ff9431e0000 - 0x00007ff943291000 	C:\WINDOWS\System32\ADVAPI32.dll
0x00007ff941a20000 - 0x00007ff941ac8000 	C:\WINDOWS\System32\sechost.dll
0x00007ff941410000 - 0x00007ff941438000 	C:\WINDOWS\System32\bcrypt.dll
0x00007ff9417d0000 - 0x00007ff9418e4000 	C:\WINDOWS\System32\RPCRT4.dll
0x00007ff9436f0000 - 0x00007ff943761000 	C:\WINDOWS\System32\WS2_32.dll
0x00007ff940780000 - 0x00007ff9407cd000 	C:\WINDOWS\SYSTEM32\POWRPROF.dll
0x00007ff939a50000 - 0x00007ff939a5a000 	C:\WINDOWS\SYSTEM32\VERSION.dll
0x00007ff939020000 - 0x00007ff939054000 	C:\WINDOWS\SYSTEM32\WINMM.dll
0x00007ff940760000 - 0x00007ff940773000 	C:\WINDOWS\SYSTEM32\UMPDC.dll
0x00007ff93f890000 - 0x00007ff93f8a8000 	C:\WINDOWS\SYSTEM32\kernel.appcore.dll
0x00007ff9205e0000 - 0x00007ff9205ea000 	c:\Users\ponce\.vscode\extensions\redhat.java-1.42.0-win32-x64\jre\21.0.7-win32-x86_64\bin\jimage.dll
0x00007ff93e440000 - 0x00007ff93e673000 	C:\WINDOWS\SYSTEM32\DBGHELP.DLL
0x00007ff943350000 - 0x00007ff9436e3000 	C:\WINDOWS\System32\combase.dll
0x00007ff9414f0000 - 0x00007ff9415c7000 	C:\WINDOWS\System32\OLEAUT32.dll
0x00007ff936e70000 - 0x00007ff936ea2000 	C:\WINDOWS\SYSTEM32\dbgcore.DLL
0x00007ff941390000 - 0x00007ff94140b000 	C:\WINDOWS\System32\bcryptPrimitives.dll
0x00007ff9205a0000 - 0x00007ff9205af000 	c:\Users\ponce\.vscode\extensions\redhat.java-1.42.0-win32-x64\jre\21.0.7-win32-x86_64\bin\instrument.dll
0x00007ff8f5c80000 - 0x00007ff8f5c9f000 	c:\Users\ponce\.vscode\extensions\redhat.java-1.42.0-win32-x64\jre\21.0.7-win32-x86_64\bin\java.dll
0x00007ff9422e0000 - 0x00007ff942b82000 	C:\WINDOWS\System32\SHELL32.dll
0x00007ff940ff0000 - 0x00007ff94112f000 	C:\WINDOWS\System32\wintypes.dll
0x00007ff93e780000 - 0x00007ff93f09e000 	C:\WINDOWS\SYSTEM32\windows.storage.dll
0x00007ff9416c0000 - 0x00007ff9417cb000 	C:\WINDOWS\System32\SHCORE.dll
0x00007ff9419b0000 - 0x00007ff941a19000 	C:\WINDOWS\System32\shlwapi.dll
0x00007ff9407d0000 - 0x00007ff9407fb000 	C:\WINDOWS\SYSTEM32\profapi.dll
0x00007ff8f5c60000 - 0x00007ff8f5c78000 	c:\Users\ponce\.vscode\extensions\redhat.java-1.42.0-win32-x64\jre\21.0.7-win32-x86_64\bin\zip.dll
0x00007ff919c00000 - 0x00007ff919c10000 	C:\Users\ponce\.vscode\extensions\redhat.java-1.42.0-win32-x64\jre\21.0.7-win32-x86_64\bin\net.dll
0x00007ff93a6e0000 - 0x00007ff93a80c000 	C:\WINDOWS\SYSTEM32\WINHTTP.dll
0x00007ff93fd00000 - 0x00007ff93fd69000 	C:\WINDOWS\system32\mswsock.dll
0x00007ff8f5c00000 - 0x00007ff8f5c16000 	C:\Users\ponce\.vscode\extensions\redhat.java-1.42.0-win32-x64\jre\21.0.7-win32-x86_64\bin\nio.dll
0x00007ff913ba0000 - 0x00007ff913bb0000 	c:\Users\ponce\.vscode\extensions\redhat.java-1.42.0-win32-x64\jre\21.0.7-win32-x86_64\bin\verify.dll
0x00007ff8ec8e0000 - 0x00007ff8ec925000 	C:\Users\ponce\AppData\Roaming\Code\User\globalStorage\redhat.java\1.42.0\config_win\org.eclipse.equinox.launcher\org.eclipse.equinox.launcher.win32.win32.x86_64_1.2.1300.v20250331-1702\eclipse_11911.dll
0x00007ff942fd0000 - 0x00007ff943170000 	C:\WINDOWS\System32\ole32.dll
0x00007ff93fff0000 - 0x00007ff94000b000 	C:\WINDOWS\SYSTEM32\CRYPTSP.dll
0x00007ff93f7f0000 - 0x00007ff93f827000 	C:\WINDOWS\system32\rsaenh.dll
0x00007ff93fda0000 - 0x00007ff93fdc8000 	C:\WINDOWS\SYSTEM32\USERENV.dll
0x00007ff93ff00000 - 0x00007ff93ff0c000 	C:\WINDOWS\SYSTEM32\CRYPTBASE.dll
0x00007ff93f340000 - 0x00007ff93f36d000 	C:\WINDOWS\SYSTEM32\IPHLPAPI.DLL
0x00007ff9420c0000 - 0x00007ff9420c9000 	C:\WINDOWS\System32\NSI.dll
0x00007ff922fd0000 - 0x00007ff923019000 	C:\Users\ponce\AppData\Local\Temp\jna-106850033\jna12100527136235979223.dll
0x00007ff941ad0000 - 0x00007ff941ad8000 	C:\WINDOWS\System32\PSAPI.DLL
0x00007ff939910000 - 0x00007ff939929000 	C:\WINDOWS\SYSTEM32\dhcpcsvc6.DLL
0x00007ff9397d0000 - 0x00007ff9397ef000 	C:\WINDOWS\SYSTEM32\dhcpcsvc.DLL
0x00007ff939430000 - 0x00007ff93943e000 	C:\Users\ponce\.vscode\extensions\redhat.java-1.42.0-win32-x64\jre\21.0.7-win32-x86_64\bin\sunmscapi.dll
0x00007ff941130000 - 0x00007ff941297000 	C:\WINDOWS\System32\CRYPT32.dll
0x00007ff940140000 - 0x00007ff94016d000 	C:\WINDOWS\SYSTEM32\ncrypt.dll
0x00007ff940100000 - 0x00007ff940137000 	C:\WINDOWS\SYSTEM32\NTASN1.dll
0x00007ff93f370000 - 0x00007ff93f468000 	C:\WINDOWS\SYSTEM32\DNSAPI.dll
0x00007ff939a40000 - 0x00007ff939a4a000 	C:\Windows\System32\rasadhlp.dll
0x00007ff937430000 - 0x00007ff9374b4000 	C:\WINDOWS\System32\fwpuclnt.dll
0x00007ff936140000 - 0x00007ff936149000 	C:\Users\ponce\.vscode\extensions\redhat.java-1.42.0-win32-x64\jre\21.0.7-win32-x86_64\bin\extnet.dll

dbghelp: loaded successfully - version: 4.0.5 - missing functions: none
symbol engine: initialized successfully - sym options: 0x614 - pdb path: .;c:\Users\ponce\.vscode\extensions\redhat.java-1.42.0-win32-x64\jre\21.0.7-win32-x86_64\bin;C:\WINDOWS\SYSTEM32;C:\WINDOWS\WinSxS\amd64_microsoft.windows.common-controls_6595b64144ccf1df_6.0.22621.5415_none_270d77d17387d7da;c:\Users\ponce\.vscode\extensions\redhat.java-1.42.0-win32-x64\jre\21.0.7-win32-x86_64\bin\server;C:\Users\ponce\AppData\Roaming\Code\User\globalStorage\redhat.java\1.42.0\config_win\org.eclipse.equinox.launcher\org.eclipse.equinox.launcher.win32.win32.x86_64_1.2.1300.v20250331-1702;C:\Users\ponce\AppData\Local\Temp\jna-106850033

VM Arguments:
jvm_args: --add-modules=ALL-SYSTEM --add-opens=java.base/java.util=ALL-UNNAMED --add-opens=java.base/java.lang=ALL-UNNAMED --add-opens=java.base/sun.nio.fs=ALL-UNNAMED -Declipse.application=org.eclipse.jdt.ls.core.id1 -Dosgi.bundles.defaultStartLevel=4 -Declipse.product=org.eclipse.jdt.ls.core.product -Djava.import.generatesMetadataFilesAtProjectRoot=false -DDetectVMInstallationsJob.disabled=true -Dfile.encoding=utf8 -XX:+UseParallelGC -XX:GCTimeRatio=4 -XX:AdaptiveSizePolicyWeight=90 -Dsun.zip.disableMemoryMapping=true -Xmx1G -Xms100m -Xlog:disable -javaagent:c:\Users\ponce\.vscode\extensions\redhat.java-1.42.0-win32-x64\lombok\lombok-1.18.36.jar -XX:+HeapDumpOnOutOfMemoryError -XX:HeapDumpPath=c:\Users\ponce\AppData\Roaming\Code\User\workspaceStorage\7b05408669fbdc286bbb96564c370e1f\redhat.java -Daether.dependencyCollector.impl=bf 
java_command: c:\Users\ponce\.vscode\extensions\redhat.java-1.42.0-win32-x64\server\plugins\org.eclipse.equinox.launcher_1.7.0.v20250424-1814.jar -configuration c:\Users\ponce\AppData\Roaming\Code\User\globalStorage\redhat.java\1.42.0\config_win -data c:\Users\ponce\AppData\Roaming\Code\User\workspaceStorage\7b05408669fbdc286bbb96564c370e1f\redhat.java\jdt_ws --pipe=\\.\pipe\lsp-ac8cb2e35c3fdde4c74b36483fae9be4-sock
java_class_path (initial): c:\Users\ponce\.vscode\extensions\redhat.java-1.42.0-win32-x64\server\plugins\org.eclipse.equinox.launcher_1.7.0.v20250424-1814.jar
Launcher Type: SUN_STANDARD

[Global flags]
    uintx AdaptiveSizePolicyWeight                 = 90                                        {product} {command line}
     intx CICompilerCount                          = 4                                         {product} {ergonomic}
    uintx GCTimeRatio                              = 4                                         {product} {command line}
     bool HeapDumpOnOutOfMemoryError               = true                                   {manageable} {command line}
    ccstr HeapDumpPath                             = c:\Users\ponce\AppData\Roaming\Code\User\workspaceStorage\7b05408669fbdc286bbb96564c370e1f\redhat.java         {manageable} {command line}
   size_t InitialHeapSize                          = 104857600                                 {product} {command line}
   size_t MaxHeapSize                              = 1073741824                                {product} {command line}
   size_t MaxNewSize                               = 357564416                                 {product} {ergonomic}
   size_t MinHeapDeltaBytes                        = 524288                                    {product} {ergonomic}
   size_t MinHeapSize                              = 104857600                                 {product} {command line}
   size_t NewSize                                  = 34603008                                  {product} {ergonomic}
    uintx NonNMethodCodeHeapSize                   = 5839372                                {pd product} {ergonomic}
    uintx NonProfiledCodeHeapSize                  = 122909434                              {pd product} {ergonomic}
   size_t OldSize                                  = 70254592                                  {product} {ergonomic}
    uintx ProfiledCodeHeapSize                     = 122909434                              {pd product} {ergonomic}
    uintx ReservedCodeCacheSize                    = 251658240                              {pd product} {ergonomic}
     bool SegmentedCodeCache                       = true                                      {product} {ergonomic}
   size_t SoftMaxHeapSize                          = 1073741824                             {manageable} {ergonomic}
     bool UseCompressedOops                        = true                           {product lp64_product} {ergonomic}
     bool UseLargePagesIndividualAllocation        = false                                  {pd product} {ergonomic}
     bool UseParallelGC                            = true                                      {product} {command line}

Logging:
Log output configuration:
 #0: stdout all=off uptime,level,tags foldmultilines=false
 #1: stderr all=off uptime,level,tags foldmultilines=false

Environment Variables:
PATH=C:\Program Files\Common Files\Oracle\Java\javapath;C:\WINDOWS\system32;C:\WINDOWS;C:\WINDOWS\System32\Wbem;C:\WINDOWS\System32\WindowsPowerShell\v1.0\;C:\WINDOWS\System32\OpenSSH\;D:\Progrmas\;D:\Progrmas\Xamp\php;C:\ProgramData\ComposerSetup\bin;C:\ProgramData\chocolatey\bin;D:\src\flutter\bin;D:\Program Files\Git\cmd;C:\Program Files\nodejs\;C:\Program Files\Microsoft SQL Server\150\Tools\Binn\;C:\Program Files\Microsoft SQL Server\Client SDK\ODBC\170\Tools\Binn\;C:\Program Files\dotnet\;C:\Program Files\OpenSSL-Win64\bin;C:\Program Files (x86)\Microsoft SQL Server\160\Tools\Binn\;C:\Program Files\Microsoft SQL Server\160\Tools\Binn\;C:\Program Files\Microsoft SQL Server\160\DTS\Binn\;C:\Program Files (x86)\Microsoft SQL Server\160\DTS\Binn\;D:\Program Files\mongodb\tools\bin;D:\mingw32\bin;D:\apache-maven-3.9.9\bin;;C:\Program Files\Docker\Docker\resources\bin;C:\Users\ponce\AppData\Local\Programs\Python\Python313\Scripts\;C:\Users\ponce\AppData\Local\Programs\Python\Python313\;C:\Users\ponce\AppData\Local\Microsoft\WindowsApps;C:\Users\ponce\AppData\Roaming\Composer\vendor\bin;C:\ProgramData\ComposerSetup\bin;D:\src\flutter\bin;C:\Users\ponce\AppData\Local\Programs\mongosh\;C:\Users\ponce\AppData\Roaming\npm;D:\Progrmas\Microsoft VS Code\bin;C:\Users\ponce\AppData\Local\Programs\oh-my-posh\bin;C:\Users\ponce\AppData\Local\GitHubDesktop\bin;C:\Users\ponce\.dotnet\tools;D:\Program Files\texstudio\miktex\bin\x64\
USERNAME=ponce
OS=Windows_NT
PROCESSOR_IDENTIFIER=Intel64 Family 6 Model 140 Stepping 1, GenuineIntel
TMP=C:\Users\ponce\AppData\Local\Temp
TEMP=C:\Users\ponce\AppData\Local\Temp




Periodic native trim disabled

---------------  S Y S T E M  ---------------

OS:
 Windows 11 , 64 bit Build 22621 (10.0.22621.5415)
OS uptime: 1 days 1:16 hours
Hyper-V role detected

CPU: total 8 (initial active 8) (4 cores per cpu, 2 threads per core) family 6 model 140 stepping 1 microcode 0x86, cx8, cmov, fxsr, ht, mmx, 3dnowpref, sse, sse2, sse3, ssse3, sse4.1, sse4.2, popcnt, lzcnt, tsc, tscinvbit, avx, avx2, aes, erms, clmul, bmi1, bmi2, adx, avx512f, avx512dq, avx512cd, avx512bw, avx512vl, sha, fma, vzeroupper, avx512_vpopcntdq, avx512_vpclmulqdq, avx512_vaes, avx512_vnni, clflush, clflushopt, clwb, avx512_vbmi2, avx512_vbmi, hv, rdtscp, rdpid, fsrm, gfni, avx512_bitalg, f16c, cet_ibt, cet_ss, avx512_ifma
Processor Information for the first 8 processors :
  Max Mhz: 1997, Current Mhz: 1997, Mhz Limit: 1997

Memory: 4k page, system-wide physical 7886M (249M free)
TotalPageFile size 14577M (AvailPageFile size 1M)
current process WorkingSet (physical memory assigned to process): 824M, peak: 824M
current process commit charge ("private bytes"): 851M, peak: 950M

vm_info: OpenJDK 64-Bit Server VM (21.0.7+6-LTS) for windows-amd64 JRE (21.0.7+6-LTS), built on 2025-04-15T00:00:00Z by "admin" with MS VC++ 17.7 (VS2022)

END.
