#
# There is insufficient memory for the Java Runtime Environment to continue.
# Native memory allocation (malloc) failed to allocate 1711856 bytes. Error detail: Chunk::new
# Possible reasons:
#   The system is out of physical RAM or swap space
#   This process is running with CompressedOops enabled, and the Java Heap may be blocking the growth of the native heap
# Possible solutions:
#   Reduce memory load on the system
#   Increase physical memory or swap space
#   Check if swap backing store is full
#   Decrease Java heap size (-Xmx/-Xms)
#   Decrease number of Java threads
#   Decrease Java thread stack sizes (-Xss)
#   Set larger code cache with -XX:ReservedCodeCacheSize=
#   JVM is running with Unscaled Compressed Oops mode in which the Java heap is
#     placed in the first 4GB address space. The Java Heap base address is the
#     maximum limit for the native heap growth. Please use -XX:HeapBaseMinAddress
#     to set the Java Heap base and to place the Java Heap above 4GB virtual address.
# This output file may be truncated or incomplete.
#
#  Out of Memory Error (arena.cpp:168), pid=12960, tid=2432
#
# JRE version: OpenJDK Runtime Environment Temurin-21.0.7+6 (21.0.7+6) (build 21.0.7+6-LTS)
# Java VM: OpenJDK 64-Bit Server VM Temurin-21.0.7+6 (21.0.7+6-LTS, mixed mode, sharing, tiered, compressed oops, compressed class ptrs, parallel gc, windows-amd64)
# No core dump will be written. Minidumps are not enabled by default on client versions of Windows
#

---------------  S U M M A R Y ------------

Command Line: --add-modules=ALL-SYSTEM --add-opens=java.base/java.util=ALL-UNNAMED --add-opens=java.base/java.lang=ALL-UNNAMED --add-opens=java.base/sun.nio.fs=ALL-UNNAMED -Declipse.application=org.eclipse.jdt.ls.core.id1 -Dosgi.bundles.defaultStartLevel=4 -Declipse.product=org.eclipse.jdt.ls.core.product -Djava.import.generatesMetadataFilesAtProjectRoot=false -DDetectVMInstallationsJob.disabled=true -Dfile.encoding=utf8 -XX:+UseParallelGC -XX:GCTimeRatio=4 -XX:AdaptiveSizePolicyWeight=90 -Dsun.zip.disableMemoryMapping=true -Xmx1G -Xms100m -Xlog:disable -javaagent:c:\Users\ponce\.vscode\extensions\redhat.java-1.42.0-win32-x64\lombok\lombok-1.18.36.jar -XX:+HeapDumpOnOutOfMemoryError -XX:HeapDumpPath=c:\Users\ponce\AppData\Roaming\Code\User\workspaceStorage\65ac8c3de3f23d2bcb4ce7b7b7e9c127\redhat.java -Daether.dependencyCollector.impl=bf c:\Users\ponce\.vscode\extensions\redhat.java-1.42.0-win32-x64\server\plugins\org.eclipse.equinox.launcher_1.7.0.v20250424-1814.jar -configuration c:\Users\ponce\AppData\Roaming\Code\User\globalStorage\redhat.java\1.42.0\config_win -data c:\Users\ponce\AppData\Roaming\Code\User\workspaceStorage\65ac8c3de3f23d2bcb4ce7b7b7e9c127\redhat.java\jdt_ws --pipe=\\.\pipe\lsp-00c7d9ea1554343e296ebe78760b408a-sock

Host: 11th Gen Intel(R) Core(TM) i3-1125G4 @ 2.00GHz, 8 cores, 7G,  Windows 11 , 64 bit Build 22621 (10.0.22621.5415)
Time: Mon Jun 23 20:57:43 2025 Hora estándar central (México) elapsed time: 15.434789 seconds (0d 0h 0m 15s)

---------------  T H R E A D  ---------------

Current thread (0x0000022b8d7e9fa0):  JavaThread "C2 CompilerThread1" daemon [_thread_in_native, id=2432, stack(0x000000db06100000,0x000000db06200000) (1024K)]


Current CompileTask:
C2:15434 7806   !   4       org.eclipse.jdt.internal.core.search.indexing.BinaryIndexer::indexDocument (1168 bytes)

Stack: [0x000000db06100000,0x000000db06200000]
Native frames: (J=compiled Java code, j=interpreted, Vv=VM code, C=native code)
V  [jvm.dll+0x6ce119]
V  [jvm.dll+0x8a84a1]
V  [jvm.dll+0x8aa9ce]
V  [jvm.dll+0x8ab0b3]
V  [jvm.dll+0x27f8a6]
V  [jvm.dll+0xc507d]
V  [jvm.dll+0xc55b3]
V  [jvm.dll+0x3b68f2]
V  [jvm.dll+0x1dfe33]
V  [jvm.dll+0x247c42]
V  [jvm.dll+0x2470cf]
V  [jvm.dll+0x1c760e]
V  [jvm.dll+0x25695a]
V  [jvm.dll+0x254efa]
V  [jvm.dll+0x3f03f6]
V  [jvm.dll+0x851f6b]
V  [jvm.dll+0x6cc7dd]
C  [ucrtbase.dll+0x29333]
C  [KERNEL32.DLL+0x1259d]
C  [ntdll.dll+0x5af78]


---------------  P R O C E S S  ---------------

Threads class SMR info:
_java_thread_list=0x0000022b8eedf120, length=54, elements={
0x0000022b2f68f9b0, 0x0000022b2f73d3e0, 0x0000022b2f73e0b0, 0x0000022b45abf320,
0x0000022b45ac0060, 0x0000022b45ac0ff0, 0x0000022b45ac7020, 0x0000022b45acd940,
0x0000022b45ace5b0, 0x0000022b885f7280, 0x0000022b885f6bf0, 0x0000022b885f7910,
0x0000022b885f7fa0, 0x0000022b885fa070, 0x0000022b885f8630, 0x0000022b8d7e9fa0,
0x0000022b885f8cc0, 0x0000022b885f99e0, 0x0000022b8da21440, 0x0000022b8da1fa00,
0x0000022b8da20db0, 0x0000022b8da1f370, 0x0000022b8da1dfc0, 0x0000022b8f0963b0,
0x0000022b8da22160, 0x0000022b8da20720, 0x0000022b8da1ece0, 0x0000022b8da227f0,
0x0000022b8da22e80, 0x0000022b8da23510, 0x0000022b8da21ad0, 0x0000022b8da23ba0,
0x0000022b8da24230, 0x0000022b8da248c0, 0x0000022b8da24f50, 0x0000022b8da255e0,
0x0000022b8da1e650, 0x0000022b8da20090, 0x0000022b911e2d80, 0x0000022b911df900,
0x0000022b911e19d0, 0x0000022b911e2060, 0x0000022b911e0620, 0x0000022b911dd1a0,
0x0000022b911dd830, 0x0000022b911dff90, 0x0000022b911ddec0, 0x0000022b911e26f0,
0x0000022b911debe0, 0x0000022b911dbdf0, 0x0000022b911e0cb0, 0x0000022b911de550,
0x0000022b911e1340, 0x0000022b911df270
}

Java Threads: ( => current thread )
  0x0000022b2f68f9b0 JavaThread "main"                              [_thread_blocked, id=16776, stack(0x000000db05300000,0x000000db05400000) (1024K)]
  0x0000022b2f73d3e0 JavaThread "Reference Handler"          daemon [_thread_blocked, id=4912, stack(0x000000db05700000,0x000000db05800000) (1024K)]
  0x0000022b2f73e0b0 JavaThread "Finalizer"                  daemon [_thread_blocked, id=16712, stack(0x000000db05800000,0x000000db05900000) (1024K)]
  0x0000022b45abf320 JavaThread "Signal Dispatcher"          daemon [_thread_blocked, id=9676, stack(0x000000db05900000,0x000000db05a00000) (1024K)]
  0x0000022b45ac0060 JavaThread "Attach Listener"            daemon [_thread_blocked, id=2760, stack(0x000000db05a00000,0x000000db05b00000) (1024K)]
  0x0000022b45ac0ff0 JavaThread "Service Thread"             daemon [_thread_blocked, id=17220, stack(0x000000db05b00000,0x000000db05c00000) (1024K)]
  0x0000022b45ac7020 JavaThread "Monitor Deflation Thread"   daemon [_thread_blocked, id=15244, stack(0x000000db05c00000,0x000000db05d00000) (1024K)]
  0x0000022b45acd940 JavaThread "C2 CompilerThread0"         daemon [_thread_blocked, id=4596, stack(0x000000db05d00000,0x000000db05e00000) (1024K)]
  0x0000022b45ace5b0 JavaThread "C1 CompilerThread0"         daemon [_thread_blocked, id=13408, stack(0x000000db05e00000,0x000000db05f00000) (1024K)]
  0x0000022b885f7280 JavaThread "Common-Cleaner"             daemon [_thread_blocked, id=17916, stack(0x000000db05f00000,0x000000db06000000) (1024K)]
  0x0000022b885f6bf0 JavaThread "Notification Thread"        daemon [_thread_blocked, id=5276, stack(0x000000db06000000,0x000000db06100000) (1024K)]
  0x0000022b885f7910 JavaThread "Active Thread: Equinox Container: ded7d4d2-3772-404a-9cd1-9cb536ad7d6d"        [_thread_blocked, id=15556, stack(0x000000db06900000,0x000000db06a00000) (1024K)]
  0x0000022b885f7fa0 JavaThread "Refresh Thread: Equinox Container: ded7d4d2-3772-404a-9cd1-9cb536ad7d6d" daemon [_thread_blocked, id=8336, stack(0x000000db06a00000,0x000000db06b00000) (1024K)]
  0x0000022b885fa070 JavaThread "Framework Event Dispatcher: Equinox Container: ded7d4d2-3772-404a-9cd1-9cb536ad7d6d" daemon [_thread_blocked, id=2292, stack(0x000000db06800000,0x000000db06900000) (1024K)]
  0x0000022b885f8630 JavaThread "Start Level: Equinox Container: ded7d4d2-3772-404a-9cd1-9cb536ad7d6d" daemon [_thread_blocked, id=13640, stack(0x000000db06c00000,0x000000db06d00000) (1024K)]
=>0x0000022b8d7e9fa0 JavaThread "C2 CompilerThread1"         daemon [_thread_in_native, id=2432, stack(0x000000db06100000,0x000000db06200000) (1024K)]
  0x0000022b885f8cc0 JavaThread "Bundle File Closer"         daemon [_thread_blocked, id=14448, stack(0x000000db06e00000,0x000000db06f00000) (1024K)]
  0x0000022b885f99e0 JavaThread "SCR Component Actor"        daemon [_thread_blocked, id=4748, stack(0x000000db06f00000,0x000000db07000000) (1024K)]
  0x0000022b8da21440 JavaThread "Worker-JM"                         [_thread_blocked, id=13252, stack(0x000000db07100000,0x000000db07200000) (1024K)]
  0x0000022b8da1fa00 JavaThread "JNA Cleaner"                daemon [_thread_blocked, id=17608, stack(0x000000db06d00000,0x000000db06e00000) (1024K)]
  0x0000022b8da20db0 JavaThread "Worker-0: Building"                [_thread_in_vm, id=1412, stack(0x000000db07200000,0x000000db07300000) (1024K)]
  0x0000022b8da1f370 JavaThread "Worker-1"                          [_thread_blocked, id=5728, stack(0x000000db07300000,0x000000db07400000) (1024K)]
  0x0000022b8da1dfc0 JavaThread "Java indexing"              daemon [_thread_in_Java, id=18040, stack(0x000000db07400000,0x000000db07500000) (1024K)]
  0x0000022b8f0963b0 JavaThread "C2 CompilerThread2"         daemon [_thread_in_native, id=13076, stack(0x000000db07500000,0x000000db07600000) (1024K)]
  0x0000022b8da22160 JavaThread "Worker-2: Java indexing... "        [_thread_blocked, id=11084, stack(0x000000db07600000,0x000000db07700000) (1024K)]
  0x0000022b8da20720 JavaThread "Worker-3"                          [_thread_blocked, id=12028, stack(0x000000db07700000,0x000000db07800000) (1024K)]
  0x0000022b8da1ece0 JavaThread "Worker-4"                          [_thread_blocked, id=16440, stack(0x000000db07800000,0x000000db07900000) (1024K)]
  0x0000022b8da227f0 JavaThread "Thread-2"                   daemon [_thread_in_native, id=10160, stack(0x000000db07900000,0x000000db07a00000) (1024K)]
  0x0000022b8da22e80 JavaThread "Thread-3"                   daemon [_thread_in_native, id=14828, stack(0x000000db07a00000,0x000000db07b00000) (1024K)]
  0x0000022b8da23510 JavaThread "Thread-4"                   daemon [_thread_in_native, id=7408, stack(0x000000db07b00000,0x000000db07c00000) (1024K)]
  0x0000022b8da21ad0 JavaThread "Thread-5"                   daemon [_thread_in_native, id=10244, stack(0x000000db07c00000,0x000000db07d00000) (1024K)]
  0x0000022b8da23ba0 JavaThread "Thread-6"                   daemon [_thread_in_native, id=12412, stack(0x000000db07d00000,0x000000db07e00000) (1024K)]
  0x0000022b8da24230 JavaThread "Thread-7"                   daemon [_thread_in_native, id=9980, stack(0x000000db07e00000,0x000000db07f00000) (1024K)]
  0x0000022b8da248c0 JavaThread "Thread-8"                   daemon [_thread_in_native, id=13776, stack(0x000000db07f00000,0x000000db08000000) (1024K)]
  0x0000022b8da24f50 JavaThread "Thread-9"                   daemon [_thread_in_native, id=17404, stack(0x000000db08000000,0x000000db08100000) (1024K)]
  0x0000022b8da255e0 JavaThread "Thread-10"                  daemon [_thread_in_native, id=284, stack(0x000000db08100000,0x000000db08200000) (1024K)]
  0x0000022b8da1e650 JavaThread "pool-2-thread-1"                   [_thread_blocked, id=7212, stack(0x000000db08200000,0x000000db08300000) (1024K)]
  0x0000022b8da20090 JavaThread "WorkspaceEventsHandler"            [_thread_blocked, id=11072, stack(0x000000db08300000,0x000000db08400000) (1024K)]
  0x0000022b911e2d80 JavaThread "pool-1-thread-1"                   [_thread_blocked, id=12808, stack(0x000000db08400000,0x000000db08500000) (1024K)]
  0x0000022b911df900 JavaThread "Worker-5"                          [_thread_blocked, id=11088, stack(0x000000db08500000,0x000000db08600000) (1024K)]
  0x0000022b911e19d0 JavaThread "LocalFile Deleter"          daemon [_thread_blocked, id=13452, stack(0x000000db07000000,0x000000db07100000) (1024K)]
  0x0000022b911e2060 JavaThread "LocalFile Deleter"          daemon [_thread_blocked, id=6644, stack(0x000000db08600000,0x000000db08700000) (1024K)]
  0x0000022b911e0620 JavaThread "LocalFile Deleter"          daemon [_thread_blocked, id=8780, stack(0x000000db08700000,0x000000db08800000) (1024K)]
  0x0000022b911dd1a0 JavaThread "LocalFile Deleter"          daemon [_thread_blocked, id=14480, stack(0x000000db08800000,0x000000db08900000) (1024K)]
  0x0000022b911dd830 JavaThread "LocalFile Deleter"          daemon [_thread_blocked, id=13284, stack(0x000000db08900000,0x000000db08a00000) (1024K)]
  0x0000022b911dff90 JavaThread "LocalFile Deleter"          daemon [_thread_blocked, id=10508, stack(0x000000db08a00000,0x000000db08b00000) (1024K)]
  0x0000022b911ddec0 JavaThread "LocalFile Deleter"          daemon [_thread_blocked, id=13128, stack(0x000000db08b00000,0x000000db08c00000) (1024K)]
  0x0000022b911e26f0 JavaThread "LocalFile Deleter"          daemon [_thread_blocked, id=15188, stack(0x000000db08c00000,0x000000db08d00000) (1024K)]
  0x0000022b911debe0 JavaThread "Compiler Source File Reader" daemon [_thread_blocked, id=13524, stack(0x000000db08d00000,0x000000db08e00000) (1024K)]
  0x0000022b911dbdf0 JavaThread "Compiler Source File Reader" daemon [_thread_blocked, id=10408, stack(0x000000db08e00000,0x000000db08f00000) (1024K)]
  0x0000022b911e0cb0 JavaThread "Compiler Source File Reader" daemon [_thread_blocked, id=9208, stack(0x000000db08f00000,0x000000db09000000) (1024K)]
  0x0000022b911de550 JavaThread "Compiler Source File Reader" daemon [_thread_blocked, id=12084, stack(0x000000db09000000,0x000000db09100000) (1024K)]
  0x0000022b911e1340 JavaThread "Compiler Source File Reader" daemon [_thread_blocked, id=8988, stack(0x000000db09100000,0x000000db09200000) (1024K)]
  0x0000022b911df270 JavaThread "Compiler Source File Reader" daemon [_thread_blocked, id=11760, stack(0x000000db09200000,0x000000db09300000) (1024K)]
Total: 54

Other Threads:
  0x0000022b45ab36a0 VMThread "VM Thread"                           [id=16368, stack(0x000000db05600000,0x000000db05700000) (1024K)]
  0x0000022b2f6f6510 WatcherThread "VM Periodic Task Thread"        [id=17816, stack(0x000000db05500000,0x000000db05600000) (1024K)]
  0x0000022b2f6a72c0 WorkerThread "GC Thread#0"                     [id=17172, stack(0x000000db05400000,0x000000db05500000) (1024K)]
  0x0000022b8d77b520 WorkerThread "GC Thread#1"                     [id=11004, stack(0x000000db06200000,0x000000db06300000) (1024K)]
  0x0000022b8d778cf0 WorkerThread "GC Thread#2"                     [id=17136, stack(0x000000db06300000,0x000000db06400000) (1024K)]
  0x0000022b8d0372e0 WorkerThread "GC Thread#3"                     [id=5800, stack(0x000000db06400000,0x000000db06500000) (1024K)]
  0x0000022b8d090900 WorkerThread "GC Thread#4"                     [id=13572, stack(0x000000db06500000,0x000000db06600000) (1024K)]
  0x0000022b8d0910b0 WorkerThread "GC Thread#5"                     [id=17036, stack(0x000000db06600000,0x000000db06700000) (1024K)]
  0x0000022b8d091450 WorkerThread "GC Thread#6"                     [id=7196, stack(0x000000db06700000,0x000000db06800000) (1024K)]
  0x0000022b8d8e8130 WorkerThread "GC Thread#7"                     [id=2324, stack(0x000000db06b00000,0x000000db06c00000) (1024K)]
Total: 10

Threads with active compile tasks:
C2 CompilerThread1  15463 7806   !   4       org.eclipse.jdt.internal.core.search.indexing.BinaryIndexer::indexDocument (1168 bytes)
C2 CompilerThread2  15463 7869 %     4       java.util.zip.ZipFile$Source::initCEN @ 261 (612 bytes)
Total: 2

VM state: not at safepoint (normal execution)

VM Mutex/Monitor currently owned by a thread:  ([mutex/lock_event])
[0x00007ff8efb2ce88] MethodCompileQueue_lock - owner thread: 0x0000022b8da20db0

Heap address: 0x00000000c0000000, size: 1024 MB, Compressed Oops mode: 32-bit

CDS archive(s) mapped at: [0x0000022b46000000-0x0000022b46ba0000-0x0000022b46ba0000), size 12189696, SharedBaseAddress: 0x0000022b46000000, ArchiveRelocationMode: 1.
Compressed class space mapped at: 0x0000022b47000000-0x0000022b87000000, reserved size: 1073741824
Narrow klass base: 0x0000022b46000000, Narrow klass shift: 0, Narrow klass range: 0x100000000

GC Precious Log:
 CardTable entry size: 512
 CPUs: 8 total, 8 available
 Memory: 7886M
 Large Page Support: Disabled
 NUMA Support: Disabled
 Compressed Oops: Enabled (32-bit)
 Alignments: Space 512K, Generation 512K, Heap 2M
 Heap Min Capacity: 100M
 Heap Initial Capacity: 100M
 Heap Max Capacity: 1G
 Pre-touch: Disabled
 Parallel Workers: 8

Heap:
 PSYoungGen      total 14848K, used 9842K [0x00000000eab00000, 0x00000000ec500000, 0x0000000100000000)
  eden space 12288K, 59% used [0x00000000eab00000,0x00000000eb224260,0x00000000eb700000)
  from space 2560K, 98% used [0x00000000eb800000,0x00000000eba78990,0x00000000eba80000)
  to   space 7168K, 0% used [0x00000000ebe00000,0x00000000ebe00000,0x00000000ec500000)
 ParOldGen       total 68608K, used 68124K [0x00000000c0000000, 0x00000000c4300000, 0x00000000eab00000)
  object space 68608K, 99% used [0x00000000c0000000,0x00000000c4287370,0x00000000c4300000)
 Metaspace       used 51976K, committed 53248K, reserved 1114112K
  class space    used 5476K, committed 6080K, reserved 1048576K

Card table byte_map: [0x0000022b43360000,0x0000022b43570000] _byte_map_base: 0x0000022b42d60000

Marking Bits: (ParMarkBitMap*) 0x00007ff8efb331f0
 Begin Bits: [0x0000022b436d0000, 0x0000022b446d0000)
 End Bits:   [0x0000022b446d0000, 0x0000022b456d0000)

Polling page: 0x0000022b34150000

Metaspace:

Usage:
  Non-class:     45.41 MB used.
      Class:      5.35 MB used.
       Both:     50.76 MB used.

Virtual space:
  Non-class space:       64.00 MB reserved,      46.06 MB ( 72%) committed,  1 nodes.
      Class space:        1.00 GB reserved,       5.94 MB ( <1%) committed,  1 nodes.
             Both:        1.06 GB reserved,      52.00 MB (  5%) committed. 

Chunk freelists:
   Non-Class:  1.02 MB
       Class:  10.05 MB
        Both:  11.06 MB

MaxMetaspaceSize: unlimited
CompressedClassSpaceSize: 1.00 GB
Initial GC threshold: 21.00 MB
Current GC threshold: 58.38 MB
CDS: on
 - commit_granule_bytes: 65536.
 - commit_granule_words: 8192.
 - virtual_space_node_default_size: 8388608.
 - enlarge_chunks_in_place: 1.
 - use_allocation_guard: 0.


Internal statistics:

num_allocs_failed_limit: 6.
num_arena_births: 1040.
num_arena_deaths: 14.
num_vsnodes_births: 2.
num_vsnodes_deaths: 0.
num_space_committed: 832.
num_space_uncommitted: 0.
num_chunks_returned_to_freelist: 20.
num_chunks_taken_from_freelist: 3464.
num_chunk_merges: 12.
num_chunk_splits: 2132.
num_chunks_enlarged: 1183.
num_inconsistent_stats: 0.

CodeHeap 'non-profiled nmethods': size=120000Kb used=4634Kb max_used=4634Kb free=115365Kb
 bounds [0x0000022b3bc40000, 0x0000022b3c0d0000, 0x0000022b43170000]
CodeHeap 'profiled nmethods': size=120000Kb used=15121Kb max_used=15121Kb free=104878Kb
 bounds [0x0000022b34170000, 0x0000022b35040000, 0x0000022b3b6a0000]
CodeHeap 'non-nmethods': size=5760Kb used=1409Kb max_used=1498Kb free=4350Kb
 bounds [0x0000022b3b6a0000, 0x0000022b3b910000, 0x0000022b3bc40000]
 total_blobs=7974 nmethods=7268 adapters=612
 compilation: enabled
              stopped_count=0, restarted_count=0
 full_count=0

Compilation events (20 events):
Event: 15.269 Thread 0x0000022b45ace5b0 7862       3       java.util.TreeMap::navigableKeySet (27 bytes)
Event: 15.269 Thread 0x0000022b45acd940 7863       4       jdk.internal.misc.Unsafe::checkOffset (32 bytes)
Event: 15.269 Thread 0x0000022b45ace5b0 nmethod 7862 0x0000022b3502b910 code [0x0000022b3502bae0, 0x0000022b3502be38]
Event: 15.270 Thread 0x0000022b45acd940 nmethod 7863 0x0000022b3c0bf690 code [0x0000022b3c0bf820, 0x0000022b3c0bf8d8]
Event: 15.270 Thread 0x0000022b45acd940 7864       4       java.lang.ref.Cleaner::register (25 bytes)
Event: 15.278 Thread 0x0000022b45acd940 nmethod 7864 0x0000022b3c0bf990 code [0x0000022b3c0bfb60, 0x0000022b3c0c00b0]
Event: 15.282 Thread 0x0000022b45acd940 7865       4       org.eclipse.jdt.internal.core.builder.ClasspathJar::addToPackageSet (54 bytes)
Event: 15.292 Thread 0x0000022b8f0963b0 7866       4       java.util.Arrays::fill (21 bytes)
Event: 15.295 Thread 0x0000022b8f0963b0 nmethod 7866 0x0000022b3c0c0490 code [0x0000022b3c0c0620, 0x0000022b3c0c06f8]
Event: 15.331 Thread 0x0000022b8f0963b0 7867       4       jdk.internal.misc.Unsafe::checkSize (32 bytes)
Event: 15.332 Thread 0x0000022b8f0963b0 nmethod 7867 0x0000022b3c0c0810 code [0x0000022b3c0c09a0, 0x0000022b3c0c0a58]
Event: 15.359 Thread 0x0000022b45acd940 nmethod 7865 0x0000022b3c0c0b10 code [0x0000022b3c0c0e40, 0x0000022b3c0c2c00]
Event: 15.369 Thread 0x0000022b45acd940 7868       4       jdk.internal.misc.Unsafe::copyMemory (33 bytes)
Event: 15.370 Thread 0x0000022b8f0963b0 7869 %     4       java.util.zip.ZipFile$Source::initCEN @ 261 (612 bytes)
Event: 15.374 Thread 0x0000022b45acd940 nmethod 7868 0x0000022b3c0c3e90 code [0x0000022b3c0c4040, 0x0000022b3c0c4408]
Event: 15.385 Thread 0x0000022b45ace5b0 7870       3       org.eclipse.jdt.internal.core.search.indexing.AbstractIndexer::addInterfaceDeclaration (86 bytes)
Event: 15.386 Thread 0x0000022b45ace5b0 nmethod 7870 0x0000022b3502bf90 code [0x0000022b3502c260, 0x0000022b3502d250]
Event: 15.422 Thread 0x0000022b45acd940 7871       4       org.eclipse.jdt.internal.compiler.classfmt.InnerClassInfo::getSourceName (60 bytes)
Event: 15.430 Thread 0x0000022b45ace5b0 7874       1       org.eclipse.jdt.internal.compiler.env.IModuleAwareNameEnvironment$LookupStrategy$3::matchesWithName (2 bytes)
Event: 15.430 Thread 0x0000022b45ace5b0 nmethod 7874 0x0000022b3c0c4810 code [0x0000022b3c0c49a0, 0x0000022b3c0c4a68]

GC Heap History (20 events):
Event: 12.461 GC heap before
{Heap before GC invocations=30 (full 2):
 PSYoungGen      total 19968K, used 19584K [0x00000000eab00000, 0x00000000ec200000, 0x0000000100000000)
  eden space 16384K, 100% used [0x00000000eab00000,0x00000000ebb00000,0x00000000ebb00000)
  from space 3584K, 89% used [0x00000000ebb00000,0x00000000ebe200b8,0x00000000ebe80000)
  to   space 3584K, 0% used [0x00000000ebe80000,0x00000000ebe80000,0x00000000ec200000)
 ParOldGen       total 68608K, used 42361K [0x00000000c0000000, 0x00000000c4300000, 0x00000000eab00000)
  object space 68608K, 61% used [0x00000000c0000000,0x00000000c295e6c8,0x00000000c4300000)
 Metaspace       used 49703K, committed 51008K, reserved 1114112K
  class space    used 5209K, committed 5824K, reserved 1048576K
}
Event: 12.464 GC heap after
{Heap after GC invocations=30 (full 2):
 PSYoungGen      total 19456K, used 3545K [0x00000000eab00000, 0x00000000ec300000, 0x0000000100000000)
  eden space 15872K, 0% used [0x00000000eab00000,0x00000000eab00000,0x00000000eba80000)
  from space 3584K, 98% used [0x00000000ebe80000,0x00000000ec1f6450,0x00000000ec200000)
  to   space 4096K, 0% used [0x00000000eba80000,0x00000000eba80000,0x00000000ebe80000)
 ParOldGen       total 68608K, used 45164K [0x00000000c0000000, 0x00000000c4300000, 0x00000000eab00000)
  object space 68608K, 65% used [0x00000000c0000000,0x00000000c2c1b188,0x00000000c4300000)
 Metaspace       used 49703K, committed 51008K, reserved 1114112K
  class space    used 5209K, committed 5824K, reserved 1048576K
}
Event: 12.544 GC heap before
{Heap before GC invocations=31 (full 2):
 PSYoungGen      total 19456K, used 19417K [0x00000000eab00000, 0x00000000ec300000, 0x0000000100000000)
  eden space 15872K, 100% used [0x00000000eab00000,0x00000000eba80000,0x00000000eba80000)
  from space 3584K, 98% used [0x00000000ebe80000,0x00000000ec1f6450,0x00000000ec200000)
  to   space 4096K, 0% used [0x00000000eba80000,0x00000000eba80000,0x00000000ebe80000)
 ParOldGen       total 68608K, used 45171K [0x00000000c0000000, 0x00000000c4300000, 0x00000000eab00000)
  object space 68608K, 65% used [0x00000000c0000000,0x00000000c2c1ce58,0x00000000c4300000)
 Metaspace       used 49933K, committed 51200K, reserved 1114112K
  class space    used 5235K, committed 5824K, reserved 1048576K
}
Event: 12.549 GC heap after
{Heap after GC invocations=31 (full 2):
 PSYoungGen      total 19456K, used 3241K [0x00000000eab00000, 0x00000000ec180000, 0x0000000100000000)
  eden space 15872K, 0% used [0x00000000eab00000,0x00000000eab00000,0x00000000eba80000)
  from space 3584K, 90% used [0x00000000eba80000,0x00000000ebdaa750,0x00000000ebe00000)
  to   space 3584K, 0% used [0x00000000ebe00000,0x00000000ebe00000,0x00000000ec180000)
 ParOldGen       total 68608K, used 48361K [0x00000000c0000000, 0x00000000c4300000, 0x00000000eab00000)
  object space 68608K, 70% used [0x00000000c0000000,0x00000000c2f3a530,0x00000000c4300000)
 Metaspace       used 49933K, committed 51200K, reserved 1114112K
  class space    used 5235K, committed 5824K, reserved 1048576K
}
Event: 12.894 GC heap before
{Heap before GC invocations=32 (full 2):
 PSYoungGen      total 19456K, used 19113K [0x00000000eab00000, 0x00000000ec180000, 0x0000000100000000)
  eden space 15872K, 100% used [0x00000000eab00000,0x00000000eba80000,0x00000000eba80000)
  from space 3584K, 90% used [0x00000000eba80000,0x00000000ebdaa750,0x00000000ebe00000)
  to   space 3584K, 0% used [0x00000000ebe00000,0x00000000ebe00000,0x00000000ec180000)
 ParOldGen       total 68608K, used 48361K [0x00000000c0000000, 0x00000000c4300000, 0x00000000eab00000)
  object space 68608K, 70% used [0x00000000c0000000,0x00000000c2f3a530,0x00000000c4300000)
 Metaspace       used 50289K, committed 51584K, reserved 1114112K
  class space    used 5292K, committed 5888K, reserved 1048576K
}
Event: 12.901 GC heap after
{Heap after GC invocations=32 (full 2):
 PSYoungGen      total 18432K, used 2473K [0x00000000eab00000, 0x00000000ec080000, 0x0000000100000000)
  eden space 15872K, 0% used [0x00000000eab00000,0x00000000eab00000,0x00000000eba80000)
  from space 2560K, 96% used [0x00000000ebe00000,0x00000000ec06a5d8,0x00000000ec080000)
  to   space 3072K, 0% used [0x00000000eba80000,0x00000000eba80000,0x00000000ebd80000)
 ParOldGen       total 68608K, used 51423K [0x00000000c0000000, 0x00000000c4300000, 0x00000000eab00000)
  object space 68608K, 74% used [0x00000000c0000000,0x00000000c3237d60,0x00000000c4300000)
 Metaspace       used 50289K, committed 51584K, reserved 1114112K
  class space    used 5292K, committed 5888K, reserved 1048576K
}
Event: 13.202 GC heap before
{Heap before GC invocations=33 (full 2):
 PSYoungGen      total 18432K, used 18317K [0x00000000eab00000, 0x00000000ec080000, 0x0000000100000000)
  eden space 15872K, 99% used [0x00000000eab00000,0x00000000eba78f50,0x00000000eba80000)
  from space 2560K, 96% used [0x00000000ebe00000,0x00000000ec06a5d8,0x00000000ec080000)
  to   space 3072K, 0% used [0x00000000eba80000,0x00000000eba80000,0x00000000ebd80000)
 ParOldGen       total 68608K, used 51423K [0x00000000c0000000, 0x00000000c4300000, 0x00000000eab00000)
  object space 68608K, 74% used [0x00000000c0000000,0x00000000c3237d60,0x00000000c4300000)
 Metaspace       used 50532K, committed 51840K, reserved 1114112K
  class space    used 5335K, committed 5888K, reserved 1048576K
}
Event: 13.210 GC heap after
{Heap after GC invocations=33 (full 2):
 PSYoungGen      total 18432K, used 2374K [0x00000000eab00000, 0x00000000ebf80000, 0x0000000100000000)
  eden space 15872K, 0% used [0x00000000eab00000,0x00000000eab00000,0x00000000eba80000)
  from space 2560K, 92% used [0x00000000eba80000,0x00000000ebcd1ad8,0x00000000ebd00000)
  to   space 2560K, 0% used [0x00000000ebd00000,0x00000000ebd00000,0x00000000ebf80000)
 ParOldGen       total 68608K, used 53734K [0x00000000c0000000, 0x00000000c4300000, 0x00000000eab00000)
  object space 68608K, 78% used [0x00000000c0000000,0x00000000c34798d0,0x00000000c4300000)
 Metaspace       used 50532K, committed 51840K, reserved 1114112K
  class space    used 5335K, committed 5888K, reserved 1048576K
}
Event: 13.740 GC heap before
{Heap before GC invocations=34 (full 2):
 PSYoungGen      total 18432K, used 18246K [0x00000000eab00000, 0x00000000ebf80000, 0x0000000100000000)
  eden space 15872K, 100% used [0x00000000eab00000,0x00000000eba80000,0x00000000eba80000)
  from space 2560K, 92% used [0x00000000eba80000,0x00000000ebcd1ad8,0x00000000ebd00000)
  to   space 2560K, 0% used [0x00000000ebd00000,0x00000000ebd00000,0x00000000ebf80000)
 ParOldGen       total 68608K, used 53734K [0x00000000c0000000, 0x00000000c4300000, 0x00000000eab00000)
  object space 68608K, 78% used [0x00000000c0000000,0x00000000c34798d0,0x00000000c4300000)
 Metaspace       used 50808K, committed 52160K, reserved 1114112K
  class space    used 5352K, committed 5952K, reserved 1048576K
}
Event: 13.747 GC heap after
{Heap after GC invocations=34 (full 2):
 PSYoungGen      total 14848K, used 2532K [0x00000000eab00000, 0x00000000ec680000, 0x0000000100000000)
  eden space 12288K, 0% used [0x00000000eab00000,0x00000000eab00000,0x00000000eb700000)
  from space 2560K, 98% used [0x00000000ebd00000,0x00000000ebf79210,0x00000000ebf80000)
  to   space 6144K, 0% used [0x00000000eb700000,0x00000000eb700000,0x00000000ebd00000)
 ParOldGen       total 68608K, used 56514K [0x00000000c0000000, 0x00000000c4300000, 0x00000000eab00000)
  object space 68608K, 82% used [0x00000000c0000000,0x00000000c3730b00,0x00000000c4300000)
 Metaspace       used 50808K, committed 52160K, reserved 1114112K
  class space    used 5352K, committed 5952K, reserved 1048576K
}
Event: 14.702 GC heap before
{Heap before GC invocations=35 (full 2):
 PSYoungGen      total 14848K, used 14796K [0x00000000eab00000, 0x00000000ec680000, 0x0000000100000000)
  eden space 12288K, 99% used [0x00000000eab00000,0x00000000eb6fa1c8,0x00000000eb700000)
  from space 2560K, 98% used [0x00000000ebd00000,0x00000000ebf79210,0x00000000ebf80000)
  to   space 6144K, 0% used [0x00000000eb700000,0x00000000eb700000,0x00000000ebd00000)
 ParOldGen       total 68608K, used 56514K [0x00000000c0000000, 0x00000000c4300000, 0x00000000eab00000)
  object space 68608K, 82% used [0x00000000c0000000,0x00000000c3730b00,0x00000000c4300000)
 Metaspace       used 51117K, committed 52416K, reserved 1114112K
  class space    used 5398K, committed 6016K, reserved 1048576K
}
Event: 14.709 GC heap after
{Heap after GC invocations=35 (full 2):
 PSYoungGen      total 14336K, used 1571K [0x00000000eab00000, 0x00000000ebd80000, 0x0000000100000000)
  eden space 12288K, 0% used [0x00000000eab00000,0x00000000eab00000,0x00000000eb700000)
  from space 2048K, 76% used [0x00000000eb700000,0x00000000eb888d78,0x00000000eb900000)
  to   space 3072K, 0% used [0x00000000eba80000,0x00000000eba80000,0x00000000ebd80000)
 ParOldGen       total 68608K, used 58878K [0x00000000c0000000, 0x00000000c4300000, 0x00000000eab00000)
  object space 68608K, 85% used [0x00000000c0000000,0x00000000c397f9c0,0x00000000c4300000)
 Metaspace       used 51117K, committed 52416K, reserved 1114112K
  class space    used 5398K, committed 6016K, reserved 1048576K
}
Event: 14.900 GC heap before
{Heap before GC invocations=36 (full 2):
 PSYoungGen      total 14336K, used 13855K [0x00000000eab00000, 0x00000000ebd80000, 0x0000000100000000)
  eden space 12288K, 99% used [0x00000000eab00000,0x00000000eb6ff280,0x00000000eb700000)
  from space 2048K, 76% used [0x00000000eb700000,0x00000000eb888d78,0x00000000eb900000)
  to   space 3072K, 0% used [0x00000000eba80000,0x00000000eba80000,0x00000000ebd80000)
 ParOldGen       total 68608K, used 58878K [0x00000000c0000000, 0x00000000c4300000, 0x00000000eab00000)
  object space 68608K, 85% used [0x00000000c0000000,0x00000000c397f9c0,0x00000000c4300000)
 Metaspace       used 51383K, committed 52672K, reserved 1114112K
  class space    used 5420K, committed 6016K, reserved 1048576K
}
Event: 14.903 GC heap after
{Heap after GC invocations=36 (full 2):
 PSYoungGen      total 14848K, used 2144K [0x00000000eab00000, 0x00000000ebd00000, 0x0000000100000000)
  eden space 12288K, 0% used [0x00000000eab00000,0x00000000eab00000,0x00000000eb700000)
  from space 2560K, 83% used [0x00000000eba80000,0x00000000ebc982e0,0x00000000ebd00000)
  to   space 2560K, 0% used [0x00000000eb800000,0x00000000eb800000,0x00000000eba80000)
 ParOldGen       total 68608K, used 60316K [0x00000000c0000000, 0x00000000c4300000, 0x00000000eab00000)
  object space 68608K, 87% used [0x00000000c0000000,0x00000000c3ae7220,0x00000000c4300000)
 Metaspace       used 51383K, committed 52672K, reserved 1114112K
  class space    used 5420K, committed 6016K, reserved 1048576K
}
Event: 15.070 GC heap before
{Heap before GC invocations=37 (full 2):
 PSYoungGen      total 14848K, used 14432K [0x00000000eab00000, 0x00000000ebd00000, 0x0000000100000000)
  eden space 12288K, 100% used [0x00000000eab00000,0x00000000eb700000,0x00000000eb700000)
  from space 2560K, 83% used [0x00000000eba80000,0x00000000ebc982e0,0x00000000ebd00000)
  to   space 2560K, 0% used [0x00000000eb800000,0x00000000eb800000,0x00000000eba80000)
 ParOldGen       total 68608K, used 60316K [0x00000000c0000000, 0x00000000c4300000, 0x00000000eab00000)
  object space 68608K, 87% used [0x00000000c0000000,0x00000000c3ae7220,0x00000000c4300000)
 Metaspace       used 51500K, committed 52800K, reserved 1114112K
  class space    used 5435K, committed 6016K, reserved 1048576K
}
Event: 15.077 GC heap after
{Heap after GC invocations=37 (full 2):
 PSYoungGen      total 14848K, used 2496K [0x00000000eab00000, 0x00000000ebd00000, 0x0000000100000000)
  eden space 12288K, 0% used [0x00000000eab00000,0x00000000eab00000,0x00000000eb700000)
  from space 2560K, 97% used [0x00000000eb800000,0x00000000eba70000,0x00000000eba80000)
  to   space 2560K, 0% used [0x00000000eba80000,0x00000000eba80000,0x00000000ebd00000)
 ParOldGen       total 68608K, used 62258K [0x00000000c0000000, 0x00000000c4300000, 0x00000000eab00000)
  object space 68608K, 90% used [0x00000000c0000000,0x00000000c3ccca58,0x00000000c4300000)
 Metaspace       used 51500K, committed 52800K, reserved 1114112K
  class space    used 5435K, committed 6016K, reserved 1048576K
}
Event: 15.248 GC heap before
{Heap before GC invocations=38 (full 2):
 PSYoungGen      total 14848K, used 14784K [0x00000000eab00000, 0x00000000ebd00000, 0x0000000100000000)
  eden space 12288K, 100% used [0x00000000eab00000,0x00000000eb700000,0x00000000eb700000)
  from space 2560K, 97% used [0x00000000eb800000,0x00000000eba70000,0x00000000eba80000)
  to   space 2560K, 0% used [0x00000000eba80000,0x00000000eba80000,0x00000000ebd00000)
 ParOldGen       total 68608K, used 62258K [0x00000000c0000000, 0x00000000c4300000, 0x00000000eab00000)
  object space 68608K, 90% used [0x00000000c0000000,0x00000000c3ccca58,0x00000000c4300000)
 Metaspace       used 51890K, committed 53184K, reserved 1114112K
  class space    used 5466K, committed 6080K, reserved 1048576K
}
Event: 15.251 GC heap after
{Heap after GC invocations=38 (full 2):
 PSYoungGen      total 14848K, used 2449K [0x00000000eab00000, 0x00000000ebd00000, 0x0000000100000000)
  eden space 12288K, 0% used [0x00000000eab00000,0x00000000eab00000,0x00000000eb700000)
  from space 2560K, 95% used [0x00000000eba80000,0x00000000ebce4510,0x00000000ebd00000)
  to   space 2560K, 0% used [0x00000000eb800000,0x00000000eb800000,0x00000000eba80000)
 ParOldGen       total 68608K, used 64502K [0x00000000c0000000, 0x00000000c4300000, 0x00000000eab00000)
  object space 68608K, 94% used [0x00000000c0000000,0x00000000c3efd990,0x00000000c4300000)
 Metaspace       used 51890K, committed 53184K, reserved 1114112K
  class space    used 5466K, committed 6080K, reserved 1048576K
}
Event: 15.349 GC heap before
{Heap before GC invocations=39 (full 2):
 PSYoungGen      total 14848K, used 14737K [0x00000000eab00000, 0x00000000ebd00000, 0x0000000100000000)
  eden space 12288K, 100% used [0x00000000eab00000,0x00000000eb700000,0x00000000eb700000)
  from space 2560K, 95% used [0x00000000eba80000,0x00000000ebce4510,0x00000000ebd00000)
  to   space 2560K, 0% used [0x00000000eb800000,0x00000000eb800000,0x00000000eba80000)
 ParOldGen       total 68608K, used 64502K [0x00000000c0000000, 0x00000000c4300000, 0x00000000eab00000)
  object space 68608K, 94% used [0x00000000c0000000,0x00000000c3efd990,0x00000000c4300000)
 Metaspace       used 51891K, committed 53184K, reserved 1114112K
  class space    used 5466K, committed 6080K, reserved 1048576K
}
Event: 15.355 GC heap after
{Heap after GC invocations=39 (full 2):
 PSYoungGen      total 14848K, used 2530K [0x00000000eab00000, 0x00000000ec500000, 0x0000000100000000)
  eden space 12288K, 0% used [0x00000000eab00000,0x00000000eab00000,0x00000000eb700000)
  from space 2560K, 98% used [0x00000000eb800000,0x00000000eba78990,0x00000000eba80000)
  to   space 7168K, 0% used [0x00000000ebe00000,0x00000000ebe00000,0x00000000ec500000)
 ParOldGen       total 68608K, used 68124K [0x00000000c0000000, 0x00000000c4300000, 0x00000000eab00000)
  object space 68608K, 99% used [0x00000000c0000000,0x00000000c4287370,0x00000000c4300000)
 Metaspace       used 51891K, committed 53184K, reserved 1114112K
  class space    used 5466K, committed 6080K, reserved 1048576K
}

Dll operation events (10 events):
Event: 0.012 Loaded shared library c:\Users\ponce\.vscode\extensions\redhat.java-1.42.0-win32-x64\jre\21.0.7-win32-x86_64\bin\java.dll
Event: 0.102 Loaded shared library c:\Users\ponce\.vscode\extensions\redhat.java-1.42.0-win32-x64\jre\21.0.7-win32-x86_64\bin\zip.dll
Event: 0.130 Loaded shared library C:\Users\ponce\.vscode\extensions\redhat.java-1.42.0-win32-x64\jre\21.0.7-win32-x86_64\bin\instrument.dll
Event: 0.134 Loaded shared library C:\Users\ponce\.vscode\extensions\redhat.java-1.42.0-win32-x64\jre\21.0.7-win32-x86_64\bin\net.dll
Event: 0.136 Loaded shared library C:\Users\ponce\.vscode\extensions\redhat.java-1.42.0-win32-x64\jre\21.0.7-win32-x86_64\bin\nio.dll
Event: 0.141 Loaded shared library C:\Users\ponce\.vscode\extensions\redhat.java-1.42.0-win32-x64\jre\21.0.7-win32-x86_64\bin\zip.dll
Event: 0.164 Loaded shared library C:\Users\ponce\.vscode\extensions\redhat.java-1.42.0-win32-x64\jre\21.0.7-win32-x86_64\bin\jimage.dll
Event: 0.336 Loaded shared library c:\Users\ponce\.vscode\extensions\redhat.java-1.42.0-win32-x64\jre\21.0.7-win32-x86_64\bin\verify.dll
Event: 2.892 Loaded shared library C:\Users\ponce\AppData\Roaming\Code\User\globalStorage\redhat.java\1.42.0\config_win\org.eclipse.equinox.launcher\org.eclipse.equinox.launcher.win32.win32.x86_64_1.2.1300.v20250331-1702\eclipse_11911.dll
Event: 5.367 Loaded shared library C:\Users\ponce\AppData\Local\Temp\jna-106850033\jna9583723080890348730.dll

Deoptimization events (20 events):
Event: 14.758 Thread 0x0000022b8da1dfc0 Uncommon trap: trap_request=0xffffff5c fr.pc=0x0000022b3c081718 relative=0x0000000000008758
Event: 14.758 Thread 0x0000022b8da1dfc0 Uncommon trap: reason=speculate_null_check action=make_not_entrant pc=0x0000022b3c081718 method=org.eclipse.jdt.internal.core.search.indexing.BinaryIndexer.indexDocument()V @ 542 c2
Event: 14.758 Thread 0x0000022b8da1dfc0 DEOPT PACKING pc=0x0000022b3c081718 sp=0x000000db074fe740
Event: 14.758 Thread 0x0000022b8da1dfc0 DEOPT UNPACKING pc=0x0000022b3b6f6da2 sp=0x000000db074fe710 mode 2
Event: 14.804 Thread 0x0000022b8da20db0 Uncommon trap: trap_request=0xffffffcc fr.pc=0x0000022b3c0a837c relative=0x000000000000013c
Event: 14.804 Thread 0x0000022b8da20db0 Uncommon trap: reason=intrinsic_or_type_checked_inlining action=make_not_entrant pc=0x0000022b3c0a837c method=java.util.ArrayList.toArray([Ljava/lang/Object;)[Ljava/lang/Object; @ 36 c2
Event: 14.804 Thread 0x0000022b8da20db0 DEOPT PACKING pc=0x0000022b3c0a837c sp=0x000000db072fd130
Event: 14.805 Thread 0x0000022b8da20db0 DEOPT UNPACKING pc=0x0000022b3b6f6da2 sp=0x000000db072fd0d0 mode 2
Event: 15.032 Thread 0x0000022b8da1dfc0 DEOPT PACKING pc=0x0000022b34f5f757 sp=0x000000db074fe730
Event: 15.032 Thread 0x0000022b8da1dfc0 DEOPT UNPACKING pc=0x0000022b3b6f78e2 sp=0x000000db074fdbd0 mode 0
Event: 15.292 Thread 0x0000022b8da20db0 DEOPT PACKING pc=0x0000022b3454a4d9 sp=0x000000db072fdb20
Event: 15.293 Thread 0x0000022b8da20db0 DEOPT UNPACKING pc=0x0000022b3b6f78e2 sp=0x000000db072fcfa8 mode 0
Event: 15.426 Thread 0x0000022b8da20db0 Uncommon trap: trap_request=0xffffff45 fr.pc=0x0000022b3bf80a08 relative=0x0000000000000248
Event: 15.426 Thread 0x0000022b8da20db0 Uncommon trap: reason=unstable_if action=reinterpret pc=0x0000022b3bf80a08 method=java.util.Arrays.hashCode([C)I @ 8 c2
Event: 15.426 Thread 0x0000022b8da20db0 DEOPT PACKING pc=0x0000022b3bf80a08 sp=0x000000db072fe2f0
Event: 15.428 Thread 0x0000022b8da20db0 DEOPT UNPACKING pc=0x0000022b3b6f6da2 sp=0x000000db072fe228 mode 2
Event: 15.428 Thread 0x0000022b8da20db0 Uncommon trap: trap_request=0xffffff45 fr.pc=0x0000022b3bf48480 relative=0x0000000000000240
Event: 15.428 Thread 0x0000022b8da20db0 Uncommon trap: reason=unstable_if action=reinterpret pc=0x0000022b3bf48480 method=java.util.Arrays.hashCode([C)I @ 8 c2
Event: 15.428 Thread 0x0000022b8da20db0 DEOPT PACKING pc=0x0000022b3bf48480 sp=0x000000db072fe290
Event: 15.428 Thread 0x0000022b8da20db0 DEOPT UNPACKING pc=0x0000022b3b6f6da2 sp=0x000000db072fe230 mode 2

Classes loaded (20 events):
Event: 11.173 Loading class java/lang/invoke/MethodHandleImpl$CountingWrapper
Event: 11.173 Loading class java/lang/invoke/MethodHandleImpl$CountingWrapper done
Event: 11.501 Loading class java/util/WeakHashMap$KeyIterator
Event: 11.514 Loading class java/util/WeakHashMap$KeyIterator done
Event: 11.667 Loading class java/util/regex/Pattern$Pos
Event: 11.667 Loading class java/util/regex/Pattern$Pos done
Event: 11.700 Loading class sun/security/provider/MD5
Event: 11.700 Loading class sun/security/provider/MD5 done
Event: 11.700 Loading class sun/security/provider/ByteArrayAccess$LE
Event: 11.700 Loading class sun/security/provider/ByteArrayAccess$LE done
Event: 12.014 Loading class java/util/ImmutableCollections$SubList
Event: 12.015 Loading class java/util/ImmutableCollections$SubList done
Event: 12.510 Loading class java/util/concurrent/ForkJoinTask$AdaptedCallable
Event: 12.510 Loading class java/util/concurrent/ForkJoinTask$AdaptedCallable done
Event: 13.116 Loading class java/util/Vector$1
Event: 13.116 Loading class java/util/Vector$1 done
Event: 15.013 Loading class java/util/regex/Pattern$Caret
Event: 15.013 Loading class java/util/regex/Pattern$Caret done
Event: 15.151 Loading class java/util/regex/Pattern$LazyLoop
Event: 15.151 Loading class java/util/regex/Pattern$LazyLoop done

Classes unloaded (7 events):
Event: 6.532 Thread 0x0000022b45ab36a0 Unloading class 0x0000022b471a5400 'java/lang/invoke/LambdaForm$MH+0x0000022b471a5400'
Event: 6.532 Thread 0x0000022b45ab36a0 Unloading class 0x0000022b471a5000 'java/lang/invoke/LambdaForm$MH+0x0000022b471a5000'
Event: 6.532 Thread 0x0000022b45ab36a0 Unloading class 0x0000022b471a4c00 'java/lang/invoke/LambdaForm$MH+0x0000022b471a4c00'
Event: 6.532 Thread 0x0000022b45ab36a0 Unloading class 0x0000022b471a4800 'java/lang/invoke/LambdaForm$MH+0x0000022b471a4800'
Event: 6.532 Thread 0x0000022b45ab36a0 Unloading class 0x0000022b471a4400 'java/lang/invoke/LambdaForm$BMH+0x0000022b471a4400'
Event: 6.532 Thread 0x0000022b45ab36a0 Unloading class 0x0000022b471a4000 'java/lang/invoke/LambdaForm$DMH+0x0000022b471a4000'
Event: 6.532 Thread 0x0000022b45ab36a0 Unloading class 0x0000022b471a2c00 'java/lang/invoke/LambdaForm$DMH+0x0000022b471a2c00'

Classes redefined (0 events):
No events

Internal exceptions (20 events):
Event: 11.876 Thread 0x0000022b8da20db0 Exception <a 'sun/nio/fs/WindowsException'{0x00000000eabbe770}> (0x00000000eabbe770) 
thrown [s\src\hotspot\share\prims\jni.cpp, line 520]
Event: 11.962 Thread 0x0000022b8da20db0 Exception <a 'java/io/FileNotFoundException'{0x00000000eaf22b00}> (0x00000000eaf22b00) 
thrown [s\src\hotspot\share\prims\jni.cpp, line 520]
Event: 11.963 Thread 0x0000022b8da20db0 Exception <a 'java/io/FileNotFoundException'{0x00000000eaf23b30}> (0x00000000eaf23b30) 
thrown [s\src\hotspot\share\prims\jni.cpp, line 520]
Event: 11.977 Thread 0x0000022b8da20db0 Exception <a 'java/io/FileNotFoundException'{0x00000000eaf91428}> (0x00000000eaf91428) 
thrown [s\src\hotspot\share\prims\jni.cpp, line 520]
Event: 11.977 Thread 0x0000022b8da20db0 Exception <a 'java/io/FileNotFoundException'{0x00000000eaf92728}> (0x00000000eaf92728) 
thrown [s\src\hotspot\share\prims\jni.cpp, line 520]
Event: 11.977 Thread 0x0000022b8da20db0 Exception <a 'java/io/FileNotFoundException'{0x00000000eaf93778}> (0x00000000eaf93778) 
thrown [s\src\hotspot\share\prims\jni.cpp, line 520]
Event: 12.340 Thread 0x0000022b8da1dfc0 Implicit null exception at 0x0000022b3bf852da to 0x0000022b3bf853d8
Event: 12.508 Thread 0x0000022b8da20db0 Exception <a 'sun/nio/fs/WindowsException'{0x00000000eb4c09f0}> (0x00000000eb4c09f0) 
thrown [s\src\hotspot\share\prims\jni.cpp, line 520]
Event: 12.512 Thread 0x0000022b911e19d0 Exception <a 'sun/nio/fs/WindowsException'{0x00000000eb6172c0}> (0x00000000eb6172c0) 
thrown [s\src\hotspot\share\prims\jni.cpp, line 520]
Event: 12.513 Thread 0x0000022b911e2060 Exception <a 'sun/nio/fs/WindowsException'{0x00000000eb67dde8}> (0x00000000eb67dde8) 
thrown [s\src\hotspot\share\prims\jni.cpp, line 520]
Event: 12.514 Thread 0x0000022b911e0620 Exception <a 'sun/nio/fs/WindowsException'{0x00000000eb68dd18}> (0x00000000eb68dd18) 
thrown [s\src\hotspot\share\prims\jni.cpp, line 520]
Event: 12.515 Thread 0x0000022b911dd1a0 Exception <a 'sun/nio/fs/WindowsException'{0x00000000eb6c9260}> (0x00000000eb6c9260) 
thrown [s\src\hotspot\share\prims\jni.cpp, line 520]
Event: 12.515 Thread 0x0000022b911dd830 Exception <a 'sun/nio/fs/WindowsException'{0x00000000eb704a18}> (0x00000000eb704a18) 
thrown [s\src\hotspot\share\prims\jni.cpp, line 520]
Event: 12.516 Thread 0x0000022b911e26f0 Exception <a 'sun/nio/fs/WindowsException'{0x00000000eb7503e0}> (0x00000000eb7503e0) 
thrown [s\src\hotspot\share\prims\jni.cpp, line 520]
Event: 12.516 Thread 0x0000022b911dff90 Exception <a 'sun/nio/fs/WindowsException'{0x00000000eb714698}> (0x00000000eb714698) 
thrown [s\src\hotspot\share\prims\jni.cpp, line 520]
Event: 12.516 Thread 0x0000022b911ddec0 Exception <a 'sun/nio/fs/WindowsException'{0x00000000eb760830}> (0x00000000eb760830) 
thrown [s\src\hotspot\share\prims\jni.cpp, line 520]
Event: 12.517 Thread 0x0000022b911dd830 Exception <a 'sun/nio/fs/WindowsException'{0x00000000eb706418}> (0x00000000eb706418) 
thrown [s\src\hotspot\share\prims\jni.cpp, line 520]
Event: 12.520 Thread 0x0000022b911dd830 Exception <a 'sun/nio/fs/WindowsException'{0x00000000eb709630}> (0x00000000eb709630) 
thrown [s\src\hotspot\share\prims\jni.cpp, line 520]
Event: 12.520 Thread 0x0000022b911dff90 Exception <a 'sun/nio/fs/WindowsException'{0x00000000eb718338}> (0x00000000eb718338) 
thrown [s\src\hotspot\share\prims\jni.cpp, line 520]
Event: 14.758 Thread 0x0000022b8da1dfc0 Implicit null exception at 0x0000022b3c07c58e to 0x0000022b3c0816f4

ZGC Phase Switch (0 events):
No events

VM Operations (20 events):
Event: 12.501 Executing VM operation: HandshakeAllThreads (Deoptimize)
Event: 12.501 Executing VM operation: HandshakeAllThreads (Deoptimize) done
Event: 12.544 Executing VM operation: ParallelGCFailedAllocation (Allocation Failure)
Event: 12.550 Executing VM operation: ParallelGCFailedAllocation (Allocation Failure) done
Event: 12.894 Executing VM operation: ParallelGCFailedAllocation (Allocation Failure)
Event: 12.901 Executing VM operation: ParallelGCFailedAllocation (Allocation Failure) done
Event: 13.202 Executing VM operation: ParallelGCFailedAllocation (Allocation Failure)
Event: 13.210 Executing VM operation: ParallelGCFailedAllocation (Allocation Failure) done
Event: 13.723 Executing VM operation: ParallelGCFailedAllocation (Allocation Failure)
Event: 13.747 Executing VM operation: ParallelGCFailedAllocation (Allocation Failure) done
Event: 14.702 Executing VM operation: ParallelGCFailedAllocation (Allocation Failure)
Event: 14.709 Executing VM operation: ParallelGCFailedAllocation (Allocation Failure) done
Event: 14.887 Executing VM operation: ParallelGCFailedAllocation (Allocation Failure)
Event: 14.903 Executing VM operation: ParallelGCFailedAllocation (Allocation Failure) done
Event: 15.070 Executing VM operation: ParallelGCFailedAllocation (Allocation Failure)
Event: 15.077 Executing VM operation: ParallelGCFailedAllocation (Allocation Failure) done
Event: 15.248 Executing VM operation: ParallelGCFailedAllocation (Allocation Failure)
Event: 15.251 Executing VM operation: ParallelGCFailedAllocation (Allocation Failure) done
Event: 15.348 Executing VM operation: ParallelGCFailedAllocation (Allocation Failure)
Event: 15.355 Executing VM operation: ParallelGCFailedAllocation (Allocation Failure) done

Memory protections (0 events):
No events

Nmethod flushes (20 events):
Event: 8.836 Thread 0x0000022b45ab36a0 flushing  nmethod 0x0000022b347e6990
Event: 8.836 Thread 0x0000022b45ab36a0 flushing  nmethod 0x0000022b347e7290
Event: 8.836 Thread 0x0000022b45ab36a0 flushing  nmethod 0x0000022b347e8490
Event: 8.836 Thread 0x0000022b45ab36a0 flushing  nmethod 0x0000022b347e8c90
Event: 8.836 Thread 0x0000022b45ab36a0 flushing  nmethod 0x0000022b347ead90
Event: 8.836 Thread 0x0000022b45ab36a0 flushing  nmethod 0x0000022b347eb290
Event: 8.836 Thread 0x0000022b45ab36a0 flushing  nmethod 0x0000022b347ebf90
Event: 8.836 Thread 0x0000022b45ab36a0 flushing  nmethod 0x0000022b347ec410
Event: 8.836 Thread 0x0000022b45ab36a0 flushing  nmethod 0x0000022b347f9190
Event: 8.836 Thread 0x0000022b45ab36a0 flushing  nmethod 0x0000022b3483cf10
Event: 8.836 Thread 0x0000022b45ab36a0 flushing  nmethod 0x0000022b34844c10
Event: 8.836 Thread 0x0000022b45ab36a0 flushing  nmethod 0x0000022b3484ab10
Event: 8.836 Thread 0x0000022b45ab36a0 flushing  nmethod 0x0000022b3484ec10
Event: 8.836 Thread 0x0000022b45ab36a0 flushing  nmethod 0x0000022b3489b310
Event: 8.836 Thread 0x0000022b45ab36a0 flushing  nmethod 0x0000022b348c5d10
Event: 8.836 Thread 0x0000022b45ab36a0 flushing  nmethod 0x0000022b348d8590
Event: 8.836 Thread 0x0000022b45ab36a0 flushing  nmethod 0x0000022b34900e90
Event: 8.836 Thread 0x0000022b45ab36a0 flushing  nmethod 0x0000022b34914d10
Event: 8.836 Thread 0x0000022b45ab36a0 flushing  nmethod 0x0000022b34915190
Event: 8.836 Thread 0x0000022b45ab36a0 flushing  nmethod 0x0000022b34932590

Events (20 events):
Event: 8.773 Thread 0x0000022b2f68f9b0 Thread added: 0x0000022b8da255e0
Event: 8.861 Thread 0x0000022b2f68f9b0 Thread added: 0x0000022b8da1e650
Event: 9.131 Thread 0x0000022b2f68f9b0 Thread added: 0x0000022b8da20090
Event: 9.132 Thread 0x0000022b2f68f9b0 Thread added: 0x0000022b911e2d80
Event: 9.181 Thread 0x0000022b8da20720 Thread added: 0x0000022b911df900
Event: 11.784 Thread 0x0000022b885f9350 Thread exited: 0x0000022b885f9350
Event: 12.511 Thread 0x0000022b8da20db0 Thread added: 0x0000022b911e19d0
Event: 12.512 Thread 0x0000022b911e19d0 Thread added: 0x0000022b911e2060
Event: 12.513 Thread 0x0000022b911e19d0 Thread added: 0x0000022b911e0620
Event: 12.514 Thread 0x0000022b911e2060 Thread added: 0x0000022b911dd1a0
Event: 12.515 Thread 0x0000022b911e0620 Thread added: 0x0000022b911dd830
Event: 12.515 Thread 0x0000022b911dd1a0 Thread added: 0x0000022b911dff90
Event: 12.515 Thread 0x0000022b911dd830 Thread added: 0x0000022b911ddec0
Event: 12.515 Thread 0x0000022b911dd1a0 Thread added: 0x0000022b911e26f0
Event: 12.579 Thread 0x0000022b8da20db0 Thread added: 0x0000022b911debe0
Event: 12.580 Thread 0x0000022b8da20db0 Thread added: 0x0000022b911dbdf0
Event: 12.580 Thread 0x0000022b8da20db0 Thread added: 0x0000022b911e0cb0
Event: 12.580 Thread 0x0000022b8da20db0 Thread added: 0x0000022b911de550
Event: 12.580 Thread 0x0000022b8da20db0 Thread added: 0x0000022b911e1340
Event: 12.580 Thread 0x0000022b8da20db0 Thread added: 0x0000022b911df270


Dynamic libraries:
0x00007ff685f60000 - 0x00007ff685f6e000 	c:\Users\ponce\.vscode\extensions\redhat.java-1.42.0-win32-x64\jre\21.0.7-win32-x86_64\bin\java.exe
0x00007ff9437b0000 - 0x00007ff9439c7000 	C:\WINDOWS\SYSTEM32\ntdll.dll
0x00007ff9415d0000 - 0x00007ff941694000 	C:\WINDOWS\System32\KERNEL32.DLL
0x00007ff9409d0000 - 0x00007ff940da2000 	C:\WINDOWS\System32\KERNELBASE.dll
0x00007ff939730000 - 0x00007ff9397c8000 	C:\WINDOWS\SYSTEM32\apphelp.dll
0x00007ff940ed0000 - 0x00007ff940fe1000 	C:\WINDOWS\System32\ucrtbase.dll
0x00007ff937050000 - 0x00007ff93706e000 	c:\Users\ponce\.vscode\extensions\redhat.java-1.42.0-win32-x64\jre\21.0.7-win32-x86_64\bin\VCRUNTIME140.dll
0x00007ff9393e0000 - 0x00007ff9393f8000 	c:\Users\ponce\.vscode\extensions\redhat.java-1.42.0-win32-x64\jre\21.0.7-win32-x86_64\bin\jli.dll
0x00007ff942ca0000 - 0x00007ff942e51000 	C:\WINDOWS\System32\USER32.dll
0x00007ff941360000 - 0x00007ff941386000 	C:\WINDOWS\System32\win32u.dll
0x00007ff942ef0000 - 0x00007ff942f19000 	C:\WINDOWS\System32\GDI32.dll
0x00007ff92e550000 - 0x00007ff92e7eb000 	C:\WINDOWS\WinSxS\amd64_microsoft.windows.common-controls_6595b64144ccf1df_6.0.22621.5415_none_270d77d17387d7da\COMCTL32.dll
0x00007ff9408a0000 - 0x00007ff9409c3000 	C:\WINDOWS\System32\gdi32full.dll
0x00007ff941440000 - 0x00007ff9414e7000 	C:\WINDOWS\System32\msvcrt.dll
0x00007ff940db0000 - 0x00007ff940e4a000 	C:\WINDOWS\System32\msvcp_win.dll
0x00007ff9422a0000 - 0x00007ff9422d1000 	C:\WINDOWS\System32\IMM32.DLL
0x00007ff939800000 - 0x00007ff93980c000 	c:\Users\ponce\.vscode\extensions\redhat.java-1.42.0-win32-x64\jre\21.0.7-win32-x86_64\bin\vcruntime140_1.dll
0x00007ff925890000 - 0x00007ff92591d000 	c:\Users\ponce\.vscode\extensions\redhat.java-1.42.0-win32-x64\jre\21.0.7-win32-x86_64\bin\msvcp140.dll
0x00007ff8eee80000 - 0x00007ff8efc10000 	c:\Users\ponce\.vscode\extensions\redhat.java-1.42.0-win32-x64\jre\21.0.7-win32-x86_64\bin\server\jvm.dll
0x00007ff9431e0000 - 0x00007ff943291000 	C:\WINDOWS\System32\ADVAPI32.dll
0x00007ff941a20000 - 0x00007ff941ac8000 	C:\WINDOWS\System32\sechost.dll
0x00007ff941410000 - 0x00007ff941438000 	C:\WINDOWS\System32\bcrypt.dll
0x00007ff9417d0000 - 0x00007ff9418e4000 	C:\WINDOWS\System32\RPCRT4.dll
0x00007ff9436f0000 - 0x00007ff943761000 	C:\WINDOWS\System32\WS2_32.dll
0x00007ff940780000 - 0x00007ff9407cd000 	C:\WINDOWS\SYSTEM32\POWRPROF.dll
0x00007ff939020000 - 0x00007ff939054000 	C:\WINDOWS\SYSTEM32\WINMM.dll
0x00007ff939a50000 - 0x00007ff939a5a000 	C:\WINDOWS\SYSTEM32\VERSION.dll
0x00007ff940760000 - 0x00007ff940773000 	C:\WINDOWS\SYSTEM32\UMPDC.dll
0x00007ff93f890000 - 0x00007ff93f8a8000 	C:\WINDOWS\SYSTEM32\kernel.appcore.dll
0x00007ff939070000 - 0x00007ff93907a000 	c:\Users\ponce\.vscode\extensions\redhat.java-1.42.0-win32-x64\jre\21.0.7-win32-x86_64\bin\jimage.dll
0x00007ff93e440000 - 0x00007ff93e673000 	C:\WINDOWS\SYSTEM32\DBGHELP.DLL
0x00007ff943350000 - 0x00007ff9436e3000 	C:\WINDOWS\System32\combase.dll
0x00007ff9414f0000 - 0x00007ff9415c7000 	C:\WINDOWS\System32\OLEAUT32.dll
0x00007ff936e70000 - 0x00007ff936ea2000 	C:\WINDOWS\SYSTEM32\dbgcore.DLL
0x00007ff941390000 - 0x00007ff94140b000 	C:\WINDOWS\System32\bcryptPrimitives.dll
0x00007ff93a530000 - 0x00007ff93a53f000 	c:\Users\ponce\.vscode\extensions\redhat.java-1.42.0-win32-x64\jre\21.0.7-win32-x86_64\bin\instrument.dll
0x00007ff92f4e0000 - 0x00007ff92f4ff000 	c:\Users\ponce\.vscode\extensions\redhat.java-1.42.0-win32-x64\jre\21.0.7-win32-x86_64\bin\java.dll
0x00007ff9422e0000 - 0x00007ff942b82000 	C:\WINDOWS\System32\SHELL32.dll
0x00007ff940ff0000 - 0x00007ff94112f000 	C:\WINDOWS\System32\wintypes.dll
0x00007ff93e780000 - 0x00007ff93f09e000 	C:\WINDOWS\SYSTEM32\windows.storage.dll
0x00007ff9416c0000 - 0x00007ff9417cb000 	C:\WINDOWS\System32\SHCORE.dll
0x00007ff9419b0000 - 0x00007ff941a19000 	C:\WINDOWS\System32\shlwapi.dll
0x00007ff9407d0000 - 0x00007ff9407fb000 	C:\WINDOWS\SYSTEM32\profapi.dll
0x00007ff92e500000 - 0x00007ff92e518000 	c:\Users\ponce\.vscode\extensions\redhat.java-1.42.0-win32-x64\jre\21.0.7-win32-x86_64\bin\zip.dll
0x00007ff935ef0000 - 0x00007ff935f00000 	C:\Users\ponce\.vscode\extensions\redhat.java-1.42.0-win32-x64\jre\21.0.7-win32-x86_64\bin\net.dll
0x00007ff93a6e0000 - 0x00007ff93a80c000 	C:\WINDOWS\SYSTEM32\WINHTTP.dll
0x00007ff93fd00000 - 0x00007ff93fd69000 	C:\WINDOWS\system32\mswsock.dll
0x00007ff92d580000 - 0x00007ff92d596000 	C:\Users\ponce\.vscode\extensions\redhat.java-1.42.0-win32-x64\jre\21.0.7-win32-x86_64\bin\nio.dll
0x00007ff939260000 - 0x00007ff939270000 	c:\Users\ponce\.vscode\extensions\redhat.java-1.42.0-win32-x64\jre\21.0.7-win32-x86_64\bin\verify.dll
0x00007ff9290f0000 - 0x00007ff929135000 	C:\Users\ponce\AppData\Roaming\Code\User\globalStorage\redhat.java\1.42.0\config_win\org.eclipse.equinox.launcher\org.eclipse.equinox.launcher.win32.win32.x86_64_1.2.1300.v20250331-1702\eclipse_11911.dll
0x00007ff942fd0000 - 0x00007ff943170000 	C:\WINDOWS\System32\ole32.dll
0x00007ff93fff0000 - 0x00007ff94000b000 	C:\WINDOWS\SYSTEM32\CRYPTSP.dll
0x00007ff93f7f0000 - 0x00007ff93f827000 	C:\WINDOWS\system32\rsaenh.dll
0x00007ff93fda0000 - 0x00007ff93fdc8000 	C:\WINDOWS\SYSTEM32\USERENV.dll
0x00007ff93ff00000 - 0x00007ff93ff0c000 	C:\WINDOWS\SYSTEM32\CRYPTBASE.dll
0x00007ff93f340000 - 0x00007ff93f36d000 	C:\WINDOWS\SYSTEM32\IPHLPAPI.DLL
0x00007ff9420c0000 - 0x00007ff9420c9000 	C:\WINDOWS\System32\NSI.dll
0x00007ff917d80000 - 0x00007ff917dc9000 	C:\Users\ponce\AppData\Local\Temp\jna-106850033\jna9583723080890348730.dll
0x00007ff941ad0000 - 0x00007ff941ad8000 	C:\WINDOWS\System32\PSAPI.DLL
0x00007ff939910000 - 0x00007ff939929000 	C:\WINDOWS\SYSTEM32\dhcpcsvc6.DLL
0x00007ff9397d0000 - 0x00007ff9397ef000 	C:\WINDOWS\SYSTEM32\dhcpcsvc.DLL

dbghelp: loaded successfully - version: 4.0.5 - missing functions: none
symbol engine: initialized successfully - sym options: 0x614 - pdb path: .;c:\Users\ponce\.vscode\extensions\redhat.java-1.42.0-win32-x64\jre\21.0.7-win32-x86_64\bin;C:\WINDOWS\SYSTEM32;C:\WINDOWS\WinSxS\amd64_microsoft.windows.common-controls_6595b64144ccf1df_6.0.22621.5415_none_270d77d17387d7da;c:\Users\ponce\.vscode\extensions\redhat.java-1.42.0-win32-x64\jre\21.0.7-win32-x86_64\bin\server;C:\Users\ponce\AppData\Roaming\Code\User\globalStorage\redhat.java\1.42.0\config_win\org.eclipse.equinox.launcher\org.eclipse.equinox.launcher.win32.win32.x86_64_1.2.1300.v20250331-1702;C:\Users\ponce\AppData\Local\Temp\jna-106850033

VM Arguments:
jvm_args: --add-modules=ALL-SYSTEM --add-opens=java.base/java.util=ALL-UNNAMED --add-opens=java.base/java.lang=ALL-UNNAMED --add-opens=java.base/sun.nio.fs=ALL-UNNAMED -Declipse.application=org.eclipse.jdt.ls.core.id1 -Dosgi.bundles.defaultStartLevel=4 -Declipse.product=org.eclipse.jdt.ls.core.product -Djava.import.generatesMetadataFilesAtProjectRoot=false -DDetectVMInstallationsJob.disabled=true -Dfile.encoding=utf8 -XX:+UseParallelGC -XX:GCTimeRatio=4 -XX:AdaptiveSizePolicyWeight=90 -Dsun.zip.disableMemoryMapping=true -Xmx1G -Xms100m -Xlog:disable -javaagent:c:\Users\ponce\.vscode\extensions\redhat.java-1.42.0-win32-x64\lombok\lombok-1.18.36.jar -XX:+HeapDumpOnOutOfMemoryError -XX:HeapDumpPath=c:\Users\ponce\AppData\Roaming\Code\User\workspaceStorage\65ac8c3de3f23d2bcb4ce7b7b7e9c127\redhat.java -Daether.dependencyCollector.impl=bf 
java_command: c:\Users\ponce\.vscode\extensions\redhat.java-1.42.0-win32-x64\server\plugins\org.eclipse.equinox.launcher_1.7.0.v20250424-1814.jar -configuration c:\Users\ponce\AppData\Roaming\Code\User\globalStorage\redhat.java\1.42.0\config_win -data c:\Users\ponce\AppData\Roaming\Code\User\workspaceStorage\65ac8c3de3f23d2bcb4ce7b7b7e9c127\redhat.java\jdt_ws --pipe=\\.\pipe\lsp-00c7d9ea1554343e296ebe78760b408a-sock
java_class_path (initial): c:\Users\ponce\.vscode\extensions\redhat.java-1.42.0-win32-x64\server\plugins\org.eclipse.equinox.launcher_1.7.0.v20250424-1814.jar
Launcher Type: SUN_STANDARD

[Global flags]
    uintx AdaptiveSizePolicyWeight                 = 90                                        {product} {command line}
     intx CICompilerCount                          = 4                                         {product} {ergonomic}
    uintx GCTimeRatio                              = 4                                         {product} {command line}
     bool HeapDumpOnOutOfMemoryError               = true                                   {manageable} {command line}
    ccstr HeapDumpPath                             = c:\Users\ponce\AppData\Roaming\Code\User\workspaceStorage\65ac8c3de3f23d2bcb4ce7b7b7e9c127\redhat.java         {manageable} {command line}
   size_t InitialHeapSize                          = 104857600                                 {product} {command line}
   size_t MaxHeapSize                              = 1073741824                                {product} {command line}
   size_t MaxNewSize                               = 357564416                                 {product} {ergonomic}
   size_t MinHeapDeltaBytes                        = 524288                                    {product} {ergonomic}
   size_t MinHeapSize                              = 104857600                                 {product} {command line}
   size_t NewSize                                  = 34603008                                  {product} {ergonomic}
    uintx NonNMethodCodeHeapSize                   = 5839372                                {pd product} {ergonomic}
    uintx NonProfiledCodeHeapSize                  = 122909434                              {pd product} {ergonomic}
   size_t OldSize                                  = 70254592                                  {product} {ergonomic}
    uintx ProfiledCodeHeapSize                     = 122909434                              {pd product} {ergonomic}
    uintx ReservedCodeCacheSize                    = 251658240                              {pd product} {ergonomic}
     bool SegmentedCodeCache                       = true                                      {product} {ergonomic}
   size_t SoftMaxHeapSize                          = 1073741824                             {manageable} {ergonomic}
     bool UseCompressedOops                        = true                           {product lp64_product} {ergonomic}
     bool UseLargePagesIndividualAllocation        = false                                  {pd product} {ergonomic}
     bool UseParallelGC                            = true                                      {product} {command line}

Logging:
Log output configuration:
 #0: stdout all=off uptime,level,tags foldmultilines=false
 #1: stderr all=off uptime,level,tags foldmultilines=false

Environment Variables:
PATH=C:\Program Files\Common Files\Oracle\Java\javapath;C:\WINDOWS\system32;C:\WINDOWS;C:\WINDOWS\System32\Wbem;C:\WINDOWS\System32\WindowsPowerShell\v1.0\;C:\WINDOWS\System32\OpenSSH\;D:\Progrmas\;D:\Progrmas\Xamp\php;C:\ProgramData\ComposerSetup\bin;C:\ProgramData\chocolatey\bin;D:\src\flutter\bin;D:\Program Files\Git\cmd;C:\Program Files\nodejs\;C:\Program Files\Microsoft SQL Server\150\Tools\Binn\;C:\Program Files\Microsoft SQL Server\Client SDK\ODBC\170\Tools\Binn\;C:\Program Files\dotnet\;C:\Program Files\OpenSSL-Win64\bin;C:\Program Files (x86)\Microsoft SQL Server\160\Tools\Binn\;C:\Program Files\Microsoft SQL Server\160\Tools\Binn\;C:\Program Files\Microsoft SQL Server\160\DTS\Binn\;C:\Program Files (x86)\Microsoft SQL Server\160\DTS\Binn\;D:\Program Files\mongodb\tools\bin;D:\mingw32\bin;D:\apache-maven-3.9.9\bin;;C:\Program Files\Docker\Docker\resources\bin;C:\Users\ponce\AppData\Local\Programs\Python\Python313\Scripts\;C:\Users\ponce\AppData\Local\Programs\Python\Python313\;C:\Users\ponce\AppData\Local\Microsoft\WindowsApps;C:\Users\ponce\AppData\Roaming\Composer\vendor\bin;C:\ProgramData\ComposerSetup\bin;D:\src\flutter\bin;C:\Users\ponce\AppData\Local\Programs\mongosh\;C:\Users\ponce\AppData\Roaming\npm;D:\Progrmas\Microsoft VS Code\bin;C:\Users\ponce\AppData\Local\Programs\oh-my-posh\bin;C:\Users\ponce\AppData\Local\GitHubDesktop\bin;C:\Users\ponce\.dotnet\tools;D:\Program Files\texstudio\miktex\bin\x64\
USERNAME=ponce
OS=Windows_NT
PROCESSOR_IDENTIFIER=Intel64 Family 6 Model 140 Stepping 1, GenuineIntel
TMP=C:\Users\ponce\AppData\Local\Temp
TEMP=C:\Users\ponce\AppData\Local\Temp




Periodic native trim disabled

---------------  S Y S T E M  ---------------

OS:
 Windows 11 , 64 bit Build 22621 (10.0.22621.5415)
OS uptime: 1 days 5:16 hours
Hyper-V role detected

CPU: total 8 (initial active 8) (4 cores per cpu, 2 threads per core) family 6 model 140 stepping 1 microcode 0x86, cx8, cmov, fxsr, ht, mmx, 3dnowpref, sse, sse2, sse3, ssse3, sse4.1, sse4.2, popcnt, lzcnt, tsc, tscinvbit, avx, avx2, aes, erms, clmul, bmi1, bmi2, adx, avx512f, avx512dq, avx512cd, avx512bw, avx512vl, sha, fma, vzeroupper, avx512_vpopcntdq, avx512_vpclmulqdq, avx512_vaes, avx512_vnni, clflush, clflushopt, clwb, avx512_vbmi2, avx512_vbmi, hv, rdtscp, rdpid, fsrm, gfni, avx512_bitalg, f16c, cet_ibt, cet_ss, avx512_ifma
Processor Information for the first 8 processors :
  Max Mhz: 1997, Current Mhz: 1997, Mhz Limit: 1997

Memory: 4k page, system-wide physical 7886M (524M free)
TotalPageFile size 14910M (AvailPageFile size 17M)
current process WorkingSet (physical memory assigned to process): 296M, peak: 296M
current process commit charge ("private bytes"): 331M, peak: 340M

vm_info: OpenJDK 64-Bit Server VM (21.0.7+6-LTS) for windows-amd64 JRE (21.0.7+6-LTS), built on 2025-04-15T00:00:00Z by "admin" with MS VC++ 17.7 (VS2022)

END.
