#
# There is insufficient memory for the Java Runtime Environment to continue.
# Native memory allocation (malloc) failed to allocate 1153616 bytes. Error detail: Chunk::new
# Possible reasons:
#   The system is out of physical RAM or swap space
#   This process is running with CompressedOops enabled, and the Java Heap may be blocking the growth of the native heap
# Possible solutions:
#   Reduce memory load on the system
#   Increase physical memory or swap space
#   Check if swap backing store is full
#   Decrease Java heap size (-Xmx/-Xms)
#   Decrease number of Java threads
#   Decrease Java thread stack sizes (-Xss)
#   Set larger code cache with -XX:ReservedCodeCacheSize=
#   JVM is running with Unscaled Compressed Oops mode in which the Java heap is
#     placed in the first 4GB address space. The Java Heap base address is the
#     maximum limit for the native heap growth. Please use -XX:HeapBaseMinAddress
#     to set the Java Heap base and to place the Java Heap above 4GB virtual address.
# This output file may be truncated or incomplete.
#
#  Out of Memory Error (arena.cpp:168), pid=12352, tid=6716
#
# JRE version: OpenJDK Runtime Environment Temurin-21.0.7+6 (21.0.7+6) (build 21.0.7+6-LTS)
# Java VM: OpenJDK 64-Bit Server VM Temurin-21.0.7+6 (21.0.7+6-LTS, mixed mode, sharing, tiered, compressed oops, compressed class ptrs, parallel gc, windows-amd64)
# No core dump will be written. Minidumps are not enabled by default on client versions of Windows
#

---------------  S U M M A R Y ------------

Command Line: --add-modules=ALL-SYSTEM --add-opens=java.base/java.util=ALL-UNNAMED --add-opens=java.base/java.lang=ALL-UNNAMED --add-opens=java.base/sun.nio.fs=ALL-UNNAMED -Declipse.application=org.eclipse.jdt.ls.core.id1 -Dosgi.bundles.defaultStartLevel=4 -Declipse.product=org.eclipse.jdt.ls.core.product -Djava.import.generatesMetadataFilesAtProjectRoot=false -DDetectVMInstallationsJob.disabled=true -Dfile.encoding=utf8 -XX:+UseParallelGC -XX:GCTimeRatio=4 -XX:AdaptiveSizePolicyWeight=90 -Dsun.zip.disableMemoryMapping=true -Xmx1G -Xms100m -Xlog:disable -javaagent:c:\Users\ponce\.vscode\extensions\redhat.java-1.42.0-win32-x64\lombok\lombok-1.18.36.jar -XX:+HeapDumpOnOutOfMemoryError -XX:HeapDumpPath=c:\Users\ponce\AppData\Roaming\Code\User\workspaceStorage\65ac8c3de3f23d2bcb4ce7b7b7e9c127\redhat.java -Daether.dependencyCollector.impl=bf c:\Users\ponce\.vscode\extensions\redhat.java-1.42.0-win32-x64\server\plugins\org.eclipse.equinox.launcher_1.7.0.v20250424-1814.jar -configuration c:\Users\ponce\AppData\Roaming\Code\User\globalStorage\redhat.java\1.42.0\config_win -data c:\Users\ponce\AppData\Roaming\Code\User\workspaceStorage\65ac8c3de3f23d2bcb4ce7b7b7e9c127\redhat.java\jdt_ws --pipe=\\.\pipe\lsp-ee965ffa3e05f5bb68caa8b34cfa70c9-sock

Host: 11th Gen Intel(R) Core(TM) i3-1125G4 @ 2.00GHz, 8 cores, 7G,  Windows 11 , 64 bit Build 22621 (10.0.22621.5415)
Time: Mon Jun 23 20:58:00 2025 Hora estándar central (México) elapsed time: 79.170714 seconds (0d 0h 1m 19s)

---------------  T H R E A D  ---------------

Current thread (0x00000237db1e2ff0):  JavaThread "C2 CompilerThread0" daemon [_thread_in_native, id=6716, stack(0x000000f8ed400000,0x000000f8ed500000) (1024K)]


Current CompileTask:
C2:79170 14978 %s!   4       org.eclipse.jdt.internal.core.index.DiskIndex::readCategoryTable @ 260 (743 bytes)

Stack: [0x000000f8ed400000,0x000000f8ed500000]
Native frames: (J=compiled Java code, j=interpreted, Vv=VM code, C=native code)
V  [jvm.dll+0x6ce119]
V  [jvm.dll+0x8a84a1]
V  [jvm.dll+0x8aa9ce]
V  [jvm.dll+0x8ab0b3]
V  [jvm.dll+0x27f8a6]
V  [jvm.dll+0xc507d]
V  [jvm.dll+0xc55b3]
V  [jvm.dll+0x3b68f2]
V  [jvm.dll+0x1dfe33]
V  [jvm.dll+0x247c42]
V  [jvm.dll+0x2470cf]
V  [jvm.dll+0x1c760e]
V  [jvm.dll+0x25695a]
V  [jvm.dll+0x254efa]
V  [jvm.dll+0x3f03f6]
V  [jvm.dll+0x851f6b]
V  [jvm.dll+0x6cc7dd]
C  [ucrtbase.dll+0x29333]
C  [KERNEL32.DLL+0x1259d]
C  [ntdll.dll+0x5af78]


---------------  P R O C E S S  ---------------

Threads class SMR info:
_java_thread_list=0x00000237eceb4260, length=71, elements={
0x0000023783d76be0, 0x00000237db1c83e0, 0x0000023783e1c390, 0x0000023783e1e500,
0x00000237db1cbfb0, 0x00000237db1d0570, 0x00000237db1d3700, 0x00000237db1e2ff0,
0x00000237db1e86c0, 0x00000237dcc4eb30, 0x00000237dcc4f1c0, 0x00000237dcc50570,
0x00000237dcc4fee0, 0x00000237dcc50c00, 0x00000237dcc4f850, 0x00000237dcc51920,
0x00000237dcc51290, 0x00000237e1ed18f0, 0x00000237e1ed2610, 0x00000237e1ed2ca0,
0x00000237e1ed1f80, 0x00000237e1ed3330, 0x00000237e1ed39c0, 0x00000237e1ed4050,
0x00000237e1ed46e0, 0x00000237e40f8420, 0x00000237e40f8ab0, 0x00000237e40fa4f0,
0x00000237e40f69e0, 0x00000237e40f9140, 0x00000237e40fc5c0, 0x00000237e40f5cc0,
0x00000237e40fb210, 0x00000237e40f9e60, 0x00000237e40fab80, 0x00000237e40fb8a0,
0x00000237e40f97d0, 0x00000237e40f5630, 0x00000237e40fcc50, 0x00000237e40f6350,
0x00000237e40f7070, 0x00000237e3d7bca0, 0x00000237e3d7e400, 0x00000237e3d7dd70,
0x00000237e3d80b60, 0x00000237e3d7c330, 0x00000237e3d7f7b0, 0x00000237e3d7b610,
0x00000237e3d7a260, 0x00000237e3d7af80, 0x00000237e3d7c9c0, 0x00000237e3d7fe40,
0x00000237e3d804d0, 0x00000237e3d81880, 0x00000237e3d7a8f0, 0x00000237e3d7d6e0,
0x00000237dcc4e4a0, 0x00000237e483e380, 0x00000237e4842520, 0x00000237e4841170,
0x00000237e483ea10, 0x00000237e4844c80, 0x00000237e4843240, 0x00000237e48438d0,
0x00000237e4843f60, 0x00000237e2193ed0, 0x00000237e218e980, 0x00000237e21910e0,
0x00000237e21903c0, 0x00000237e2190a50, 0x00000237e218f010
}

Java Threads: ( => current thread )
  0x0000023783d76be0 JavaThread "main"                              [_thread_blocked, id=13784, stack(0x000000f8eca00000,0x000000f8ecb00000) (1024K)]
  0x00000237db1c83e0 JavaThread "Reference Handler"          daemon [_thread_blocked, id=17512, stack(0x000000f8ece00000,0x000000f8ecf00000) (1024K)]
  0x0000023783e1c390 JavaThread "Finalizer"                  daemon [_thread_blocked, id=12968, stack(0x000000f8ecf00000,0x000000f8ed000000) (1024K)]
  0x0000023783e1e500 JavaThread "Signal Dispatcher"          daemon [_thread_blocked, id=18108, stack(0x000000f8ed000000,0x000000f8ed100000) (1024K)]
  0x00000237db1cbfb0 JavaThread "Attach Listener"            daemon [_thread_blocked, id=10424, stack(0x000000f8ed100000,0x000000f8ed200000) (1024K)]
  0x00000237db1d0570 JavaThread "Service Thread"             daemon [_thread_blocked, id=16456, stack(0x000000f8ed200000,0x000000f8ed300000) (1024K)]
  0x00000237db1d3700 JavaThread "Monitor Deflation Thread"   daemon [_thread_blocked, id=628, stack(0x000000f8ed300000,0x000000f8ed400000) (1024K)]
=>0x00000237db1e2ff0 JavaThread "C2 CompilerThread0"         daemon [_thread_in_native, id=6716, stack(0x000000f8ed400000,0x000000f8ed500000) (1024K)]
  0x00000237db1e86c0 JavaThread "C1 CompilerThread0"         daemon [_thread_blocked, id=1264, stack(0x000000f8ed500000,0x000000f8ed600000) (1024K)]
  0x00000237dcc4eb30 JavaThread "Common-Cleaner"             daemon [_thread_blocked, id=14548, stack(0x000000f8ed600000,0x000000f8ed700000) (1024K)]
  0x00000237dcc4f1c0 JavaThread "Notification Thread"        daemon [_thread_blocked, id=8480, stack(0x000000f8ed800000,0x000000f8ed900000) (1024K)]
  0x00000237dcc50570 JavaThread "Active Thread: Equinox Container: a8431548-a06e-4c86-8cbb-f6d3d53adef0"        [_thread_blocked, id=11904, stack(0x000000f8ee000000,0x000000f8ee100000) (1024K)]
  0x00000237dcc4fee0 JavaThread "Refresh Thread: Equinox Container: a8431548-a06e-4c86-8cbb-f6d3d53adef0" daemon [_thread_blocked, id=13432, stack(0x000000f8ee100000,0x000000f8ee200000) (1024K)]
  0x00000237dcc50c00 JavaThread "Framework Event Dispatcher: Equinox Container: a8431548-a06e-4c86-8cbb-f6d3d53adef0" daemon [_thread_blocked, id=17244, stack(0x000000f8ee300000,0x000000f8ee400000) (1024K)]
  0x00000237dcc4f850 JavaThread "Start Level: Equinox Container: a8431548-a06e-4c86-8cbb-f6d3d53adef0" daemon [_thread_blocked, id=12488, stack(0x000000f8ee400000,0x000000f8ee500000) (1024K)]
  0x00000237dcc51920 JavaThread "Bundle File Closer"         daemon [_thread_blocked, id=9376, stack(0x000000f8ee500000,0x000000f8ee600000) (1024K)]
  0x00000237dcc51290 JavaThread "SCR Component Actor"        daemon [_thread_blocked, id=11832, stack(0x000000f8ee600000,0x000000f8ee700000) (1024K)]
  0x00000237e1ed18f0 JavaThread "Worker-JM"                         [_thread_blocked, id=11300, stack(0x000000f8ee800000,0x000000f8ee900000) (1024K)]
  0x00000237e1ed2610 JavaThread "JNA Cleaner"                daemon [_thread_blocked, id=7936, stack(0x000000f8ed700000,0x000000f8ed800000) (1024K)]
  0x00000237e1ed2ca0 JavaThread "Worker-0"                          [_thread_blocked, id=11768, stack(0x000000f8eea00000,0x000000f8eeb00000) (1024K)]
  0x00000237e1ed1f80 JavaThread "Worker-1"                          [_thread_blocked, id=1592, stack(0x000000f8eeb00000,0x000000f8eec00000) (1024K)]
  0x00000237e1ed3330 JavaThread "Worker-2"                          [_thread_blocked, id=18092, stack(0x000000f8eec00000,0x000000f8eed00000) (1024K)]
  0x00000237e1ed39c0 JavaThread "Java indexing"              daemon [_thread_blocked, id=2804, stack(0x000000f8eed00000,0x000000f8eee00000) (1024K)]
  0x00000237e1ed4050 JavaThread "Worker-3"                          [_thread_blocked, id=17784, stack(0x000000f8eee00000,0x000000f8eef00000) (1024K)]
  0x00000237e1ed46e0 JavaThread "Worker-4"                          [_thread_blocked, id=11416, stack(0x000000f8eef00000,0x000000f8ef000000) (1024K)]
  0x00000237e40f8420 JavaThread "Worker-5"                          [_thread_blocked, id=18424, stack(0x000000f8ef000000,0x000000f8ef100000) (1024K)]
  0x00000237e40f8ab0 JavaThread "Worker-6"                          [_thread_blocked, id=2856, stack(0x000000f8ef100000,0x000000f8ef200000) (1024K)]
  0x00000237e40fa4f0 JavaThread "Thread-2"                   daemon [_thread_in_native, id=18036, stack(0x000000f8ef200000,0x000000f8ef300000) (1024K)]
  0x00000237e40f69e0 JavaThread "Thread-3"                   daemon [_thread_in_native, id=10256, stack(0x000000f8ef300000,0x000000f8ef400000) (1024K)]
  0x00000237e40f9140 JavaThread "Thread-4"                   daemon [_thread_in_native, id=8800, stack(0x000000f8ef400000,0x000000f8ef500000) (1024K)]
  0x00000237e40fc5c0 JavaThread "Thread-5"                   daemon [_thread_in_native, id=16852, stack(0x000000f8ef500000,0x000000f8ef600000) (1024K)]
  0x00000237e40f5cc0 JavaThread "Thread-6"                   daemon [_thread_in_native, id=12420, stack(0x000000f8ef600000,0x000000f8ef700000) (1024K)]
  0x00000237e40fb210 JavaThread "Thread-7"                   daemon [_thread_in_native, id=11184, stack(0x000000f8ef700000,0x000000f8ef800000) (1024K)]
  0x00000237e40f9e60 JavaThread "Thread-8"                   daemon [_thread_in_native, id=8944, stack(0x000000f8ef800000,0x000000f8ef900000) (1024K)]
  0x00000237e40fab80 JavaThread "Thread-9"                   daemon [_thread_in_native, id=16028, stack(0x000000f8ef900000,0x000000f8efa00000) (1024K)]
  0x00000237e40fb8a0 JavaThread "Thread-10"                  daemon [_thread_in_native, id=7580, stack(0x000000f8efa00000,0x000000f8efb00000) (1024K)]
  0x00000237e40f97d0 JavaThread "Worker-7"                          [_thread_blocked, id=11704, stack(0x000000f8efb00000,0x000000f8efc00000) (1024K)]
  0x00000237e40f5630 JavaThread "pool-2-thread-1"                   [_thread_blocked, id=16740, stack(0x000000f8efc00000,0x000000f8efd00000) (1024K)]
  0x00000237e40fcc50 JavaThread "Worker-8"                          [_thread_blocked, id=13264, stack(0x000000f8efd00000,0x000000f8efe00000) (1024K)]
  0x00000237e40f6350 JavaThread "WorkspaceEventsHandler"            [_thread_blocked, id=968, stack(0x000000f8efe00000,0x000000f8eff00000) (1024K)]
  0x00000237e40f7070 JavaThread "pool-1-thread-1"                   [_thread_blocked, id=3048, stack(0x000000f8eff00000,0x000000f8f0000000) (1024K)]
  0x00000237e3d7bca0 JavaThread "LocalFile Deleter"          daemon [_thread_blocked, id=2388, stack(0x000000f8f0100000,0x000000f8f0200000) (1024K)]
  0x00000237e3d7e400 JavaThread "LocalFile Deleter"          daemon [_thread_blocked, id=2296, stack(0x000000f8f0200000,0x000000f8f0300000) (1024K)]
  0x00000237e3d7dd70 JavaThread "LocalFile Deleter"          daemon [_thread_blocked, id=9876, stack(0x000000f8f0300000,0x000000f8f0400000) (1024K)]
  0x00000237e3d80b60 JavaThread "LocalFile Deleter"          daemon [_thread_blocked, id=14008, stack(0x000000f8f0400000,0x000000f8f0500000) (1024K)]
  0x00000237e3d7c330 JavaThread "LocalFile Deleter"          daemon [_thread_blocked, id=12484, stack(0x000000f8f0500000,0x000000f8f0600000) (1024K)]
  0x00000237e3d7f7b0 JavaThread "LocalFile Deleter"          daemon [_thread_blocked, id=16804, stack(0x000000f8f0600000,0x000000f8f0700000) (1024K)]
  0x00000237e3d7b610 JavaThread "LocalFile Deleter"          daemon [_thread_blocked, id=15728, stack(0x000000f8f0700000,0x000000f8f0800000) (1024K)]
  0x00000237e3d7a260 JavaThread "Compiler Source File Reader" daemon [_thread_blocked, id=12036, stack(0x000000f8f0800000,0x000000f8f0900000) (1024K)]
  0x00000237e3d7af80 JavaThread "Compiler Source File Reader" daemon [_thread_blocked, id=2124, stack(0x000000f8f0900000,0x000000f8f0a00000) (1024K)]
  0x00000237e3d7c9c0 JavaThread "Compiler Source File Reader" daemon [_thread_blocked, id=9792, stack(0x000000f8f0a00000,0x000000f8f0b00000) (1024K)]
  0x00000237e3d7fe40 JavaThread "Compiler Source File Reader" daemon [_thread_blocked, id=6356, stack(0x000000f8f0b00000,0x000000f8f0c00000) (1024K)]
  0x00000237e3d804d0 JavaThread "Compiler Source File Reader" daemon [_thread_blocked, id=15724, stack(0x000000f8f0c00000,0x000000f8f0d00000) (1024K)]
  0x00000237e3d81880 JavaThread "Compiler Source File Reader" daemon [_thread_blocked, id=8344, stack(0x000000f8f0d00000,0x000000f8f0e00000) (1024K)]
  0x00000237e3d7a8f0 JavaThread "Compiler Processing Task"   daemon [_thread_blocked, id=10104, stack(0x000000f8ee700000,0x000000f8ee800000) (1024K)]
  0x00000237e3d7d6e0 JavaThread "Compiler Class File Writer" daemon [_thread_blocked, id=18148, stack(0x000000f8ee900000,0x000000f8eea00000) (1024K)]
  0x00000237dcc4e4a0 JavaThread "Compiler Class File Writer" daemon [_thread_blocked, id=13180, stack(0x000000f8f0e00000,0x000000f8f0f00000) (1024K)]
  0x00000237e483e380 JavaThread "Compiler Class File Writer" daemon [_thread_blocked, id=15880, stack(0x000000f8f0f00000,0x000000f8f1000000) (1024K)]
  0x00000237e4842520 JavaThread "Compiler Class File Writer" daemon [_thread_blocked, id=18408, stack(0x000000f8f1100000,0x000000f8f1200000) (1024K)]
  0x00000237e4841170 JavaThread "Compiler Class File Writer" daemon [_thread_blocked, id=4144, stack(0x000000f8f1200000,0x000000f8f1300000) (1024K)]
  0x00000237e483ea10 JavaThread "Compiler Class File Writer" daemon [_thread_blocked, id=1156, stack(0x000000f8f1300000,0x000000f8f1400000) (1024K)]
  0x00000237e4844c80 JavaThread "ForkJoinPool.commonPool-worker-1" daemon [_thread_blocked, id=18020, stack(0x000000f8f1400000,0x000000f8f1500000) (1024K)]
  0x00000237e4843240 JavaThread "ForkJoinPool.commonPool-worker-2" daemon [_thread_blocked, id=11908, stack(0x000000f8f1500000,0x000000f8f1600000) (1024K)]
  0x00000237e48438d0 JavaThread "ForkJoinPool.commonPool-worker-3" daemon [_thread_blocked, id=1368, stack(0x000000f8f1600000,0x000000f8f1700000) (1024K)]
  0x00000237e4843f60 JavaThread "ForkJoinPool.commonPool-worker-4" daemon [_thread_blocked, id=17440, stack(0x000000f8f1700000,0x000000f8f1800000) (1024K)]
  0x00000237e2193ed0 JavaThread "ForkJoinPool.commonPool-worker-5" daemon [_thread_blocked, id=15972, stack(0x000000f8f1800000,0x000000f8f1900000) (1024K)]
  0x00000237e218e980 JavaThread "ForkJoinPool.commonPool-worker-6" daemon [_thread_blocked, id=14988, stack(0x000000f8f1900000,0x000000f8f1a00000) (1024K)]
  0x00000237e21910e0 JavaThread "ForkJoinPool.commonPool-worker-7" daemon [_thread_blocked, id=17604, stack(0x000000f8f1a00000,0x000000f8f1b00000) (1024K)]
  0x00000237e21903c0 JavaThread "pool-5-thread-1"                   [_thread_blocked, id=7968, stack(0x000000f8ec800000,0x000000f8ec900000) (1024K)]
  0x00000237e2190a50 JavaThread "Framework stop - Equinox Container: a8431548-a06e-4c86-8cbb-f6d3d53adef0"        [_thread_blocked, id=3180, stack(0x000000f8ec900000,0x000000f8eca00000) (1024K)]
  0x00000237e218f010 JavaThread "SCR Component Registry"     daemon [_thread_blocked, id=10156, stack(0x000000f8ed900000,0x000000f8eda00000) (1024K)]
Total: 71

Other Threads:
  0x00000237db1c35f0 VMThread "VM Thread"                           [id=17584, stack(0x000000f8ecd00000,0x000000f8ece00000) (1024K)]
  0x0000023783ddb4c0 WatcherThread "VM Periodic Task Thread"        [id=18204, stack(0x000000f8ecc00000,0x000000f8ecd00000) (1024K)]
  0x0000023783d8f270 WorkerThread "GC Thread#0"                     [id=18208, stack(0x000000f8ecb00000,0x000000f8ecc00000) (1024K)]
  0x00000237e18a4400 WorkerThread "GC Thread#1"                     [id=13548, stack(0x000000f8eda00000,0x000000f8edb00000) (1024K)]
  0x00000237e14dbbe0 WorkerThread "GC Thread#2"                     [id=7432, stack(0x000000f8edb00000,0x000000f8edc00000) (1024K)]
  0x00000237e18a47a0 WorkerThread "GC Thread#3"                     [id=10948, stack(0x000000f8edc00000,0x000000f8edd00000) (1024K)]
  0x00000237e1507fb0 WorkerThread "GC Thread#4"                     [id=13712, stack(0x000000f8edd00000,0x000000f8ede00000) (1024K)]
  0x00000237e1508350 WorkerThread "GC Thread#5"                     [id=15424, stack(0x000000f8ede00000,0x000000f8edf00000) (1024K)]
  0x00000237e14e0cb0 WorkerThread "GC Thread#6"                     [id=4664, stack(0x000000f8edf00000,0x000000f8ee000000) (1024K)]
  0x00000237e19847f0 WorkerThread "GC Thread#7"                     [id=14604, stack(0x000000f8ee200000,0x000000f8ee300000) (1024K)]
Total: 10

Threads with active compile tasks:
C2 CompilerThread0  79196 14978 %s!   4       org.eclipse.jdt.internal.core.index.DiskIndex::readCategoryTable @ 260 (743 bytes)
Total: 1

VM state: not at safepoint (normal execution)

VM Mutex/Monitor currently owned by a thread: None

Heap address: 0x00000000c0000000, size: 1024 MB, Compressed Oops mode: 32-bit

CDS archive(s) mapped at: [0x000002379a000000-0x000002379aba0000-0x000002379aba0000), size 12189696, SharedBaseAddress: 0x000002379a000000, ArchiveRelocationMode: 1.
Compressed class space mapped at: 0x000002379b000000-0x00000237db000000, reserved size: 1073741824
Narrow klass base: 0x000002379a000000, Narrow klass shift: 0, Narrow klass range: 0x100000000

GC Precious Log:
 CardTable entry size: 512
 CPUs: 8 total, 8 available
 Memory: 7886M
 Large Page Support: Disabled
 NUMA Support: Disabled
 Compressed Oops: Enabled (32-bit)
 Alignments: Space 512K, Generation 512K, Heap 2M
 Heap Min Capacity: 100M
 Heap Initial Capacity: 100M
 Heap Max Capacity: 1G
 Pre-touch: Disabled
 Parallel Workers: 8

Heap:
 PSYoungGen      total 3584K, used 2098K [0x00000000eab00000, 0x00000000eb080000, 0x0000000100000000)
  eden space 2048K, 43% used [0x00000000eab00000,0x00000000eabdc9b8,0x00000000ead00000)
  from space 1536K, 79% used [0x00000000eaf00000,0x00000000eb030000,0x00000000eb080000)
  to   space 1536K, 0% used [0x00000000ead80000,0x00000000ead80000,0x00000000eaf00000)
 ParOldGen       total 338944K, used 338725K [0x00000000c0000000, 0x00000000d4b00000, 0x00000000eab00000)
  object space 338944K, 99% used [0x00000000c0000000,0x00000000d4ac9408,0x00000000d4b00000)
 Metaspace       used 71847K, committed 73472K, reserved 1179648K
  class space    used 7277K, committed 8000K, reserved 1048576K

Card table byte_map: [0x0000023797a40000,0x0000023797c50000] _byte_map_base: 0x0000023797440000

Marking Bits: (ParMarkBitMap*) 0x00007ff8efb331f0
 Begin Bits: [0x0000023797db0000, 0x0000023798db0000)
 End Bits:   [0x0000023798db0000, 0x0000023799db0000)

Polling page: 0x0000023783e20000

Metaspace:

Usage:
  Non-class:     63.06 MB used.
      Class:      7.11 MB used.
       Both:     70.16 MB used.

Virtual space:
  Non-class space:      128.00 MB reserved,      63.94 MB ( 50%) committed,  2 nodes.
      Class space:        1.00 GB reserved,       7.81 MB ( <1%) committed,  1 nodes.
             Both:        1.12 GB reserved,      71.75 MB (  6%) committed. 

Chunk freelists:
   Non-Class:  15.28 MB
       Class:  8.03 MB
        Both:  23.32 MB

MaxMetaspaceSize: unlimited
CompressedClassSpaceSize: 1.00 GB
Initial GC threshold: 21.00 MB
Current GC threshold: 107.44 MB
CDS: on
 - commit_granule_bytes: 65536.
 - commit_granule_words: 8192.
 - virtual_space_node_default_size: 8388608.
 - enlarge_chunks_in_place: 1.
 - use_allocation_guard: 0.


Internal statistics:

num_allocs_failed_limit: 9.
num_arena_births: 1402.
num_arena_deaths: 22.
num_vsnodes_births: 3.
num_vsnodes_deaths: 0.
num_space_committed: 1148.
num_space_uncommitted: 0.
num_chunks_returned_to_freelist: 35.
num_chunks_taken_from_freelist: 4989.
num_chunk_merges: 19.
num_chunk_splits: 2975.
num_chunks_enlarged: 1603.
num_inconsistent_stats: 0.

CodeHeap 'non-profiled nmethods': size=120000Kb used=11692Kb max_used=11692Kb free=108308Kb
 bounds [0x0000023790320000, 0x0000023790e90000, 0x0000023797850000]
CodeHeap 'profiled nmethods': size=120000Kb used=30667Kb max_used=30667Kb free=89333Kb
 bounds [0x0000023788850000, 0x000002378a650000, 0x000002378fd80000]
CodeHeap 'non-nmethods': size=5760Kb used=1468Kb max_used=1555Kb free=4291Kb
 bounds [0x000002378fd80000, 0x000002378fff0000, 0x0000023790320000]
 total_blobs=13853 nmethods=13080 adapters=678
 compilation: enabled
              stopped_count=0, restarted_count=0
 full_count=0

Compilation events (20 events):
Event: 75.908 Thread 0x00000237db1e2ff0 nmethod 14967 0x0000023790e85310 code [0x0000023790e854a0, 0x0000023790e855d0]
Event: 75.961 Thread 0x00000237db1e86c0 14969       3       org.eclipse.jdt.internal.core.index.Index::hasChanged (8 bytes)
Event: 75.961 Thread 0x00000237db1e86c0 nmethod 14969 0x000002378a631190 code [0x000002378a631340, 0x000002378a631510]
Event: 75.984 Thread 0x00000237db1e2ff0 14970       4       org.eclipse.jdt.internal.core.index.DiskIndex::readStreamChars (529 bytes)
Event: 76.017 Thread 0x00000237db1e2ff0 nmethod 14970 0x0000023790e85710 code [0x0000023790e85920, 0x0000023790e86818]
Event: 76.017 Thread 0x00000237db1e2ff0 14971 %     4       org.eclipse.jdt.internal.core.index.DiskIndex::computeDocumentNames @ 237 (607 bytes)
Event: 76.066 Thread 0x00000237db1e2ff0 nmethod 14971% 0x0000023790e86c90 code [0x0000023790e86f40, 0x0000023790e88688]
Event: 78.648 Thread 0x00000237db1e86c0 14972 %     3       org.eclipse.jdt.internal.core.index.DiskIndex::mergeCategory @ 108 (301 bytes)
Event: 78.651 Thread 0x00000237db1e86c0 nmethod 14972% 0x000002378a631610 code [0x000002378a631920, 0x000002378a6330a0]
Event: 78.651 Thread 0x00000237db1e86c0 14973       3       org.eclipse.jdt.internal.core.index.DiskIndex::mergeCategory (301 bytes)
Event: 78.652 Thread 0x00000237db1e86c0 nmethod 14973 0x000002378a633a90 code [0x000002378a633d80, 0x000002378a634f50]
Event: 78.654 Thread 0x00000237db1e2ff0 14974 %     4       org.eclipse.jdt.internal.core.index.DiskIndex::mergeCategory @ 66 (301 bytes)
Event: 78.669 Thread 0x00000237db1e2ff0 nmethod 14974% 0x0000023790e89510 code [0x0000023790e896e0, 0x0000023790e89eb8]
Event: 78.755 Thread 0x00000237db1e2ff0 14975       4       java.io.BufferedOutputStream::implWrite (71 bytes)
Event: 78.758 Thread 0x00000237db1e86c0 14976 %s!   3       org.eclipse.jdt.internal.core.index.DiskIndex::readCategoryTable @ 260 (743 bytes)
Event: 78.764 Thread 0x00000237db1e86c0 nmethod 14976% 0x000002378a635810 code [0x000002378a635e80, 0x000002378a63a728]
Event: 78.765 Thread 0x00000237db1e2ff0 nmethod 14975 0x0000023790e8a390 code [0x0000023790e8a5a0, 0x0000023790e8aae8]
Event: 78.765 Thread 0x00000237db1e86c0 14977  s!   3       org.eclipse.jdt.internal.core.index.DiskIndex::readCategoryTable (743 bytes)
Event: 78.770 Thread 0x00000237db1e86c0 nmethod 14977 0x000002378a63ca10 code [0x000002378a63d060, 0x000002378a640dc0]
Event: 78.825 Thread 0x00000237db1e2ff0 14978 %s!   4       org.eclipse.jdt.internal.core.index.DiskIndex::readCategoryTable @ 260 (743 bytes)

GC Heap History (20 events):
Event: 78.526 GC heap before
{Heap before GC invocations=1147 (full 4):
 PSYoungGen      total 7680K, used 7200K [0x00000000eab00000, 0x00000000eb980000, 0x0000000100000000)
  eden space 3584K, 100% used [0x00000000eab00000,0x00000000eae80000,0x00000000eae80000)
  from space 4096K, 88% used [0x00000000eb580000,0x00000000eb908000,0x00000000eb980000)
  to   space 4608K, 0% used [0x00000000eb080000,0x00000000eb080000,0x00000000eb500000)
 ParOldGen       total 319488K, used 319063K [0x00000000c0000000, 0x00000000d3800000, 0x00000000eab00000)
  object space 319488K, 99% used [0x00000000c0000000,0x00000000d3795f48,0x00000000d3800000)
 Metaspace       used 71845K, committed 73472K, reserved 1179648K
  class space    used 7277K, committed 8000K, reserved 1048576K
}
Event: 78.538 GC heap after
{Heap after GC invocations=1147 (full 4):
 PSYoungGen      total 7680K, used 3648K [0x00000000eab00000, 0x00000000eb680000, 0x0000000100000000)
  eden space 3584K, 0% used [0x00000000eab00000,0x00000000eab00000,0x00000000eae80000)
  from space 4096K, 89% used [0x00000000eb080000,0x00000000eb410000,0x00000000eb480000)
  to   space 2048K, 0% used [0x00000000eb480000,0x00000000eb480000,0x00000000eb680000)
 ParOldGen       total 323072K, used 322687K [0x00000000c0000000, 0x00000000d3b80000, 0x00000000eab00000)
  object space 323072K, 99% used [0x00000000c0000000,0x00000000d3b1ff48,0x00000000d3b80000)
 Metaspace       used 71845K, committed 73472K, reserved 1179648K
  class space    used 7277K, committed 8000K, reserved 1048576K
}
Event: 78.570 GC heap before
{Heap before GC invocations=1148 (full 4):
 PSYoungGen      total 7680K, used 7232K [0x00000000eab00000, 0x00000000eb680000, 0x0000000100000000)
  eden space 3584K, 100% used [0x00000000eab00000,0x00000000eae80000,0x00000000eae80000)
  from space 4096K, 89% used [0x00000000eb080000,0x00000000eb410000,0x00000000eb480000)
  to   space 2048K, 0% used [0x00000000eb480000,0x00000000eb480000,0x00000000eb680000)
 ParOldGen       total 323072K, used 322687K [0x00000000c0000000, 0x00000000d3b80000, 0x00000000eab00000)
  object space 323072K, 99% used [0x00000000c0000000,0x00000000d3b1ff48,0x00000000d3b80000)
 Metaspace       used 71845K, committed 73472K, reserved 1179648K
  class space    used 7277K, committed 8000K, reserved 1048576K
}
Event: 78.585 GC heap after
{Heap after GC invocations=1148 (full 4):
 PSYoungGen      total 3584K, used 2048K [0x00000000eab00000, 0x00000000ebe80000, 0x0000000100000000)
  eden space 1536K, 0% used [0x00000000eab00000,0x00000000eab00000,0x00000000eac80000)
  from space 2048K, 100% used [0x00000000eb480000,0x00000000eb680000,0x00000000eb680000)
  to   space 8192K, 0% used [0x00000000eac80000,0x00000000eac80000,0x00000000eb480000)
 ParOldGen       total 328192K, used 327815K [0x00000000c0000000, 0x00000000d4080000, 0x00000000eab00000)
  object space 328192K, 99% used [0x00000000c0000000,0x00000000d4021f48,0x00000000d4080000)
 Metaspace       used 71845K, committed 73472K, reserved 1179648K
  class space    used 7277K, committed 8000K, reserved 1048576K
}
Event: 78.603 GC heap before
{Heap before GC invocations=1149 (full 4):
 PSYoungGen      total 3584K, used 3584K [0x00000000eab00000, 0x00000000ebe80000, 0x0000000100000000)
  eden space 1536K, 100% used [0x00000000eab00000,0x00000000eac80000,0x00000000eac80000)
  from space 2048K, 100% used [0x00000000eb480000,0x00000000eb680000,0x00000000eb680000)
  to   space 8192K, 0% used [0x00000000eac80000,0x00000000eac80000,0x00000000eb480000)
 ParOldGen       total 328192K, used 327815K [0x00000000c0000000, 0x00000000d4080000, 0x00000000eab00000)
  object space 328192K, 99% used [0x00000000c0000000,0x00000000d4021f48,0x00000000d4080000)
 Metaspace       used 71845K, committed 73472K, reserved 1179648K
  class space    used 7277K, committed 8000K, reserved 1048576K
}
Event: 78.614 GC heap after
{Heap after GC invocations=1149 (full 4):
 PSYoungGen      total 3584K, used 1600K [0x00000000eab00000, 0x00000000eb500000, 0x0000000100000000)
  eden space 1536K, 0% used [0x00000000eab00000,0x00000000eab00000,0x00000000eac80000)
  from space 2048K, 78% used [0x00000000eac80000,0x00000000eae10000,0x00000000eae80000)
  to   space 4096K, 0% used [0x00000000eb100000,0x00000000eb100000,0x00000000eb500000)
 ParOldGen       total 330240K, used 329903K [0x00000000c0000000, 0x00000000d4280000, 0x00000000eab00000)
  object space 330240K, 99% used [0x00000000c0000000,0x00000000d422bf48,0x00000000d4280000)
 Metaspace       used 71845K, committed 73472K, reserved 1179648K
  class space    used 7277K, committed 8000K, reserved 1048576K
}
Event: 78.656 GC heap before
{Heap before GC invocations=1150 (full 4):
 PSYoungGen      total 3584K, used 3136K [0x00000000eab00000, 0x00000000eb500000, 0x0000000100000000)
  eden space 1536K, 100% used [0x00000000eab00000,0x00000000eac80000,0x00000000eac80000)
  from space 2048K, 78% used [0x00000000eac80000,0x00000000eae10000,0x00000000eae80000)
  to   space 4096K, 0% used [0x00000000eb100000,0x00000000eb100000,0x00000000eb500000)
 ParOldGen       total 330240K, used 329903K [0x00000000c0000000, 0x00000000d4280000, 0x00000000eab00000)
  object space 330240K, 99% used [0x00000000c0000000,0x00000000d422bf48,0x00000000d4280000)
 Metaspace       used 71847K, committed 73472K, reserved 1179648K
  class space    used 7277K, committed 8000K, reserved 1048576K
}
Event: 78.662 GC heap after
{Heap after GC invocations=1150 (full 4):
 PSYoungGen      total 2048K, used 256K [0x00000000eab00000, 0x00000000eb180000, 0x0000000100000000)
  eden space 1536K, 0% used [0x00000000eab00000,0x00000000eab00000,0x00000000eac80000)
  from space 512K, 50% used [0x00000000eb100000,0x00000000eb140000,0x00000000eb180000)
  to   space 1536K, 0% used [0x00000000eae80000,0x00000000eae80000,0x00000000eb000000)
 ParOldGen       total 331776K, used 331447K [0x00000000c0000000, 0x00000000d4400000, 0x00000000eab00000)
  object space 331776K, 99% used [0x00000000c0000000,0x00000000d43adf48,0x00000000d4400000)
 Metaspace       used 71847K, committed 73472K, reserved 1179648K
  class space    used 7277K, committed 8000K, reserved 1048576K
}
Event: 78.756 GC heap before
{Heap before GC invocations=1151 (full 4):
 PSYoungGen      total 2048K, used 1791K [0x00000000eab00000, 0x00000000eb180000, 0x0000000100000000)
  eden space 1536K, 99% used [0x00000000eab00000,0x00000000eac7ffa8,0x00000000eac80000)
  from space 512K, 50% used [0x00000000eb100000,0x00000000eb140000,0x00000000eb180000)
  to   space 1536K, 0% used [0x00000000eae80000,0x00000000eae80000,0x00000000eb000000)
 ParOldGen       total 331776K, used 331447K [0x00000000c0000000, 0x00000000d4400000, 0x00000000eab00000)
  object space 331776K, 99% used [0x00000000c0000000,0x00000000d43adf48,0x00000000d4400000)
 Metaspace       used 71847K, committed 73472K, reserved 1179648K
  class space    used 7277K, committed 8000K, reserved 1048576K
}
Event: 78.758 GC heap after
{Heap after GC invocations=1151 (full 4):
 PSYoungGen      total 3072K, used 1061K [0x00000000eab00000, 0x00000000eb180000, 0x0000000100000000)
  eden space 1536K, 0% used [0x00000000eab00000,0x00000000eab00000,0x00000000eac80000)
  from space 1536K, 69% used [0x00000000eae80000,0x00000000eaf894c0,0x00000000eb000000)
  to   space 1536K, 0% used [0x00000000eb000000,0x00000000eb000000,0x00000000eb180000)
 ParOldGen       total 331776K, used 331607K [0x00000000c0000000, 0x00000000d4400000, 0x00000000eab00000)
  object space 331776K, 99% used [0x00000000c0000000,0x00000000d43d5f48,0x00000000d4400000)
 Metaspace       used 71847K, committed 73472K, reserved 1179648K
  class space    used 7277K, committed 8000K, reserved 1048576K
}
Event: 78.780 GC heap before
{Heap before GC invocations=1152 (full 4):
 PSYoungGen      total 3072K, used 2597K [0x00000000eab00000, 0x00000000eb180000, 0x0000000100000000)
  eden space 1536K, 100% used [0x00000000eab00000,0x00000000eac80000,0x00000000eac80000)
  from space 1536K, 69% used [0x00000000eae80000,0x00000000eaf894c0,0x00000000eb000000)
  to   space 1536K, 0% used [0x00000000eb000000,0x00000000eb000000,0x00000000eb180000)
 ParOldGen       total 331776K, used 331607K [0x00000000c0000000, 0x00000000d4400000, 0x00000000eab00000)
  object space 331776K, 99% used [0x00000000c0000000,0x00000000d43d5f48,0x00000000d4400000)
 Metaspace       used 71847K, committed 73472K, reserved 1179648K
  class space    used 7277K, committed 8000K, reserved 1048576K
}
Event: 78.783 GC heap after
{Heap after GC invocations=1152 (full 4):
 PSYoungGen      total 3072K, used 1536K [0x00000000eab00000, 0x00000000eb280000, 0x0000000100000000)
  eden space 1536K, 0% used [0x00000000eab00000,0x00000000eab00000,0x00000000eac80000)
  from space 1536K, 100% used [0x00000000eb000000,0x00000000eb180000,0x00000000eb180000)
  to   space 3072K, 0% used [0x00000000eac80000,0x00000000eac80000,0x00000000eaf80000)
 ParOldGen       total 332800K, used 332557K [0x00000000c0000000, 0x00000000d4500000, 0x00000000eab00000)
  object space 332800K, 99% used [0x00000000c0000000,0x00000000d44c3408,0x00000000d4500000)
 Metaspace       used 71847K, committed 73472K, reserved 1179648K
  class space    used 7277K, committed 8000K, reserved 1048576K
}
Event: 78.793 GC heap before
{Heap before GC invocations=1153 (full 4):
 PSYoungGen      total 3072K, used 3072K [0x00000000eab00000, 0x00000000eb280000, 0x0000000100000000)
  eden space 1536K, 100% used [0x00000000eab00000,0x00000000eac80000,0x00000000eac80000)
  from space 1536K, 100% used [0x00000000eb000000,0x00000000eb180000,0x00000000eb180000)
  to   space 3072K, 0% used [0x00000000eac80000,0x00000000eac80000,0x00000000eaf80000)
 ParOldGen       total 332800K, used 332557K [0x00000000c0000000, 0x00000000d4500000, 0x00000000eab00000)
  object space 332800K, 99% used [0x00000000c0000000,0x00000000d44c3408,0x00000000d4500000)
 Metaspace       used 71847K, committed 73472K, reserved 1179648K
  class space    used 7277K, committed 8000K, reserved 1048576K
}
Event: 78.798 GC heap after
{Heap after GC invocations=1153 (full 4):
 PSYoungGen      total 3584K, used 1664K [0x00000000eab00000, 0x00000000eb080000, 0x0000000100000000)
  eden space 1536K, 0% used [0x00000000eab00000,0x00000000eab00000,0x00000000eac80000)
  from space 2048K, 81% used [0x00000000eac80000,0x00000000eae20000,0x00000000eae80000)
  to   space 2048K, 0% used [0x00000000eae80000,0x00000000eae80000,0x00000000eb080000)
 ParOldGen       total 334336K, used 334085K [0x00000000c0000000, 0x00000000d4680000, 0x00000000eab00000)
  object space 334336K, 99% used [0x00000000c0000000,0x00000000d4641408,0x00000000d4680000)
 Metaspace       used 71847K, committed 73472K, reserved 1179648K
  class space    used 7277K, committed 8000K, reserved 1048576K
}
Event: 78.811 GC heap before
{Heap before GC invocations=1154 (full 4):
 PSYoungGen      total 3584K, used 3200K [0x00000000eab00000, 0x00000000eb080000, 0x0000000100000000)
  eden space 1536K, 100% used [0x00000000eab00000,0x00000000eac80000,0x00000000eac80000)
  from space 2048K, 81% used [0x00000000eac80000,0x00000000eae20000,0x00000000eae80000)
  to   space 2048K, 0% used [0x00000000eae80000,0x00000000eae80000,0x00000000eb080000)
 ParOldGen       total 334336K, used 334085K [0x00000000c0000000, 0x00000000d4680000, 0x00000000eab00000)
  object space 334336K, 99% used [0x00000000c0000000,0x00000000d4641408,0x00000000d4680000)
 Metaspace       used 71847K, committed 73472K, reserved 1179648K
  class space    used 7277K, committed 8000K, reserved 1048576K
}
Event: 78.816 GC heap after
{Heap after GC invocations=1154 (full 4):
 PSYoungGen      total 3584K, used 1632K [0x00000000eab00000, 0x00000000eb100000, 0x0000000100000000)
  eden space 1536K, 0% used [0x00000000eab00000,0x00000000eab00000,0x00000000eac80000)
  from space 2048K, 79% used [0x00000000eae80000,0x00000000eb018000,0x00000000eb080000)
  to   space 2048K, 0% used [0x00000000eac80000,0x00000000eac80000,0x00000000eae80000)
 ParOldGen       total 335872K, used 335637K [0x00000000c0000000, 0x00000000d4800000, 0x00000000eab00000)
  object space 335872K, 99% used [0x00000000c0000000,0x00000000d47c5408,0x00000000d4800000)
 Metaspace       used 71847K, committed 73472K, reserved 1179648K
  class space    used 7277K, committed 8000K, reserved 1048576K
}
Event: 78.829 GC heap before
{Heap before GC invocations=1155 (full 4):
 PSYoungGen      total 3584K, used 3168K [0x00000000eab00000, 0x00000000eb100000, 0x0000000100000000)
  eden space 1536K, 100% used [0x00000000eab00000,0x00000000eac80000,0x00000000eac80000)
  from space 2048K, 79% used [0x00000000eae80000,0x00000000eb018000,0x00000000eb080000)
  to   space 2048K, 0% used [0x00000000eac80000,0x00000000eac80000,0x00000000eae80000)
 ParOldGen       total 335872K, used 335637K [0x00000000c0000000, 0x00000000d4800000, 0x00000000eab00000)
  object space 335872K, 99% used [0x00000000c0000000,0x00000000d47c5408,0x00000000d4800000)
 Metaspace       used 71847K, committed 73472K, reserved 1179648K
  class space    used 7277K, committed 8000K, reserved 1048576K
}
Event: 78.835 GC heap after
{Heap after GC invocations=1155 (full 4):
 PSYoungGen      total 3584K, used 1664K [0x00000000eab00000, 0x00000000eb100000, 0x0000000100000000)
  eden space 1536K, 0% used [0x00000000eab00000,0x00000000eab00000,0x00000000eac80000)
  from space 2048K, 81% used [0x00000000eac80000,0x00000000eae20000,0x00000000eae80000)
  to   space 2048K, 0% used [0x00000000eaf00000,0x00000000eaf00000,0x00000000eb100000)
 ParOldGen       total 337408K, used 337181K [0x00000000c0000000, 0x00000000d4980000, 0x00000000eab00000)
  object space 337408K, 99% used [0x00000000c0000000,0x00000000d4947408,0x00000000d4980000)
 Metaspace       used 71847K, committed 73472K, reserved 1179648K
  class space    used 7277K, committed 8000K, reserved 1048576K
}
Event: 78.865 GC heap before
{Heap before GC invocations=1156 (full 4):
 PSYoungGen      total 3584K, used 3200K [0x00000000eab00000, 0x00000000eb100000, 0x0000000100000000)
  eden space 1536K, 100% used [0x00000000eab00000,0x00000000eac80000,0x00000000eac80000)
  from space 2048K, 81% used [0x00000000eac80000,0x00000000eae20000,0x00000000eae80000)
  to   space 2048K, 0% used [0x00000000eaf00000,0x00000000eaf00000,0x00000000eb100000)
 ParOldGen       total 337408K, used 337181K [0x00000000c0000000, 0x00000000d4980000, 0x00000000eab00000)
  object space 337408K, 99% used [0x00000000c0000000,0x00000000d4947408,0x00000000d4980000)
 Metaspace       used 71847K, committed 73472K, reserved 1179648K
  class space    used 7277K, committed 8000K, reserved 1048576K
}
Event: 78.871 GC heap after
{Heap after GC invocations=1156 (full 4):
 PSYoungGen      total 3584K, used 1216K [0x00000000eab00000, 0x00000000eb080000, 0x0000000100000000)
  eden space 2048K, 0% used [0x00000000eab00000,0x00000000eab00000,0x00000000ead00000)
  from space 1536K, 79% used [0x00000000eaf00000,0x00000000eb030000,0x00000000eb080000)
  to   space 1536K, 0% used [0x00000000ead80000,0x00000000ead80000,0x00000000eaf00000)
 ParOldGen       total 338944K, used 338725K [0x00000000c0000000, 0x00000000d4b00000, 0x00000000eab00000)
  object space 338944K, 99% used [0x00000000c0000000,0x00000000d4ac9408,0x00000000d4b00000)
 Metaspace       used 71847K, committed 73472K, reserved 1179648K
  class space    used 7277K, committed 8000K, reserved 1048576K
}

Dll operation events (10 events):
Event: 0.013 Loaded shared library c:\Users\ponce\.vscode\extensions\redhat.java-1.42.0-win32-x64\jre\21.0.7-win32-x86_64\bin\java.dll
Event: 0.100 Loaded shared library c:\Users\ponce\.vscode\extensions\redhat.java-1.42.0-win32-x64\jre\21.0.7-win32-x86_64\bin\zip.dll
Event: 0.128 Loaded shared library C:\Users\ponce\.vscode\extensions\redhat.java-1.42.0-win32-x64\jre\21.0.7-win32-x86_64\bin\instrument.dll
Event: 0.132 Loaded shared library C:\Users\ponce\.vscode\extensions\redhat.java-1.42.0-win32-x64\jre\21.0.7-win32-x86_64\bin\net.dll
Event: 0.135 Loaded shared library C:\Users\ponce\.vscode\extensions\redhat.java-1.42.0-win32-x64\jre\21.0.7-win32-x86_64\bin\nio.dll
Event: 0.141 Loaded shared library C:\Users\ponce\.vscode\extensions\redhat.java-1.42.0-win32-x64\jre\21.0.7-win32-x86_64\bin\zip.dll
Event: 0.170 Loaded shared library C:\Users\ponce\.vscode\extensions\redhat.java-1.42.0-win32-x64\jre\21.0.7-win32-x86_64\bin\jimage.dll
Event: 0.279 Loaded shared library c:\Users\ponce\.vscode\extensions\redhat.java-1.42.0-win32-x64\jre\21.0.7-win32-x86_64\bin\verify.dll
Event: 1.689 Loaded shared library C:\Users\ponce\AppData\Roaming\Code\User\globalStorage\redhat.java\1.42.0\config_win\org.eclipse.equinox.launcher\org.eclipse.equinox.launcher.win32.win32.x86_64_1.2.1300.v20250331-1702\eclipse_11911.dll
Event: 3.483 Loaded shared library C:\Users\ponce\AppData\Local\Temp\jna-106850033\jna10481684242203879110.dll

Deoptimization events (20 events):
Event: 75.617 Thread 0x00000237e1ed39c0 DEOPT PACKING pc=0x0000023790beff28 sp=0x000000f8eedfeda0
Event: 75.617 Thread 0x00000237e1ed39c0 DEOPT UNPACKING pc=0x000002378fdd6da2 sp=0x000000f8eedfed10 mode 2
Event: 75.663 Thread 0x00000237e1ed39c0 Uncommon trap: trap_request=0xffffff45 fr.pc=0x0000023790c62eb8 relative=0x00000000000071f8
Event: 75.663 Thread 0x00000237e1ed39c0 Uncommon trap: reason=unstable_if action=reinterpret pc=0x0000023790c62eb8 method=org.eclipse.jdt.internal.core.index.DiskIndex.mergeWith(Lorg/eclipse/jdt/internal/core/index/MemoryIndex;)Lorg/eclipse/jdt/internal/core/index/DiskIndex; @ 315 c2
Event: 75.663 Thread 0x00000237e1ed39c0 DEOPT PACKING pc=0x0000023790c62eb8 sp=0x000000f8eedfee20
Event: 75.663 Thread 0x00000237e1ed39c0 DEOPT UNPACKING pc=0x000002378fdd6da2 sp=0x000000f8eedfedf0 mode 2
Event: 75.726 Thread 0x00000237e1ed39c0 Uncommon trap: trap_request=0xffffff45 fr.pc=0x0000023790dba108 relative=0x0000000000000c88
Event: 75.726 Thread 0x00000237e1ed39c0 Uncommon trap: reason=unstable_if action=reinterpret pc=0x0000023790dba108 method=org.eclipse.jdt.internal.core.index.DiskIndex.readStreamChars(Ljava/io/InputStream;)[C @ 199 c2
Event: 75.726 Thread 0x00000237e1ed39c0 DEOPT PACKING pc=0x0000023790dba108 sp=0x000000f8eedfeb10
Event: 75.726 Thread 0x00000237e1ed39c0 DEOPT UNPACKING pc=0x000002378fdd6da2 sp=0x000000f8eedfea78 mode 2
Event: 78.632 Thread 0x00000237e1ed39c0 Uncommon trap: trap_request=0xffffff45 fr.pc=0x0000023790de89c0 relative=0x0000000000007c80
Event: 78.632 Thread 0x00000237e1ed39c0 Uncommon trap: reason=unstable_if action=reinterpret pc=0x0000023790de89c0 method=org.eclipse.jdt.internal.core.index.DiskIndex.readCategoryTable([CZ)Lorg/eclipse/jdt/internal/compiler/util/HashtableOfObject; @ 416 c2
Event: 78.632 Thread 0x00000237e1ed39c0 DEOPT PACKING pc=0x0000023790de89c0 sp=0x000000f8eedfeae0
Event: 78.632 Thread 0x00000237e1ed39c0 DEOPT UNPACKING pc=0x000002378fdd6da2 sp=0x000000f8eedfead0 mode 2
Event: 78.864 Thread 0x00000237e1ed39c0 DEOPT PACKING pc=0x000002378a634d19 sp=0x000000f8eedfebe0
Event: 78.864 Thread 0x00000237e1ed39c0 DEOPT UNPACKING pc=0x000002378fdd78e2 sp=0x000000f8eedfe0b8 mode 0
Event: 78.873 Thread 0x00000237e1ed39c0 Uncommon trap: trap_request=0xffffff45 fr.pc=0x0000023790e89cc0 relative=0x00000000000005e0
Event: 78.873 Thread 0x00000237e1ed39c0 Uncommon trap: reason=unstable_if action=reinterpret pc=0x0000023790e89cc0 method=org.eclipse.jdt.internal.core.index.DiskIndex.mergeCategory([CLorg/eclipse/jdt/internal/core/index/DiskIndex;[ILjava/io/OutputStream;)V @ 278 c2
Event: 78.873 Thread 0x00000237e1ed39c0 DEOPT PACKING pc=0x0000023790e89cc0 sp=0x000000f8eedfec20
Event: 78.873 Thread 0x00000237e1ed39c0 DEOPT UNPACKING pc=0x000002378fdd6da2 sp=0x000000f8eedfebc8 mode 2

Classes loaded (20 events):
Event: 33.686 Loading class java/util/stream/Nodes$ConcNode
Event: 33.686 Loading class java/util/stream/Nodes$AbstractConcNode
Event: 33.686 Loading class java/util/stream/Nodes$AbstractConcNode done
Event: 33.686 Loading class java/util/stream/Nodes$ConcNode done
Event: 33.696 Loading class java/io/ObjectOutputStream$BlockDataOutputStream
Event: 33.696 Loading class java/io/ObjectOutputStream$BlockDataOutputStream done
Event: 33.696 Loading class java/io/ObjectOutputStream$HandleTable
Event: 33.696 Loading class java/io/ObjectOutputStream$HandleTable done
Event: 33.696 Loading class java/io/ObjectOutputStream$ReplaceTable
Event: 33.697 Loading class java/io/ObjectOutputStream$ReplaceTable done
Event: 33.739 Loading class java/util/Collections$EmptyListIterator
Event: 33.739 Loading class java/util/Collections$EmptyListIterator done
Event: 33.889 Loading class jdk/internal/module/IllegalAccessLogger
Event: 33.889 Loading class jdk/internal/module/IllegalAccessLogger done
Event: 33.949 Loading class java/nio/BufferMismatch
Event: 33.950 Loading class java/nio/BufferMismatch done
Event: 75.392 Loading class java/util/concurrent/Executors$DelegatedScheduledExecutorService
Event: 75.392 Loading class java/util/concurrent/Executors$DelegatedExecutorService
Event: 75.392 Loading class java/util/concurrent/Executors$DelegatedExecutorService done
Event: 75.392 Loading class java/util/concurrent/Executors$DelegatedScheduledExecutorService done

Classes unloaded (11 events):
Event: 4.064 Thread 0x00000237db1c35f0 Unloading class 0x000002379b1a5400 'java/lang/invoke/LambdaForm$MH+0x000002379b1a5400'
Event: 4.064 Thread 0x00000237db1c35f0 Unloading class 0x000002379b1a5000 'java/lang/invoke/LambdaForm$MH+0x000002379b1a5000'
Event: 4.064 Thread 0x00000237db1c35f0 Unloading class 0x000002379b1a4c00 'java/lang/invoke/LambdaForm$MH+0x000002379b1a4c00'
Event: 4.064 Thread 0x00000237db1c35f0 Unloading class 0x000002379b1a4800 'java/lang/invoke/LambdaForm$MH+0x000002379b1a4800'
Event: 4.064 Thread 0x00000237db1c35f0 Unloading class 0x000002379b1a4400 'java/lang/invoke/LambdaForm$BMH+0x000002379b1a4400'
Event: 4.064 Thread 0x00000237db1c35f0 Unloading class 0x000002379b1a4000 'java/lang/invoke/LambdaForm$DMH+0x000002379b1a4000'
Event: 4.064 Thread 0x00000237db1c35f0 Unloading class 0x000002379b1a2c00 'java/lang/invoke/LambdaForm$DMH+0x000002379b1a2c00'
Event: 30.438 Thread 0x00000237db1c35f0 Unloading class 0x000002379b6a8400 'java/lang/invoke/LambdaForm$DMH+0x000002379b6a8400'
Event: 30.438 Thread 0x00000237db1c35f0 Unloading class 0x000002379b6a8000 'java/lang/invoke/LambdaForm$DMH+0x000002379b6a8000'
Event: 30.438 Thread 0x00000237db1c35f0 Unloading class 0x000002379b6a4c00 'java/lang/invoke/LambdaForm$DMH+0x000002379b6a4c00'
Event: 30.438 Thread 0x00000237db1c35f0 Unloading class 0x000002379b6a4400 'java/lang/invoke/LambdaForm$DMH+0x000002379b6a4400'

Classes redefined (0 events):
No events

Internal exceptions (20 events):
Event: 35.697 Thread 0x00000237e40fcc50 Exception <a 'java/io/IOException'{0x00000000eabc1cf8}> (0x00000000eabc1cf8) 
thrown [s\src\hotspot\share\prims\jni.cpp, line 520]
Event: 35.697 Thread 0x00000237e40fcc50 Exception <a 'java/io/IOException'{0x00000000eabd5ef8}> (0x00000000eabd5ef8) 
thrown [s\src\hotspot\share\prims\jni.cpp, line 520]
Event: 35.750 Thread 0x00000237e40fcc50 Exception <a 'java/io/IOException'{0x00000000eac17e38}> (0x00000000eac17e38) 
thrown [s\src\hotspot\share\prims\jni.cpp, line 520]
Event: 35.751 Thread 0x00000237e40fcc50 Exception <a 'java/io/IOException'{0x00000000eac28020}> (0x00000000eac28020) 
thrown [s\src\hotspot\share\prims\jni.cpp, line 520]
Event: 35.753 Thread 0x00000237e40fcc50 Exception <a 'java/io/IOException'{0x00000000eac2e978}> (0x00000000eac2e978) 
thrown [s\src\hotspot\share\prims\jni.cpp, line 520]
Event: 35.754 Thread 0x00000237e40fcc50 Exception <a 'java/io/IOException'{0x00000000eac3b4b0}> (0x00000000eac3b4b0) 
thrown [s\src\hotspot\share\prims\jni.cpp, line 520]
Event: 75.463 Thread 0x00000237e2190a50 Implicit null exception at 0x00000237904c1ad8 to 0x00000237904c1bc1
Event: 75.543 Thread 0x00000237e2190a50 Exception <a 'sun/nio/fs/WindowsException'{0x00000000eadac4d0}> (0x00000000eadac4d0) 
thrown [s\src\hotspot\share\prims\jni.cpp, line 520]
Event: 75.543 Thread 0x00000237e2190a50 Exception <a 'sun/nio/fs/WindowsException'{0x00000000eadacd20}> (0x00000000eadacd20) 
thrown [s\src\hotspot\share\prims\jni.cpp, line 520]
Event: 75.544 Thread 0x00000237e2190a50 Exception <a 'sun/nio/fs/WindowsException'{0x00000000eadad918}> (0x00000000eadad918) 
thrown [s\src\hotspot\share\prims\jni.cpp, line 520]
Event: 75.544 Thread 0x00000237e2190a50 Exception <a 'sun/nio/fs/WindowsException'{0x00000000eadadf48}> (0x00000000eadadf48) 
thrown [s\src\hotspot\share\prims\jni.cpp, line 520]
Event: 75.544 Thread 0x00000237e2190a50 Exception <a 'sun/nio/fs/WindowsException'{0x00000000eadae8c0}> (0x00000000eadae8c0) 
thrown [s\src\hotspot\share\prims\jni.cpp, line 520]
Event: 75.544 Thread 0x00000237e2190a50 Exception <a 'sun/nio/fs/WindowsException'{0x00000000eadaeef0}> (0x00000000eadaeef0) 
thrown [s\src\hotspot\share\prims\jni.cpp, line 520]
Event: 75.545 Thread 0x00000237e2190a50 Exception <a 'sun/nio/fs/WindowsException'{0x00000000eadaf908}> (0x00000000eadaf908) 
thrown [s\src\hotspot\share\prims\jni.cpp, line 520]
Event: 75.545 Thread 0x00000237e2190a50 Exception <a 'sun/nio/fs/WindowsException'{0x00000000eadaff58}> (0x00000000eadaff58) 
thrown [s\src\hotspot\share\prims\jni.cpp, line 520]
Event: 75.545 Thread 0x00000237e2190a50 Exception <a 'sun/nio/fs/WindowsException'{0x00000000eadb0968}> (0x00000000eadb0968) 
thrown [s\src\hotspot\share\prims\jni.cpp, line 520]
Event: 75.545 Thread 0x00000237e2190a50 Exception <a 'sun/nio/fs/WindowsException'{0x00000000eadb0f98}> (0x00000000eadb0f98) 
thrown [s\src\hotspot\share\prims\jni.cpp, line 520]
Event: 75.617 Thread 0x00000237e1ed39c0 Implicit null exception at 0x0000023790bee3fc to 0x0000023790befef0
Event: 75.955 Thread 0x00000237e1ed39c0 Exception <a 'sun/nio/fs/WindowsException'{0x00000000eae1e880}> (0x00000000eae1e880) 
thrown [s\src\hotspot\share\prims\jni.cpp, line 520]
Event: 78.942 Thread 0x00000237e1ed39c0 Exception <a 'sun/nio/fs/WindowsException'{0x00000000eabd8218}> (0x00000000eabd8218) 
thrown [s\src\hotspot\share\prims\jni.cpp, line 520]

ZGC Phase Switch (0 events):
No events

VM Operations (20 events):
Event: 78.526 Executing VM operation: ParallelGCFailedAllocation (Allocation Failure)
Event: 78.538 Executing VM operation: ParallelGCFailedAllocation (Allocation Failure) done
Event: 78.570 Executing VM operation: ParallelGCFailedAllocation (Allocation Failure)
Event: 78.585 Executing VM operation: ParallelGCFailedAllocation (Allocation Failure) done
Event: 78.603 Executing VM operation: ParallelGCFailedAllocation (Allocation Failure)
Event: 78.614 Executing VM operation: ParallelGCFailedAllocation (Allocation Failure) done
Event: 78.656 Executing VM operation: ParallelGCFailedAllocation (Allocation Failure)
Event: 78.662 Executing VM operation: ParallelGCFailedAllocation (Allocation Failure) done
Event: 78.756 Executing VM operation: ParallelGCFailedAllocation (Allocation Failure)
Event: 78.758 Executing VM operation: ParallelGCFailedAllocation (Allocation Failure) done
Event: 78.779 Executing VM operation: ParallelGCFailedAllocation (Allocation Failure)
Event: 78.783 Executing VM operation: ParallelGCFailedAllocation (Allocation Failure) done
Event: 78.793 Executing VM operation: ParallelGCFailedAllocation (Allocation Failure)
Event: 78.798 Executing VM operation: ParallelGCFailedAllocation (Allocation Failure) done
Event: 78.811 Executing VM operation: ParallelGCFailedAllocation (Allocation Failure)
Event: 78.816 Executing VM operation: ParallelGCFailedAllocation (Allocation Failure) done
Event: 78.829 Executing VM operation: ParallelGCFailedAllocation (Allocation Failure)
Event: 78.835 Executing VM operation: ParallelGCFailedAllocation (Allocation Failure) done
Event: 78.865 Executing VM operation: ParallelGCFailedAllocation (Allocation Failure)
Event: 78.871 Executing VM operation: ParallelGCFailedAllocation (Allocation Failure) done

Memory protections (0 events):
No events

Nmethod flushes (20 events):
Event: 30.467 Thread 0x00000237db1c35f0 flushing  nmethod 0x0000023789892c10
Event: 30.467 Thread 0x00000237db1c35f0 flushing  nmethod 0x00000237898d9310
Event: 30.467 Thread 0x00000237db1c35f0 flushing  nmethod 0x00000237898e0b10
Event: 30.467 Thread 0x00000237db1c35f0 flushing  nmethod 0x00000237898e6310
Event: 30.467 Thread 0x00000237db1c35f0 flushing  nmethod 0x0000023789970f10
Event: 30.467 Thread 0x00000237db1c35f0 flushing  nmethod 0x0000023789972290
Event: 30.467 Thread 0x00000237db1c35f0 flushing  nmethod 0x000002378998c610
Event: 30.467 Thread 0x00000237db1c35f0 flushing  nmethod 0x000002378999b510
Event: 30.467 Thread 0x00000237db1c35f0 flushing  nmethod 0x000002378999ca10
Event: 30.467 Thread 0x00000237db1c35f0 flushing  nmethod 0x000002378999e190
Event: 30.467 Thread 0x00000237db1c35f0 flushing  nmethod 0x000002378999e990
Event: 30.467 Thread 0x00000237db1c35f0 flushing  nmethod 0x00000237899a4810
Event: 30.467 Thread 0x00000237db1c35f0 flushing  nmethod 0x00000237899a6d10
Event: 30.467 Thread 0x00000237db1c35f0 flushing  nmethod 0x00000237899a8c90
Event: 30.467 Thread 0x00000237db1c35f0 flushing  nmethod 0x00000237899aa390
Event: 30.467 Thread 0x00000237db1c35f0 flushing  nmethod 0x00000237899aa910
Event: 30.467 Thread 0x00000237db1c35f0 flushing  nmethod 0x00000237899aae90
Event: 30.467 Thread 0x00000237db1c35f0 flushing  nmethod 0x00000237899ab610
Event: 30.467 Thread 0x00000237db1c35f0 flushing  nmethod 0x00000237899ce910
Event: 30.467 Thread 0x00000237db1c35f0 flushing  nmethod 0x0000023789a51410

Events (20 events):
Event: 31.498 Thread 0x00000237db1e2ff0 Thread added: 0x00000237e32dff40
Event: 31.554 Thread 0x00000237e1ed39c0 Thread added: 0x00000237e4844c80
Event: 32.441 Thread 0x00000237e40f7070 Thread added: 0x00000237e4843240
Event: 32.444 Thread 0x00000237e40f7070 Thread added: 0x00000237e48438d0
Event: 32.450 Thread 0x00000237e40f7070 Thread added: 0x00000237e4843f60
Event: 32.451 Thread 0x00000237e4843f60 Thread added: 0x00000237e2193ed0
Event: 32.456 Thread 0x00000237e2193ed0 Thread added: 0x00000237e218e980
Event: 33.057 Thread 0x00000237e40f7070 Thread added: 0x00000237e21910e0
Event: 33.174 Thread 0x00000237e40f97d0 Thread added: 0x00000237e2192490
Event: 33.681 Thread 0x00000237e40fcc50 Thread added: 0x00000237e218dc60
Event: 33.687 Thread 0x00000237e218dc60 Thread exited: 0x00000237e218dc60
Event: 33.748 Thread 0x00000237e40fcc50 Thread added: 0x00000237e21903c0
Event: 33.757 Thread 0x00000237e21903c0 Thread exited: 0x00000237e21903c0
Event: 38.175 Thread 0x00000237e2192490 Thread exited: 0x00000237e2192490
Event: 40.788 Thread 0x00000237e32dff40 Thread exited: 0x00000237e32dff40
Event: 45.349 Thread 0x00000237e349a7f0 Thread exited: 0x00000237e349a7f0
Event: 72.749 Thread 0x00000237e3d7f120 Thread exited: 0x00000237e3d7f120
Event: 75.394 Thread 0x00000237e40f5630 Thread added: 0x00000237e21903c0
Event: 75.404 Thread 0x0000023783d76be0 Thread added: 0x00000237e2190a50
Event: 75.465 Thread 0x00000237e2190a50 Thread added: 0x00000237e218f010


Dynamic libraries:
0x00007ff685f60000 - 0x00007ff685f6e000 	c:\Users\ponce\.vscode\extensions\redhat.java-1.42.0-win32-x64\jre\21.0.7-win32-x86_64\bin\java.exe
0x00007ff9437b0000 - 0x00007ff9439c7000 	C:\WINDOWS\SYSTEM32\ntdll.dll
0x00007ff9415d0000 - 0x00007ff941694000 	C:\WINDOWS\System32\KERNEL32.DLL
0x00007ff9409d0000 - 0x00007ff940da2000 	C:\WINDOWS\System32\KERNELBASE.dll
0x00007ff939730000 - 0x00007ff9397c8000 	C:\WINDOWS\SYSTEM32\apphelp.dll
0x00007ff940ed0000 - 0x00007ff940fe1000 	C:\WINDOWS\System32\ucrtbase.dll
0x00007ff9393e0000 - 0x00007ff9393f8000 	c:\Users\ponce\.vscode\extensions\redhat.java-1.42.0-win32-x64\jre\21.0.7-win32-x86_64\bin\jli.dll
0x00007ff937050000 - 0x00007ff93706e000 	c:\Users\ponce\.vscode\extensions\redhat.java-1.42.0-win32-x64\jre\21.0.7-win32-x86_64\bin\VCRUNTIME140.dll
0x00007ff942ca0000 - 0x00007ff942e51000 	C:\WINDOWS\System32\USER32.dll
0x00007ff941360000 - 0x00007ff941386000 	C:\WINDOWS\System32\win32u.dll
0x00007ff92e550000 - 0x00007ff92e7eb000 	C:\WINDOWS\WinSxS\amd64_microsoft.windows.common-controls_6595b64144ccf1df_6.0.22621.5415_none_270d77d17387d7da\COMCTL32.dll
0x00007ff942ef0000 - 0x00007ff942f19000 	C:\WINDOWS\System32\GDI32.dll
0x00007ff9408a0000 - 0x00007ff9409c3000 	C:\WINDOWS\System32\gdi32full.dll
0x00007ff941440000 - 0x00007ff9414e7000 	C:\WINDOWS\System32\msvcrt.dll
0x00007ff940db0000 - 0x00007ff940e4a000 	C:\WINDOWS\System32\msvcp_win.dll
0x00007ff9422a0000 - 0x00007ff9422d1000 	C:\WINDOWS\System32\IMM32.DLL
0x00007ff939800000 - 0x00007ff93980c000 	c:\Users\ponce\.vscode\extensions\redhat.java-1.42.0-win32-x64\jre\21.0.7-win32-x86_64\bin\vcruntime140_1.dll
0x00007ff925890000 - 0x00007ff92591d000 	c:\Users\ponce\.vscode\extensions\redhat.java-1.42.0-win32-x64\jre\21.0.7-win32-x86_64\bin\msvcp140.dll
0x00007ff8eee80000 - 0x00007ff8efc10000 	c:\Users\ponce\.vscode\extensions\redhat.java-1.42.0-win32-x64\jre\21.0.7-win32-x86_64\bin\server\jvm.dll
0x00007ff9431e0000 - 0x00007ff943291000 	C:\WINDOWS\System32\ADVAPI32.dll
0x00007ff941a20000 - 0x00007ff941ac8000 	C:\WINDOWS\System32\sechost.dll
0x00007ff941410000 - 0x00007ff941438000 	C:\WINDOWS\System32\bcrypt.dll
0x00007ff9417d0000 - 0x00007ff9418e4000 	C:\WINDOWS\System32\RPCRT4.dll
0x00007ff9436f0000 - 0x00007ff943761000 	C:\WINDOWS\System32\WS2_32.dll
0x00007ff940780000 - 0x00007ff9407cd000 	C:\WINDOWS\SYSTEM32\POWRPROF.dll
0x00007ff939a50000 - 0x00007ff939a5a000 	C:\WINDOWS\SYSTEM32\VERSION.dll
0x00007ff939020000 - 0x00007ff939054000 	C:\WINDOWS\SYSTEM32\WINMM.dll
0x00007ff940760000 - 0x00007ff940773000 	C:\WINDOWS\SYSTEM32\UMPDC.dll
0x00007ff93f890000 - 0x00007ff93f8a8000 	C:\WINDOWS\SYSTEM32\kernel.appcore.dll
0x00007ff939070000 - 0x00007ff93907a000 	c:\Users\ponce\.vscode\extensions\redhat.java-1.42.0-win32-x64\jre\21.0.7-win32-x86_64\bin\jimage.dll
0x00007ff93e440000 - 0x00007ff93e673000 	C:\WINDOWS\SYSTEM32\DBGHELP.DLL
0x00007ff943350000 - 0x00007ff9436e3000 	C:\WINDOWS\System32\combase.dll
0x00007ff9414f0000 - 0x00007ff9415c7000 	C:\WINDOWS\System32\OLEAUT32.dll
0x00007ff936e70000 - 0x00007ff936ea2000 	C:\WINDOWS\SYSTEM32\dbgcore.DLL
0x00007ff941390000 - 0x00007ff94140b000 	C:\WINDOWS\System32\bcryptPrimitives.dll
0x00007ff93a530000 - 0x00007ff93a53f000 	c:\Users\ponce\.vscode\extensions\redhat.java-1.42.0-win32-x64\jre\21.0.7-win32-x86_64\bin\instrument.dll
0x00007ff92f4e0000 - 0x00007ff92f4ff000 	c:\Users\ponce\.vscode\extensions\redhat.java-1.42.0-win32-x64\jre\21.0.7-win32-x86_64\bin\java.dll
0x00007ff9422e0000 - 0x00007ff942b82000 	C:\WINDOWS\System32\SHELL32.dll
0x00007ff940ff0000 - 0x00007ff94112f000 	C:\WINDOWS\System32\wintypes.dll
0x00007ff93e780000 - 0x00007ff93f09e000 	C:\WINDOWS\SYSTEM32\windows.storage.dll
0x00007ff9416c0000 - 0x00007ff9417cb000 	C:\WINDOWS\System32\SHCORE.dll
0x00007ff9419b0000 - 0x00007ff941a19000 	C:\WINDOWS\System32\shlwapi.dll
0x00007ff9407d0000 - 0x00007ff9407fb000 	C:\WINDOWS\SYSTEM32\profapi.dll
0x00007ff92e500000 - 0x00007ff92e518000 	c:\Users\ponce\.vscode\extensions\redhat.java-1.42.0-win32-x64\jre\21.0.7-win32-x86_64\bin\zip.dll
0x00007ff935ef0000 - 0x00007ff935f00000 	C:\Users\ponce\.vscode\extensions\redhat.java-1.42.0-win32-x64\jre\21.0.7-win32-x86_64\bin\net.dll
0x00007ff93a6e0000 - 0x00007ff93a80c000 	C:\WINDOWS\SYSTEM32\WINHTTP.dll
0x00007ff93fd00000 - 0x00007ff93fd69000 	C:\WINDOWS\system32\mswsock.dll
0x00007ff92d580000 - 0x00007ff92d596000 	C:\Users\ponce\.vscode\extensions\redhat.java-1.42.0-win32-x64\jre\21.0.7-win32-x86_64\bin\nio.dll
0x00007ff939260000 - 0x00007ff939270000 	c:\Users\ponce\.vscode\extensions\redhat.java-1.42.0-win32-x64\jre\21.0.7-win32-x86_64\bin\verify.dll
0x00007ff9290f0000 - 0x00007ff929135000 	C:\Users\ponce\AppData\Roaming\Code\User\globalStorage\redhat.java\1.42.0\config_win\org.eclipse.equinox.launcher\org.eclipse.equinox.launcher.win32.win32.x86_64_1.2.1300.v20250331-1702\eclipse_11911.dll
0x00007ff942fd0000 - 0x00007ff943170000 	C:\WINDOWS\System32\ole32.dll
0x00007ff93fff0000 - 0x00007ff94000b000 	C:\WINDOWS\SYSTEM32\CRYPTSP.dll
0x00007ff93f7f0000 - 0x00007ff93f827000 	C:\WINDOWS\system32\rsaenh.dll
0x00007ff93fda0000 - 0x00007ff93fdc8000 	C:\WINDOWS\SYSTEM32\USERENV.dll
0x00007ff93ff00000 - 0x00007ff93ff0c000 	C:\WINDOWS\SYSTEM32\CRYPTBASE.dll
0x00007ff93f340000 - 0x00007ff93f36d000 	C:\WINDOWS\SYSTEM32\IPHLPAPI.DLL
0x00007ff9420c0000 - 0x00007ff9420c9000 	C:\WINDOWS\System32\NSI.dll
0x00007ff925840000 - 0x00007ff925889000 	C:\Users\ponce\AppData\Local\Temp\jna-106850033\jna10481684242203879110.dll
0x00007ff941ad0000 - 0x00007ff941ad8000 	C:\WINDOWS\System32\PSAPI.DLL
0x00007ff939910000 - 0x00007ff939929000 	C:\WINDOWS\SYSTEM32\dhcpcsvc6.DLL
0x00007ff9397d0000 - 0x00007ff9397ef000 	C:\WINDOWS\SYSTEM32\dhcpcsvc.DLL
0x00007ff93f9a0000 - 0x00007ff93f9d4000 	C:\WINDOWS\SYSTEM32\ntmarta.dll

dbghelp: loaded successfully - version: 4.0.5 - missing functions: none
symbol engine: initialized successfully - sym options: 0x614 - pdb path: .;c:\Users\ponce\.vscode\extensions\redhat.java-1.42.0-win32-x64\jre\21.0.7-win32-x86_64\bin;C:\WINDOWS\SYSTEM32;C:\WINDOWS\WinSxS\amd64_microsoft.windows.common-controls_6595b64144ccf1df_6.0.22621.5415_none_270d77d17387d7da;c:\Users\ponce\.vscode\extensions\redhat.java-1.42.0-win32-x64\jre\21.0.7-win32-x86_64\bin\server;C:\Users\ponce\AppData\Roaming\Code\User\globalStorage\redhat.java\1.42.0\config_win\org.eclipse.equinox.launcher\org.eclipse.equinox.launcher.win32.win32.x86_64_1.2.1300.v20250331-1702;C:\Users\ponce\AppData\Local\Temp\jna-106850033

VM Arguments:
jvm_args: --add-modules=ALL-SYSTEM --add-opens=java.base/java.util=ALL-UNNAMED --add-opens=java.base/java.lang=ALL-UNNAMED --add-opens=java.base/sun.nio.fs=ALL-UNNAMED -Declipse.application=org.eclipse.jdt.ls.core.id1 -Dosgi.bundles.defaultStartLevel=4 -Declipse.product=org.eclipse.jdt.ls.core.product -Djava.import.generatesMetadataFilesAtProjectRoot=false -DDetectVMInstallationsJob.disabled=true -Dfile.encoding=utf8 -XX:+UseParallelGC -XX:GCTimeRatio=4 -XX:AdaptiveSizePolicyWeight=90 -Dsun.zip.disableMemoryMapping=true -Xmx1G -Xms100m -Xlog:disable -javaagent:c:\Users\ponce\.vscode\extensions\redhat.java-1.42.0-win32-x64\lombok\lombok-1.18.36.jar -XX:+HeapDumpOnOutOfMemoryError -XX:HeapDumpPath=c:\Users\ponce\AppData\Roaming\Code\User\workspaceStorage\65ac8c3de3f23d2bcb4ce7b7b7e9c127\redhat.java -Daether.dependencyCollector.impl=bf 
java_command: c:\Users\ponce\.vscode\extensions\redhat.java-1.42.0-win32-x64\server\plugins\org.eclipse.equinox.launcher_1.7.0.v20250424-1814.jar -configuration c:\Users\ponce\AppData\Roaming\Code\User\globalStorage\redhat.java\1.42.0\config_win -data c:\Users\ponce\AppData\Roaming\Code\User\workspaceStorage\65ac8c3de3f23d2bcb4ce7b7b7e9c127\redhat.java\jdt_ws --pipe=\\.\pipe\lsp-ee965ffa3e05f5bb68caa8b34cfa70c9-sock
java_class_path (initial): c:\Users\ponce\.vscode\extensions\redhat.java-1.42.0-win32-x64\server\plugins\org.eclipse.equinox.launcher_1.7.0.v20250424-1814.jar
Launcher Type: SUN_STANDARD

[Global flags]
    uintx AdaptiveSizePolicyWeight                 = 90                                        {product} {command line}
     intx CICompilerCount                          = 4                                         {product} {ergonomic}
    uintx GCTimeRatio                              = 4                                         {product} {command line}
     bool HeapDumpOnOutOfMemoryError               = true                                   {manageable} {command line}
    ccstr HeapDumpPath                             = c:\Users\ponce\AppData\Roaming\Code\User\workspaceStorage\65ac8c3de3f23d2bcb4ce7b7b7e9c127\redhat.java         {manageable} {command line}
   size_t InitialHeapSize                          = 104857600                                 {product} {command line}
   size_t MaxHeapSize                              = 1073741824                                {product} {command line}
   size_t MaxNewSize                               = 357564416                                 {product} {ergonomic}
   size_t MinHeapDeltaBytes                        = 524288                                    {product} {ergonomic}
   size_t MinHeapSize                              = 104857600                                 {product} {command line}
   size_t NewSize                                  = 34603008                                  {product} {ergonomic}
    uintx NonNMethodCodeHeapSize                   = 5839372                                {pd product} {ergonomic}
    uintx NonProfiledCodeHeapSize                  = 122909434                              {pd product} {ergonomic}
   size_t OldSize                                  = 70254592                                  {product} {ergonomic}
    uintx ProfiledCodeHeapSize                     = 122909434                              {pd product} {ergonomic}
    uintx ReservedCodeCacheSize                    = 251658240                              {pd product} {ergonomic}
     bool SegmentedCodeCache                       = true                                      {product} {ergonomic}
   size_t SoftMaxHeapSize                          = 1073741824                             {manageable} {ergonomic}
     bool UseCompressedOops                        = true                           {product lp64_product} {ergonomic}
     bool UseLargePagesIndividualAllocation        = false                                  {pd product} {ergonomic}
     bool UseParallelGC                            = true                                      {product} {command line}

Logging:
Log output configuration:
 #0: stdout all=off uptime,level,tags foldmultilines=false
 #1: stderr all=off uptime,level,tags foldmultilines=false

Environment Variables:
PATH=C:\Program Files\Common Files\Oracle\Java\javapath;C:\WINDOWS\system32;C:\WINDOWS;C:\WINDOWS\System32\Wbem;C:\WINDOWS\System32\WindowsPowerShell\v1.0\;C:\WINDOWS\System32\OpenSSH\;D:\Progrmas\;D:\Progrmas\Xamp\php;C:\ProgramData\ComposerSetup\bin;C:\ProgramData\chocolatey\bin;D:\src\flutter\bin;D:\Program Files\Git\cmd;C:\Program Files\nodejs\;C:\Program Files\Microsoft SQL Server\150\Tools\Binn\;C:\Program Files\Microsoft SQL Server\Client SDK\ODBC\170\Tools\Binn\;C:\Program Files\dotnet\;C:\Program Files\OpenSSL-Win64\bin;C:\Program Files (x86)\Microsoft SQL Server\160\Tools\Binn\;C:\Program Files\Microsoft SQL Server\160\Tools\Binn\;C:\Program Files\Microsoft SQL Server\160\DTS\Binn\;C:\Program Files (x86)\Microsoft SQL Server\160\DTS\Binn\;D:\Program Files\mongodb\tools\bin;D:\mingw32\bin;D:\apache-maven-3.9.9\bin;;C:\Program Files\Docker\Docker\resources\bin;C:\Users\ponce\AppData\Local\Programs\Python\Python313\Scripts\;C:\Users\ponce\AppData\Local\Programs\Python\Python313\;C:\Users\ponce\AppData\Local\Microsoft\WindowsApps;C:\Users\ponce\AppData\Roaming\Composer\vendor\bin;C:\ProgramData\ComposerSetup\bin;D:\src\flutter\bin;C:\Users\ponce\AppData\Local\Programs\mongosh\;C:\Users\ponce\AppData\Roaming\npm;D:\Progrmas\Microsoft VS Code\bin;C:\Users\ponce\AppData\Local\Programs\oh-my-posh\bin;C:\Users\ponce\AppData\Local\GitHubDesktop\bin;C:\Users\ponce\.dotnet\tools;D:\Program Files\texstudio\miktex\bin\x64\
USERNAME=ponce
OS=Windows_NT
PROCESSOR_IDENTIFIER=Intel64 Family 6 Model 140 Stepping 1, GenuineIntel
TMP=C:\Users\ponce\AppData\Local\Temp
TEMP=C:\Users\ponce\AppData\Local\Temp




Periodic native trim disabled

---------------  S Y S T E M  ---------------

OS:
 Windows 11 , 64 bit Build 22621 (10.0.22621.5415)
OS uptime: 1 days 5:16 hours
Hyper-V role detected

CPU: total 8 (initial active 8) (4 cores per cpu, 2 threads per core) family 6 model 140 stepping 1 microcode 0x86, cx8, cmov, fxsr, ht, mmx, 3dnowpref, sse, sse2, sse3, ssse3, sse4.1, sse4.2, popcnt, lzcnt, tsc, tscinvbit, avx, avx2, aes, erms, clmul, bmi1, bmi2, adx, avx512f, avx512dq, avx512cd, avx512bw, avx512vl, sha, fma, vzeroupper, avx512_vpopcntdq, avx512_vpclmulqdq, avx512_vaes, avx512_vnni, clflush, clflushopt, clwb, avx512_vbmi2, avx512_vbmi, hv, rdtscp, rdpid, fsrm, gfni, avx512_bitalg, f16c, cet_ibt, cet_ss, avx512_ifma
Processor Information for processor 0
  Max Mhz: 1997, Current Mhz: 1997, Mhz Limit: 1997
Processor Information for processor 1
  Max Mhz: 1997, Current Mhz: 998, Mhz Limit: 1997
Processor Information for processor 2
  Max Mhz: 1997, Current Mhz: 1997, Mhz Limit: 1997
Processor Information for processor 3
  Max Mhz: 1997, Current Mhz: 1997, Mhz Limit: 1997
Processor Information for processor 4
  Max Mhz: 1997, Current Mhz: 1997, Mhz Limit: 1997
Processor Information for processor 5
  Max Mhz: 1997, Current Mhz: 998, Mhz Limit: 1997
Processor Information for processor 6
  Max Mhz: 1997, Current Mhz: 1997, Mhz Limit: 1997
Processor Information for processor 7
  Max Mhz: 1997, Current Mhz: 1997, Mhz Limit: 1997

Memory: 4k page, system-wide physical 7886M (423M free)
TotalPageFile size 14910M (AvailPageFile size 6M)
current process WorkingSet (physical memory assigned to process): 701M, peak: 1027M
current process commit charge ("private bytes"): 600M, peak: 950M

vm_info: OpenJDK 64-Bit Server VM (21.0.7+6-LTS) for windows-amd64 JRE (21.0.7+6-LTS), built on 2025-04-15T00:00:00Z by "admin" with MS VC++ 17.7 (VS2022)

END.
